2023-04-30 11:24:34,887 : kivy : Factory: 189 symbols loaded
2023-04-30 11:24:35,037 : kivy : ImageLoaderFFPy: Using ffpyplayer 4.3.5
2023-04-30 11:24:35,037 : kivy : Image: Providers: img_tex, img_dds, img_sdl2, img_pil, img_ffpyplayer 
2023-04-30 11:24:35,076 : kivy : VideoGstplayer: Using Gstreamer 1.18.5.0
2023-04-30 11:24:35,077 : kivy : Video: Provider: gstplayer
2023-04-30 11:24:35,201 : kivy : Loading MPF-MC controller
2023-04-30 11:24:35,203 : YamlMultifileConfigLoader : Machine config file #1: config
2023-04-30 11:24:35,203 : ConfigProcessor : Config file in cache changed: C:\pinball\greatest_showman\config\config
2023-04-30 11:24:35,205 : ConfigProcessor : Loading config from file C:\Users\lisas\.local\pipx\venvs\mpf\lib\site-packages\mpfmc\mcconfig.yaml.
2023-04-30 11:24:35,232 : ConfigProcessor : Loading config: C:\Users\lisas\.local\pipx\venvs\mpf\lib\site-packages\mpfmc\mcconfig.yaml
2023-04-30 11:24:35,233 : ConfigProcessor : Loading config from file C:\pinball\greatest_showman\config\config.
2023-04-30 11:24:35,262 : ConfigProcessor : Loading config: C:\pinball\greatest_showman\config\config
2023-04-30 11:24:35,264 : ConfigProcessor : Config file cache created: C:\Users\lisas\AppData\Local\Temp\e7000976fc18edfeb07f1e9d37a4e0e9.mpf_cache
2023-04-30 11:24:35,264 : ConfigProcessor : Loading config from cache: C:\Users\lisas\AppData\Local\Temp\2591d1a5aee1eec0eefe4740cb1b00b0.mpf_cache
2023-04-30 11:24:35,265 : ConfigProcessor : Loading config from cache: C:\Users\lisas\AppData\Local\Temp\b5a4e895e7586a66014791409c611ae3.mpf_cache
2023-04-30 11:24:35,265 : mpfmc : Mission Pinball Framework Media Controller v0.56.1
2023-04-30 11:24:35,265 : mpfmc : Mission Pinball Framework Game Engine v0.56.0
2023-04-30 11:24:35,266 : mpfmc : Machine path: C:\pinball\greatest_showman
2023-04-30 11:24:35,266 : mpfmc : Starting clock at 60.0Hz
2023-04-30 11:24:35,280 : kivy : Text: Provider: sdl2
2023-04-30 11:24:35,323 : kivy : Window: Provider: sdl2
2023-04-30 11:24:35,521 : kivy : GL: Using the "OpenGL" graphics system
2023-04-30 11:24:35,522 : kivy : GL: GLEW initialization succeeded
2023-04-30 11:24:35,522 : kivy : GL: Backend used <glew>
2023-04-30 11:24:35,522 : kivy : GL: OpenGL version <b'4.6.0 - Build 30.0.101.3111'>
2023-04-30 11:24:35,522 : kivy : GL: OpenGL vendor <b'Intel'>
2023-04-30 11:24:35,522 : kivy : GL: OpenGL renderer <b'Intel(R) UHD Graphics 630'>
2023-04-30 11:24:35,522 : kivy : GL: OpenGL parsed version: 4, 6
2023-04-30 11:24:35,522 : kivy : GL: Shading version <b'4.60 - Build 30.0.101.3111'>
2023-04-30 11:24:35,522 : kivy : GL: Texture max size <16384>
2023-04-30 11:24:35,522 : kivy : GL: Texture max units <32>
2023-04-30 11:24:35,559 : kivy : Window: auto add sdl2 input provider
2023-04-30 11:24:35,560 : kivy : Window: virtual keyboard not allowed, single mode, not docked
2023-04-30 11:24:35,572 : SoundSystem : SoundSystem: Using default 'sound_system' settings
2023-04-30 11:24:35,853 : AudioInterface : Initialized
2023-04-30 11:24:35,853 : AudioInterface : Loaded SDL 2.0.20
2023-04-30 11:24:35,853 : AudioInterface : Loaded SDL_Mixer 2.0.4
2023-04-30 11:24:35,853 : AudioInterface : Loaded GStreamer 1.18.5.0
2023-04-30 11:24:35,854 : AudioInterface : Loaded GLib 2.62.6
2023-04-30 11:24:35,854 : AudioInterface : Settings requested - rate: 44100, channels: 1, buffer: 2048 samples
2023-04-30 11:24:35,854 : AudioInterface : Settings in use - rate: 44100, channels: 1, buffer: 2048 samples (4096 bytes @ 2 bytes per sample)
2023-04-30 11:24:35,854 : SoundSystem : No audio tracks are specified in your machine config file. a track named 'default' has been created.
2023-04-30 11:24:35,854 : SoundSystem : Setting master volume to 0.0
2023-04-30 11:24:35,854 : SoundSystem : master_volume in sound_system is deprecated and will be removed in the future.
2023-04-30 11:24:35,854 : AudioInterface : Enabling audio playback
2023-04-30 11:24:35,856 : kivy : Base: Start application main loop
2023-04-30 11:24:35,857 : EventManager : Event: ======'display_window_initialized'====== Args={}
2023-04-30 11:24:35,870 : mpfmc : Display: Setting 'window' as default display
2023-04-30 11:24:35,878 : EventManager : Event: ======'displays_initialized'====== Args={}
2023-04-30 11:24:35,880 : EventManager : Event: ======'slide_window_blank_created'====== Args={}
2023-04-30 11:24:35,881 : EventManager : Event: ======'display_window_ready'====== Args={}
2023-04-30 11:24:35,893 : EventManager : Event: ======'init_phase_1'====== Args={}
2023-04-30 11:24:35,897 : EventManager : Event: ======'mc_ready'====== Args={}
2023-04-30 11:24:35,897 : EventManager : Event: ======'init_phase_2'====== Args={}
2023-04-30 11:24:35,899 : EventManager : Event: ======'init_phase_3'====== Args={}
2023-04-30 11:24:35,900 : EventManager : Event: ======'init_phase_4'====== Args={}
2023-04-30 11:24:35,900 : EventManager : Event: ======'init_phase_5'====== Args={}
2023-04-30 11:24:35,900 : EventManager : Event: ======'init_done'====== Args={}
2023-04-30 11:24:35,900 : MPF-MC BCP Server : Starting up on localhost port 5050
2023-04-30 11:24:35,903 : MPF-MC BCP Server : Waiting for a connection...
2023-04-30 11:24:35,903 : mpfmc : SlidePlayer: Play called with settings={'slides': {welcome_slide-None-None: {'priority': None, 'target': None, 'background_color': [0.0, 0.0, 0.0, 1.0], 'show': True, 'force': False, 'expire': None, 'slide': None, 'tokens': {}, 'action': 'play', 'transition': None, 'transition_out': None}}}
2023-04-30 11:24:35,907 : kivy : GL: NPOT texture support is available
2023-04-30 11:24:35,908 : EventManager : Event: ======'slide_welcome_slide_created'====== Args={}
2023-04-30 11:24:35,909 : EventManager : Event: ======'slide_welcome_slide_active'====== Args={}
2023-04-30 11:24:35,913 : EventManager : Event: ======'client_disconnected'====== Args={'host': '127.0.0.1', 'port': 5050}
2023-04-30 11:24:37,020 : MPF-MC BCP Server : Received connection from: 127.0.0.1:62784
2023-04-30 11:24:37,032 : EventManager : Event: ======'client_connected'====== Args={'host': '127.0.0.1', 'port': 62784}
2023-04-30 11:24:37,044 : EventManager : Event: ======'slides_play'====== Args={'settings': {'welcome_slide': {'target': None, 'background_color': [0.0, 0.0, 0.0, 1.0], 'priority': None, 'show': True, 'force': False, 'expire': None, 'slide': None, 'tokens': {}, 'action': 'play'}}, 'context': '_global', 'calling_context': 'init_done', 'priority': 0}
2023-04-30 11:24:37,044 : EventManager : Event: ======'machine_var_credits_string'====== Args={'value': 'FREE PLAY', 'prev_value': None, 'change': True}
2023-04-30 11:24:37,044 : EventManager : Event: ======'machine_var_master_volume'====== Args={'value': 0.5, 'prev_value': None, 'change': True}
2023-04-30 11:24:37,044 : EventManager : Event: ======'machine_var_mpf_version'====== Args={'value': 'MPF v0.56.0', 'prev_value': None, 'change': True}
2023-04-30 11:24:37,045 : EventManager : Event: ======'machine_var_mpf_extended_version'====== Args={'value': 'MPF v0.56.0, Config version:5, Show version: 5, BCP version:1.1', 'prev_value': None, 'change': True}
2023-04-30 11:24:37,045 : EventManager : Event: ======'machine_var_python_version'====== Args={'value': '3.9.13', 'prev_value': None, 'change': True}
2023-04-30 11:24:37,045 : EventManager : Event: ======'machine_var_platform'====== Args={'value': 'Windows-10-10.0.22621-SP0', 'prev_value': None, 'change': True}
2023-04-30 11:24:37,045 : EventManager : Event: ======'machine_var_platform_system'====== Args={'value': 'Windows', 'prev_value': None, 'change': True}
2023-04-30 11:24:37,045 : EventManager : Event: ======'machine_var_platform_release'====== Args={'value': '10', 'prev_value': None, 'change': True}
2023-04-30 11:24:37,045 : EventManager : Event: ======'machine_var_platform_version'====== Args={'value': '10.0.22621', 'prev_value': None, 'change': True}
2023-04-30 11:24:37,045 : EventManager : Event: ======'machine_var_platform_machine'====== Args={'value': 'AMD64', 'prev_value': None, 'change': True}
2023-04-30 11:24:37,045 : EventManager : Event: ======'machine_var_audits_switches_s_left_flipper'====== Args={'value': 0, 'prev_value': None, 'change': True}
2023-04-30 11:24:37,045 : EventManager : Event: ======'machine_var_audits_switches_s_left_flipper_eos'====== Args={'value': 0, 'prev_value': None, 'change': True}
2023-04-30 11:24:37,046 : EventManager : Event: ======'machine_var_audits_switches_s_right_flipper'====== Args={'value': 0, 'prev_value': None, 'change': True}
2023-04-30 11:24:37,046 : EventManager : Event: ======'machine_var_audits_switches_s_right_flipper_eos'====== Args={'value': 0, 'prev_value': None, 'change': True}
2023-04-30 11:24:37,046 : EventManager : Event: ======'machine_var_audits_switches_s_right_upper'====== Args={'value': 0, 'prev_value': None, 'change': True}
2023-04-30 11:24:37,046 : EventManager : Event: ======'machine_var_audits_switches_s_right_upper_eos'====== Args={'value': 0, 'prev_value': None, 'change': True}
2023-04-30 11:24:37,046 : EventManager : Event: ======'machine_var_audits_switches_s_trough1'====== Args={'value': 0, 'prev_value': None, 'change': True}
2023-04-30 11:24:37,047 : EventManager : Event: ======'machine_var_audits_switches_s_trough2'====== Args={'value': 0, 'prev_value': None, 'change': True}
2023-04-30 11:24:37,047 : EventManager : Event: ======'machine_var_audits_switches_s_trough3'====== Args={'value': 0, 'prev_value': None, 'change': True}
2023-04-30 11:24:37,047 : EventManager : Event: ======'machine_var_audits_switches_s_trough4'====== Args={'value': 0, 'prev_value': None, 'change': True}
2023-04-30 11:24:37,047 : EventManager : Event: ======'machine_var_audits_switches_s_trough5'====== Args={'value': 0, 'prev_value': None, 'change': True}
2023-04-30 11:24:37,047 : EventManager : Event: ======'machine_var_audits_switches_s_trough6'====== Args={'value': 0, 'prev_value': None, 'change': True}
2023-04-30 11:24:37,047 : EventManager : Event: ======'machine_var_audits_switches_s_trough_jam'====== Args={'value': 0, 'prev_value': None, 'change': True}
2023-04-30 11:24:37,047 : EventManager : Event: ======'machine_var_audits_switches_s_plunger'====== Args={'value': 0, 'prev_value': None, 'change': True}
2023-04-30 11:24:37,047 : EventManager : Event: ======'machine_var_audits_events_game_started'====== Args={'value': 0, 'prev_value': None, 'change': True}
2023-04-30 11:24:37,047 : EventManager : Event: ======'machine_var_audits_events_game_ended'====== Args={'value': 0, 'prev_value': None, 'change': True}
2023-04-30 11:24:37,048 : EventManager : Event: ======'machine_var_audits_player_score'====== Args={'value': {'top': [], 'average': 0, 'total': 0}, 'prev_value': None, 'change': True}
2023-04-30 11:24:37,048 : EventManager : Event: ======'machine_var_mc_version'====== Args={'value': 'MPF-MC v0.56.1', 'prev_value': None, 'change': True}
2023-04-30 11:24:37,048 : EventManager : Event: ======'machine_var_mc_extended_version'====== Args={'value': 'MPF-MC v0.56.1 (config_version=5, BCP v1.1,                      Requires MPF API compatibility v0.56.0 or newer)', 'prev_value': None, 'change': True}
2023-04-30 11:24:37,048 : EventManager : Event: ======'mc_reset_phase_1'====== Args={}
2023-04-30 11:24:37,048 : mpfmc : SlidePlayer: Play called with settings={'welcome_slide': {'target': None, 'background_color': [0.0, 0.0, 0.0, 1.0], 'priority': None, 'show': True, 'force': False, 'expire': None, 'slide': None, 'tokens': {}, 'action': 'play'}}
2023-04-30 11:24:37,048 : EventManager : Event: ======'slide_welcome_slide_removed'====== Args={}
2023-04-30 11:24:37,050 : EventManager : Event: ======'slide_welcome_slide_created'====== Args={}
2023-04-30 11:24:37,051 : SoundSystem : Setting master volume to 0.5
2023-04-30 11:24:37,051 : EventManager : Event: ======'mc_reset_phase_2'====== Args={}
2023-04-30 11:24:37,051 : EventManager : Event: ======'mc_reset_phase_3'====== Args={}
2023-04-30 11:24:37,051 : EventManager : Event: ======'mc_reset_complete'====== Args={}
2023-04-30 11:24:37,052 : EventManager : Event: ======'slide_welcome_slide_active'====== Args={}
2023-04-30 11:24:37,066 : EventManager : Event: ======'slides_play'====== Args={'settings': {'attract_started': {'target': None, 'background_color': [0.0, 0.0, 0.0, 1.0], 'priority': None, 'show': True, 'force': False, 'expire': None, 'slide': None, 'tokens': {}, 'action': 'play'}}, 'context': '_global', 'calling_context': 'mode_attract_started', 'priority': 0}
2023-04-30 11:24:37,066 : mpfmc : SlidePlayer: Play called with settings={'attract_started': {'target': None, 'background_color': [0.0, 0.0, 0.0, 1.0], 'priority': None, 'show': True, 'force': False, 'expire': None, 'slide': None, 'tokens': {}, 'action': 'play'}}
2023-04-30 11:24:37,069 : EventManager : Event: ======'slide_attract_started_created'====== Args={}
2023-04-30 11:24:37,070 : EventManager : Event: ======'slide_attract_started_active'====== Args={}
2023-04-30 11:24:39,830 : kivy : Base: Leaving application in progress...
2023-04-30 11:24:40,025 : mpfmc : Stopping...
2023-04-30 11:24:40,025 : EventManager : Event: ======'shutdown'====== Args={}
2023-04-30 11:24:40,025 : AudioInterface : Disabling audio playback
2023-04-30 11:24:40,026 : mpfmc : Loop rate 75.55 Hz
2023-04-30 11:24:40,026 : kivy : MC run loop ended.
2023-04-30 11:24:40,026 : kivy : Stopping child threads... (3 remaining)
2023-04-30 11:24:40,056 : mpfmc : Stopping...
2023-04-30 11:24:40,056 : EventManager : Event: ======'shutdown'====== Args={}
2023-04-30 11:24:40,056 : mpfmc : Loop rate 75.0 Hz
2023-04-30 11:24:40,071 : MPF-MC BCP Server : Stopping BCP sending thread
2023-04-30 11:24:40,928 : kivy : All child threads stopped.
