2023-04-30 11:50:13,160 : kivy : Factory: 189 symbols loaded
2023-04-30 11:50:13,287 : kivy : ImageLoaderFFPy: Using ffpyplayer 4.3.5
2023-04-30 11:50:13,287 : kivy : Image: Providers: img_tex, img_dds, img_sdl2, img_pil, img_ffpyplayer 
2023-04-30 11:50:13,328 : kivy : VideoGstplayer: Using Gstreamer 1.18.5.0
2023-04-30 11:50:13,328 : kivy : Video: Provider: gstplayer
2023-04-30 11:50:13,452 : kivy : Loading MPF-MC controller
2023-04-30 11:50:13,454 : YamlMultifileConfigLoader : Machine config file #1: config
2023-04-30 11:50:13,454 : ConfigProcessor : Config file in cache changed: C:\pinball\greatest_showman\config\config
2023-04-30 11:50:13,455 : ConfigProcessor : Loading config from file C:\Users\lisas\.local\pipx\venvs\mpf\lib\site-packages\mpfmc\mcconfig.yaml.
2023-04-30 11:50:13,481 : ConfigProcessor : Loading config: C:\Users\lisas\.local\pipx\venvs\mpf\lib\site-packages\mpfmc\mcconfig.yaml
2023-04-30 11:50:13,482 : ConfigProcessor : Loading config from file C:\pinball\greatest_showman\config\config.
2023-04-30 11:50:13,507 : ConfigProcessor : Loading config: C:\pinball\greatest_showman\config\config
2023-04-30 11:50:13,509 : ConfigProcessor : Config file cache created: C:\Users\lisas\AppData\Local\Temp\e7000976fc18edfeb07f1e9d37a4e0e9.mpf_cache
2023-04-30 11:50:13,509 : ConfigProcessor : Loading config from cache: C:\Users\lisas\AppData\Local\Temp\2591d1a5aee1eec0eefe4740cb1b00b0.mpf_cache
2023-04-30 11:50:13,510 : ConfigProcessor : Loading config from cache: C:\Users\lisas\AppData\Local\Temp\b5a4e895e7586a66014791409c611ae3.mpf_cache
2023-04-30 11:50:13,510 : mpfmc : Mission Pinball Framework Media Controller v0.56.1
2023-04-30 11:50:13,510 : mpfmc : Mission Pinball Framework Game Engine v0.56.0
2023-04-30 11:50:13,510 : mpfmc : Machine path: C:\pinball\greatest_showman
2023-04-30 11:50:13,510 : mpfmc : Starting clock at 60.0Hz
2023-04-30 11:50:13,524 : kivy : Text: Provider: sdl2
2023-04-30 11:50:13,560 : kivy : Window: Provider: sdl2
2023-04-30 11:50:13,755 : kivy : GL: Using the "OpenGL" graphics system
2023-04-30 11:50:13,757 : kivy : GL: GLEW initialization succeeded
2023-04-30 11:50:13,758 : kivy : GL: Backend used <glew>
2023-04-30 11:50:13,758 : kivy : GL: OpenGL version <b'4.6.0 - Build 30.0.101.3111'>
2023-04-30 11:50:13,758 : kivy : GL: OpenGL vendor <b'Intel'>
2023-04-30 11:50:13,758 : kivy : GL: OpenGL renderer <b'Intel(R) UHD Graphics 630'>
2023-04-30 11:50:13,758 : kivy : GL: OpenGL parsed version: 4, 6
2023-04-30 11:50:13,758 : kivy : GL: Shading version <b'4.60 - Build 30.0.101.3111'>
2023-04-30 11:50:13,758 : kivy : GL: Texture max size <16384>
2023-04-30 11:50:13,758 : kivy : GL: Texture max units <32>
2023-04-30 11:50:13,791 : kivy : Window: auto add sdl2 input provider
2023-04-30 11:50:13,792 : kivy : Window: virtual keyboard not allowed, single mode, not docked
2023-04-30 11:50:13,803 : SoundSystem : SoundSystem: Using default 'sound_system' settings
2023-04-30 11:50:14,044 : AudioInterface : Initialized
2023-04-30 11:50:14,044 : AudioInterface : Loaded SDL 2.0.20
2023-04-30 11:50:14,044 : AudioInterface : Loaded SDL_Mixer 2.0.4
2023-04-30 11:50:14,044 : AudioInterface : Loaded GStreamer 1.18.5.0
2023-04-30 11:50:14,044 : AudioInterface : Loaded GLib 2.62.6
2023-04-30 11:50:14,044 : AudioInterface : Settings requested - rate: 44100, channels: 1, buffer: 2048 samples
2023-04-30 11:50:14,044 : AudioInterface : Settings in use - rate: 44100, channels: 1, buffer: 2048 samples (4096 bytes @ 2 bytes per sample)
2023-04-30 11:50:14,044 : SoundSystem : No audio tracks are specified in your machine config file. a track named 'default' has been created.
2023-04-30 11:50:14,045 : SoundSystem : Setting master volume to 0.0
2023-04-30 11:50:14,045 : SoundSystem : master_volume in sound_system is deprecated and will be removed in the future.
2023-04-30 11:50:14,045 : AudioInterface : Enabling audio playback
2023-04-30 11:50:14,046 : kivy : Base: Start application main loop
2023-04-30 11:50:14,047 : EventManager : Event: ======'display_window_initialized'====== Args={}
2023-04-30 11:50:14,057 : mpfmc : Display: Setting 'window' as default display
2023-04-30 11:50:14,063 : EventManager : Event: ======'displays_initialized'====== Args={}
2023-04-30 11:50:14,064 : EventManager : Event: ======'slide_window_blank_created'====== Args={}
2023-04-30 11:50:14,064 : EventManager : Event: ======'display_window_ready'====== Args={}
2023-04-30 11:50:14,074 : EventManager : Event: ======'init_phase_1'====== Args={}
2023-04-30 11:50:14,076 : EventManager : Event: ======'mc_ready'====== Args={}
2023-04-30 11:50:14,077 : EventManager : Event: ======'init_phase_2'====== Args={}
2023-04-30 11:50:14,078 : EventManager : Event: ======'init_phase_3'====== Args={}
2023-04-30 11:50:14,078 : EventManager : Event: ======'init_phase_4'====== Args={}
2023-04-30 11:50:14,078 : EventManager : Event: ======'init_phase_5'====== Args={}
2023-04-30 11:50:14,078 : EventManager : Event: ======'init_done'====== Args={}
2023-04-30 11:50:14,078 : MPF-MC BCP Server : Starting up on localhost port 5050
2023-04-30 11:50:14,082 : MPF-MC BCP Server : Waiting for a connection...
2023-04-30 11:50:14,082 : mpfmc : SlidePlayer: Play called with settings={'slides': {welcome_slide-None-None: {'priority': None, 'target': None, 'background_color': [0.0, 0.0, 0.0, 1.0], 'show': True, 'force': False, 'expire': None, 'slide': None, 'tokens': {}, 'action': 'play', 'transition': None, 'transition_out': None}}}
2023-04-30 11:50:14,086 : kivy : GL: NPOT texture support is available
2023-04-30 11:50:14,086 : EventManager : Event: ======'slide_welcome_slide_created'====== Args={}
2023-04-30 11:50:14,089 : EventManager : Event: ======'slide_welcome_slide_active'====== Args={}
2023-04-30 11:50:14,093 : EventManager : Event: ======'client_disconnected'====== Args={'host': '127.0.0.1', 'port': 5050}
2023-04-30 11:50:15,441 : MPF-MC BCP Server : Received connection from: 127.0.0.1:62937
2023-04-30 11:50:15,444 : EventManager : Event: ======'client_connected'====== Args={'host': '127.0.0.1', 'port': 62937}
2023-04-30 11:50:15,456 : EventManager : Event: ======'machine_var_credits_string'====== Args={'value': 'FREE PLAY', 'prev_value': None, 'change': True}
2023-04-30 11:50:15,456 : EventManager : Event: ======'machine_var_master_volume'====== Args={'value': 0.5, 'prev_value': None, 'change': True}
2023-04-30 11:50:15,456 : EventManager : Event: ======'machine_var_mpf_version'====== Args={'value': 'MPF v0.56.0', 'prev_value': None, 'change': True}
2023-04-30 11:50:15,456 : EventManager : Event: ======'machine_var_mpf_extended_version'====== Args={'value': 'MPF v0.56.0, Config version:5, Show version: 5, BCP version:1.1', 'prev_value': None, 'change': True}
2023-04-30 11:50:15,456 : EventManager : Event: ======'machine_var_python_version'====== Args={'value': '3.9.13', 'prev_value': None, 'change': True}
2023-04-30 11:50:15,456 : EventManager : Event: ======'machine_var_platform'====== Args={'value': 'Windows-10-10.0.22621-SP0', 'prev_value': None, 'change': True}
2023-04-30 11:50:15,456 : EventManager : Event: ======'machine_var_platform_system'====== Args={'value': 'Windows', 'prev_value': None, 'change': True}
2023-04-30 11:50:15,456 : EventManager : Event: ======'machine_var_platform_release'====== Args={'value': '10', 'prev_value': None, 'change': True}
2023-04-30 11:50:15,456 : EventManager : Event: ======'machine_var_platform_version'====== Args={'value': '10.0.22621', 'prev_value': None, 'change': True}
2023-04-30 11:50:15,457 : EventManager : Event: ======'machine_var_platform_machine'====== Args={'value': 'AMD64', 'prev_value': None, 'change': True}
2023-04-30 11:50:15,457 : EventManager : Event: ======'machine_var_mc_version'====== Args={'value': 'MPF-MC v0.56.1', 'prev_value': None, 'change': True}
2023-04-30 11:50:15,457 : EventManager : Event: ======'machine_var_mc_extended_version'====== Args={'value': 'MPF-MC v0.56.1 (config_version=5, BCP v1.1,                      Requires MPF API compatibility v0.56.0 or newer)', 'prev_value': None, 'change': True}
2023-04-30 11:50:15,457 : SoundSystem : Setting master volume to 0.5
2023-04-30 11:50:15,481 : EventManager : Event: ======'machine_var_audits_switches_s_left_flipper'====== Args={'value': 0, 'prev_value': None, 'change': True}
2023-04-30 11:50:15,481 : EventManager : Event: ======'machine_var_audits_switches_s_left_flipper_eos'====== Args={'value': 0, 'prev_value': None, 'change': True}
2023-04-30 11:50:15,481 : EventManager : Event: ======'machine_var_audits_switches_s_right_flipper'====== Args={'value': 0, 'prev_value': None, 'change': True}
2023-04-30 11:50:15,481 : EventManager : Event: ======'machine_var_audits_switches_s_right_flipper_eos'====== Args={'value': 0, 'prev_value': None, 'change': True}
2023-04-30 11:50:15,481 : EventManager : Event: ======'machine_var_audits_switches_s_right_upper'====== Args={'value': 0, 'prev_value': None, 'change': True}
2023-04-30 11:50:15,482 : EventManager : Event: ======'machine_var_audits_switches_s_right_upper_eos'====== Args={'value': 0, 'prev_value': None, 'change': True}
2023-04-30 11:50:15,482 : EventManager : Event: ======'machine_var_audits_switches_s_trough1'====== Args={'value': 0, 'prev_value': None, 'change': True}
2023-04-30 11:50:15,482 : EventManager : Event: ======'machine_var_audits_switches_s_trough2'====== Args={'value': 0, 'prev_value': None, 'change': True}
2023-04-30 11:50:15,482 : EventManager : Event: ======'machine_var_audits_switches_s_trough3'====== Args={'value': 0, 'prev_value': None, 'change': True}
2023-04-30 11:50:15,482 : EventManager : Event: ======'machine_var_audits_switches_s_trough4'====== Args={'value': 0, 'prev_value': None, 'change': True}
2023-04-30 11:50:15,482 : EventManager : Event: ======'machine_var_audits_switches_s_trough5'====== Args={'value': 0, 'prev_value': None, 'change': True}
2023-04-30 11:50:15,482 : EventManager : Event: ======'machine_var_audits_switches_s_trough6'====== Args={'value': 0, 'prev_value': None, 'change': True}
2023-04-30 11:50:15,482 : EventManager : Event: ======'machine_var_audits_switches_s_trough_jam'====== Args={'value': 0, 'prev_value': None, 'change': True}
2023-04-30 11:50:15,482 : EventManager : Event: ======'machine_var_audits_switches_s_plunger'====== Args={'value': 0, 'prev_value': None, 'change': True}
2023-04-30 11:50:15,482 : EventManager : Event: ======'machine_var_audits_switches_s_start'====== Args={'value': 0, 'prev_value': None, 'change': True}
2023-04-30 11:50:15,482 : EventManager : Event: ======'machine_var_audits_switches_s_right_inlane'====== Args={'value': 0, 'prev_value': None, 'change': True}
2023-04-30 11:50:15,482 : EventManager : Event: ======'machine_var_audits_events_game_started'====== Args={'value': 0, 'prev_value': None, 'change': True}
2023-04-30 11:50:15,482 : EventManager : Event: ======'machine_var_audits_events_game_ended'====== Args={'value': 0, 'prev_value': None, 'change': True}
2023-04-30 11:50:15,482 : EventManager : Event: ======'machine_var_audits_player_score'====== Args={'value': {'top': [], 'average': 0, 'total': 0}, 'prev_value': None, 'change': True}
2023-04-30 11:50:15,493 : EventManager : Event: ======'slides_play'====== Args={'settings': {'welcome_slide': {'target': None, 'background_color': [0.0, 0.0, 0.0, 1.0], 'priority': None, 'show': True, 'force': False, 'expire': None, 'slide': None, 'tokens': {}, 'action': 'play'}}, 'context': '_global', 'calling_context': 'init_done', 'priority': 0}
2023-04-30 11:50:15,493 : EventManager : Event: ======'mc_reset_phase_1'====== Args={}
2023-04-30 11:50:15,493 : mpfmc : SlidePlayer: Play called with settings={'welcome_slide': {'target': None, 'background_color': [0.0, 0.0, 0.0, 1.0], 'priority': None, 'show': True, 'force': False, 'expire': None, 'slide': None, 'tokens': {}, 'action': 'play'}}
2023-04-30 11:50:15,493 : EventManager : Event: ======'slide_welcome_slide_removed'====== Args={}
2023-04-30 11:50:15,495 : EventManager : Event: ======'slide_welcome_slide_created'====== Args={}
2023-04-30 11:50:15,495 : EventManager : Event: ======'mc_reset_phase_2'====== Args={}
2023-04-30 11:50:15,496 : EventManager : Event: ======'mc_reset_phase_3'====== Args={}
2023-04-30 11:50:15,496 : EventManager : Event: ======'mc_reset_complete'====== Args={}
2023-04-30 11:50:15,496 : EventManager : Event: ======'slide_welcome_slide_active'====== Args={}
2023-04-30 11:50:15,504 : EventManager : Event: ======'slides_play'====== Args={'settings': {'attract_started': {'target': None, 'background_color': [0.0, 0.0, 0.0, 1.0], 'priority': None, 'show': True, 'force': False, 'expire': None, 'slide': None, 'tokens': {}, 'action': 'play'}}, 'context': '_global', 'calling_context': 'mode_attract_started', 'priority': 0}
2023-04-30 11:50:15,504 : mpfmc : SlidePlayer: Play called with settings={'attract_started': {'target': None, 'background_color': [0.0, 0.0, 0.0, 1.0], 'priority': None, 'show': True, 'force': False, 'expire': None, 'slide': None, 'tokens': {}, 'action': 'play'}}
2023-04-30 11:50:15,508 : EventManager : Event: ======'slide_attract_started_created'====== Args={}
2023-04-30 11:50:15,510 : EventManager : Event: ======'slide_attract_started_active'====== Args={}
2023-04-30 11:50:20,086 : EventManager : Event: ======'game_started'====== Args={}
2023-04-30 11:50:20,086 : EventManager : Event: ======'player_added'====== Args={'player': <Player 1>, 'num': 1}
2023-04-30 11:50:20,086 : EventManager : Event: ======'player_index'====== Args={'value': 0, 'prev_value': 0, 'change': 0, 'player_num': 1}
2023-04-30 11:50:20,086 : EventManager : Event: ======'player_number'====== Args={'value': 1, 'prev_value': 1, 'change': 0, 'player_num': 1}
2023-04-30 11:50:20,086 : EventManager : Event: ======'player_score'====== Args={'value': 0, 'prev_value': 0, 'change': 0, 'player_num': 1}
2023-04-30 11:50:20,098 : EventManager : Event: ======'player_ball'====== Args={'value': 1, 'prev_value': 0, 'change': 1, 'player_num': 1}
2023-04-30 11:50:20,098 : EventManager : Event: ======'player_turn_start'====== Args={'number': 1, 'player': <Player 1>}
2023-04-30 11:50:20,098 : EventManager : Event: ======'slides_play'====== Args={'settings': {'widgets': {'widgets': [{'type': 'text', 'text': 'PLAYER (number) BALL (ball)', '_default_settings': ['type', 'text'], 'x': None, 'y': None, 'anchor_x': 'center', 'anchor_y': 'center', 'round_anchor_x': None, 'round_anchor_y': None, 'opacity': 1.0, 'z': 0, 'reset_animations_events': {}, 'color': [1.0, 1.0, 1.0, 1.0], 'style': [], 'adjust_top': 0, 'adjust_bottom': 0, 'adjust_left': 0, 'adjust_right': 0, 'expire': None, 'key': None, 'widget': None, 'events_when_added': [], 'events_when_removed': [], 'font_size': 15, 'bitmap_font': False, 'font_kerning': True, 'bold': False, 'italic': False, 'number_grouping': False, 'min_digits': 0, 'halign': 'center', 'valign': 'middle', 'rotation': 0, 'scale': 1.0, 'casing': None, 'animations': None}], 'target': None, 'background_color': [0.0, 0.0, 0.0, 1.0], 'priority': None, 'show': True, 'force': False, 'expire': None, 'slide': None, 'tokens': {}, 'action': 'play'}}, 'context': '_global', 'calling_context': 'ball_started', 'priority': 0, 'player': 1, 'ball': 1, 'balls_remaining': 2, 'is_extra_ball': False}
2023-04-30 11:50:20,098 : mpfmc : SlidePlayer: Play called with settings={'widgets': {'widgets': [{'type': 'text', 'text': 'PLAYER (number) BALL (ball)', '_default_settings': ['type', 'text'], 'x': None, 'y': None, 'anchor_x': 'center', 'anchor_y': 'center', 'round_anchor_x': None, 'round_anchor_y': None, 'opacity': 1.0, 'z': 0, 'reset_animations_events': {}, 'color': [1.0, 1.0, 1.0, 1.0], 'style': [], 'adjust_top': 0, 'adjust_bottom': 0, 'adjust_left': 0, 'adjust_right': 0, 'expire': None, 'key': None, 'widget': None, 'events_when_added': [], 'events_when_removed': [], 'font_size': 15, 'bitmap_font': False, 'font_kerning': True, 'bold': False, 'italic': False, 'number_grouping': False, 'min_digits': 0, 'halign': 'center', 'valign': 'middle', 'rotation': 0, 'scale': 1.0, 'casing': None, 'animations': None}], 'target': None, 'background_color': [0.0, 0.0, 0.0, 1.0], 'priority': None, 'show': True, 'force': False, 'expire': None, 'slide': None, 'tokens': {}, 'action': 'play'}}
2023-04-30 11:50:20,100 : EventManager : Event: ======'slide__global.slide_player-ball_started_created'====== Args={}
2023-04-30 11:50:20,101 : EventManager : Event: ======'slide__global.slide_player-ball_started_active'====== Args={}
2023-04-30 11:51:24,918 : EventManager : Event: ======'machine_var_audits_switches_s_left_flipper'====== Args={'value': 1, 'prev_value': 0, 'change': 1}
2023-04-30 11:51:25,782 : EventManager : Event: ======'machine_var_audits_switches_s_right_flipper'====== Args={'value': 1, 'prev_value': 0, 'change': 1}
2023-04-30 11:51:26,551 : EventManager : Event: ======'machine_var_audits_switches_s_left_flipper'====== Args={'value': 2, 'prev_value': 1, 'change': 1}
2023-04-30 11:51:27,054 : EventManager : Event: ======'machine_var_audits_switches_s_right_flipper'====== Args={'value': 2, 'prev_value': 1, 'change': 1}
2023-04-30 11:51:27,973 : EventManager : Event: ======'machine_var_audits_switches_s_left_flipper'====== Args={'value': 3, 'prev_value': 2, 'change': 1}
2023-04-30 11:51:28,323 : EventManager : Event: ======'machine_var_audits_switches_s_right_flipper'====== Args={'value': 3, 'prev_value': 2, 'change': 1}
2023-04-30 11:51:28,676 : EventManager : Event: ======'machine_var_audits_switches_s_left_flipper'====== Args={'value': 4, 'prev_value': 3, 'change': 1}
2023-04-30 11:51:29,029 : EventManager : Event: ======'machine_var_audits_switches_s_right_flipper'====== Args={'value': 4, 'prev_value': 3, 'change': 1}
2023-04-30 11:51:29,406 : EventManager : Event: ======'machine_var_audits_switches_s_left_flipper'====== Args={'value': 5, 'prev_value': 4, 'change': 1}
2023-04-30 11:51:29,757 : EventManager : Event: ======'machine_var_audits_switches_s_right_flipper'====== Args={'value': 5, 'prev_value': 4, 'change': 1}
2023-04-30 11:52:26,493 : EventManager : Event: ======'machine_var_audits_switches_s_trough1'====== Args={'value': 1, 'prev_value': 0, 'change': 1}
2023-04-30 11:52:27,004 : EventManager : Event: ======'player_ball'====== Args={'value': 2, 'prev_value': 1, 'change': 1, 'player_num': 1}
2023-04-30 11:52:27,017 : EventManager : Event: ======'slides_play'====== Args={'settings': {'widgets': {'widgets': [{'type': 'text', 'text': 'PLAYER (number) BALL (ball)', '_default_settings': ['type', 'text'], 'x': None, 'y': None, 'anchor_x': 'center', 'anchor_y': 'center', 'round_anchor_x': None, 'round_anchor_y': None, 'opacity': 1.0, 'z': 0, 'reset_animations_events': {}, 'color': [1.0, 1.0, 1.0, 1.0], 'style': [], 'adjust_top': 0, 'adjust_bottom': 0, 'adjust_left': 0, 'adjust_right': 0, 'expire': None, 'key': None, 'widget': None, 'events_when_added': [], 'events_when_removed': [], 'font_size': 15, 'bitmap_font': False, 'font_kerning': True, 'bold': False, 'italic': False, 'number_grouping': False, 'min_digits': 0, 'halign': 'center', 'valign': 'middle', 'rotation': 0, 'scale': 1.0, 'casing': None, 'animations': None}], 'target': None, 'background_color': [0.0, 0.0, 0.0, 1.0], 'priority': None, 'show': True, 'force': False, 'expire': None, 'slide': None, 'tokens': {}, 'action': 'play'}}, 'context': '_global', 'calling_context': 'ball_started', 'priority': 0, 'player': 1, 'ball': 2, 'balls_remaining': 1, 'is_extra_ball': False}
2023-04-30 11:52:27,017 : mpfmc : SlidePlayer: Play called with settings={'widgets': {'widgets': [{'type': 'text', 'text': 'PLAYER (number) BALL (ball)', '_default_settings': ['type', 'text'], 'x': None, 'y': None, 'anchor_x': 'center', 'anchor_y': 'center', 'round_anchor_x': None, 'round_anchor_y': None, 'opacity': 1.0, 'z': 0, 'reset_animations_events': {}, 'color': [1.0, 1.0, 1.0, 1.0], 'style': [], 'adjust_top': 0, 'adjust_bottom': 0, 'adjust_left': 0, 'adjust_right': 0, 'expire': None, 'key': None, 'widget': None, 'events_when_added': [], 'events_when_removed': [], 'font_size': 15, 'bitmap_font': False, 'font_kerning': True, 'bold': False, 'italic': False, 'number_grouping': False, 'min_digits': 0, 'halign': 'center', 'valign': 'middle', 'rotation': 0, 'scale': 1.0, 'casing': None, 'animations': None}], 'target': None, 'background_color': [0.0, 0.0, 0.0, 1.0], 'priority': None, 'show': True, 'force': False, 'expire': None, 'slide': None, 'tokens': {}, 'action': 'play'}}
2023-04-30 11:52:27,017 : EventManager : Event: ======'slide__global.slide_player-ball_started_removed'====== Args={}
2023-04-30 11:52:27,020 : EventManager : Event: ======'slide__global.slide_player-ball_started_created'====== Args={}
2023-04-30 11:52:27,021 : EventManager : Event: ======'slide__global.slide_player-ball_started_active'====== Args={}
2023-04-30 11:52:28,095 : EventManager : Event: ======'machine_var_audits_switches_s_trough1'====== Args={'value': 2, 'prev_value': 1, 'change': 1}
2023-04-30 11:52:28,771 : EventManager : Event: ======'machine_var_audits_switches_s_trough1'====== Args={'value': 3, 'prev_value': 2, 'change': 1}
2023-04-30 11:52:29,223 : EventManager : Event: ======'machine_var_audits_switches_s_trough1'====== Args={'value': 4, 'prev_value': 3, 'change': 1}
2023-04-30 11:52:41,295 : EventManager : Event: ======'machine_var_audits_switches_s_left_flipper'====== Args={'value': 6, 'prev_value': 5, 'change': 1}
2023-04-30 11:52:41,422 : EventManager : Event: ======'machine_var_audits_switches_s_right_flipper'====== Args={'value': 6, 'prev_value': 5, 'change': 1}
2023-04-30 11:52:41,647 : EventManager : Event: ======'machine_var_audits_switches_s_left_flipper'====== Args={'value': 7, 'prev_value': 6, 'change': 1}
2023-04-30 11:52:41,797 : EventManager : Event: ======'machine_var_audits_switches_s_right_flipper'====== Args={'value': 7, 'prev_value': 6, 'change': 1}
2023-04-30 11:52:41,985 : EventManager : Event: ======'machine_var_audits_switches_s_left_flipper'====== Args={'value': 8, 'prev_value': 7, 'change': 1}
2023-04-30 11:52:42,123 : EventManager : Event: ======'machine_var_audits_switches_s_right_flipper'====== Args={'value': 8, 'prev_value': 7, 'change': 1}
2023-04-30 11:52:42,310 : EventManager : Event: ======'machine_var_audits_switches_s_left_flipper'====== Args={'value': 9, 'prev_value': 8, 'change': 1}
2023-04-30 11:52:42,446 : EventManager : Event: ======'machine_var_audits_switches_s_right_flipper'====== Args={'value': 9, 'prev_value': 8, 'change': 1}
2023-04-30 11:52:42,633 : EventManager : Event: ======'machine_var_audits_switches_s_left_flipper'====== Args={'value': 10, 'prev_value': 9, 'change': 1}
2023-04-30 11:52:42,760 : EventManager : Event: ======'machine_var_audits_switches_s_right_flipper'====== Args={'value': 10, 'prev_value': 9, 'change': 1}
2023-04-30 11:52:42,937 : EventManager : Event: ======'machine_var_audits_switches_s_left_flipper'====== Args={'value': 11, 'prev_value': 10, 'change': 1}
2023-04-30 11:52:43,090 : EventManager : Event: ======'machine_var_audits_switches_s_right_flipper'====== Args={'value': 11, 'prev_value': 10, 'change': 1}
2023-04-30 11:52:43,252 : EventManager : Event: ======'machine_var_audits_switches_s_left_flipper'====== Args={'value': 12, 'prev_value': 11, 'change': 1}
2023-04-30 11:52:43,402 : EventManager : Event: ======'machine_var_audits_switches_s_right_flipper'====== Args={'value': 12, 'prev_value': 11, 'change': 1}
2023-04-30 11:52:43,578 : EventManager : Event: ======'machine_var_audits_switches_s_left_flipper'====== Args={'value': 13, 'prev_value': 12, 'change': 1}
2023-04-30 11:52:43,716 : EventManager : Event: ======'machine_var_audits_switches_s_right_flipper'====== Args={'value': 13, 'prev_value': 12, 'change': 1}
2023-04-30 11:52:43,902 : EventManager : Event: ======'machine_var_audits_switches_s_left_flipper'====== Args={'value': 14, 'prev_value': 13, 'change': 1}
2023-04-30 11:52:44,077 : EventManager : Event: ======'machine_var_audits_switches_s_right_flipper'====== Args={'value': 14, 'prev_value': 13, 'change': 1}
2023-04-30 11:53:39,479 : EventManager : Event: ======'machine_var_audits_switches_s_left_flipper'====== Args={'value': 15, 'prev_value': 14, 'change': 1}
2023-04-30 11:53:39,606 : EventManager : Event: ======'machine_var_audits_switches_s_right_flipper'====== Args={'value': 15, 'prev_value': 14, 'change': 1}
2023-04-30 11:53:39,777 : EventManager : Event: ======'machine_var_audits_switches_s_left_flipper'====== Args={'value': 16, 'prev_value': 15, 'change': 1}
2023-04-30 11:53:39,890 : EventManager : Event: ======'machine_var_audits_switches_s_right_flipper'====== Args={'value': 16, 'prev_value': 15, 'change': 1}
2023-04-30 11:53:40,061 : EventManager : Event: ======'machine_var_audits_switches_s_left_flipper'====== Args={'value': 17, 'prev_value': 16, 'change': 1}
2023-04-30 11:53:40,187 : EventManager : Event: ======'machine_var_audits_switches_s_right_flipper'====== Args={'value': 17, 'prev_value': 16, 'change': 1}
2023-04-30 11:53:40,350 : EventManager : Event: ======'machine_var_audits_switches_s_left_flipper'====== Args={'value': 18, 'prev_value': 17, 'change': 1}
2023-04-30 11:53:40,475 : EventManager : Event: ======'machine_var_audits_switches_s_right_flipper'====== Args={'value': 18, 'prev_value': 17, 'change': 1}
2023-04-30 11:53:40,611 : EventManager : Event: ======'machine_var_audits_switches_s_left_flipper'====== Args={'value': 19, 'prev_value': 18, 'change': 1}
2023-04-30 11:53:40,739 : EventManager : Event: ======'machine_var_audits_switches_s_right_flipper'====== Args={'value': 19, 'prev_value': 18, 'change': 1}
2023-04-30 11:53:40,902 : EventManager : Event: ======'machine_var_audits_switches_s_left_flipper'====== Args={'value': 20, 'prev_value': 19, 'change': 1}
2023-04-30 11:53:41,002 : EventManager : Event: ======'machine_var_audits_switches_s_right_flipper'====== Args={'value': 20, 'prev_value': 19, 'change': 1}
2023-04-30 11:53:41,180 : EventManager : Event: ======'machine_var_audits_switches_s_left_flipper'====== Args={'value': 21, 'prev_value': 20, 'change': 1}
2023-04-30 11:53:41,280 : EventManager : Event: ======'machine_var_audits_switches_s_right_flipper'====== Args={'value': 21, 'prev_value': 20, 'change': 1}
2023-04-30 11:53:41,467 : EventManager : Event: ======'machine_var_audits_switches_s_left_flipper'====== Args={'value': 22, 'prev_value': 21, 'change': 1}
2023-04-30 11:53:41,567 : EventManager : Event: ======'machine_var_audits_switches_s_right_flipper'====== Args={'value': 22, 'prev_value': 21, 'change': 1}
2023-04-30 11:53:41,741 : EventManager : Event: ======'machine_var_audits_switches_s_left_flipper'====== Args={'value': 23, 'prev_value': 22, 'change': 1}
2023-04-30 11:53:41,865 : EventManager : Event: ======'machine_var_audits_switches_s_right_flipper'====== Args={'value': 23, 'prev_value': 22, 'change': 1}
2023-04-30 11:53:42,015 : EventManager : Event: ======'machine_var_audits_switches_s_left_flipper'====== Args={'value': 24, 'prev_value': 23, 'change': 1}
2023-04-30 11:53:42,140 : EventManager : Event: ======'machine_var_audits_switches_s_right_flipper'====== Args={'value': 24, 'prev_value': 23, 'change': 1}
2023-04-30 11:53:45,422 : EventManager : Event: ======'machine_var_audits_switches_s_trough1'====== Args={'value': 5, 'prev_value': 4, 'change': 1}
2023-04-30 11:53:45,920 : EventManager : Event: ======'player_ball'====== Args={'value': 3, 'prev_value': 2, 'change': 1, 'player_num': 1}
2023-04-30 11:53:45,933 : EventManager : Event: ======'slides_play'====== Args={'settings': {'widgets': {'widgets': [{'type': 'text', 'text': 'PLAYER (number) BALL (ball)', '_default_settings': ['type', 'text'], 'x': None, 'y': None, 'anchor_x': 'center', 'anchor_y': 'center', 'round_anchor_x': None, 'round_anchor_y': None, 'opacity': 1.0, 'z': 0, 'reset_animations_events': {}, 'color': [1.0, 1.0, 1.0, 1.0], 'style': [], 'adjust_top': 0, 'adjust_bottom': 0, 'adjust_left': 0, 'adjust_right': 0, 'expire': None, 'key': None, 'widget': None, 'events_when_added': [], 'events_when_removed': [], 'font_size': 15, 'bitmap_font': False, 'font_kerning': True, 'bold': False, 'italic': False, 'number_grouping': False, 'min_digits': 0, 'halign': 'center', 'valign': 'middle', 'rotation': 0, 'scale': 1.0, 'casing': None, 'animations': None}], 'target': None, 'background_color': [0.0, 0.0, 0.0, 1.0], 'priority': None, 'show': True, 'force': False, 'expire': None, 'slide': None, 'tokens': {}, 'action': 'play'}}, 'context': '_global', 'calling_context': 'ball_started', 'priority': 0, 'player': 1, 'ball': 3, 'balls_remaining': 0, 'is_extra_ball': False}
2023-04-30 11:53:45,933 : mpfmc : SlidePlayer: Play called with settings={'widgets': {'widgets': [{'type': 'text', 'text': 'PLAYER (number) BALL (ball)', '_default_settings': ['type', 'text'], 'x': None, 'y': None, 'anchor_x': 'center', 'anchor_y': 'center', 'round_anchor_x': None, 'round_anchor_y': None, 'opacity': 1.0, 'z': 0, 'reset_animations_events': {}, 'color': [1.0, 1.0, 1.0, 1.0], 'style': [], 'adjust_top': 0, 'adjust_bottom': 0, 'adjust_left': 0, 'adjust_right': 0, 'expire': None, 'key': None, 'widget': None, 'events_when_added': [], 'events_when_removed': [], 'font_size': 15, 'bitmap_font': False, 'font_kerning': True, 'bold': False, 'italic': False, 'number_grouping': False, 'min_digits': 0, 'halign': 'center', 'valign': 'middle', 'rotation': 0, 'scale': 1.0, 'casing': None, 'animations': None}], 'target': None, 'background_color': [0.0, 0.0, 0.0, 1.0], 'priority': None, 'show': True, 'force': False, 'expire': None, 'slide': None, 'tokens': {}, 'action': 'play'}}
2023-04-30 11:53:45,934 : EventManager : Event: ======'slide__global.slide_player-ball_started_removed'====== Args={}
2023-04-30 11:53:45,936 : EventManager : Event: ======'slide__global.slide_player-ball_started_created'====== Args={}
2023-04-30 11:53:45,938 : EventManager : Event: ======'slide__global.slide_player-ball_started_active'====== Args={}
2023-04-30 11:53:52,937 : EventManager : Event: ======'machine_var_audits_switches_s_left_flipper'====== Args={'value': 25, 'prev_value': 24, 'change': 1}
2023-04-30 11:53:53,036 : EventManager : Event: ======'machine_var_audits_switches_s_right_flipper'====== Args={'value': 25, 'prev_value': 24, 'change': 1}
2023-04-30 11:53:53,188 : EventManager : Event: ======'machine_var_audits_switches_s_left_flipper'====== Args={'value': 26, 'prev_value': 25, 'change': 1}
2023-04-30 11:53:53,300 : EventManager : Event: ======'machine_var_audits_switches_s_right_flipper'====== Args={'value': 26, 'prev_value': 25, 'change': 1}
2023-04-30 11:53:53,437 : EventManager : Event: ======'machine_var_audits_switches_s_left_flipper'====== Args={'value': 27, 'prev_value': 26, 'change': 1}
2023-04-30 11:53:53,549 : EventManager : Event: ======'machine_var_audits_switches_s_right_flipper'====== Args={'value': 27, 'prev_value': 26, 'change': 1}
2023-04-30 11:53:53,685 : EventManager : Event: ======'machine_var_audits_switches_s_left_flipper'====== Args={'value': 28, 'prev_value': 27, 'change': 1}
2023-04-30 11:53:53,802 : EventManager : Event: ======'machine_var_audits_switches_s_right_flipper'====== Args={'value': 28, 'prev_value': 27, 'change': 1}
2023-04-30 11:53:53,939 : EventManager : Event: ======'machine_var_audits_switches_s_left_flipper'====== Args={'value': 29, 'prev_value': 28, 'change': 1}
2023-04-30 11:53:54,076 : EventManager : Event: ======'machine_var_audits_switches_s_right_flipper'====== Args={'value': 29, 'prev_value': 28, 'change': 1}
2023-04-30 11:53:54,213 : EventManager : Event: ======'machine_var_audits_switches_s_left_flipper'====== Args={'value': 30, 'prev_value': 29, 'change': 1}
2023-04-30 11:53:54,354 : EventManager : Event: ======'machine_var_audits_switches_s_right_flipper'====== Args={'value': 30, 'prev_value': 29, 'change': 1}
2023-04-30 11:53:54,480 : EventManager : Event: ======'machine_var_audits_switches_s_left_flipper'====== Args={'value': 31, 'prev_value': 30, 'change': 1}
2023-04-30 11:53:54,618 : EventManager : Event: ======'machine_var_audits_switches_s_right_flipper'====== Args={'value': 31, 'prev_value': 30, 'change': 1}
2023-04-30 11:53:54,757 : EventManager : Event: ======'machine_var_audits_switches_s_left_flipper'====== Args={'value': 32, 'prev_value': 31, 'change': 1}
2023-04-30 11:53:54,895 : EventManager : Event: ======'machine_var_audits_switches_s_right_flipper'====== Args={'value': 32, 'prev_value': 31, 'change': 1}
2023-04-30 11:53:55,031 : EventManager : Event: ======'machine_var_audits_switches_s_left_flipper'====== Args={'value': 33, 'prev_value': 32, 'change': 1}
2023-04-30 11:53:55,168 : EventManager : Event: ======'machine_var_audits_switches_s_right_flipper'====== Args={'value': 33, 'prev_value': 32, 'change': 1}
2023-04-30 11:53:55,306 : EventManager : Event: ======'machine_var_audits_switches_s_left_flipper'====== Args={'value': 34, 'prev_value': 33, 'change': 1}
2023-04-30 11:53:55,431 : EventManager : Event: ======'machine_var_audits_switches_s_right_flipper'====== Args={'value': 34, 'prev_value': 33, 'change': 1}
2023-04-30 11:53:55,582 : EventManager : Event: ======'machine_var_audits_switches_s_left_flipper'====== Args={'value': 35, 'prev_value': 34, 'change': 1}
2023-04-30 11:53:55,721 : EventManager : Event: ======'machine_var_audits_switches_s_right_flipper'====== Args={'value': 35, 'prev_value': 34, 'change': 1}
2023-04-30 11:53:55,885 : EventManager : Event: ======'machine_var_audits_switches_s_left_flipper'====== Args={'value': 36, 'prev_value': 35, 'change': 1}
2023-04-30 11:53:56,023 : EventManager : Event: ======'machine_var_audits_switches_s_right_flipper'====== Args={'value': 36, 'prev_value': 35, 'change': 1}
2023-04-30 11:54:15,007 : EventManager : Event: ======'machine_var_audits_switches_s_trough1'====== Args={'value': 6, 'prev_value': 5, 'change': 1}
2023-04-30 11:54:17,131 : EventManager : Event: ======'machine_var_audits_switches_s_trough1'====== Args={'value': 7, 'prev_value': 6, 'change': 1}
2023-04-30 11:54:24,844 : EventManager : Event: ======'machine_var_audits_switches_s_left_flipper'====== Args={'value': 37, 'prev_value': 36, 'change': 1}
2023-04-30 11:54:24,930 : EventManager : Event: ======'machine_var_audits_switches_s_right_flipper'====== Args={'value': 37, 'prev_value': 36, 'change': 1}
2023-04-30 11:54:25,054 : EventManager : Event: ======'machine_var_audits_switches_s_left_flipper'====== Args={'value': 38, 'prev_value': 37, 'change': 1}
2023-04-30 11:54:25,178 : EventManager : Event: ======'machine_var_audits_switches_s_right_flipper'====== Args={'value': 38, 'prev_value': 37, 'change': 1}
2023-04-30 11:54:25,266 : EventManager : Event: ======'machine_var_audits_switches_s_left_flipper'====== Args={'value': 39, 'prev_value': 38, 'change': 1}
2023-04-30 11:54:25,378 : EventManager : Event: ======'machine_var_audits_switches_s_right_flipper'====== Args={'value': 39, 'prev_value': 38, 'change': 1}
2023-04-30 11:54:25,479 : EventManager : Event: ======'machine_var_audits_switches_s_left_flipper'====== Args={'value': 40, 'prev_value': 39, 'change': 1}
2023-04-30 11:54:25,579 : EventManager : Event: ======'machine_var_audits_switches_s_right_flipper'====== Args={'value': 40, 'prev_value': 39, 'change': 1}
2023-04-30 11:54:25,717 : EventManager : Event: ======'machine_var_audits_switches_s_left_flipper'====== Args={'value': 41, 'prev_value': 40, 'change': 1}
2023-04-30 11:54:25,804 : EventManager : Event: ======'machine_var_audits_switches_s_right_flipper'====== Args={'value': 41, 'prev_value': 40, 'change': 1}
2023-04-30 11:54:25,929 : EventManager : Event: ======'machine_var_audits_switches_s_left_flipper'====== Args={'value': 42, 'prev_value': 41, 'change': 1}
2023-04-30 11:54:26,018 : EventManager : Event: ======'machine_var_audits_switches_s_right_flipper'====== Args={'value': 42, 'prev_value': 41, 'change': 1}
2023-04-30 11:54:26,143 : EventManager : Event: ======'machine_var_audits_switches_s_left_flipper'====== Args={'value': 43, 'prev_value': 42, 'change': 1}
2023-04-30 11:54:26,230 : EventManager : Event: ======'machine_var_audits_switches_s_right_flipper'====== Args={'value': 43, 'prev_value': 42, 'change': 1}
2023-04-30 11:54:26,381 : EventManager : Event: ======'machine_var_audits_switches_s_left_flipper'====== Args={'value': 44, 'prev_value': 43, 'change': 1}
2023-04-30 11:54:26,456 : EventManager : Event: ======'machine_var_audits_switches_s_right_flipper'====== Args={'value': 44, 'prev_value': 43, 'change': 1}
2023-04-30 11:54:26,593 : EventManager : Event: ======'machine_var_audits_switches_s_left_flipper'====== Args={'value': 45, 'prev_value': 44, 'change': 1}
2023-04-30 11:54:26,693 : EventManager : Event: ======'machine_var_audits_switches_s_right_flipper'====== Args={'value': 45, 'prev_value': 44, 'change': 1}
2023-04-30 11:54:26,830 : EventManager : Event: ======'machine_var_audits_switches_s_left_flipper'====== Args={'value': 46, 'prev_value': 45, 'change': 1}
2023-04-30 11:54:26,906 : EventManager : Event: ======'machine_var_audits_switches_s_right_flipper'====== Args={'value': 46, 'prev_value': 45, 'change': 1}
2023-04-30 11:54:27,058 : EventManager : Event: ======'machine_var_audits_switches_s_left_flipper'====== Args={'value': 47, 'prev_value': 46, 'change': 1}
2023-04-30 11:54:27,146 : EventManager : Event: ======'machine_var_audits_switches_s_right_flipper'====== Args={'value': 47, 'prev_value': 46, 'change': 1}
2023-04-30 11:54:27,320 : EventManager : Event: ======'machine_var_audits_switches_s_left_flipper'====== Args={'value': 48, 'prev_value': 47, 'change': 1}
2023-04-30 11:54:27,393 : EventManager : Event: ======'machine_var_audits_switches_s_right_flipper'====== Args={'value': 48, 'prev_value': 47, 'change': 1}
2023-04-30 11:54:27,542 : EventManager : Event: ======'machine_var_audits_switches_s_left_flipper'====== Args={'value': 49, 'prev_value': 48, 'change': 1}
2023-04-30 11:54:27,616 : EventManager : Event: ======'machine_var_audits_switches_s_right_flipper'====== Args={'value': 49, 'prev_value': 48, 'change': 1}
2023-04-30 11:54:30,361 : EventManager : Event: ======'machine_var_audits_switches_s_left_flipper'====== Args={'value': 50, 'prev_value': 49, 'change': 1}
2023-04-30 11:54:30,448 : EventManager : Event: ======'machine_var_audits_switches_s_right_flipper'====== Args={'value': 50, 'prev_value': 49, 'change': 1}
2023-04-30 11:54:30,573 : EventManager : Event: ======'machine_var_audits_switches_s_left_flipper'====== Args={'value': 51, 'prev_value': 50, 'change': 1}
2023-04-30 11:54:30,684 : EventManager : Event: ======'machine_var_audits_switches_s_right_flipper'====== Args={'value': 51, 'prev_value': 50, 'change': 1}
2023-04-30 11:54:30,783 : EventManager : Event: ======'machine_var_audits_switches_s_left_flipper'====== Args={'value': 52, 'prev_value': 51, 'change': 1}
2023-04-30 11:54:30,897 : EventManager : Event: ======'machine_var_audits_switches_s_right_flipper'====== Args={'value': 52, 'prev_value': 51, 'change': 1}
2023-04-30 11:54:44,757 : EventManager : Event: ======'machine_var_audits_switches_s_trough1'====== Args={'value': 8, 'prev_value': 7, 'change': 1}
2023-04-30 11:54:45,522 : EventManager : Event: ======'machine_var_audits_switches_s_trough1'====== Args={'value': 9, 'prev_value': 8, 'change': 1}
2023-04-30 11:54:46,028 : EventManager : Event: ======'machine_var_audits_switches_s_trough1'====== Args={'value': 10, 'prev_value': 9, 'change': 1}
2023-04-30 11:55:00,804 : EventManager : Event: ======'machine_var_audits_switches_s_trough6'====== Args={'value': 1, 'prev_value': 0, 'change': 1}
2023-04-30 11:55:01,131 : EventManager : Event: ======'machine_var_audits_switches_s_trough5'====== Args={'value': 1, 'prev_value': 0, 'change': 1}
2023-04-30 11:55:01,406 : EventManager : Event: ======'machine_var_audits_switches_s_trough4'====== Args={'value': 1, 'prev_value': 0, 'change': 1}
2023-04-30 11:55:01,694 : EventManager : Event: ======'machine_var_audits_switches_s_trough3'====== Args={'value': 1, 'prev_value': 0, 'change': 1}
2023-04-30 11:55:01,970 : EventManager : Event: ======'machine_var_audits_switches_s_trough2'====== Args={'value': 1, 'prev_value': 0, 'change': 1}
2023-04-30 11:55:04,833 : EventManager : Event: ======'machine_var_audits_switches_s_trough2'====== Args={'value': 2, 'prev_value': 1, 'change': 1}
2023-04-30 11:55:36,504 : EventManager : Event: ======'machine_var_audits_switches_s_left_flipper'====== Args={'value': 53, 'prev_value': 52, 'change': 1}
2023-04-30 11:55:36,567 : EventManager : Event: ======'machine_var_audits_switches_s_right_flipper'====== Args={'value': 53, 'prev_value': 52, 'change': 1}
2023-04-30 11:55:36,717 : EventManager : Event: ======'machine_var_audits_switches_s_left_flipper'====== Args={'value': 54, 'prev_value': 53, 'change': 1}
2023-04-30 11:55:36,803 : EventManager : Event: ======'machine_var_audits_switches_s_right_flipper'====== Args={'value': 54, 'prev_value': 53, 'change': 1}
2023-04-30 11:55:36,928 : EventManager : Event: ======'machine_var_audits_switches_s_left_flipper'====== Args={'value': 55, 'prev_value': 54, 'change': 1}
2023-04-30 11:55:37,028 : EventManager : Event: ======'machine_var_audits_switches_s_right_flipper'====== Args={'value': 55, 'prev_value': 54, 'change': 1}
2023-04-30 11:55:37,114 : EventManager : Event: ======'machine_var_audits_switches_s_left_flipper'====== Args={'value': 56, 'prev_value': 55, 'change': 1}
2023-04-30 11:55:37,226 : EventManager : Event: ======'machine_var_audits_switches_s_right_flipper'====== Args={'value': 56, 'prev_value': 55, 'change': 1}
2023-04-30 11:55:37,313 : EventManager : Event: ======'machine_var_audits_switches_s_left_flipper'====== Args={'value': 57, 'prev_value': 56, 'change': 1}
2023-04-30 11:55:37,437 : EventManager : Event: ======'machine_var_audits_switches_s_right_flipper'====== Args={'value': 57, 'prev_value': 56, 'change': 1}
2023-04-30 11:55:37,523 : EventManager : Event: ======'machine_var_audits_switches_s_left_flipper'====== Args={'value': 58, 'prev_value': 57, 'change': 1}
2023-04-30 11:55:37,636 : EventManager : Event: ======'machine_var_audits_switches_s_right_flipper'====== Args={'value': 58, 'prev_value': 57, 'change': 1}
2023-04-30 11:55:37,709 : EventManager : Event: ======'machine_var_audits_switches_s_left_flipper'====== Args={'value': 59, 'prev_value': 58, 'change': 1}
2023-04-30 11:55:37,821 : EventManager : Event: ======'machine_var_audits_switches_s_right_flipper'====== Args={'value': 59, 'prev_value': 58, 'change': 1}
2023-04-30 11:55:37,908 : EventManager : Event: ======'machine_var_audits_switches_s_left_flipper'====== Args={'value': 60, 'prev_value': 59, 'change': 1}
2023-04-30 11:55:38,008 : EventManager : Event: ======'machine_var_audits_switches_s_right_flipper'====== Args={'value': 60, 'prev_value': 59, 'change': 1}
2023-04-30 11:55:38,109 : EventManager : Event: ======'machine_var_audits_switches_s_left_flipper'====== Args={'value': 61, 'prev_value': 60, 'change': 1}
2023-04-30 11:55:38,209 : EventManager : Event: ======'machine_var_audits_switches_s_right_flipper'====== Args={'value': 61, 'prev_value': 60, 'change': 1}
2023-04-30 11:55:38,320 : EventManager : Event: ======'machine_var_audits_switches_s_left_flipper'====== Args={'value': 62, 'prev_value': 61, 'change': 1}
2023-04-30 11:55:38,408 : EventManager : Event: ======'machine_var_audits_switches_s_right_flipper'====== Args={'value': 62, 'prev_value': 61, 'change': 1}
2023-04-30 11:55:38,532 : EventManager : Event: ======'machine_var_audits_switches_s_left_flipper'====== Args={'value': 63, 'prev_value': 62, 'change': 1}
2023-04-30 11:55:38,622 : EventManager : Event: ======'machine_var_audits_switches_s_right_flipper'====== Args={'value': 63, 'prev_value': 62, 'change': 1}
2023-04-30 11:55:42,402 : EventManager : Event: ======'machine_var_audits_switches_s_trough1'====== Args={'value': 11, 'prev_value': 10, 'change': 1}
2023-04-30 11:55:42,921 : EventManager : Event: ======'machine_var_player1_score'====== Args={'value': 0, 'prev_value': None, 'change': True}
2023-04-30 11:55:42,946 : EventManager : Event: ======'slides_play'====== Args={'settings': {'attract_started': {'target': None, 'background_color': [0.0, 0.0, 0.0, 1.0], 'priority': None, 'show': True, 'force': False, 'expire': None, 'slide': None, 'tokens': {}, 'action': 'play'}}, 'context': '_global', 'calling_context': 'mode_attract_started', 'priority': 0}
2023-04-30 11:55:42,946 : mpfmc : SlidePlayer: Play called with settings={'attract_started': {'target': None, 'background_color': [0.0, 0.0, 0.0, 1.0], 'priority': None, 'show': True, 'force': False, 'expire': None, 'slide': None, 'tokens': {}, 'action': 'play'}}
2023-04-30 11:55:42,946 : EventManager : Event: ======'slide_attract_started_removed'====== Args={}
2023-04-30 11:55:42,949 : EventManager : Event: ======'slide_attract_started_created'====== Args={}
2023-04-30 11:55:42,950 : EventManager : Event: ======'slide_attract_started_active'====== Args={}
2023-04-30 11:55:42,952 : EventManager : Event: ======'game_ended'====== Args={}
2023-04-30 11:55:48,446 : kivy : Base: Leaving application in progress...
2023-04-30 11:55:48,447 : mpfmc : Stopping...
2023-04-30 11:55:48,447 : EventManager : Event: ======'shutdown'====== Args={}
2023-04-30 11:55:48,447 : AudioInterface : Disabling audio playback
2023-04-30 11:55:48,567 : mpfmc : Loop rate 79.53 Hz
2023-04-30 11:55:48,567 : kivy : MC run loop ended.
2023-04-30 11:55:48,567 : kivy : Stopping child threads... (3 remaining)
2023-04-30 11:55:49,183 : mpfmc : Stopping...
2023-04-30 11:55:49,183 : EventManager : Event: ======'shutdown'====== Args={}
2023-04-30 11:55:49,184 : mpfmc : Loop rate 79.39 Hz
2023-04-30 11:55:49,195 : MPF-MC BCP Server : Stopping BCP sending thread
2023-04-30 11:55:49,271 : kivy : All child threads stopped.
