2023-04-30 11:50:12,956 : INFO : root : Loading config.
2023-04-30 11:50:12,956 : INFO : YamlMultifileConfigLoader : Machine config file #1: config.yaml
2023-04-30 11:50:12,956 : WARNING : ConfigProcessor : Config file in cache changed: C:\pinball\greatest_showman\config\config.yaml
2023-04-30 11:50:12,956 : INFO : ConfigProcessor : Loading config from file C:\Users\lisas\.local\pipx\venvs\mpf\lib\site-packages\mpf\mpfconfig.yaml.
2023-04-30 11:50:13,003 : INFO : ConfigProcessor : Loading config: C:\Users\lisas\.local\pipx\venvs\mpf\lib\site-packages\mpf\mpfconfig.yaml
2023-04-30 11:50:13,003 : INFO : ConfigProcessor : Loading config from file C:\pinball\greatest_showman\config\config.yaml.
2023-04-30 11:50:13,035 : INFO : ConfigProcessor : Loading config: C:\pinball\greatest_showman\config\config.yaml
2023-04-30 11:50:13,035 : INFO : ConfigProcessor : Config file cache created: C:\Users\lisas\AppData\Local\Temp\c5e3c6a6b44933afaf432493a3c7f734.mpf_cache
2023-04-30 11:50:13,097 : INFO : ConfigProcessor : Loading config from cache: C:\Users\lisas\AppData\Local\Temp\2591d1a5aee1eec0eefe4740cb1b00b0.mpf_cache
2023-04-30 11:50:13,097 : INFO : ConfigProcessor : Loading config from cache: C:\Users\lisas\AppData\Local\Temp\b5a4e895e7586a66014791409c611ae3.mpf_cache
2023-04-30 11:50:13,097 : INFO : Machine : Mission Pinball Framework Core Engine v0.56.0
2023-04-30 11:50:13,097 : INFO : Machine : Command line arguments: {'no_load_cache': False, 'create_config_cache': True, 'bcp': True, 'configfile': ['config.yaml'], 'force_assets_load': False, 'jsonlogging': False, 'logfile': 'logs\\2023-04-30-11-50-12-mpf-LisaDesktop.log', 'pause': False, 'production': False, 'text_ui': True, 'loglevel': 15, 'consoleloglevel': 20, 'force_platform': 'virtual', 'syslog_address': None, 'mc_file_name': None, 'no_sound': False}
2023-04-30 11:50:13,097 : INFO : Machine : MPF path: C:\Users\lisas\.local\pipx\venvs\mpf\lib\site-packages\mpf
2023-04-30 11:50:13,097 : INFO : Machine : Machine path: C:\pinball\greatest_showman
2023-04-30 11:50:13,097 : INFO : Machine : Platform: win32
2023-04-30 11:50:13,097 : INFO : Machine : Python executable location: C:\Users\lisas\.local\pipx\venvs\mpf\Scripts\python.exe
2023-04-30 11:50:13,097 : INFO : Machine : Python version: 3.9.13 (64-bit)
2023-04-30 11:50:13,097 : INFO : Machine : Initialise MPF.
2023-04-30 11:50:13,336 : INFO : EventManager : Event: ======'machine_var_credits_string'====== Args={'value': 'FREE PLAY', 'prev_value': None, 'change': True}
2023-04-30 11:50:13,375 : INFO : EventManager : Event: ======'machine_var_master_volume'====== Args={'value': 0.5, 'prev_value': None, 'change': True}
2023-04-30 11:50:13,376 : INFO : EventManager : Event: ======'machine_var_mpf_version'====== Args={'value': 'MPF v0.56.0', 'prev_value': None, 'change': True}
2023-04-30 11:50:13,376 : INFO : EventManager : Event: ======'machine_var_mpf_extended_version'====== Args={'value': 'MPF v0.56.0, Config version:5, Show version: 5, BCP version:1.1', 'prev_value': None, 'change': True}
2023-04-30 11:50:13,376 : INFO : EventManager : Event: ======'machine_var_python_version'====== Args={'value': '3.9.13', 'prev_value': None, 'change': True}
2023-04-30 11:50:13,387 : INFO : EventManager : Event: ======'machine_var_platform'====== Args={'value': 'Windows-10-10.0.22621-SP0', 'prev_value': None, 'change': True}
2023-04-30 11:50:13,387 : INFO : EventManager : Event: ======'machine_var_platform_system'====== Args={'value': 'Windows', 'prev_value': None, 'change': True}
2023-04-30 11:50:13,387 : INFO : EventManager : Event: ======'machine_var_platform_release'====== Args={'value': '10', 'prev_value': None, 'change': True}
2023-04-30 11:50:13,387 : INFO : EventManager : Event: ======'machine_var_platform_version'====== Args={'value': '10.0.22621', 'prev_value': None, 'change': True}
2023-04-30 11:50:13,387 : INFO : EventManager : Event: ======'machine_var_platform_machine'====== Args={'value': 'AMD64', 'prev_value': None, 'change': True}
2023-04-30 11:50:13,387 : INFO : EventManager : Event: ======'init_phase_1'====== Args={}
2023-04-30 11:50:13,399 : INFO : EventManager : Event: ======'init_phase_2'====== Args={}
2023-04-30 11:50:13,399 : INFO : SwitchController : Found active switch: ('5-44', <Platform.Virtual>) <switch.s_trough1>
2023-04-30 11:50:13,399 : INFO : SwitchController : Found active switch: ('5-45', <Platform.Virtual>) <switch.s_trough2>
2023-04-30 11:50:13,399 : INFO : SwitchController : Found active switch: ('5-46', <Platform.Virtual>) <switch.s_trough3>
2023-04-30 11:50:13,400 : INFO : SwitchController : Found active switch: ('5-47', <Platform.Virtual>) <switch.s_trough4>
2023-04-30 11:50:13,400 : INFO : SwitchController : Found active switch: ('6-48', <Platform.Virtual>) <switch.s_trough5>
2023-04-30 11:50:13,400 : INFO : SwitchController : Found active switch: ('6-49', <Platform.Virtual>) <switch.s_trough6>
2023-04-30 11:50:13,400 : INFO : EventManager : Event: ======'bcp_connection_attempt'====== Args={'name': 'local_display', 'host': 'localhost', 'port': 5050}
2023-04-30 11:50:13,402 : INFO : BCPClientSocket : Connecting BCP to 'local_display' at localhost:5050...
2023-04-30 11:50:15,441 : INFO : BCPClientSocket : Connected BCP to 'local_display' localhost:5050
2023-04-30 11:50:15,442 : INFO : EventManager : Event: ======'bcp_clients_connected'====== Args={}
2023-04-30 11:50:15,449 : INFO : ball_device.bd_trough : BCH: Initial count: 6
2023-04-30 11:50:15,449 : INFO : EventManager : Event: ======'machine_var_mc_version'====== Args={'value': 'MPF-MC v0.56.1', 'prev_value': None, 'change': True}
2023-04-30 11:50:15,449 : INFO : EventManager : Event: ======'machine_var_mc_extended_version'====== Args={'value': 'MPF-MC v0.56.1 (config_version=5, BCP v1.1,                      Requires MPF API compatibility v0.56.0 or newer)', 'prev_value': None, 'change': True}
2023-04-30 11:50:15,452 : INFO : ball_device.bd_trough : State: idle
2023-04-30 11:50:15,466 : INFO : ball_device.bd_plunger : BCH: Initial count: 0
2023-04-30 11:50:15,466 : INFO : ball_device.bd_plunger : State: idle
2023-04-30 11:50:15,473 : INFO : EventManager : Event: ======'init_phase_3'====== Args={}
2023-04-30 11:50:15,475 : INFO : EventManager : Event: ======'init_phase_4'====== Args={}
2023-04-30 11:50:15,475 : INFO : BallController : Initial balls found: 6
2023-04-30 11:50:15,476 : INFO : EventManager : Event: ======'machine_var_audits_switches_s_left_flipper'====== Args={'value': 0, 'prev_value': None, 'change': True}
2023-04-30 11:50:15,476 : INFO : EventManager : Event: ======'machine_var_audits_switches_s_left_flipper_eos'====== Args={'value': 0, 'prev_value': None, 'change': True}
2023-04-30 11:50:15,476 : INFO : EventManager : Event: ======'machine_var_audits_switches_s_right_flipper'====== Args={'value': 0, 'prev_value': None, 'change': True}
2023-04-30 11:50:15,476 : INFO : EventManager : Event: ======'machine_var_audits_switches_s_right_flipper_eos'====== Args={'value': 0, 'prev_value': None, 'change': True}
2023-04-30 11:50:15,476 : INFO : EventManager : Event: ======'machine_var_audits_switches_s_right_upper'====== Args={'value': 0, 'prev_value': None, 'change': True}
2023-04-30 11:50:15,476 : INFO : EventManager : Event: ======'machine_var_audits_switches_s_right_upper_eos'====== Args={'value': 0, 'prev_value': None, 'change': True}
2023-04-30 11:50:15,477 : INFO : EventManager : Event: ======'machine_var_audits_switches_s_trough1'====== Args={'value': 0, 'prev_value': None, 'change': True}
2023-04-30 11:50:15,477 : INFO : EventManager : Event: ======'machine_var_audits_switches_s_trough2'====== Args={'value': 0, 'prev_value': None, 'change': True}
2023-04-30 11:50:15,477 : INFO : EventManager : Event: ======'machine_var_audits_switches_s_trough3'====== Args={'value': 0, 'prev_value': None, 'change': True}
2023-04-30 11:50:15,477 : INFO : EventManager : Event: ======'machine_var_audits_switches_s_trough4'====== Args={'value': 0, 'prev_value': None, 'change': True}
2023-04-30 11:50:15,477 : INFO : EventManager : Event: ======'machine_var_audits_switches_s_trough5'====== Args={'value': 0, 'prev_value': None, 'change': True}
2023-04-30 11:50:15,477 : INFO : EventManager : Event: ======'machine_var_audits_switches_s_trough6'====== Args={'value': 0, 'prev_value': None, 'change': True}
2023-04-30 11:50:15,477 : INFO : EventManager : Event: ======'machine_var_audits_switches_s_trough_jam'====== Args={'value': 0, 'prev_value': None, 'change': True}
2023-04-30 11:50:15,477 : INFO : EventManager : Event: ======'machine_var_audits_switches_s_plunger'====== Args={'value': 0, 'prev_value': None, 'change': True}
2023-04-30 11:50:15,477 : INFO : EventManager : Event: ======'machine_var_audits_switches_s_start'====== Args={'value': 0, 'prev_value': None, 'change': True}
2023-04-30 11:50:15,478 : INFO : EventManager : Event: ======'machine_var_audits_switches_s_right_inlane'====== Args={'value': 0, 'prev_value': None, 'change': True}
2023-04-30 11:50:15,478 : INFO : EventManager : Event: ======'machine_var_audits_events_game_started'====== Args={'value': 0, 'prev_value': None, 'change': True}
2023-04-30 11:50:15,478 : INFO : EventManager : Event: ======'machine_var_audits_events_game_ended'====== Args={'value': 0, 'prev_value': None, 'change': True}
2023-04-30 11:50:15,478 : INFO : EventManager : Event: ======'machine_var_audits_player_score'====== Args={'value': {'top': [], 'average': 0, 'total': 0}, 'prev_value': None, 'change': True}
2023-04-30 11:50:15,479 : INFO : EventManager : Event: ======'init_phase_5'====== Args={}
2023-04-30 11:50:15,492 : INFO : EventManager : Event: ======'init_done'====== Args={}
2023-04-30 11:50:15,492 : INFO : EventManager : Event: ======'machine_reset_phase_1'====== Args={}
2023-04-30 11:50:15,495 : INFO : EventManager : Event: ======'slide_welcome_slide_removed'====== Args={'_from_bcp': True}
2023-04-30 11:50:15,496 : INFO : EventManager : Event: ======'slide_welcome_slide_created'====== Args={'_from_bcp': True}
2023-04-30 11:50:15,496 : INFO : EventManager : Event: ======'machine_reset_phase_2'====== Args={}
2023-04-30 11:50:15,496 : INFO : EventManager : Event: ======'machine_reset_phase_3'====== Args={}
2023-04-30 11:50:15,496 : INFO : EventManager : Event: ======'reset_complete'====== Args={}
2023-04-30 11:50:15,497 : INFO : EventManager : Event: ======'mode_attract_will_start'====== Args={}
2023-04-30 11:50:15,497 : INFO : EventManager : Event: ======'mode_attract_starting'====== Args={}
2023-04-30 11:50:15,497 : INFO : Mode.attract : Started. Priority: 10
2023-04-30 11:50:15,497 : INFO : EventManager : Event: ======'modes_active_modes_changed'====== Args={}
2023-04-30 11:50:15,497 : INFO : EventManager : Event: ======'mode_attract_started'====== Args={}
2023-04-30 11:50:15,497 : INFO : EventManager : Event: ======'collecting_balls_complete'====== Args={}
2023-04-30 11:50:15,519 : INFO : EventManager : Event: ======'slide_welcome_slide_active'====== Args={'_from_bcp': True}
2023-04-30 11:50:15,519 : INFO : EventManager : Event: ======'slide_attract_started_created'====== Args={'_from_bcp': True}
2023-04-30 11:50:15,519 : INFO : EventManager : Event: ======'slide_attract_started_active'====== Args={'_from_bcp': True}
2023-04-30 11:50:15,519 : INFO : Machine : Starting the main run loop.
2023-04-30 11:50:19,961 : INFO : SwitchController : <<<<<<< 's_start' active >>>>>>>
2023-04-30 11:50:20,075 : INFO : SwitchController : <<<<<<< 's_start' inactive >>>>>>>
2023-04-30 11:50:20,075 : INFO : EventManager : Event: ======'request_to_start_game'====== Args={}
2023-04-30 11:50:20,075 : INFO : EventManager : Event: ======'game_start'====== Args={'buttons': [], 'hold_time': 0.125}
2023-04-30 11:50:20,075 : INFO : EventManager : Event: ======'mode_game_will_start'====== Args={'buttons': [], 'hold_time': 0.125}
2023-04-30 11:50:20,076 : INFO : EventManager : Event: ======'mode_game_starting'====== Args={'buttons': [], 'hold_time': 0.125}
2023-04-30 11:50:20,076 : INFO : EventManager : Event: ======'mode_attract_will_stop'====== Args={}
2023-04-30 11:50:20,076 : INFO : EventManager : Event: ======'mode_attract_stopping'====== Args={}
2023-04-30 11:50:20,076 : INFO : Mode.attract : Stopped.
2023-04-30 11:50:20,076 : INFO : EventManager : Event: ======'modes_active_modes_changed'====== Args={}
2023-04-30 11:50:20,076 : INFO : EventManager : Event: ======'mode_attract_stopped'====== Args={}
2023-04-30 11:50:20,076 : INFO : EventManager : Event: ======'clear'====== Args={'key': 'attract'}
2023-04-30 11:50:20,076 : INFO : Mode.game : Started. Priority: 20
2023-04-30 11:50:20,077 : INFO : EventManager : Event: ======'modes_active_modes_changed'====== Args={}
2023-04-30 11:50:20,077 : INFO : EventManager : Event: ======'mode_game_started'====== Args={'buttons': [], 'hold_time': 0.125}
2023-04-30 11:50:20,082 : INFO : EventManager : Event: ======'game_will_start'====== Args={}
2023-04-30 11:50:20,082 : INFO : EventManager : Event: ======'game_starting'====== Args={'game': <Mode.game>}
2023-04-30 11:50:20,083 : INFO : EventManager : Event: ======'player_add_request'====== Args={}
2023-04-30 11:50:20,083 : INFO : EventManager : Event: ======'player_will_add'====== Args={'number': 1}
2023-04-30 11:50:20,083 : INFO : EventManager : Event: ======'player_adding'====== Args={'player': <Player 1>, 'number': 1}
2023-04-30 11:50:20,083 : INFO : EventManager : Event: ======'player_added'====== Args={'player': <Player 1>, 'num': 1}
2023-04-30 11:50:20,083 : INFO : Mode.game : Player added successfully. Total players: 1
2023-04-30 11:50:20,083 : INFO : EventManager : Event: ======'player_index'====== Args={'value': 0, 'prev_value': 0, 'change': 0, 'player_num': 1}
2023-04-30 11:50:20,083 : INFO : EventManager : Event: ======'player_number'====== Args={'value': 1, 'prev_value': 1, 'change': 0, 'player_num': 1}
2023-04-30 11:50:20,083 : INFO : EventManager : Event: ======'player_score'====== Args={'value': 0, 'prev_value': 0, 'change': 0, 'player_num': 1}
2023-04-30 11:50:20,084 : INFO : EventManager : Event: ======'game_started'====== Args={}
2023-04-30 11:50:20,088 : INFO : EventManager : Event: ======'player_turn_will_start'====== Args={'player': <Player 1>, 'number': 1}
2023-04-30 11:50:20,088 : INFO : EventManager : Event: ======'player_turn_starting'====== Args={'player': <Player 1>, 'number': 1}
2023-04-30 11:50:20,088 : INFO : EventManager : Event: ======'player_ball'====== Args={'value': 1, 'prev_value': 0, 'change': 1, 'player_num': 1}
2023-04-30 11:50:20,088 : INFO : EventManager : Event: ======'player_turn_started'====== Args={'player': <Player 1>, 'number': 1}
2023-04-30 11:50:20,091 : INFO : EventManager : Event: ======'ball_will_start'====== Args={'player': 1, 'ball': 1, 'balls_remaining': 2, 'is_extra_ball': False}
2023-04-30 11:50:20,094 : INFO : EventManager : Event: ======'ball_starting'====== Args={'player': 1, 'ball': 1, 'balls_remaining': 2, 'is_extra_ball': False}
2023-04-30 11:50:20,094 : INFO : EventManager : Event: ======'balls_in_play'====== Args={'balls': 1}
2023-04-30 11:50:20,094 : INFO : EventManager : Event: ======'ball_started'====== Args={'player': 1, 'ball': 1, 'balls_remaining': 2, 'is_extra_ball': False}
2023-04-30 11:50:20,095 : INFO : EventManager : Event: ======'single_player_ball_started'====== Args={}
2023-04-30 11:50:20,095 : INFO : EventManager : Event: ======'ball_start_target'====== Args={'target': 'playfield'}
2023-04-30 11:50:20,095 : INFO : ball_device.bd_plunger : Setting up player-controlled eject. Balls: 1, Target: <playfield.playfield>, player_controlled_eject_event: None
2023-04-30 11:50:20,101 : INFO : EventManager : Event: ======'slide__global.slide_player-ball_started_created'====== Args={'_from_bcp': True}
2023-04-30 11:50:20,102 : INFO : EventManager : Event: ======'slide__global.slide_player-ball_started_active'====== Args={'_from_bcp': True}
2023-04-30 11:51:24,906 : INFO : SwitchController : <<<<<<< 's_left_flipper' active >>>>>>>
2023-04-30 11:51:24,906 : INFO : EventManager : Event: ======'machine_var_audits_switches_s_left_flipper'====== Args={'value': 1, 'prev_value': 0, 'change': 1}
2023-04-30 11:51:25,058 : INFO : SwitchController : <<<<<<< 's_left_flipper' inactive >>>>>>>
2023-04-30 11:51:25,770 : INFO : SwitchController : <<<<<<< 's_right_flipper' active >>>>>>>
2023-04-30 11:51:25,771 : INFO : EventManager : Event: ======'machine_var_audits_switches_s_right_flipper'====== Args={'value': 1, 'prev_value': 0, 'change': 1}
2023-04-30 11:51:25,923 : INFO : SwitchController : <<<<<<< 's_right_flipper' inactive >>>>>>>
2023-04-30 11:51:26,541 : INFO : SwitchController : <<<<<<< 's_left_flipper' active >>>>>>>
2023-04-30 11:51:26,542 : INFO : EventManager : Event: ======'machine_var_audits_switches_s_left_flipper'====== Args={'value': 2, 'prev_value': 1, 'change': 1}
2023-04-30 11:51:26,665 : INFO : SwitchController : <<<<<<< 's_left_flipper' inactive >>>>>>>
2023-04-30 11:51:27,042 : INFO : SwitchController : <<<<<<< 's_right_flipper' active >>>>>>>
2023-04-30 11:51:27,043 : INFO : EventManager : Event: ======'machine_var_audits_switches_s_right_flipper'====== Args={'value': 2, 'prev_value': 1, 'change': 1}
2023-04-30 11:51:27,176 : INFO : SwitchController : <<<<<<< 's_right_flipper' inactive >>>>>>>
2023-04-30 11:51:27,962 : INFO : SwitchController : <<<<<<< 's_left_flipper' active >>>>>>>
2023-04-30 11:51:27,962 : INFO : EventManager : Event: ======'machine_var_audits_switches_s_left_flipper'====== Args={'value': 3, 'prev_value': 2, 'change': 1}
2023-04-30 11:51:28,112 : INFO : SwitchController : <<<<<<< 's_left_flipper' inactive >>>>>>>
2023-04-30 11:51:28,312 : INFO : SwitchController : <<<<<<< 's_right_flipper' active >>>>>>>
2023-04-30 11:51:28,312 : INFO : EventManager : Event: ======'machine_var_audits_switches_s_right_flipper'====== Args={'value': 3, 'prev_value': 2, 'change': 1}
2023-04-30 11:51:28,474 : INFO : SwitchController : <<<<<<< 's_right_flipper' inactive >>>>>>>
2023-04-30 11:51:28,665 : INFO : SwitchController : <<<<<<< 's_left_flipper' active >>>>>>>
2023-04-30 11:51:28,665 : INFO : EventManager : Event: ======'machine_var_audits_switches_s_left_flipper'====== Args={'value': 4, 'prev_value': 3, 'change': 1}
2023-04-30 11:51:28,829 : INFO : SwitchController : <<<<<<< 's_left_flipper' inactive >>>>>>>
2023-04-30 11:51:29,017 : INFO : SwitchController : <<<<<<< 's_right_flipper' active >>>>>>>
2023-04-30 11:51:29,017 : INFO : EventManager : Event: ======'machine_var_audits_switches_s_right_flipper'====== Args={'value': 4, 'prev_value': 3, 'change': 1}
2023-04-30 11:51:29,182 : INFO : SwitchController : <<<<<<< 's_right_flipper' inactive >>>>>>>
2023-04-30 11:51:29,394 : INFO : SwitchController : <<<<<<< 's_left_flipper' active >>>>>>>
2023-04-30 11:51:29,395 : INFO : EventManager : Event: ======'machine_var_audits_switches_s_left_flipper'====== Args={'value': 5, 'prev_value': 4, 'change': 1}
2023-04-30 11:51:29,532 : INFO : SwitchController : <<<<<<< 's_left_flipper' inactive >>>>>>>
2023-04-30 11:51:29,747 : INFO : SwitchController : <<<<<<< 's_right_flipper' active >>>>>>>
2023-04-30 11:51:29,747 : INFO : EventManager : Event: ======'machine_var_audits_switches_s_right_flipper'====== Args={'value': 5, 'prev_value': 4, 'change': 1}
2023-04-30 11:51:29,883 : INFO : SwitchController : <<<<<<< 's_right_flipper' inactive >>>>>>>
2023-04-30 11:51:41,099 : INFO : SwitchController : <<<<<<< 's_trough1' inactive >>>>>>>
2023-04-30 11:51:46,630 : INFO : EventManager : Event: ======'balldevice_bd_trough_ball_count_changed'====== Args={'balls': 5}
2023-04-30 11:51:46,630 : WARNING : ball_device.bd_trough : Ball disappeared while idle. This should not normally happen.
2023-04-30 11:51:46,630 : INFO : EventManager : Event: ======'balldevice_playfield_ball_enter'====== Args={'new_balls': 1, 'unclaimed_balls': 1, 'device': <playfield.playfield>}
2023-04-30 11:51:46,630 : INFO : EventManager : Event: ======'playfield_ball_count_change'====== Args={'balls': 1, 'change': 1}
2023-04-30 11:51:46,630 : INFO : ball_device.bd_trough : 1 ball(s) missing from device. Mechanical eject? False
2023-04-30 11:51:46,630 : INFO : EventManager : Event: ======'balldevice_bd_trough_ball_missing'====== Args={'balls': 1}
2023-04-30 11:51:46,631 : INFO : EventManager : Event: ======'balldevice_ball_missing'====== Args={'balls': 1, 'name': 'bd_trough'}
2023-04-30 11:52:26,482 : INFO : SwitchController : <<<<<<< 's_trough1' active >>>>>>>
2023-04-30 11:52:26,482 : INFO : EventManager : Event: ======'machine_var_audits_switches_s_trough1'====== Args={'value': 1, 'prev_value': 0, 'change': 1}
2023-04-30 11:52:26,993 : INFO : EventManager : Event: ======'balldevice_bd_trough_ball_count_changed'====== Args={'balls': 6}
2023-04-30 11:52:26,993 : INFO : ball_device.bd_trough : Received unexpected ball
2023-04-30 11:52:26,993 : INFO : EventManager : Event: ======'balldevice_captured_from_playfield'====== Args={'balls': 1}
2023-04-30 11:52:26,994 : INFO : EventManager : Event: ======'sw_playfield_active'====== Args={'balls': 1}
2023-04-30 11:52:26,994 : INFO : EventManager : Event: ======'playfield_ball_count_change'====== Args={'balls': 0, 'change': -1}
2023-04-30 11:52:26,994 : INFO : EventManager : Event: ======'balldevice_bd_trough_ball_enter'====== Args={'new_balls': 1, 'unclaimed_balls': 1, 'new_available_balls': 1, 'device': <ball_device.bd_trough>}
2023-04-30 11:52:26,994 : INFO : EventManager : Event: ======'ball_drain'====== Args={'device': <ball_device.bd_trough>, 'balls': 1}
2023-04-30 11:52:26,994 : INFO : EventManager : Event: ======'ball_will_end'====== Args={}
2023-04-30 11:52:26,994 : INFO : EventManager : Event: ======'balldevice_balls_available'====== Args={}
2023-04-30 11:52:26,995 : INFO : EventManager : Event: ======'balldevice_bd_trough_ball_entered'====== Args={'new_balls': 1, 'device': <ball_device.bd_trough>}
2023-04-30 11:52:26,995 : INFO : EventManager : Event: ======'ball_ending'====== Args={}
2023-04-30 11:52:26,995 : INFO : EventManager : Event: ======'ball_ended'====== Args={}
2023-04-30 11:52:26,997 : INFO : EventManager : Event: ======'player_turn_will_end'====== Args={'player': <Player 1>, 'number': 1}
2023-04-30 11:52:27,002 : INFO : EventManager : Event: ======'player_turn_ending'====== Args={'player': <Player 1>, 'number': 1}
2023-04-30 11:52:27,002 : INFO : EventManager : Event: ======'player_turn_ended'====== Args={'player': <Player 1>, 'number': 1}
2023-04-30 11:52:27,002 : INFO : EventManager : Event: ======'player_turn_will_start'====== Args={'player': <Player 1>, 'number': 1}
2023-04-30 11:52:27,002 : INFO : EventManager : Event: ======'player_turn_starting'====== Args={'player': <Player 1>, 'number': 1}
2023-04-30 11:52:27,002 : INFO : EventManager : Event: ======'player_ball'====== Args={'value': 2, 'prev_value': 1, 'change': 1, 'player_num': 1}
2023-04-30 11:52:27,003 : INFO : EventManager : Event: ======'player_turn_started'====== Args={'player': <Player 1>, 'number': 1}
2023-04-30 11:52:27,004 : INFO : EventManager : Event: ======'ball_will_start'====== Args={'player': 1, 'ball': 2, 'balls_remaining': 1, 'is_extra_ball': False}
2023-04-30 11:52:27,007 : INFO : EventManager : Event: ======'ball_starting'====== Args={'player': 1, 'ball': 2, 'balls_remaining': 1, 'is_extra_ball': False}
2023-04-30 11:52:27,008 : INFO : EventManager : Event: ======'balls_in_play'====== Args={'balls': 1}
2023-04-30 11:52:27,008 : INFO : EventManager : Event: ======'ball_started'====== Args={'player': 1, 'ball': 2, 'balls_remaining': 1, 'is_extra_ball': False}
2023-04-30 11:52:27,010 : INFO : EventManager : Event: ======'single_player_ball_started'====== Args={}
2023-04-30 11:52:27,010 : INFO : EventManager : Event: ======'ball_start_target'====== Args={'target': 'playfield'}
2023-04-30 11:52:27,010 : INFO : ball_device.bd_plunger : Setting up player-controlled eject. Balls: 1, Target: <playfield.playfield>, player_controlled_eject_event: None
2023-04-30 11:52:27,022 : INFO : EventManager : Event: ======'slide__global.slide_player-ball_started_removed'====== Args={'_from_bcp': True}
2023-04-30 11:52:27,023 : INFO : EventManager : Event: ======'slide__global.slide_player-ball_started_created'====== Args={'_from_bcp': True}
2023-04-30 11:52:27,023 : INFO : EventManager : Event: ======'slide__global.slide_player-ball_started_active'====== Args={'_from_bcp': True}
2023-04-30 11:52:27,578 : INFO : SwitchController : <<<<<<< 's_trough1' inactive >>>>>>>
2023-04-30 11:52:28,084 : INFO : SwitchController : <<<<<<< 's_trough1' active >>>>>>>
2023-04-30 11:52:28,084 : INFO : EventManager : Event: ======'machine_var_audits_switches_s_trough1'====== Args={'value': 2, 'prev_value': 1, 'change': 1}
2023-04-30 11:52:28,521 : INFO : SwitchController : <<<<<<< 's_trough1' inactive >>>>>>>
2023-04-30 11:52:28,758 : INFO : SwitchController : <<<<<<< 's_trough1' active >>>>>>>
2023-04-30 11:52:28,759 : INFO : EventManager : Event: ======'machine_var_audits_switches_s_trough1'====== Args={'value': 3, 'prev_value': 2, 'change': 1}
2023-04-30 11:52:28,984 : INFO : SwitchController : <<<<<<< 's_trough1' inactive >>>>>>>
2023-04-30 11:52:29,212 : INFO : SwitchController : <<<<<<< 's_trough1' active >>>>>>>
2023-04-30 11:52:29,212 : INFO : EventManager : Event: ======'machine_var_audits_switches_s_trough1'====== Args={'value': 4, 'prev_value': 3, 'change': 1}
2023-04-30 11:52:41,284 : INFO : SwitchController : <<<<<<< 's_left_flipper' active >>>>>>>
2023-04-30 11:52:41,284 : INFO : EventManager : Event: ======'machine_var_audits_switches_s_left_flipper'====== Args={'value': 6, 'prev_value': 5, 'change': 1}
2023-04-30 11:52:41,397 : INFO : SwitchController : <<<<<<< 's_left_flipper' inactive >>>>>>>
2023-04-30 11:52:41,415 : INFO : SwitchController : <<<<<<< 's_right_flipper' active >>>>>>>
2023-04-30 11:52:41,415 : INFO : EventManager : Event: ======'machine_var_audits_switches_s_right_flipper'====== Args={'value': 6, 'prev_value': 5, 'change': 1}
2023-04-30 11:52:41,574 : INFO : SwitchController : <<<<<<< 's_right_flipper' inactive >>>>>>>
2023-04-30 11:52:41,635 : INFO : SwitchController : <<<<<<< 's_left_flipper' active >>>>>>>
2023-04-30 11:52:41,635 : INFO : EventManager : Event: ======'machine_var_audits_switches_s_left_flipper'====== Args={'value': 7, 'prev_value': 6, 'change': 1}
2023-04-30 11:52:41,761 : INFO : SwitchController : <<<<<<< 's_left_flipper' inactive >>>>>>>
2023-04-30 11:52:41,786 : INFO : SwitchController : <<<<<<< 's_right_flipper' active >>>>>>>
2023-04-30 11:52:41,786 : INFO : EventManager : Event: ======'machine_var_audits_switches_s_right_flipper'====== Args={'value': 7, 'prev_value': 6, 'change': 1}
2023-04-30 11:52:41,910 : INFO : SwitchController : <<<<<<< 's_right_flipper' inactive >>>>>>>
2023-04-30 11:52:41,973 : INFO : SwitchController : <<<<<<< 's_left_flipper' active >>>>>>>
2023-04-30 11:52:41,973 : INFO : EventManager : Event: ======'machine_var_audits_switches_s_left_flipper'====== Args={'value': 8, 'prev_value': 7, 'change': 1}
2023-04-30 11:52:42,098 : INFO : SwitchController : <<<<<<< 's_left_flipper' inactive >>>>>>>
2023-04-30 11:52:42,116 : INFO : SwitchController : <<<<<<< 's_right_flipper' active >>>>>>>
2023-04-30 11:52:42,116 : INFO : EventManager : Event: ======'machine_var_audits_switches_s_right_flipper'====== Args={'value': 8, 'prev_value': 7, 'change': 1}
2023-04-30 11:52:42,247 : INFO : SwitchController : <<<<<<< 's_right_flipper' inactive >>>>>>>
2023-04-30 11:52:42,299 : INFO : SwitchController : <<<<<<< 's_left_flipper' active >>>>>>>
2023-04-30 11:52:42,300 : INFO : EventManager : Event: ======'machine_var_audits_switches_s_left_flipper'====== Args={'value': 9, 'prev_value': 8, 'change': 1}
2023-04-30 11:52:42,409 : INFO : SwitchController : <<<<<<< 's_left_flipper' inactive >>>>>>>
2023-04-30 11:52:42,438 : INFO : SwitchController : <<<<<<< 's_right_flipper' active >>>>>>>
2023-04-30 11:52:42,439 : INFO : EventManager : Event: ======'machine_var_audits_switches_s_right_flipper'====== Args={'value': 9, 'prev_value': 8, 'change': 1}
2023-04-30 11:52:42,571 : INFO : SwitchController : <<<<<<< 's_right_flipper' inactive >>>>>>>
2023-04-30 11:52:42,621 : INFO : SwitchController : <<<<<<< 's_left_flipper' active >>>>>>>
2023-04-30 11:52:42,622 : INFO : EventManager : Event: ======'machine_var_audits_switches_s_left_flipper'====== Args={'value': 10, 'prev_value': 9, 'change': 1}
2023-04-30 11:52:42,748 : INFO : SwitchController : <<<<<<< 's_left_flipper' inactive >>>>>>>
2023-04-30 11:52:42,749 : INFO : SwitchController : <<<<<<< 's_right_flipper' active >>>>>>>
2023-04-30 11:52:42,749 : INFO : EventManager : Event: ======'machine_var_audits_switches_s_right_flipper'====== Args={'value': 10, 'prev_value': 9, 'change': 1}
2023-04-30 11:52:42,889 : INFO : SwitchController : <<<<<<< 's_right_flipper' inactive >>>>>>>
2023-04-30 11:52:42,925 : INFO : SwitchController : <<<<<<< 's_left_flipper' active >>>>>>>
2023-04-30 11:52:42,925 : INFO : EventManager : Event: ======'machine_var_audits_switches_s_left_flipper'====== Args={'value': 11, 'prev_value': 10, 'change': 1}
2023-04-30 11:52:43,040 : INFO : SwitchController : <<<<<<< 's_left_flipper' inactive >>>>>>>
2023-04-30 11:52:43,077 : INFO : SwitchController : <<<<<<< 's_right_flipper' active >>>>>>>
2023-04-30 11:52:43,078 : INFO : EventManager : Event: ======'machine_var_audits_switches_s_right_flipper'====== Args={'value': 11, 'prev_value': 10, 'change': 1}
2023-04-30 11:52:43,216 : INFO : SwitchController : <<<<<<< 's_right_flipper' inactive >>>>>>>
2023-04-30 11:52:43,240 : INFO : SwitchController : <<<<<<< 's_left_flipper' active >>>>>>>
2023-04-30 11:52:43,240 : INFO : EventManager : Event: ======'machine_var_audits_switches_s_left_flipper'====== Args={'value': 12, 'prev_value': 11, 'change': 1}
2023-04-30 11:52:43,367 : INFO : SwitchController : <<<<<<< 's_left_flipper' inactive >>>>>>>
2023-04-30 11:52:43,391 : INFO : SwitchController : <<<<<<< 's_right_flipper' active >>>>>>>
2023-04-30 11:52:43,391 : INFO : EventManager : Event: ======'machine_var_audits_switches_s_right_flipper'====== Args={'value': 12, 'prev_value': 11, 'change': 1}
2023-04-30 11:52:43,528 : INFO : SwitchController : <<<<<<< 's_right_flipper' inactive >>>>>>>
2023-04-30 11:52:43,565 : INFO : SwitchController : <<<<<<< 's_left_flipper' active >>>>>>>
2023-04-30 11:52:43,565 : INFO : EventManager : Event: ======'machine_var_audits_switches_s_left_flipper'====== Args={'value': 13, 'prev_value': 12, 'change': 1}
2023-04-30 11:52:43,666 : INFO : SwitchController : <<<<<<< 's_left_flipper' inactive >>>>>>>
2023-04-30 11:52:43,705 : INFO : SwitchController : <<<<<<< 's_right_flipper' active >>>>>>>
2023-04-30 11:52:43,705 : INFO : EventManager : Event: ======'machine_var_audits_switches_s_right_flipper'====== Args={'value': 13, 'prev_value': 12, 'change': 1}
2023-04-30 11:52:43,841 : INFO : SwitchController : <<<<<<< 's_right_flipper' inactive >>>>>>>
2023-04-30 11:52:43,890 : INFO : SwitchController : <<<<<<< 's_left_flipper' active >>>>>>>
2023-04-30 11:52:43,891 : INFO : EventManager : Event: ======'machine_var_audits_switches_s_left_flipper'====== Args={'value': 14, 'prev_value': 13, 'change': 1}
2023-04-30 11:52:43,991 : INFO : SwitchController : <<<<<<< 's_left_flipper' inactive >>>>>>>
2023-04-30 11:52:44,065 : INFO : SwitchController : <<<<<<< 's_right_flipper' active >>>>>>>
2023-04-30 11:52:44,065 : INFO : EventManager : Event: ======'machine_var_audits_switches_s_right_flipper'====== Args={'value': 14, 'prev_value': 13, 'change': 1}
2023-04-30 11:52:44,185 : INFO : SwitchController : <<<<<<< 's_right_flipper' inactive >>>>>>>
2023-04-30 11:52:56,675 : INFO : SwitchController : <<<<<<< 's_trough1' inactive >>>>>>>
2023-04-30 11:53:02,188 : INFO : EventManager : Event: ======'balldevice_bd_trough_ball_count_changed'====== Args={'balls': 5}
2023-04-30 11:53:02,188 : WARNING : ball_device.bd_trough : Ball disappeared while idle. This should not normally happen.
2023-04-30 11:53:02,189 : INFO : EventManager : Event: ======'balldevice_playfield_ball_enter'====== Args={'new_balls': 1, 'unclaimed_balls': 1, 'device': <playfield.playfield>}
2023-04-30 11:53:02,189 : INFO : EventManager : Event: ======'playfield_ball_count_change'====== Args={'balls': 1, 'change': 1}
2023-04-30 11:53:02,189 : INFO : ball_device.bd_trough : 1 ball(s) missing from device. Mechanical eject? False
2023-04-30 11:53:02,189 : INFO : EventManager : Event: ======'balldevice_bd_trough_ball_missing'====== Args={'balls': 1}
2023-04-30 11:53:02,189 : INFO : EventManager : Event: ======'balldevice_ball_missing'====== Args={'balls': 1, 'name': 'bd_trough'}
2023-04-30 11:53:39,467 : INFO : SwitchController : <<<<<<< 's_left_flipper' active >>>>>>>
2023-04-30 11:53:39,468 : INFO : EventManager : Event: ======'machine_var_audits_switches_s_left_flipper'====== Args={'value': 15, 'prev_value': 14, 'change': 1}
2023-04-30 11:53:39,555 : INFO : SwitchController : <<<<<<< 's_left_flipper' inactive >>>>>>>
2023-04-30 11:53:39,593 : INFO : SwitchController : <<<<<<< 's_right_flipper' active >>>>>>>
2023-04-30 11:53:39,594 : INFO : EventManager : Event: ======'machine_var_audits_switches_s_right_flipper'====== Args={'value': 15, 'prev_value': 14, 'change': 1}
2023-04-30 11:53:39,731 : INFO : SwitchController : <<<<<<< 's_right_flipper' inactive >>>>>>>
2023-04-30 11:53:39,771 : INFO : SwitchController : <<<<<<< 's_left_flipper' active >>>>>>>
2023-04-30 11:53:39,771 : INFO : EventManager : Event: ======'machine_var_audits_switches_s_left_flipper'====== Args={'value': 16, 'prev_value': 15, 'change': 1}
2023-04-30 11:53:39,880 : INFO : SwitchController : <<<<<<< 's_left_flipper' inactive >>>>>>>
2023-04-30 11:53:39,880 : INFO : SwitchController : <<<<<<< 's_right_flipper' active >>>>>>>
2023-04-30 11:53:39,880 : INFO : EventManager : Event: ======'machine_var_audits_switches_s_right_flipper'====== Args={'value': 16, 'prev_value': 15, 'change': 1}
2023-04-30 11:53:40,001 : INFO : SwitchController : <<<<<<< 's_right_flipper' inactive >>>>>>>
2023-04-30 11:53:40,050 : INFO : SwitchController : <<<<<<< 's_left_flipper' active >>>>>>>
2023-04-30 11:53:40,050 : INFO : EventManager : Event: ======'machine_var_audits_switches_s_left_flipper'====== Args={'value': 17, 'prev_value': 16, 'change': 1}
2023-04-30 11:53:40,175 : INFO : SwitchController : <<<<<<< 's_left_flipper' inactive >>>>>>>
2023-04-30 11:53:40,175 : INFO : SwitchController : <<<<<<< 's_right_flipper' active >>>>>>>
2023-04-30 11:53:40,175 : INFO : EventManager : Event: ======'machine_var_audits_switches_s_right_flipper'====== Args={'value': 17, 'prev_value': 16, 'change': 1}
2023-04-30 11:53:40,276 : INFO : SwitchController : <<<<<<< 's_right_flipper' inactive >>>>>>>
2023-04-30 11:53:40,338 : INFO : SwitchController : <<<<<<< 's_left_flipper' active >>>>>>>
2023-04-30 11:53:40,338 : INFO : EventManager : Event: ======'machine_var_audits_switches_s_left_flipper'====== Args={'value': 18, 'prev_value': 17, 'change': 1}
2023-04-30 11:53:40,440 : INFO : SwitchController : <<<<<<< 's_left_flipper' inactive >>>>>>>
2023-04-30 11:53:40,463 : INFO : SwitchController : <<<<<<< 's_right_flipper' active >>>>>>>
2023-04-30 11:53:40,464 : INFO : EventManager : Event: ======'machine_var_audits_switches_s_right_flipper'====== Args={'value': 18, 'prev_value': 17, 'change': 1}
2023-04-30 11:53:40,562 : INFO : SwitchController : <<<<<<< 's_right_flipper' inactive >>>>>>>
2023-04-30 11:53:40,600 : INFO : SwitchController : <<<<<<< 's_left_flipper' active >>>>>>>
2023-04-30 11:53:40,600 : INFO : EventManager : Event: ======'machine_var_audits_switches_s_left_flipper'====== Args={'value': 19, 'prev_value': 18, 'change': 1}
2023-04-30 11:53:40,704 : INFO : SwitchController : <<<<<<< 's_left_flipper' inactive >>>>>>>
2023-04-30 11:53:40,728 : INFO : SwitchController : <<<<<<< 's_right_flipper' active >>>>>>>
2023-04-30 11:53:40,728 : INFO : EventManager : Event: ======'machine_var_audits_switches_s_right_flipper'====== Args={'value': 19, 'prev_value': 18, 'change': 1}
2023-04-30 11:53:40,840 : INFO : SwitchController : <<<<<<< 's_right_flipper' inactive >>>>>>>
2023-04-30 11:53:40,891 : INFO : SwitchController : <<<<<<< 's_left_flipper' active >>>>>>>
2023-04-30 11:53:40,891 : INFO : EventManager : Event: ======'machine_var_audits_switches_s_left_flipper'====== Args={'value': 20, 'prev_value': 19, 'change': 1}
2023-04-30 11:53:40,979 : INFO : SwitchController : <<<<<<< 's_left_flipper' inactive >>>>>>>
2023-04-30 11:53:40,996 : INFO : SwitchController : <<<<<<< 's_right_flipper' active >>>>>>>
2023-04-30 11:53:40,997 : INFO : EventManager : Event: ======'machine_var_audits_switches_s_right_flipper'====== Args={'value': 20, 'prev_value': 19, 'change': 1}
2023-04-30 11:53:41,105 : INFO : SwitchController : <<<<<<< 's_right_flipper' inactive >>>>>>>
2023-04-30 11:53:41,175 : INFO : SwitchController : <<<<<<< 's_left_flipper' active >>>>>>>
2023-04-30 11:53:41,176 : INFO : EventManager : Event: ======'machine_var_audits_switches_s_left_flipper'====== Args={'value': 21, 'prev_value': 20, 'change': 1}
2023-04-30 11:53:41,269 : INFO : SwitchController : <<<<<<< 's_left_flipper' inactive >>>>>>>
2023-04-30 11:53:41,269 : INFO : SwitchController : <<<<<<< 's_right_flipper' active >>>>>>>
2023-04-30 11:53:41,269 : INFO : EventManager : Event: ======'machine_var_audits_switches_s_right_flipper'====== Args={'value': 21, 'prev_value': 20, 'change': 1}
2023-04-30 11:53:41,368 : INFO : SwitchController : <<<<<<< 's_right_flipper' inactive >>>>>>>
2023-04-30 11:53:41,456 : INFO : SwitchController : <<<<<<< 's_left_flipper' active >>>>>>>
2023-04-30 11:53:41,457 : INFO : EventManager : Event: ======'machine_var_audits_switches_s_left_flipper'====== Args={'value': 22, 'prev_value': 21, 'change': 1}
2023-04-30 11:53:41,543 : INFO : SwitchController : <<<<<<< 's_left_flipper' inactive >>>>>>>
2023-04-30 11:53:41,561 : INFO : SwitchController : <<<<<<< 's_right_flipper' active >>>>>>>
2023-04-30 11:53:41,562 : INFO : EventManager : Event: ======'machine_var_audits_switches_s_right_flipper'====== Args={'value': 22, 'prev_value': 21, 'change': 1}
2023-04-30 11:53:41,655 : INFO : SwitchController : <<<<<<< 's_right_flipper' inactive >>>>>>>
2023-04-30 11:53:41,730 : INFO : SwitchController : <<<<<<< 's_left_flipper' active >>>>>>>
2023-04-30 11:53:41,730 : INFO : EventManager : Event: ======'machine_var_audits_switches_s_left_flipper'====== Args={'value': 23, 'prev_value': 22, 'change': 1}
2023-04-30 11:53:41,830 : INFO : SwitchController : <<<<<<< 's_left_flipper' inactive >>>>>>>
2023-04-30 11:53:41,859 : INFO : SwitchController : <<<<<<< 's_right_flipper' active >>>>>>>
2023-04-30 11:53:41,860 : INFO : EventManager : Event: ======'machine_var_audits_switches_s_right_flipper'====== Args={'value': 23, 'prev_value': 22, 'change': 1}
2023-04-30 11:53:41,941 : INFO : SwitchController : <<<<<<< 's_right_flipper' inactive >>>>>>>
2023-04-30 11:53:42,003 : INFO : SwitchController : <<<<<<< 's_left_flipper' active >>>>>>>
2023-04-30 11:53:42,005 : INFO : EventManager : Event: ======'machine_var_audits_switches_s_left_flipper'====== Args={'value': 24, 'prev_value': 23, 'change': 1}
2023-04-30 11:53:42,130 : INFO : SwitchController : <<<<<<< 's_left_flipper' inactive >>>>>>>
2023-04-30 11:53:42,131 : INFO : SwitchController : <<<<<<< 's_right_flipper' active >>>>>>>
2023-04-30 11:53:42,131 : INFO : EventManager : Event: ======'machine_var_audits_switches_s_right_flipper'====== Args={'value': 24, 'prev_value': 23, 'change': 1}
2023-04-30 11:53:42,214 : INFO : SwitchController : <<<<<<< 's_right_flipper' inactive >>>>>>>
2023-04-30 11:53:45,410 : INFO : SwitchController : <<<<<<< 's_trough1' active >>>>>>>
2023-04-30 11:53:45,410 : INFO : EventManager : Event: ======'machine_var_audits_switches_s_trough1'====== Args={'value': 5, 'prev_value': 4, 'change': 1}
2023-04-30 11:53:45,904 : INFO : EventManager : Event: ======'balldevice_bd_trough_ball_count_changed'====== Args={'balls': 6}
2023-04-30 11:53:45,904 : INFO : ball_device.bd_trough : Received unexpected ball
2023-04-30 11:53:45,904 : INFO : EventManager : Event: ======'balldevice_captured_from_playfield'====== Args={'balls': 1}
2023-04-30 11:53:45,905 : INFO : EventManager : Event: ======'sw_playfield_active'====== Args={'balls': 1}
2023-04-30 11:53:45,905 : INFO : EventManager : Event: ======'playfield_ball_count_change'====== Args={'balls': 0, 'change': -1}
2023-04-30 11:53:45,905 : INFO : EventManager : Event: ======'balldevice_bd_trough_ball_enter'====== Args={'new_balls': 1, 'unclaimed_balls': 1, 'new_available_balls': 1, 'device': <ball_device.bd_trough>}
2023-04-30 11:53:45,905 : INFO : EventManager : Event: ======'ball_drain'====== Args={'device': <ball_device.bd_trough>, 'balls': 1}
2023-04-30 11:53:45,905 : INFO : EventManager : Event: ======'ball_will_end'====== Args={}
2023-04-30 11:53:45,905 : INFO : EventManager : Event: ======'balldevice_balls_available'====== Args={}
2023-04-30 11:53:45,906 : INFO : EventManager : Event: ======'balldevice_bd_trough_ball_entered'====== Args={'new_balls': 1, 'device': <ball_device.bd_trough>}
2023-04-30 11:53:45,906 : INFO : EventManager : Event: ======'ball_ending'====== Args={}
2023-04-30 11:53:45,906 : INFO : EventManager : Event: ======'ball_ended'====== Args={}
2023-04-30 11:53:45,908 : INFO : EventManager : Event: ======'player_turn_will_end'====== Args={'player': <Player 1>, 'number': 1}
2023-04-30 11:53:45,912 : INFO : EventManager : Event: ======'player_turn_ending'====== Args={'player': <Player 1>, 'number': 1}
2023-04-30 11:53:45,912 : INFO : EventManager : Event: ======'player_turn_ended'====== Args={'player': <Player 1>, 'number': 1}
2023-04-30 11:53:45,912 : INFO : EventManager : Event: ======'player_turn_will_start'====== Args={'player': <Player 1>, 'number': 1}
2023-04-30 11:53:45,912 : INFO : EventManager : Event: ======'player_turn_starting'====== Args={'player': <Player 1>, 'number': 1}
2023-04-30 11:53:45,912 : INFO : EventManager : Event: ======'player_ball'====== Args={'value': 3, 'prev_value': 2, 'change': 1, 'player_num': 1}
2023-04-30 11:53:45,913 : INFO : EventManager : Event: ======'player_turn_started'====== Args={'player': <Player 1>, 'number': 1}
2023-04-30 11:53:45,915 : INFO : EventManager : Event: ======'ball_will_start'====== Args={'player': 1, 'ball': 3, 'balls_remaining': 0, 'is_extra_ball': False}
2023-04-30 11:53:45,918 : INFO : EventManager : Event: ======'ball_starting'====== Args={'player': 1, 'ball': 3, 'balls_remaining': 0, 'is_extra_ball': False}
2023-04-30 11:53:45,919 : INFO : EventManager : Event: ======'balls_in_play'====== Args={'balls': 1}
2023-04-30 11:53:45,919 : INFO : EventManager : Event: ======'ball_started'====== Args={'player': 1, 'ball': 3, 'balls_remaining': 0, 'is_extra_ball': False}
2023-04-30 11:53:45,920 : INFO : EventManager : Event: ======'single_player_ball_started'====== Args={}
2023-04-30 11:53:45,920 : INFO : EventManager : Event: ======'ball_start_target'====== Args={'target': 'playfield'}
2023-04-30 11:53:45,920 : INFO : ball_device.bd_plunger : Setting up player-controlled eject. Balls: 1, Target: <playfield.playfield>, player_controlled_eject_event: None
2023-04-30 11:53:45,936 : INFO : EventManager : Event: ======'slide__global.slide_player-ball_started_removed'====== Args={'_from_bcp': True}
2023-04-30 11:53:45,938 : INFO : EventManager : Event: ======'slide__global.slide_player-ball_started_created'====== Args={'_from_bcp': True}
2023-04-30 11:53:45,938 : INFO : EventManager : Event: ======'slide__global.slide_player-ball_started_active'====== Args={'_from_bcp': True}
2023-04-30 11:53:52,926 : INFO : SwitchController : <<<<<<< 's_left_flipper' active >>>>>>>
2023-04-30 11:53:52,926 : INFO : EventManager : Event: ======'machine_var_audits_switches_s_left_flipper'====== Args={'value': 25, 'prev_value': 24, 'change': 1}
2023-04-30 11:53:53,025 : INFO : SwitchController : <<<<<<< 's_left_flipper' inactive >>>>>>>
2023-04-30 11:53:53,025 : INFO : SwitchController : <<<<<<< 's_right_flipper' active >>>>>>>
2023-04-30 11:53:53,026 : INFO : EventManager : Event: ======'machine_var_audits_switches_s_right_flipper'====== Args={'value': 25, 'prev_value': 24, 'change': 1}
2023-04-30 11:53:53,100 : INFO : SwitchController : <<<<<<< 's_right_flipper' inactive >>>>>>>
2023-04-30 11:53:53,183 : INFO : SwitchController : <<<<<<< 's_left_flipper' active >>>>>>>
2023-04-30 11:53:53,184 : INFO : EventManager : Event: ======'machine_var_audits_switches_s_left_flipper'====== Args={'value': 26, 'prev_value': 25, 'change': 1}
2023-04-30 11:53:53,289 : INFO : SwitchController : <<<<<<< 's_left_flipper' inactive >>>>>>>
2023-04-30 11:53:53,289 : INFO : SwitchController : <<<<<<< 's_right_flipper' active >>>>>>>
2023-04-30 11:53:53,289 : INFO : EventManager : Event: ======'machine_var_audits_switches_s_right_flipper'====== Args={'value': 26, 'prev_value': 25, 'change': 1}
2023-04-30 11:53:53,388 : INFO : SwitchController : <<<<<<< 's_right_flipper' inactive >>>>>>>
2023-04-30 11:53:53,425 : INFO : SwitchController : <<<<<<< 's_left_flipper' active >>>>>>>
2023-04-30 11:53:53,425 : INFO : EventManager : Event: ======'machine_var_audits_switches_s_left_flipper'====== Args={'value': 27, 'prev_value': 26, 'change': 1}
2023-04-30 11:53:53,537 : INFO : SwitchController : <<<<<<< 's_left_flipper' inactive >>>>>>>
2023-04-30 11:53:53,539 : INFO : SwitchController : <<<<<<< 's_right_flipper' active >>>>>>>
2023-04-30 11:53:53,539 : INFO : EventManager : Event: ======'machine_var_audits_switches_s_right_flipper'====== Args={'value': 27, 'prev_value': 26, 'change': 1}
2023-04-30 11:53:53,624 : INFO : SwitchController : <<<<<<< 's_right_flipper' inactive >>>>>>>
2023-04-30 11:53:53,672 : INFO : SwitchController : <<<<<<< 's_left_flipper' active >>>>>>>
2023-04-30 11:53:53,673 : INFO : EventManager : Event: ======'machine_var_audits_switches_s_left_flipper'====== Args={'value': 28, 'prev_value': 27, 'change': 1}
2023-04-30 11:53:53,790 : INFO : SwitchController : <<<<<<< 's_left_flipper' inactive >>>>>>>
2023-04-30 11:53:53,790 : INFO : SwitchController : <<<<<<< 's_right_flipper' active >>>>>>>
2023-04-30 11:53:53,790 : INFO : EventManager : Event: ======'machine_var_audits_switches_s_right_flipper'====== Args={'value': 28, 'prev_value': 27, 'change': 1}
2023-04-30 11:53:53,878 : INFO : SwitchController : <<<<<<< 's_right_flipper' inactive >>>>>>>
2023-04-30 11:53:53,927 : INFO : SwitchController : <<<<<<< 's_left_flipper' active >>>>>>>
2023-04-30 11:53:53,927 : INFO : EventManager : Event: ======'machine_var_audits_switches_s_left_flipper'====== Args={'value': 29, 'prev_value': 28, 'change': 1}
2023-04-30 11:53:54,039 : INFO : SwitchController : <<<<<<< 's_left_flipper' inactive >>>>>>>
2023-04-30 11:53:54,064 : INFO : SwitchController : <<<<<<< 's_right_flipper' active >>>>>>>
2023-04-30 11:53:54,065 : INFO : EventManager : Event: ======'machine_var_audits_switches_s_right_flipper'====== Args={'value': 29, 'prev_value': 28, 'change': 1}
2023-04-30 11:53:54,177 : INFO : SwitchController : <<<<<<< 's_right_flipper' inactive >>>>>>>
2023-04-30 11:53:54,204 : INFO : SwitchController : <<<<<<< 's_left_flipper' active >>>>>>>
2023-04-30 11:53:54,204 : INFO : EventManager : Event: ======'machine_var_audits_switches_s_left_flipper'====== Args={'value': 30, 'prev_value': 29, 'change': 1}
2023-04-30 11:53:54,316 : INFO : SwitchController : <<<<<<< 's_left_flipper' inactive >>>>>>>
2023-04-30 11:53:54,346 : INFO : SwitchController : <<<<<<< 's_right_flipper' active >>>>>>>
2023-04-30 11:53:54,346 : INFO : EventManager : Event: ======'machine_var_audits_switches_s_right_flipper'====== Args={'value': 30, 'prev_value': 29, 'change': 1}
2023-04-30 11:53:54,443 : INFO : SwitchController : <<<<<<< 's_right_flipper' inactive >>>>>>>
2023-04-30 11:53:54,471 : INFO : SwitchController : <<<<<<< 's_left_flipper' active >>>>>>>
2023-04-30 11:53:54,471 : INFO : EventManager : Event: ======'machine_var_audits_switches_s_left_flipper'====== Args={'value': 31, 'prev_value': 30, 'change': 1}
2023-04-30 11:53:54,581 : INFO : SwitchController : <<<<<<< 's_left_flipper' inactive >>>>>>>
2023-04-30 11:53:54,611 : INFO : SwitchController : <<<<<<< 's_right_flipper' active >>>>>>>
2023-04-30 11:53:54,612 : INFO : EventManager : Event: ======'machine_var_audits_switches_s_right_flipper'====== Args={'value': 31, 'prev_value': 30, 'change': 1}
2023-04-30 11:53:54,720 : INFO : SwitchController : <<<<<<< 's_right_flipper' inactive >>>>>>>
2023-04-30 11:53:54,745 : INFO : SwitchController : <<<<<<< 's_left_flipper' active >>>>>>>
2023-04-30 11:53:54,745 : INFO : EventManager : Event: ======'machine_var_audits_switches_s_left_flipper'====== Args={'value': 32, 'prev_value': 31, 'change': 1}
2023-04-30 11:53:54,858 : INFO : SwitchController : <<<<<<< 's_left_flipper' inactive >>>>>>>
2023-04-30 11:53:54,883 : INFO : SwitchController : <<<<<<< 's_right_flipper' active >>>>>>>
2023-04-30 11:53:54,883 : INFO : EventManager : Event: ======'machine_var_audits_switches_s_right_flipper'====== Args={'value': 32, 'prev_value': 31, 'change': 1}
2023-04-30 11:53:54,983 : INFO : SwitchController : <<<<<<< 's_right_flipper' inactive >>>>>>>
2023-04-30 11:53:55,020 : INFO : SwitchController : <<<<<<< 's_left_flipper' active >>>>>>>
2023-04-30 11:53:55,020 : INFO : EventManager : Event: ======'machine_var_audits_switches_s_left_flipper'====== Args={'value': 33, 'prev_value': 32, 'change': 1}
2023-04-30 11:53:55,131 : INFO : SwitchController : <<<<<<< 's_left_flipper' inactive >>>>>>>
2023-04-30 11:53:55,164 : INFO : SwitchController : <<<<<<< 's_right_flipper' active >>>>>>>
2023-04-30 11:53:55,164 : INFO : EventManager : Event: ======'machine_var_audits_switches_s_right_flipper'====== Args={'value': 33, 'prev_value': 32, 'change': 1}
2023-04-30 11:53:55,256 : INFO : SwitchController : <<<<<<< 's_right_flipper' inactive >>>>>>>
2023-04-30 11:53:55,295 : INFO : SwitchController : <<<<<<< 's_left_flipper' active >>>>>>>
2023-04-30 11:53:55,296 : INFO : EventManager : Event: ======'machine_var_audits_switches_s_left_flipper'====== Args={'value': 34, 'prev_value': 33, 'change': 1}
2023-04-30 11:53:55,406 : INFO : SwitchController : <<<<<<< 's_left_flipper' inactive >>>>>>>
2023-04-30 11:53:55,423 : INFO : SwitchController : <<<<<<< 's_right_flipper' active >>>>>>>
2023-04-30 11:53:55,423 : INFO : EventManager : Event: ======'machine_var_audits_switches_s_right_flipper'====== Args={'value': 34, 'prev_value': 33, 'change': 1}
2023-04-30 11:53:55,532 : INFO : SwitchController : <<<<<<< 's_right_flipper' inactive >>>>>>>
2023-04-30 11:53:55,569 : INFO : SwitchController : <<<<<<< 's_left_flipper' active >>>>>>>
2023-04-30 11:53:55,569 : INFO : EventManager : Event: ======'machine_var_audits_switches_s_left_flipper'====== Args={'value': 35, 'prev_value': 34, 'change': 1}
2023-04-30 11:53:55,710 : INFO : SwitchController : <<<<<<< 's_left_flipper' inactive >>>>>>>
2023-04-30 11:53:55,710 : INFO : SwitchController : <<<<<<< 's_right_flipper' active >>>>>>>
2023-04-30 11:53:55,710 : INFO : EventManager : Event: ======'machine_var_audits_switches_s_right_flipper'====== Args={'value': 35, 'prev_value': 34, 'change': 1}
2023-04-30 11:53:55,823 : INFO : SwitchController : <<<<<<< 's_right_flipper' inactive >>>>>>>
2023-04-30 11:53:55,874 : INFO : SwitchController : <<<<<<< 's_left_flipper' active >>>>>>>
2023-04-30 11:53:55,874 : INFO : EventManager : Event: ======'machine_var_audits_switches_s_left_flipper'====== Args={'value': 36, 'prev_value': 35, 'change': 1}
2023-04-30 11:53:55,986 : INFO : SwitchController : <<<<<<< 's_left_flipper' inactive >>>>>>>
2023-04-30 11:53:56,015 : INFO : SwitchController : <<<<<<< 's_right_flipper' active >>>>>>>
2023-04-30 11:53:56,015 : INFO : EventManager : Event: ======'machine_var_audits_switches_s_right_flipper'====== Args={'value': 36, 'prev_value': 35, 'change': 1}
2023-04-30 11:53:56,125 : INFO : SwitchController : <<<<<<< 's_right_flipper' inactive >>>>>>>
2023-04-30 11:54:14,199 : INFO : SwitchController : <<<<<<< 's_trough1' inactive >>>>>>>
2023-04-30 11:54:14,996 : INFO : SwitchController : <<<<<<< 's_trough1' active >>>>>>>
2023-04-30 11:54:14,997 : INFO : EventManager : Event: ======'machine_var_audits_switches_s_trough1'====== Args={'value': 6, 'prev_value': 5, 'change': 1}
2023-04-30 11:54:16,693 : INFO : SwitchController : <<<<<<< 's_trough1' inactive >>>>>>>
2023-04-30 11:54:17,120 : INFO : SwitchController : <<<<<<< 's_trough1' active >>>>>>>
2023-04-30 11:54:17,121 : INFO : EventManager : Event: ======'machine_var_audits_switches_s_trough1'====== Args={'value': 7, 'prev_value': 6, 'change': 1}
2023-04-30 11:54:24,834 : INFO : SwitchController : <<<<<<< 's_left_flipper' active >>>>>>>
2023-04-30 11:54:24,834 : INFO : EventManager : Event: ======'machine_var_audits_switches_s_left_flipper'====== Args={'value': 37, 'prev_value': 36, 'change': 1}
2023-04-30 11:54:24,895 : INFO : SwitchController : <<<<<<< 's_left_flipper' inactive >>>>>>>
2023-04-30 11:54:24,921 : INFO : SwitchController : <<<<<<< 's_right_flipper' active >>>>>>>
2023-04-30 11:54:24,923 : INFO : EventManager : Event: ======'machine_var_audits_switches_s_right_flipper'====== Args={'value': 37, 'prev_value': 36, 'change': 1}
2023-04-30 11:54:25,006 : INFO : SwitchController : <<<<<<< 's_right_flipper' inactive >>>>>>>
2023-04-30 11:54:25,043 : INFO : SwitchController : <<<<<<< 's_left_flipper' active >>>>>>>
2023-04-30 11:54:25,043 : INFO : EventManager : Event: ======'machine_var_audits_switches_s_left_flipper'====== Args={'value': 38, 'prev_value': 37, 'change': 1}
2023-04-30 11:54:25,129 : INFO : SwitchController : <<<<<<< 's_left_flipper' inactive >>>>>>>
2023-04-30 11:54:25,165 : INFO : SwitchController : <<<<<<< 's_right_flipper' active >>>>>>>
2023-04-30 11:54:25,165 : INFO : EventManager : Event: ======'machine_var_audits_switches_s_right_flipper'====== Args={'value': 38, 'prev_value': 37, 'change': 1}
2023-04-30 11:54:25,231 : INFO : SwitchController : <<<<<<< 's_right_flipper' inactive >>>>>>>
2023-04-30 11:54:25,264 : INFO : SwitchController : <<<<<<< 's_left_flipper' active >>>>>>>
2023-04-30 11:54:25,265 : INFO : EventManager : Event: ======'machine_var_audits_switches_s_left_flipper'====== Args={'value': 39, 'prev_value': 38, 'change': 1}
2023-04-30 11:54:25,329 : INFO : SwitchController : <<<<<<< 's_left_flipper' inactive >>>>>>>
2023-04-30 11:54:25,366 : INFO : SwitchController : <<<<<<< 's_right_flipper' active >>>>>>>
2023-04-30 11:54:25,367 : INFO : EventManager : Event: ======'machine_var_audits_switches_s_right_flipper'====== Args={'value': 39, 'prev_value': 38, 'change': 1}
2023-04-30 11:54:25,441 : INFO : SwitchController : <<<<<<< 's_right_flipper' inactive >>>>>>>
2023-04-30 11:54:25,466 : INFO : SwitchController : <<<<<<< 's_left_flipper' active >>>>>>>
2023-04-30 11:54:25,467 : INFO : EventManager : Event: ======'machine_var_audits_switches_s_left_flipper'====== Args={'value': 40, 'prev_value': 39, 'change': 1}
2023-04-30 11:54:25,541 : INFO : SwitchController : <<<<<<< 's_left_flipper' inactive >>>>>>>
2023-04-30 11:54:25,566 : INFO : SwitchController : <<<<<<< 's_right_flipper' active >>>>>>>
2023-04-30 11:54:25,567 : INFO : EventManager : Event: ======'machine_var_audits_switches_s_right_flipper'====== Args={'value': 40, 'prev_value': 39, 'change': 1}
2023-04-30 11:54:25,643 : INFO : SwitchController : <<<<<<< 's_right_flipper' inactive >>>>>>>
2023-04-30 11:54:25,705 : INFO : SwitchController : <<<<<<< 's_left_flipper' active >>>>>>>
2023-04-30 11:54:25,705 : INFO : EventManager : Event: ======'machine_var_audits_switches_s_left_flipper'====== Args={'value': 41, 'prev_value': 40, 'change': 1}
2023-04-30 11:54:25,768 : INFO : SwitchController : <<<<<<< 's_left_flipper' inactive >>>>>>>
2023-04-30 11:54:25,792 : INFO : SwitchController : <<<<<<< 's_right_flipper' active >>>>>>>
2023-04-30 11:54:25,793 : INFO : EventManager : Event: ======'machine_var_audits_switches_s_right_flipper'====== Args={'value': 41, 'prev_value': 40, 'change': 1}
2023-04-30 11:54:25,854 : INFO : SwitchController : <<<<<<< 's_right_flipper' inactive >>>>>>>
2023-04-30 11:54:25,918 : INFO : SwitchController : <<<<<<< 's_left_flipper' active >>>>>>>
2023-04-30 11:54:25,918 : INFO : EventManager : Event: ======'machine_var_audits_switches_s_left_flipper'====== Args={'value': 42, 'prev_value': 41, 'change': 1}
2023-04-30 11:54:26,007 : INFO : SwitchController : <<<<<<< 's_left_flipper' inactive >>>>>>>
2023-04-30 11:54:26,007 : INFO : SwitchController : <<<<<<< 's_right_flipper' active >>>>>>>
2023-04-30 11:54:26,008 : INFO : EventManager : Event: ======'machine_var_audits_switches_s_right_flipper'====== Args={'value': 42, 'prev_value': 41, 'change': 1}
2023-04-30 11:54:26,082 : INFO : SwitchController : <<<<<<< 's_right_flipper' inactive >>>>>>>
2023-04-30 11:54:26,131 : INFO : SwitchController : <<<<<<< 's_left_flipper' active >>>>>>>
2023-04-30 11:54:26,132 : INFO : EventManager : Event: ======'machine_var_audits_switches_s_left_flipper'====== Args={'value': 43, 'prev_value': 42, 'change': 1}
2023-04-30 11:54:26,220 : INFO : SwitchController : <<<<<<< 's_left_flipper' inactive >>>>>>>
2023-04-30 11:54:26,220 : INFO : SwitchController : <<<<<<< 's_right_flipper' active >>>>>>>
2023-04-30 11:54:26,220 : INFO : EventManager : Event: ======'machine_var_audits_switches_s_right_flipper'====== Args={'value': 43, 'prev_value': 42, 'change': 1}
2023-04-30 11:54:26,293 : INFO : SwitchController : <<<<<<< 's_right_flipper' inactive >>>>>>>
2023-04-30 11:54:26,368 : INFO : SwitchController : <<<<<<< 's_left_flipper' active >>>>>>>
2023-04-30 11:54:26,369 : INFO : EventManager : Event: ======'machine_var_audits_switches_s_left_flipper'====== Args={'value': 44, 'prev_value': 43, 'change': 1}
2023-04-30 11:54:26,445 : INFO : SwitchController : <<<<<<< 's_right_flipper' active >>>>>>>
2023-04-30 11:54:26,445 : INFO : EventManager : Event: ======'flipper_cancel'====== Args={'triggering_group': 2, 'triggering_switch': 's_right_flipper'}
2023-04-30 11:54:26,445 : INFO : EventManager : Event: ======'machine_var_audits_switches_s_right_flipper'====== Args={'value': 44, 'prev_value': 43, 'change': 1}
2023-04-30 11:54:26,457 : INFO : SwitchController : <<<<<<< 's_left_flipper' inactive >>>>>>>
2023-04-30 11:54:26,457 : INFO : EventManager : Event: ======'both_flippers_one'====== Args={'triggering_group': 1, 'triggering_switch': 's_left_flipper'}
2023-04-30 11:54:26,519 : INFO : SwitchController : <<<<<<< 's_right_flipper' inactive >>>>>>>
2023-04-30 11:54:26,520 : INFO : EventManager : Event: ======'both_flippers_inactive'====== Args={'triggering_group': 2, 'triggering_switch': 's_right_flipper'}
2023-04-30 11:54:26,581 : INFO : SwitchController : <<<<<<< 's_left_flipper' active >>>>>>>
2023-04-30 11:54:26,582 : INFO : EventManager : Event: ======'machine_var_audits_switches_s_left_flipper'====== Args={'value': 45, 'prev_value': 44, 'change': 1}
2023-04-30 11:54:26,682 : INFO : SwitchController : <<<<<<< 's_right_flipper' active >>>>>>>
2023-04-30 11:54:26,682 : INFO : EventManager : Event: ======'flipper_cancel'====== Args={'triggering_group': 2, 'triggering_switch': 's_right_flipper'}
2023-04-30 11:54:26,682 : INFO : EventManager : Event: ======'machine_var_audits_switches_s_right_flipper'====== Args={'value': 45, 'prev_value': 44, 'change': 1}
2023-04-30 11:54:26,693 : INFO : SwitchController : <<<<<<< 's_left_flipper' inactive >>>>>>>
2023-04-30 11:54:26,693 : INFO : EventManager : Event: ======'both_flippers_one'====== Args={'triggering_group': 1, 'triggering_switch': 's_left_flipper'}
2023-04-30 11:54:26,743 : INFO : SwitchController : <<<<<<< 's_right_flipper' inactive >>>>>>>
2023-04-30 11:54:26,743 : INFO : EventManager : Event: ======'both_flippers_inactive'====== Args={'triggering_group': 2, 'triggering_switch': 's_right_flipper'}
2023-04-30 11:54:26,818 : INFO : SwitchController : <<<<<<< 's_left_flipper' active >>>>>>>
2023-04-30 11:54:26,819 : INFO : EventManager : Event: ======'machine_var_audits_switches_s_left_flipper'====== Args={'value': 46, 'prev_value': 45, 'change': 1}
2023-04-30 11:54:26,895 : INFO : SwitchController : <<<<<<< 's_right_flipper' active >>>>>>>
2023-04-30 11:54:26,895 : INFO : EventManager : Event: ======'flipper_cancel'====== Args={'triggering_group': 2, 'triggering_switch': 's_right_flipper'}
2023-04-30 11:54:26,895 : INFO : EventManager : Event: ======'machine_var_audits_switches_s_right_flipper'====== Args={'value': 46, 'prev_value': 45, 'change': 1}
2023-04-30 11:54:26,919 : INFO : SwitchController : <<<<<<< 's_left_flipper' inactive >>>>>>>
2023-04-30 11:54:26,919 : INFO : EventManager : Event: ======'both_flippers_one'====== Args={'triggering_group': 1, 'triggering_switch': 's_left_flipper'}
2023-04-30 11:54:26,969 : INFO : SwitchController : <<<<<<< 's_right_flipper' inactive >>>>>>>
2023-04-30 11:54:26,969 : INFO : EventManager : Event: ======'both_flippers_inactive'====== Args={'triggering_group': 2, 'triggering_switch': 's_right_flipper'}
2023-04-30 11:54:27,047 : INFO : SwitchController : <<<<<<< 's_left_flipper' active >>>>>>>
2023-04-30 11:54:27,048 : INFO : EventManager : Event: ======'machine_var_audits_switches_s_left_flipper'====== Args={'value': 47, 'prev_value': 46, 'change': 1}
2023-04-30 11:54:27,134 : INFO : SwitchController : <<<<<<< 's_left_flipper' inactive >>>>>>>
2023-04-30 11:54:27,134 : INFO : SwitchController : <<<<<<< 's_right_flipper' active >>>>>>>
2023-04-30 11:54:27,136 : INFO : EventManager : Event: ======'machine_var_audits_switches_s_right_flipper'====== Args={'value': 47, 'prev_value': 46, 'change': 1}
2023-04-30 11:54:27,221 : INFO : SwitchController : <<<<<<< 's_right_flipper' inactive >>>>>>>
2023-04-30 11:54:27,309 : INFO : SwitchController : <<<<<<< 's_left_flipper' active >>>>>>>
2023-04-30 11:54:27,309 : INFO : EventManager : Event: ======'machine_var_audits_switches_s_left_flipper'====== Args={'value': 48, 'prev_value': 47, 'change': 1}
2023-04-30 11:54:27,383 : INFO : SwitchController : <<<<<<< 's_right_flipper' active >>>>>>>
2023-04-30 11:54:27,383 : INFO : EventManager : Event: ======'flipper_cancel'====== Args={'triggering_group': 2, 'triggering_switch': 's_right_flipper'}
2023-04-30 11:54:27,384 : INFO : EventManager : Event: ======'machine_var_audits_switches_s_right_flipper'====== Args={'value': 48, 'prev_value': 47, 'change': 1}
2023-04-30 11:54:27,407 : INFO : SwitchController : <<<<<<< 's_left_flipper' inactive >>>>>>>
2023-04-30 11:54:27,408 : INFO : EventManager : Event: ======'both_flippers_one'====== Args={'triggering_group': 1, 'triggering_switch': 's_left_flipper'}
2023-04-30 11:54:27,456 : INFO : SwitchController : <<<<<<< 's_right_flipper' inactive >>>>>>>
2023-04-30 11:54:27,456 : INFO : EventManager : Event: ======'both_flippers_inactive'====== Args={'triggering_group': 2, 'triggering_switch': 's_right_flipper'}
2023-04-30 11:54:27,531 : INFO : SwitchController : <<<<<<< 's_left_flipper' active >>>>>>>
2023-04-30 11:54:27,531 : INFO : EventManager : Event: ======'machine_var_audits_switches_s_left_flipper'====== Args={'value': 49, 'prev_value': 48, 'change': 1}
2023-04-30 11:54:27,604 : INFO : SwitchController : <<<<<<< 's_left_flipper' inactive >>>>>>>
2023-04-30 11:54:27,606 : INFO : SwitchController : <<<<<<< 's_right_flipper' active >>>>>>>
2023-04-30 11:54:27,606 : INFO : EventManager : Event: ======'machine_var_audits_switches_s_right_flipper'====== Args={'value': 49, 'prev_value': 48, 'change': 1}
2023-04-30 11:54:27,692 : INFO : SwitchController : <<<<<<< 's_right_flipper' inactive >>>>>>>
2023-04-30 11:54:30,350 : INFO : SwitchController : <<<<<<< 's_left_flipper' active >>>>>>>
2023-04-30 11:54:30,351 : INFO : EventManager : Event: ======'machine_var_audits_switches_s_left_flipper'====== Args={'value': 50, 'prev_value': 49, 'change': 1}
2023-04-30 11:54:30,438 : INFO : SwitchController : <<<<<<< 's_left_flipper' inactive >>>>>>>
2023-04-30 11:54:30,438 : INFO : SwitchController : <<<<<<< 's_right_flipper' active >>>>>>>
2023-04-30 11:54:30,438 : INFO : EventManager : Event: ======'machine_var_audits_switches_s_right_flipper'====== Args={'value': 50, 'prev_value': 49, 'change': 1}
2023-04-30 11:54:30,512 : INFO : SwitchController : <<<<<<< 's_right_flipper' inactive >>>>>>>
2023-04-30 11:54:30,561 : INFO : SwitchController : <<<<<<< 's_left_flipper' active >>>>>>>
2023-04-30 11:54:30,562 : INFO : EventManager : Event: ======'machine_var_audits_switches_s_left_flipper'====== Args={'value': 51, 'prev_value': 50, 'change': 1}
2023-04-30 11:54:30,648 : INFO : SwitchController : <<<<<<< 's_left_flipper' inactive >>>>>>>
2023-04-30 11:54:30,673 : INFO : SwitchController : <<<<<<< 's_right_flipper' active >>>>>>>
2023-04-30 11:54:30,673 : INFO : EventManager : Event: ======'machine_var_audits_switches_s_right_flipper'====== Args={'value': 51, 'prev_value': 50, 'change': 1}
2023-04-30 11:54:30,747 : INFO : SwitchController : <<<<<<< 's_right_flipper' inactive >>>>>>>
2023-04-30 11:54:30,774 : INFO : SwitchController : <<<<<<< 's_left_flipper' active >>>>>>>
2023-04-30 11:54:30,774 : INFO : EventManager : Event: ======'machine_var_audits_switches_s_left_flipper'====== Args={'value': 52, 'prev_value': 51, 'change': 1}
2023-04-30 11:54:30,885 : INFO : SwitchController : <<<<<<< 's_left_flipper' inactive >>>>>>>
2023-04-30 11:54:30,885 : INFO : SwitchController : <<<<<<< 's_right_flipper' active >>>>>>>
2023-04-30 11:54:30,885 : INFO : EventManager : Event: ======'machine_var_audits_switches_s_right_flipper'====== Args={'value': 52, 'prev_value': 51, 'change': 1}
2023-04-30 11:54:30,960 : INFO : SwitchController : <<<<<<< 's_right_flipper' inactive >>>>>>>
2023-04-30 11:54:44,142 : INFO : SwitchController : <<<<<<< 's_trough1' inactive >>>>>>>
2023-04-30 11:54:44,745 : INFO : SwitchController : <<<<<<< 's_trough1' active >>>>>>>
2023-04-30 11:54:44,746 : INFO : EventManager : Event: ======'machine_var_audits_switches_s_trough1'====== Args={'value': 8, 'prev_value': 7, 'change': 1}
2023-04-30 11:54:45,234 : INFO : SwitchController : <<<<<<< 's_trough1' inactive >>>>>>>
2023-04-30 11:54:45,511 : INFO : SwitchController : <<<<<<< 's_trough1' active >>>>>>>
2023-04-30 11:54:45,511 : INFO : EventManager : Event: ======'machine_var_audits_switches_s_trough1'====== Args={'value': 9, 'prev_value': 8, 'change': 1}
2023-04-30 11:54:45,802 : INFO : SwitchController : <<<<<<< 's_trough1' inactive >>>>>>>
2023-04-30 11:54:46,015 : INFO : SwitchController : <<<<<<< 's_trough1' active >>>>>>>
2023-04-30 11:54:46,016 : INFO : EventManager : Event: ======'machine_var_audits_switches_s_trough1'====== Args={'value': 10, 'prev_value': 9, 'change': 1}
2023-04-30 11:54:58,004 : INFO : SwitchController : <<<<<<< 's_trough2' inactive >>>>>>>
2023-04-30 11:54:58,267 : INFO : SwitchController : <<<<<<< 's_trough3' inactive >>>>>>>
2023-04-30 11:54:58,543 : INFO : SwitchController : <<<<<<< 's_trough4' inactive >>>>>>>
2023-04-30 11:54:58,856 : INFO : SwitchController : <<<<<<< 's_trough5' inactive >>>>>>>
2023-04-30 11:54:59,143 : INFO : SwitchController : <<<<<<< 's_trough6' inactive >>>>>>>
2023-04-30 11:55:00,793 : INFO : SwitchController : <<<<<<< 's_trough6' active >>>>>>>
2023-04-30 11:55:00,793 : INFO : EventManager : Event: ======'machine_var_audits_switches_s_trough6'====== Args={'value': 1, 'prev_value': 0, 'change': 1}
2023-04-30 11:55:01,120 : INFO : SwitchController : <<<<<<< 's_trough5' active >>>>>>>
2023-04-30 11:55:01,120 : INFO : EventManager : Event: ======'machine_var_audits_switches_s_trough5'====== Args={'value': 1, 'prev_value': 0, 'change': 1}
2023-04-30 11:55:01,394 : INFO : SwitchController : <<<<<<< 's_trough4' active >>>>>>>
2023-04-30 11:55:01,394 : INFO : EventManager : Event: ======'machine_var_audits_switches_s_trough4'====== Args={'value': 1, 'prev_value': 0, 'change': 1}
2023-04-30 11:55:01,682 : INFO : SwitchController : <<<<<<< 's_trough3' active >>>>>>>
2023-04-30 11:55:01,683 : INFO : EventManager : Event: ======'machine_var_audits_switches_s_trough3'====== Args={'value': 1, 'prev_value': 0, 'change': 1}
2023-04-30 11:55:01,958 : INFO : SwitchController : <<<<<<< 's_trough2' active >>>>>>>
2023-04-30 11:55:01,959 : INFO : EventManager : Event: ======'machine_var_audits_switches_s_trough2'====== Args={'value': 1, 'prev_value': 0, 'change': 1}
2023-04-30 11:55:03,591 : INFO : SwitchController : <<<<<<< 's_trough2' inactive >>>>>>>
2023-04-30 11:55:04,823 : INFO : SwitchController : <<<<<<< 's_trough2' active >>>>>>>
2023-04-30 11:55:04,823 : INFO : EventManager : Event: ======'machine_var_audits_switches_s_trough2'====== Args={'value': 2, 'prev_value': 1, 'change': 1}
2023-04-30 11:55:05,224 : INFO : SwitchController : <<<<<<< 's_trough1' inactive >>>>>>>
2023-04-30 11:55:09,111 : INFO : EventManager : Event: ======'balldevice_bd_trough_ball_count_changed'====== Args={'balls': 5}
2023-04-30 11:55:09,112 : WARNING : ball_device.bd_trough : Ball disappeared while idle. This should not normally happen.
2023-04-30 11:55:09,112 : INFO : EventManager : Event: ======'balldevice_playfield_ball_enter'====== Args={'new_balls': 1, 'unclaimed_balls': 1, 'device': <playfield.playfield>}
2023-04-30 11:55:09,112 : INFO : EventManager : Event: ======'playfield_ball_count_change'====== Args={'balls': 1, 'change': 1}
2023-04-30 11:55:09,113 : INFO : ball_device.bd_trough : 1 ball(s) missing from device. Mechanical eject? False
2023-04-30 11:55:09,113 : INFO : EventManager : Event: ======'balldevice_bd_trough_ball_missing'====== Args={'balls': 1}
2023-04-30 11:55:09,113 : INFO : EventManager : Event: ======'balldevice_ball_missing'====== Args={'balls': 1, 'name': 'bd_trough'}
2023-04-30 11:55:36,493 : INFO : SwitchController : <<<<<<< 's_left_flipper' active >>>>>>>
2023-04-30 11:55:36,493 : INFO : EventManager : Event: ======'machine_var_audits_switches_s_left_flipper'====== Args={'value': 53, 'prev_value': 52, 'change': 1}
2023-04-30 11:55:36,555 : INFO : SwitchController : <<<<<<< 's_left_flipper' inactive >>>>>>>
2023-04-30 11:55:36,557 : INFO : SwitchController : <<<<<<< 's_right_flipper' active >>>>>>>
2023-04-30 11:55:36,557 : INFO : EventManager : Event: ======'machine_var_audits_switches_s_right_flipper'====== Args={'value': 53, 'prev_value': 52, 'change': 1}
2023-04-30 11:55:36,655 : INFO : SwitchController : <<<<<<< 's_right_flipper' inactive >>>>>>>
2023-04-30 11:55:36,704 : INFO : SwitchController : <<<<<<< 's_left_flipper' active >>>>>>>
2023-04-30 11:55:36,704 : INFO : EventManager : Event: ======'machine_var_audits_switches_s_left_flipper'====== Args={'value': 54, 'prev_value': 53, 'change': 1}
2023-04-30 11:55:36,766 : INFO : SwitchController : <<<<<<< 's_left_flipper' inactive >>>>>>>
2023-04-30 11:55:36,794 : INFO : SwitchController : <<<<<<< 's_right_flipper' active >>>>>>>
2023-04-30 11:55:36,796 : INFO : EventManager : Event: ======'machine_var_audits_switches_s_right_flipper'====== Args={'value': 54, 'prev_value': 53, 'change': 1}
2023-04-30 11:55:36,879 : INFO : SwitchController : <<<<<<< 's_right_flipper' inactive >>>>>>>
2023-04-30 11:55:36,916 : INFO : SwitchController : <<<<<<< 's_left_flipper' active >>>>>>>
2023-04-30 11:55:36,916 : INFO : EventManager : Event: ======'machine_var_audits_switches_s_left_flipper'====== Args={'value': 55, 'prev_value': 54, 'change': 1}
2023-04-30 11:55:36,965 : INFO : SwitchController : <<<<<<< 's_left_flipper' inactive >>>>>>>
2023-04-30 11:55:37,015 : INFO : SwitchController : <<<<<<< 's_right_flipper' active >>>>>>>
2023-04-30 11:55:37,016 : INFO : EventManager : Event: ======'machine_var_audits_switches_s_right_flipper'====== Args={'value': 55, 'prev_value': 54, 'change': 1}
2023-04-30 11:55:37,078 : INFO : SwitchController : <<<<<<< 's_right_flipper' inactive >>>>>>>
2023-04-30 11:55:37,103 : INFO : SwitchController : <<<<<<< 's_left_flipper' active >>>>>>>
2023-04-30 11:55:37,103 : INFO : EventManager : Event: ======'machine_var_audits_switches_s_left_flipper'====== Args={'value': 56, 'prev_value': 55, 'change': 1}
2023-04-30 11:55:37,174 : INFO : SwitchController : <<<<<<< 's_left_flipper' inactive >>>>>>>
2023-04-30 11:55:37,214 : INFO : SwitchController : <<<<<<< 's_right_flipper' active >>>>>>>
2023-04-30 11:55:37,214 : INFO : EventManager : Event: ======'machine_var_audits_switches_s_right_flipper'====== Args={'value': 56, 'prev_value': 55, 'change': 1}
2023-04-30 11:55:37,288 : INFO : SwitchController : <<<<<<< 's_right_flipper' inactive >>>>>>>
2023-04-30 11:55:37,306 : INFO : SwitchController : <<<<<<< 's_left_flipper' active >>>>>>>
2023-04-30 11:55:37,306 : INFO : EventManager : Event: ======'machine_var_audits_switches_s_left_flipper'====== Args={'value': 57, 'prev_value': 56, 'change': 1}
2023-04-30 11:55:37,364 : INFO : SwitchController : <<<<<<< 's_left_flipper' inactive >>>>>>>
2023-04-30 11:55:37,424 : INFO : SwitchController : <<<<<<< 's_right_flipper' active >>>>>>>
2023-04-30 11:55:37,425 : INFO : EventManager : Event: ======'machine_var_audits_switches_s_right_flipper'====== Args={'value': 57, 'prev_value': 56, 'change': 1}
2023-04-30 11:55:37,488 : INFO : SwitchController : <<<<<<< 's_right_flipper' inactive >>>>>>>
2023-04-30 11:55:37,512 : INFO : SwitchController : <<<<<<< 's_left_flipper' active >>>>>>>
2023-04-30 11:55:37,512 : INFO : EventManager : Event: ======'machine_var_audits_switches_s_left_flipper'====== Args={'value': 58, 'prev_value': 57, 'change': 1}
2023-04-30 11:55:37,560 : INFO : SwitchController : <<<<<<< 's_left_flipper' inactive >>>>>>>
2023-04-30 11:55:37,624 : INFO : SwitchController : <<<<<<< 's_right_flipper' active >>>>>>>
2023-04-30 11:55:37,624 : INFO : EventManager : Event: ======'machine_var_audits_switches_s_right_flipper'====== Args={'value': 58, 'prev_value': 57, 'change': 1}
2023-04-30 11:55:37,685 : INFO : SwitchController : <<<<<<< 's_right_flipper' inactive >>>>>>>
2023-04-30 11:55:37,703 : INFO : SwitchController : <<<<<<< 's_left_flipper' active >>>>>>>
2023-04-30 11:55:37,703 : INFO : EventManager : Event: ======'machine_var_audits_switches_s_left_flipper'====== Args={'value': 59, 'prev_value': 58, 'change': 1}
2023-04-30 11:55:37,772 : INFO : SwitchController : <<<<<<< 's_left_flipper' inactive >>>>>>>
2023-04-30 11:55:37,809 : INFO : SwitchController : <<<<<<< 's_right_flipper' active >>>>>>>
2023-04-30 11:55:37,809 : INFO : EventManager : Event: ======'machine_var_audits_switches_s_right_flipper'====== Args={'value': 59, 'prev_value': 58, 'change': 1}
2023-04-30 11:55:37,884 : INFO : SwitchController : <<<<<<< 's_right_flipper' inactive >>>>>>>
2023-04-30 11:55:37,901 : INFO : SwitchController : <<<<<<< 's_left_flipper' active >>>>>>>
2023-04-30 11:55:37,901 : INFO : EventManager : Event: ======'machine_var_audits_switches_s_left_flipper'====== Args={'value': 60, 'prev_value': 59, 'change': 1}
2023-04-30 11:55:37,972 : INFO : SwitchController : <<<<<<< 's_left_flipper' inactive >>>>>>>
2023-04-30 11:55:37,996 : INFO : SwitchController : <<<<<<< 's_right_flipper' active >>>>>>>
2023-04-30 11:55:37,996 : INFO : EventManager : Event: ======'machine_var_audits_switches_s_right_flipper'====== Args={'value': 60, 'prev_value': 59, 'change': 1}
2023-04-30 11:55:38,072 : INFO : SwitchController : <<<<<<< 's_right_flipper' inactive >>>>>>>
2023-04-30 11:55:38,101 : INFO : SwitchController : <<<<<<< 's_left_flipper' active >>>>>>>
2023-04-30 11:55:38,101 : INFO : EventManager : Event: ======'machine_var_audits_switches_s_left_flipper'====== Args={'value': 61, 'prev_value': 60, 'change': 1}
2023-04-30 11:55:38,198 : INFO : SwitchController : <<<<<<< 's_left_flipper' inactive >>>>>>>
2023-04-30 11:55:38,198 : INFO : SwitchController : <<<<<<< 's_right_flipper' active >>>>>>>
2023-04-30 11:55:38,198 : INFO : EventManager : Event: ======'machine_var_audits_switches_s_right_flipper'====== Args={'value': 61, 'prev_value': 60, 'change': 1}
2023-04-30 11:55:38,260 : INFO : SwitchController : <<<<<<< 's_right_flipper' inactive >>>>>>>
2023-04-30 11:55:38,310 : INFO : SwitchController : <<<<<<< 's_left_flipper' active >>>>>>>
2023-04-30 11:55:38,310 : INFO : EventManager : Event: ======'machine_var_audits_switches_s_left_flipper'====== Args={'value': 62, 'prev_value': 61, 'change': 1}
2023-04-30 11:55:38,384 : INFO : SwitchController : <<<<<<< 's_left_flipper' inactive >>>>>>>
2023-04-30 11:55:38,401 : INFO : SwitchController : <<<<<<< 's_right_flipper' active >>>>>>>
2023-04-30 11:55:38,401 : INFO : EventManager : Event: ======'machine_var_audits_switches_s_right_flipper'====== Args={'value': 62, 'prev_value': 61, 'change': 1}
2023-04-30 11:55:38,471 : INFO : SwitchController : <<<<<<< 's_right_flipper' inactive >>>>>>>
2023-04-30 11:55:38,522 : INFO : SwitchController : <<<<<<< 's_left_flipper' active >>>>>>>
2023-04-30 11:55:38,522 : INFO : EventManager : Event: ======'machine_var_audits_switches_s_left_flipper'====== Args={'value': 63, 'prev_value': 62, 'change': 1}
2023-04-30 11:55:38,572 : INFO : SwitchController : <<<<<<< 's_left_flipper' inactive >>>>>>>
2023-04-30 11:55:38,610 : INFO : SwitchController : <<<<<<< 's_right_flipper' active >>>>>>>
2023-04-30 11:55:38,610 : INFO : EventManager : Event: ======'machine_var_audits_switches_s_right_flipper'====== Args={'value': 63, 'prev_value': 62, 'change': 1}
2023-04-30 11:55:38,696 : INFO : SwitchController : <<<<<<< 's_right_flipper' inactive >>>>>>>
2023-04-30 11:55:42,390 : INFO : SwitchController : <<<<<<< 's_trough1' active >>>>>>>
2023-04-30 11:55:42,390 : INFO : EventManager : Event: ======'machine_var_audits_switches_s_trough1'====== Args={'value': 11, 'prev_value': 10, 'change': 1}
2023-04-30 11:55:42,898 : INFO : EventManager : Event: ======'balldevice_bd_trough_ball_count_changed'====== Args={'balls': 6}
2023-04-30 11:55:42,898 : INFO : ball_device.bd_trough : Received unexpected ball
2023-04-30 11:55:42,898 : INFO : EventManager : Event: ======'balldevice_captured_from_playfield'====== Args={'balls': 1}
2023-04-30 11:55:42,899 : INFO : EventManager : Event: ======'sw_playfield_active'====== Args={'balls': 1}
2023-04-30 11:55:42,899 : INFO : EventManager : Event: ======'playfield_ball_count_change'====== Args={'balls': 0, 'change': -1}
2023-04-30 11:55:42,899 : INFO : EventManager : Event: ======'balldevice_bd_trough_ball_enter'====== Args={'new_balls': 1, 'unclaimed_balls': 1, 'new_available_balls': 1, 'device': <ball_device.bd_trough>}
2023-04-30 11:55:42,900 : INFO : EventManager : Event: ======'ball_drain'====== Args={'device': <ball_device.bd_trough>, 'balls': 1}
2023-04-30 11:55:42,900 : INFO : EventManager : Event: ======'ball_will_end'====== Args={}
2023-04-30 11:55:42,900 : INFO : EventManager : Event: ======'balldevice_balls_available'====== Args={}
2023-04-30 11:55:42,900 : INFO : EventManager : Event: ======'balldevice_bd_trough_ball_entered'====== Args={'new_balls': 1, 'device': <ball_device.bd_trough>}
2023-04-30 11:55:42,901 : INFO : EventManager : Event: ======'ball_ending'====== Args={}
2023-04-30 11:55:42,901 : INFO : EventManager : Event: ======'ball_ended'====== Args={}
2023-04-30 11:55:42,902 : INFO : EventManager : Event: ======'player_turn_will_end'====== Args={'player': <Player 1>, 'number': 1}
2023-04-30 11:55:42,909 : INFO : EventManager : Event: ======'player_turn_ending'====== Args={'player': <Player 1>, 'number': 1}
2023-04-30 11:55:42,909 : INFO : EventManager : Event: ======'player_turn_ended'====== Args={'player': <Player 1>, 'number': 1}
2023-04-30 11:55:42,910 : INFO : EventManager : Event: ======'game_will_end'====== Args={}
2023-04-30 11:55:42,910 : INFO : EventManager : Event: ======'game_ending'====== Args={}
2023-04-30 11:55:42,910 : INFO : EventManager : Event: ======'machine_var_player1_score'====== Args={'value': 0, 'prev_value': None, 'change': True}
2023-04-30 11:55:42,913 : INFO : EventManager : Event: ======'game_ended'====== Args={}
2023-04-30 11:55:42,914 : INFO : EventManager : Event: ======'mode_game_will_stop'====== Args={}
2023-04-30 11:55:42,914 : INFO : EventManager : Event: ======'mode_game_stopping'====== Args={}
2023-04-30 11:55:42,914 : INFO : EventManager : Event: ======'mode_attract_will_start'====== Args={}
2023-04-30 11:55:42,915 : INFO : EventManager : Event: ======'mode_attract_starting'====== Args={}
2023-04-30 11:55:42,915 : INFO : Mode.attract : Started. Priority: 10
2023-04-30 11:55:42,915 : INFO : EventManager : Event: ======'modes_active_modes_changed'====== Args={}
2023-04-30 11:55:42,915 : INFO : EventManager : Event: ======'mode_attract_started'====== Args={}
2023-04-30 11:55:42,917 : INFO : EventManager : Event: ======'collecting_balls_complete'====== Args={}
2023-04-30 11:55:42,945 : INFO : Mode.game : Stopped.
2023-04-30 11:55:42,945 : INFO : EventManager : Event: ======'modes_active_modes_changed'====== Args={}
2023-04-30 11:55:42,945 : INFO : EventManager : Event: ======'mode_game_stopped'====== Args={}
2023-04-30 11:55:42,945 : INFO : EventManager : Event: ======'clear'====== Args={'key': 'game'}
2023-04-30 11:55:42,983 : INFO : EventManager : Event: ======'slide_attract_started_removed'====== Args={'_from_bcp': True}
2023-04-30 11:55:42,983 : INFO : EventManager : Event: ======'slide_attract_started_created'====== Args={'_from_bcp': True}
2023-04-30 11:55:42,983 : INFO : EventManager : Event: ======'slide_attract_started_active'====== Args={'_from_bcp': True}
2023-04-30 11:55:49,204 : INFO : Machine : Shutting down...
2023-04-30 11:55:49,205 : INFO : EventManager : Event: ======'shutdown'====== Args={}
2023-04-30 11:55:49,211 : INFO : root : MPF run loop ended.
