2023-04-30 11:46:42,874 : INFO : root : Loading config.
2023-04-30 11:46:42,874 : INFO : YamlMultifileConfigLoader : Machine config file #1: config.yaml
2023-04-30 11:46:42,874 : WARNING : ConfigProcessor : Config file in cache changed: C:\pinball\greatest_showman\config\config.yaml
2023-04-30 11:46:42,874 : INFO : ConfigProcessor : Loading config from file C:\Users\lisas\.local\pipx\venvs\mpf\lib\site-packages\mpf\mpfconfig.yaml.
2023-04-30 11:46:42,921 : INFO : ConfigProcessor : Loading config: C:\Users\lisas\.local\pipx\venvs\mpf\lib\site-packages\mpf\mpfconfig.yaml
2023-04-30 11:46:42,921 : INFO : ConfigProcessor : Loading config from file C:\pinball\greatest_showman\config\config.yaml.
2023-04-30 11:46:42,952 : INFO : ConfigProcessor : Loading config: C:\pinball\greatest_showman\config\config.yaml
2023-04-30 11:46:42,952 : INFO : ConfigProcessor : Config file cache created: C:\Users\lisas\AppData\Local\Temp\c5e3c6a6b44933afaf432493a3c7f734.mpf_cache
2023-04-30 11:46:43,015 : INFO : ConfigProcessor : Loading config from cache: C:\Users\lisas\AppData\Local\Temp\2591d1a5aee1eec0eefe4740cb1b00b0.mpf_cache
2023-04-30 11:46:43,015 : INFO : ConfigProcessor : Loading config from cache: C:\Users\lisas\AppData\Local\Temp\b5a4e895e7586a66014791409c611ae3.mpf_cache
2023-04-30 11:46:43,015 : INFO : Machine : Mission Pinball Framework Core Engine v0.56.0
2023-04-30 11:46:43,015 : INFO : Machine : Command line arguments: {'no_load_cache': False, 'create_config_cache': True, 'bcp': True, 'configfile': ['config.yaml'], 'force_assets_load': False, 'jsonlogging': False, 'logfile': 'logs\\2023-04-30-11-46-42-mpf-LisaDesktop.log', 'pause': False, 'production': False, 'text_ui': True, 'loglevel': 15, 'consoleloglevel': 20, 'force_platform': 'virtual', 'syslog_address': None, 'mc_file_name': None, 'no_sound': False}
2023-04-30 11:46:43,015 : INFO : Machine : MPF path: C:\Users\lisas\.local\pipx\venvs\mpf\lib\site-packages\mpf
2023-04-30 11:46:43,015 : INFO : Machine : Machine path: C:\pinball\greatest_showman
2023-04-30 11:46:43,015 : INFO : Machine : Platform: win32
2023-04-30 11:46:43,015 : INFO : Machine : Python executable location: C:\Users\lisas\.local\pipx\venvs\mpf\Scripts\python.exe
2023-04-30 11:46:43,015 : INFO : Machine : Python version: 3.9.13 (64-bit)
2023-04-30 11:46:43,015 : INFO : Machine : Initialise MPF.
2023-04-30 11:46:43,235 : INFO : EventManager : Event: ======'machine_var_credits_string'====== Args={'value': 'FREE PLAY', 'prev_value': None, 'change': True}
2023-04-30 11:46:43,282 : INFO : EventManager : Event: ======'machine_var_master_volume'====== Args={'value': 0.5, 'prev_value': None, 'change': True}
2023-04-30 11:46:43,282 : INFO : EventManager : Event: ======'machine_var_mpf_version'====== Args={'value': 'MPF v0.56.0', 'prev_value': None, 'change': True}
2023-04-30 11:46:43,282 : INFO : EventManager : Event: ======'machine_var_mpf_extended_version'====== Args={'value': 'MPF v0.56.0, Config version:5, Show version: 5, BCP version:1.1', 'prev_value': None, 'change': True}
2023-04-30 11:46:43,282 : INFO : EventManager : Event: ======'machine_var_python_version'====== Args={'value': '3.9.13', 'prev_value': None, 'change': True}
2023-04-30 11:46:43,300 : INFO : EventManager : Event: ======'machine_var_platform'====== Args={'value': 'Windows-10-10.0.22621-SP0', 'prev_value': None, 'change': True}
2023-04-30 11:46:43,300 : INFO : EventManager : Event: ======'machine_var_platform_system'====== Args={'value': 'Windows', 'prev_value': None, 'change': True}
2023-04-30 11:46:43,300 : INFO : EventManager : Event: ======'machine_var_platform_release'====== Args={'value': '10', 'prev_value': None, 'change': True}
2023-04-30 11:46:43,300 : INFO : EventManager : Event: ======'machine_var_platform_version'====== Args={'value': '10.0.22621', 'prev_value': None, 'change': True}
2023-04-30 11:46:43,300 : INFO : EventManager : Event: ======'machine_var_platform_machine'====== Args={'value': 'AMD64', 'prev_value': None, 'change': True}
2023-04-30 11:46:43,300 : INFO : EventManager : Event: ======'init_phase_1'====== Args={}
2023-04-30 11:46:43,313 : INFO : EventManager : Event: ======'init_phase_2'====== Args={}
2023-04-30 11:46:43,313 : INFO : SwitchController : Found active switch: ('5-44', <Platform.Virtual>) <switch.s_trough1>
2023-04-30 11:46:43,313 : INFO : SwitchController : Found active switch: ('5-45', <Platform.Virtual>) <switch.s_trough2>
2023-04-30 11:46:43,313 : INFO : SwitchController : Found active switch: ('5-46', <Platform.Virtual>) <switch.s_trough3>
2023-04-30 11:46:43,313 : INFO : SwitchController : Found active switch: ('5-47', <Platform.Virtual>) <switch.s_trough4>
2023-04-30 11:46:43,313 : INFO : SwitchController : Found active switch: ('6-48', <Platform.Virtual>) <switch.s_trough5>
2023-04-30 11:46:43,313 : INFO : SwitchController : Found active switch: ('6-49', <Platform.Virtual>) <switch.s_trough6>
2023-04-30 11:46:43,313 : INFO : EventManager : Event: ======'bcp_connection_attempt'====== Args={'name': 'local_display', 'host': 'localhost', 'port': 5050}
2023-04-30 11:46:43,313 : INFO : BCPClientSocket : Connecting BCP to 'local_display' at localhost:5050...
2023-04-30 11:47:21,555 : INFO : Machine : Starting the main run loop.
2023-04-30 11:47:21,555 : INFO : Machine : Shutting down...
2023-04-30 11:47:21,555 : INFO : EventManager : Event: ======'shutdown'====== Args={}
2023-04-30 11:47:22,560 : INFO : root : MPF run loop ended.
