2023-04-30 11:13:01,647 : kivy : Factory: 189 symbols loaded
2023-04-30 11:13:02,124 : kivy : ImageLoaderFFPy: Using ffpyplayer 4.3.5
2023-04-30 11:13:02,124 : kivy : Image: Providers: img_tex, img_dds, img_sdl2, img_pil, img_ffpyplayer 
2023-04-30 11:13:02,340 : kivy : VideoGstplayer: Using Gstreamer 1.18.5.0
2023-04-30 11:13:02,340 : kivy : Video: Provider: gstplayer
2023-04-30 11:13:02,571 : kivy : Loading MPF-MC controller
2023-04-30 11:13:02,573 : YamlMultifileConfigLoader : Machine config file #1: config
2023-04-30 11:13:02,574 : ConfigProcessor : Config file in cache changed: C:\pinball\greatest_showman\config\config
2023-04-30 11:13:02,574 : ConfigProcessor : Loading config from file C:\Users\lisas\.local\pipx\venvs\mpf\lib\site-packages\mpfmc\mcconfig.yaml.
2023-04-30 11:13:02,608 : ConfigProcessor : Loading config: C:\Users\lisas\.local\pipx\venvs\mpf\lib\site-packages\mpfmc\mcconfig.yaml
2023-04-30 11:13:02,608 : ConfigProcessor : Loading config from file C:\pinball\greatest_showman\config\config.
2023-04-30 11:13:02,636 : ConfigProcessor : Loading config: C:\pinball\greatest_showman\config\config
2023-04-30 11:13:02,638 : ConfigProcessor : Config file cache created: C:\Users\lisas\AppData\Local\Temp\e7000976fc18edfeb07f1e9d37a4e0e9.mpf_cache
2023-04-30 11:13:02,639 : ConfigProcessor : Loading config from cache: C:\Users\lisas\AppData\Local\Temp\2591d1a5aee1eec0eefe4740cb1b00b0.mpf_cache
2023-04-30 11:13:02,641 : ConfigProcessor : Loading config from cache: C:\Users\lisas\AppData\Local\Temp\b5a4e895e7586a66014791409c611ae3.mpf_cache
2023-04-30 11:13:02,642 : mpfmc : Mission Pinball Framework Media Controller v0.56.1
2023-04-30 11:13:02,643 : mpfmc : Mission Pinball Framework Game Engine v0.56.0
2023-04-30 11:13:02,643 : mpfmc : Machine path: C:\pinball\greatest_showman
2023-04-30 11:13:02,643 : mpfmc : Starting clock at 60.0Hz
2023-04-30 11:13:02,712 : kivy : Text: Provider: sdl2
2023-04-30 11:13:02,782 : kivy : Window: Provider: sdl2
2023-04-30 11:13:03,048 : kivy : GL: Using the "OpenGL" graphics system
2023-04-30 11:13:03,049 : kivy : GL: GLEW initialization succeeded
2023-04-30 11:13:03,049 : kivy : GL: Backend used <glew>
2023-04-30 11:13:03,050 : kivy : GL: OpenGL version <b'4.6.0 - Build 30.0.101.3111'>
2023-04-30 11:13:03,050 : kivy : GL: OpenGL vendor <b'Intel'>
2023-04-30 11:13:03,050 : kivy : GL: OpenGL renderer <b'Intel(R) UHD Graphics 630'>
2023-04-30 11:13:03,050 : kivy : GL: OpenGL parsed version: 4, 6
2023-04-30 11:13:03,050 : kivy : GL: Shading version <b'4.60 - Build 30.0.101.3111'>
2023-04-30 11:13:03,050 : kivy : GL: Texture max size <16384>
2023-04-30 11:13:03,050 : kivy : GL: Texture max units <32>
2023-04-30 11:13:03,137 : kivy : Window: auto add sdl2 input provider
2023-04-30 11:13:03,138 : kivy : Window: virtual keyboard not allowed, single mode, not docked
2023-04-30 11:13:03,154 : SoundSystem : SoundSystem: Using default 'sound_system' settings
2023-04-30 11:13:04,875 : AudioInterface : Initialized
2023-04-30 11:13:04,875 : AudioInterface : Loaded SDL 2.0.20
2023-04-30 11:13:04,875 : AudioInterface : Loaded SDL_Mixer 2.0.4
2023-04-30 11:13:04,875 : AudioInterface : Loaded GStreamer 1.18.5.0
2023-04-30 11:13:04,876 : AudioInterface : Loaded GLib 2.62.6
2023-04-30 11:13:04,876 : AudioInterface : Settings requested - rate: 44100, channels: 1, buffer: 2048 samples
2023-04-30 11:13:04,876 : AudioInterface : Settings in use - rate: 44100, channels: 1, buffer: 2048 samples (4096 bytes @ 2 bytes per sample)
2023-04-30 11:13:04,876 : SoundSystem : No audio tracks are specified in your machine config file. a track named 'default' has been created.
2023-04-30 11:13:04,877 : SoundSystem : Setting master volume to 0.0
2023-04-30 11:13:04,877 : SoundSystem : master_volume in sound_system is deprecated and will be removed in the future.
2023-04-30 11:13:04,877 : AudioInterface : Enabling audio playback
2023-04-30 11:13:04,879 : kivy : Base: Start application main loop
2023-04-30 11:13:04,880 : EventManager : Event: ======'display_window_initialized'====== Args={}
2023-04-30 11:13:04,891 : mpfmc : Display: Setting 'window' as default display
2023-04-30 11:13:04,898 : EventManager : Event: ======'displays_initialized'====== Args={}
2023-04-30 11:13:04,899 : EventManager : Event: ======'slide_window_blank_created'====== Args={}
2023-04-30 11:13:04,899 : EventManager : Event: ======'display_window_ready'====== Args={}
2023-04-30 11:13:04,915 : EventManager : Event: ======'init_phase_1'====== Args={}
2023-04-30 11:13:04,918 : EventManager : Event: ======'mc_ready'====== Args={}
2023-04-30 11:13:04,919 : EventManager : Event: ======'init_phase_2'====== Args={}
2023-04-30 11:13:04,920 : EventManager : Event: ======'init_phase_3'====== Args={}
2023-04-30 11:13:04,921 : EventManager : Event: ======'init_phase_4'====== Args={}
2023-04-30 11:13:04,921 : EventManager : Event: ======'init_phase_5'====== Args={}
2023-04-30 11:13:04,922 : EventManager : Event: ======'init_done'====== Args={}
2023-04-30 11:13:04,922 : MPF-MC BCP Server : Starting up on localhost port 5050
2023-04-30 11:13:04,926 : MPF-MC BCP Server : Waiting for a connection...
2023-04-30 11:13:04,927 : mpfmc : SlidePlayer: Play called with settings={'slides': {welcome_slide-None-None: {'priority': None, 'target': None, 'background_color': [0.0, 0.0, 0.0, 1.0], 'show': True, 'force': False, 'expire': None, 'slide': None, 'tokens': {}, 'action': 'play', 'transition': None, 'transition_out': None}}}
2023-04-30 11:13:04,936 : kivy : GL: NPOT texture support is available
2023-04-30 11:13:04,938 : EventManager : Event: ======'slide_welcome_slide_created'====== Args={}
2023-04-30 11:13:04,940 : EventManager : Event: ======'slide_welcome_slide_active'====== Args={}
2023-04-30 11:13:04,943 : EventManager : Event: ======'client_disconnected'====== Args={'host': '127.0.0.1', 'port': 5050}
2023-04-30 11:13:05,337 : MPF-MC BCP Server : Received connection from: 127.0.0.1:62739
2023-04-30 11:13:05,346 : EventManager : Event: ======'client_connected'====== Args={'host': '127.0.0.1', 'port': 62739}
2023-04-30 11:13:05,358 : EventManager : Event: ======'machine_var_credits_string'====== Args={'value': 'FREE PLAY', 'prev_value': None, 'change': True}
2023-04-30 11:13:05,358 : EventManager : Event: ======'machine_var_master_volume'====== Args={'value': 0.5, 'prev_value': None, 'change': True}
2023-04-30 11:13:05,358 : EventManager : Event: ======'machine_var_mpf_version'====== Args={'value': 'MPF v0.56.0', 'prev_value': None, 'change': True}
2023-04-30 11:13:05,359 : EventManager : Event: ======'machine_var_mpf_extended_version'====== Args={'value': 'MPF v0.56.0, Config version:5, Show version: 5, BCP version:1.1', 'prev_value': None, 'change': True}
2023-04-30 11:13:05,359 : EventManager : Event: ======'machine_var_python_version'====== Args={'value': '3.9.13', 'prev_value': None, 'change': True}
2023-04-30 11:13:05,359 : EventManager : Event: ======'machine_var_platform'====== Args={'value': 'Windows-10-10.0.22621-SP0', 'prev_value': None, 'change': True}
2023-04-30 11:13:05,359 : EventManager : Event: ======'machine_var_platform_system'====== Args={'value': 'Windows', 'prev_value': None, 'change': True}
2023-04-30 11:13:05,359 : EventManager : Event: ======'machine_var_platform_release'====== Args={'value': '10', 'prev_value': None, 'change': True}
2023-04-30 11:13:05,359 : EventManager : Event: ======'machine_var_platform_version'====== Args={'value': '10.0.22621', 'prev_value': None, 'change': True}
2023-04-30 11:13:05,360 : EventManager : Event: ======'machine_var_platform_machine'====== Args={'value': 'AMD64', 'prev_value': None, 'change': True}
2023-04-30 11:13:05,360 : EventManager : Event: ======'machine_var_audits_switches_s_left_flipper'====== Args={'value': 0, 'prev_value': None, 'change': True}
2023-04-30 11:13:05,360 : EventManager : Event: ======'machine_var_audits_switches_s_left_flipper_eos'====== Args={'value': 0, 'prev_value': None, 'change': True}
2023-04-30 11:13:05,360 : EventManager : Event: ======'machine_var_audits_switches_s_right_flipper'====== Args={'value': 0, 'prev_value': None, 'change': True}
2023-04-30 11:13:05,361 : EventManager : Event: ======'machine_var_audits_switches_s_right_flipper_eos'====== Args={'value': 0, 'prev_value': None, 'change': True}
2023-04-30 11:13:05,361 : EventManager : Event: ======'machine_var_audits_switches_s_right_upper'====== Args={'value': 0, 'prev_value': None, 'change': True}
2023-04-30 11:13:05,361 : EventManager : Event: ======'machine_var_audits_switches_s_right_upper_eos'====== Args={'value': 0, 'prev_value': None, 'change': True}
2023-04-30 11:13:05,361 : EventManager : Event: ======'machine_var_audits_switches_s_trough1'====== Args={'value': 0, 'prev_value': None, 'change': True}
2023-04-30 11:13:05,361 : EventManager : Event: ======'machine_var_audits_switches_s_trough2'====== Args={'value': 0, 'prev_value': None, 'change': True}
2023-04-30 11:13:05,361 : EventManager : Event: ======'machine_var_audits_switches_s_trough3'====== Args={'value': 0, 'prev_value': None, 'change': True}
2023-04-30 11:13:05,362 : EventManager : Event: ======'machine_var_audits_switches_s_trough4'====== Args={'value': 0, 'prev_value': None, 'change': True}
2023-04-30 11:13:05,362 : EventManager : Event: ======'machine_var_audits_switches_s_trough5'====== Args={'value': 0, 'prev_value': None, 'change': True}
2023-04-30 11:13:05,362 : EventManager : Event: ======'machine_var_audits_switches_s_trough6'====== Args={'value': 0, 'prev_value': None, 'change': True}
2023-04-30 11:13:05,362 : EventManager : Event: ======'machine_var_audits_switches_s_trough_jam'====== Args={'value': 0, 'prev_value': None, 'change': True}
2023-04-30 11:13:05,362 : EventManager : Event: ======'machine_var_audits_events_game_started'====== Args={'value': 0, 'prev_value': None, 'change': True}
2023-04-30 11:13:05,362 : EventManager : Event: ======'machine_var_audits_events_game_ended'====== Args={'value': 0, 'prev_value': None, 'change': True}
2023-04-30 11:13:05,362 : EventManager : Event: ======'machine_var_audits_player_score'====== Args={'value': {'top': [], 'average': 0, 'total': 0}, 'prev_value': None, 'change': True}
2023-04-30 11:13:05,363 : EventManager : Event: ======'machine_var_mc_version'====== Args={'value': 'MPF-MC v0.56.1', 'prev_value': None, 'change': True}
2023-04-30 11:13:05,363 : EventManager : Event: ======'machine_var_mc_extended_version'====== Args={'value': 'MPF-MC v0.56.1 (config_version=5, BCP v1.1,                      Requires MPF API compatibility v0.56.0 or newer)', 'prev_value': None, 'change': True}
2023-04-30 11:13:05,363 : EventManager : Event: ======'slides_play'====== Args={'settings': {'welcome_slide': {'target': None, 'background_color': [0.0, 0.0, 0.0, 1.0], 'priority': None, 'show': True, 'force': False, 'expire': None, 'slide': None, 'tokens': {}, 'action': 'play'}}, 'context': '_global', 'calling_context': 'init_done', 'priority': 0}
2023-04-30 11:13:05,363 : EventManager : Event: ======'mc_reset_phase_1'====== Args={}
2023-04-30 11:13:05,363 : SoundSystem : Setting master volume to 0.5
2023-04-30 11:13:05,363 : mpfmc : SlidePlayer: Play called with settings={'welcome_slide': {'target': None, 'background_color': [0.0, 0.0, 0.0, 1.0], 'priority': None, 'show': True, 'force': False, 'expire': None, 'slide': None, 'tokens': {}, 'action': 'play'}}
2023-04-30 11:13:05,364 : EventManager : Event: ======'slide_welcome_slide_removed'====== Args={}
2023-04-30 11:13:05,365 : EventManager : Event: ======'slide_welcome_slide_created'====== Args={}
2023-04-30 11:13:05,366 : EventManager : Event: ======'mc_reset_phase_2'====== Args={}
2023-04-30 11:13:05,366 : EventManager : Event: ======'mc_reset_phase_3'====== Args={}
2023-04-30 11:13:05,366 : EventManager : Event: ======'mc_reset_complete'====== Args={}
2023-04-30 11:13:05,366 : EventManager : Event: ======'slide_welcome_slide_active'====== Args={}
2023-04-30 11:13:05,382 : EventManager : Event: ======'slides_play'====== Args={'settings': {'attract_started': {'target': None, 'background_color': [0.0, 0.0, 0.0, 1.0], 'priority': None, 'show': True, 'force': False, 'expire': None, 'slide': None, 'tokens': {}, 'action': 'play'}}, 'context': '_global', 'calling_context': 'mode_attract_started', 'priority': 0}
2023-04-30 11:13:05,382 : mpfmc : SlidePlayer: Play called with settings={'attract_started': {'target': None, 'background_color': [0.0, 0.0, 0.0, 1.0], 'priority': None, 'show': True, 'force': False, 'expire': None, 'slide': None, 'tokens': {}, 'action': 'play'}}
2023-04-30 11:13:05,385 : EventManager : Event: ======'slide_attract_started_created'====== Args={}
2023-04-30 11:13:05,386 : EventManager : Event: ======'slide_attract_started_active'====== Args={}
2023-04-30 11:13:14,959 : kivy : Base: Leaving application in progress...
2023-04-30 11:13:15,168 : mpfmc : Stopping...
2023-04-30 11:13:15,168 : EventManager : Event: ======'shutdown'====== Args={}
2023-04-30 11:13:15,168 : AudioInterface : Disabling audio playback
2023-04-30 11:13:15,168 : mpfmc : Loop rate 77.94 Hz
2023-04-30 11:13:15,169 : kivy : MC run loop ended.
2023-04-30 11:13:15,169 : kivy : Stopping child threads... (3 remaining)
2023-04-30 11:13:15,376 : mpfmc : Stopping...
2023-04-30 11:13:15,376 : EventManager : Event: ======'shutdown'====== Args={}
2023-04-30 11:13:15,376 : mpfmc : Loop rate 76.4 Hz
2023-04-30 11:13:15,393 : MPF-MC BCP Server : Stopping BCP sending thread
2023-04-30 11:13:15,970 : kivy : All child threads stopped.
