2023-05-02 17:09:43,085 : kivy : Factory: 189 symbols loaded
2023-05-02 17:09:43,192 : kivy : ImageLoaderFFPy: Using ffpyplayer 4.3.5
2023-05-02 17:09:43,193 : kivy : Image: Providers: img_tex, img_dds, img_sdl2, img_pil, img_ffpyplayer 
2023-05-02 17:09:43,227 : kivy : VideoGstplayer: Using Gstreamer 1.18.5.0
2023-05-02 17:09:43,227 : kivy : Video: Provider: gstplayer
2023-05-02 17:09:43,351 : kivy : Loading MPF-MC controller
2023-05-02 17:09:43,353 : YamlMultifileConfigLoader : Machine config file #1: config
2023-05-02 17:09:43,354 : ConfigProcessor : Config file in cache changed: C:\pinball\greatest_showman\config\config
2023-05-02 17:09:43,355 : ConfigProcessor : Loading config from file C:\Users\lisas\.local\pipx\venvs\mpf\lib\site-packages\mpfmc\mcconfig.yaml.
2023-05-02 17:09:43,381 : ConfigProcessor : Loading config: C:\Users\lisas\.local\pipx\venvs\mpf\lib\site-packages\mpfmc\mcconfig.yaml
2023-05-02 17:09:43,381 : ConfigProcessor : Loading config from file C:\pinball\greatest_showman\config\config.
2023-05-02 17:09:43,417 : ConfigProcessor : Loading config: C:\pinball\greatest_showman\config\config
2023-05-02 17:09:43,418 : ConfigProcessor : Config file cache created: C:\Users\lisas\AppData\Local\Temp\e7000976fc18edfeb07f1e9d37a4e0e9.mpf_cache
2023-05-02 17:09:43,419 : ConfigProcessor : Loading config from cache: C:\Users\lisas\AppData\Local\Temp\2591d1a5aee1eec0eefe4740cb1b00b0.mpf_cache
2023-05-02 17:09:43,420 : ConfigProcessor : Loading config from cache: C:\Users\lisas\AppData\Local\Temp\b5a4e895e7586a66014791409c611ae3.mpf_cache
2023-05-02 17:09:43,420 : mpfmc : Mission Pinball Framework Media Controller v0.56.1
2023-05-02 17:09:43,421 : mpfmc : Mission Pinball Framework Game Engine v0.56.0
2023-05-02 17:09:43,421 : mpfmc : Machine path: C:\pinball\greatest_showman
2023-05-02 17:09:43,421 : mpfmc : Starting clock at 60.0Hz
2023-05-02 17:09:43,436 : kivy : Text: Provider: sdl2
2023-05-02 17:09:43,478 : kivy : Window: Provider: sdl2
2023-05-02 17:09:43,668 : kivy : GL: Using the "OpenGL" graphics system
2023-05-02 17:09:43,670 : kivy : GL: GLEW initialization succeeded
2023-05-02 17:09:43,670 : kivy : GL: Backend used <glew>
2023-05-02 17:09:43,670 : kivy : GL: OpenGL version <b'4.6.0 - Build 30.0.101.3111'>
2023-05-02 17:09:43,670 : kivy : GL: OpenGL vendor <b'Intel'>
2023-05-02 17:09:43,670 : kivy : GL: OpenGL renderer <b'Intel(R) UHD Graphics 630'>
2023-05-02 17:09:43,671 : kivy : GL: OpenGL parsed version: 4, 6
2023-05-02 17:09:43,671 : kivy : GL: Shading version <b'4.60 - Build 30.0.101.3111'>
2023-05-02 17:09:43,671 : kivy : GL: Texture max size <16384>
2023-05-02 17:09:43,671 : kivy : GL: Texture max units <32>
2023-05-02 17:09:43,706 : kivy : Window: auto add sdl2 input provider
2023-05-02 17:09:43,706 : kivy : Window: virtual keyboard not allowed, single mode, not docked
2023-05-02 17:09:43,718 : SoundSystem : SoundSystem: Using default 'sound_system' settings
2023-05-02 17:09:43,968 : AudioInterface : Initialized
2023-05-02 17:09:43,968 : AudioInterface : Loaded SDL 2.0.20
2023-05-02 17:09:43,968 : AudioInterface : Loaded SDL_Mixer 2.0.4
2023-05-02 17:09:43,968 : AudioInterface : Loaded GStreamer 1.18.5.0
2023-05-02 17:09:43,969 : AudioInterface : Loaded GLib 2.62.6
2023-05-02 17:09:43,969 : AudioInterface : Settings requested - rate: 44100, channels: 1, buffer: 2048 samples
2023-05-02 17:09:43,969 : AudioInterface : Settings in use - rate: 44100, channels: 1, buffer: 2048 samples (4096 bytes @ 2 bytes per sample)
2023-05-02 17:09:43,969 : SoundSystem : No audio tracks are specified in your machine config file. a track named 'default' has been created.
2023-05-02 17:09:43,969 : SoundSystem : Setting master volume to 0.0
2023-05-02 17:09:43,969 : SoundSystem : master_volume in sound_system is deprecated and will be removed in the future.
2023-05-02 17:09:43,970 : AudioInterface : Enabling audio playback
2023-05-02 17:09:43,971 : kivy : Base: Start application main loop
2023-05-02 17:09:43,972 : EventManager : Event: ======'display_window_initialized'====== Args={}
2023-05-02 17:09:43,986 : mpfmc : Display: Setting 'window' as default display
2023-05-02 17:09:43,990 : mpfmc : ASPECT RATIO MISMATCH: The on-screen window is not the same aspect ratio as the display called 'window'. The logical display will be scaled from 1920x1080 to the window size 800x600, and a black bar will make up the difference
2023-05-02 17:09:43,992 : EventManager : Event: ======'displays_initialized'====== Args={}
2023-05-02 17:09:43,992 : EventManager : Event: ======'slide_window_blank_created'====== Args={}
2023-05-02 17:09:43,993 : EventManager : Event: ======'display_window_ready'====== Args={}
2023-05-02 17:09:44,004 : EventManager : Event: ======'init_phase_1'====== Args={}
2023-05-02 17:09:44,007 : EventManager : Event: ======'mc_ready'====== Args={}
2023-05-02 17:09:44,007 : EventManager : Event: ======'init_phase_2'====== Args={}
2023-05-02 17:09:44,008 : EventManager : Event: ======'init_phase_3'====== Args={}
2023-05-02 17:09:44,009 : EventManager : Event: ======'init_phase_4'====== Args={}
2023-05-02 17:09:44,009 : EventManager : Event: ======'init_phase_5'====== Args={}
2023-05-02 17:09:44,009 : EventManager : Event: ======'init_done'====== Args={}
2023-05-02 17:09:44,010 : MPF-MC BCP Server : Starting up on localhost port 5050
2023-05-02 17:09:44,014 : MPF-MC BCP Server : Waiting for a connection...
2023-05-02 17:09:44,014 : mpfmc : SlidePlayer: Play called with settings={'slides': {welcome_slide-None-None: {'priority': None, 'target': None, 'background_color': [0.0, 0.0, 0.0, 1.0], 'show': True, 'force': False, 'expire': None, 'slide': None, 'tokens': {}, 'action': 'play', 'transition': None, 'transition_out': None}}}
2023-05-02 17:09:44,020 : kivy : GL: NPOT texture support is available
2023-05-02 17:09:44,022 : EventManager : Event: ======'slide_welcome_slide_created'====== Args={}
2023-05-02 17:09:44,025 : EventManager : Event: ======'slide_welcome_slide_active'====== Args={}
2023-05-02 17:09:44,032 : EventManager : Event: ======'client_disconnected'====== Args={'host': '127.0.0.1', 'port': 5050}
2023-05-02 17:09:49,341 : kivy : Base: Leaving application in progress...
2023-05-02 17:09:49,341 : mpfmc : Stopping...
2023-05-02 17:09:49,342 : EventManager : Event: ======'shutdown'====== Args={}
2023-05-02 17:09:49,342 : AudioInterface : Disabling audio playback
2023-05-02 17:09:49,457 : mpfmc : Loop rate 76.73 Hz
2023-05-02 17:09:49,457 : kivy : MC run loop ended.
2023-05-02 17:09:49,457 : kivy : Stopping child threads... (3 remaining)
2023-05-02 17:09:50,016 : MPF-MC BCP Server : Stopping BCP sending thread
2023-05-02 17:09:50,020 : MPF-MC BCP Server : Stopping BCP listener thread
2023-05-02 17:09:50,059 : kivy : All child threads stopped.
