2024-06-20 19:33:14,274 : kivy : deps: Successfully imported "kivy_deps.gstreamer" 0.3.3
2024-06-20 19:33:14,274 : kivy : deps: Successfully imported "kivy_deps.angle" 0.3.3
2024-06-20 19:33:14,274 : kivy : deps: Successfully imported "kivy_deps.glew" 0.3.1
2024-06-20 19:33:14,274 : kivy : deps: Successfully imported "kivy_deps.sdl2" 0.6.0
2024-06-20 19:33:14,274 : kivy : Kivy: v2.2.1
2024-06-20 19:33:14,274 : kivy : Kivy: Installed at "C:\Users\lisas\AppData\Local\Packages\PythonSoftwareFoundation.Python.3.11_qbz5n2kfra8p0\LocalCache\local-packages\Python311\site-packages\kivy\__init__.py"
2024-06-20 19:33:14,274 : kivy : Python: v3.11.9 (tags/v3.11.9:de54cf5, Apr  2 2024, 10:12:12) [MSC v.1938 64 bit (AMD64)]
2024-06-20 19:33:14,274 : kivy : Python: Interpreter at "C:\Users\lisas\AppData\Local\Microsoft\WindowsApps\PythonSoftwareFoundation.Python.3.11_qbz5n2kfra8p0\python.exe"
2024-06-20 19:33:14,291 : kivy : Factory: 190 symbols loaded
2024-06-20 19:33:14,420 : kivy : ImageLoaderFFPy: Using ffpyplayer 4.5.1
2024-06-20 19:33:14,420 : kivy : Image: Providers: img_tex, img_dds, img_sdl2, img_pil, img_ffpyplayer 
2024-06-20 19:33:15,084 : kivy : VideoGstplayer: Using Gstreamer 1.18.5.0
2024-06-20 19:33:15,085 : kivy : Video: Provider: gstplayer
2024-06-20 19:33:15,109 : root : Loading MPF-MC controller
2024-06-20 19:33:15,111 : YamlMultifileConfigLoader : Machine config file #1: config
2024-06-20 19:33:15,111 : ConfigProcessor : Config file in cache changed: C:\pinball\greatest_showman\config\config
2024-06-20 19:33:15,111 : ConfigProcessor : Loading config from file C:\Users\lisas\AppData\Local\Packages\PythonSoftwareFoundation.Python.3.11_qbz5n2kfra8p0\LocalCache\local-packages\Python311\site-packages\mpfmc\mcconfig.yaml.
2024-06-20 19:33:15,117 : ConfigProcessor : Loading config: C:\Users\lisas\AppData\Local\Packages\PythonSoftwareFoundation.Python.3.11_qbz5n2kfra8p0\LocalCache\local-packages\Python311\site-packages\mpfmc\mcconfig.yaml
2024-06-20 19:33:15,117 : ConfigProcessor : Loading config from file C:\pinball\greatest_showman\config\config.
2024-06-20 19:33:15,119 : ConfigProcessor : Loading config: C:\pinball\greatest_showman\config\config
2024-06-20 19:33:15,120 : ConfigProcessor : Config file cache created: C:\Users\lisas\AppData\Local\Temp\05e162f6648be6f618b4139facd4413e.mpf_cache
2024-06-20 19:33:15,120 : ConfigProcessor : Loading config from cache: C:\Users\lisas\AppData\Local\Temp\59e27ec4283b25a8181e590d80956807.mpf_cache
2024-06-20 19:33:15,121 : ConfigProcessor : Loading config from cache: C:\Users\lisas\AppData\Local\Temp\6bac8aad2a108e0027ae5775410f0221.mpf_cache
2024-06-20 19:33:15,122 : mpfmc : Mission Pinball Framework Media Controller (MPF-MC) v0.57.0. Requires MPF v0.57.0 or newer.
2024-06-20 19:33:15,122 : mpfmc : Found MPF v0.57.1
2024-06-20 19:33:15,122 : mpfmc : Machine path: C:\pinball\greatest_showman
2024-06-20 19:33:15,122 : mpfmc : Starting clock at 60.0Hz
2024-06-20 19:33:15,133 : kivy : Text: Provider: sdl2
2024-06-20 19:33:15,166 : kivy : Window: Provider: sdl2
2024-06-20 19:33:15,281 : kivy : GL: Using the "OpenGL" graphics system
2024-06-20 19:33:15,283 : kivy : GL: GLEW initialization succeeded
2024-06-20 19:33:15,283 : kivy : GL: Backend used <glew>
2024-06-20 19:33:15,283 : kivy : GL: OpenGL version <b'4.6.0 - Build 30.0.101.3111'>
2024-06-20 19:33:15,283 : kivy : GL: OpenGL vendor <b'Intel'>
2024-06-20 19:33:15,283 : kivy : GL: OpenGL renderer <b'Intel(R) UHD Graphics 630'>
2024-06-20 19:33:15,283 : kivy : GL: OpenGL parsed version: 4, 6
2024-06-20 19:33:15,283 : kivy : GL: Shading version <b'4.60 - Build 30.0.101.3111'>
2024-06-20 19:33:15,283 : kivy : GL: Texture max size <16384>
2024-06-20 19:33:15,283 : kivy : GL: Texture max units <32>
2024-06-20 19:33:15,321 : kivy : Window: auto add sdl2 input provider
2024-06-20 19:33:15,321 : kivy : Window: virtual keyboard not allowed, single mode, not docked
2024-06-20 19:33:15,328 : SoundSystem : SoundSystem: Using default 'sound_system' settings
2024-06-20 19:33:15,763 : AudioInterface : Initialized
2024-06-20 19:33:15,763 : AudioInterface : Loaded SDL 2.26.4
2024-06-20 19:33:15,763 : AudioInterface : Loaded SDL_Mixer 2.6.3
2024-06-20 19:33:15,763 : AudioInterface : Loaded GStreamer 1.18.5.0
2024-06-20 19:33:15,763 : AudioInterface : Loaded GLib 2.62.6
2024-06-20 19:33:15,763 : AudioInterface : Settings requested - rate: 44100, channels: 1, buffer: 2048 samples
2024-06-20 19:33:15,763 : AudioInterface : Settings in use - rate: 44100, channels: 1, buffer: 2048 samples (4096 bytes @ 2 bytes per sample)
2024-06-20 19:33:15,763 : SoundSystem : No audio tracks are specified in your machine config file. a track named 'default' has been created.
2024-06-20 19:33:15,763 : SoundSystem : Setting master volume to 0.0
2024-06-20 19:33:15,764 : AudioInterface : Enabling audio playback
2024-06-20 19:33:15,765 : kivy : Base: Start application main loop
2024-06-20 19:33:15,766 : EventManager : Event: ======'display_window_initialized'====== Args={}
2024-06-20 19:33:15,779 : mpfmc : Display: Setting 'window' as default display
2024-06-20 19:33:15,784 : mpfmc : ASPECT RATIO MISMATCH: The on-screen window is not the same aspect ratio as the display called 'window'. The logical display will be scaled from 1920x1080 to the window size 800x600, and a black bar will make up the difference
2024-06-20 19:33:15,785 : EventManager : Event: ======'displays_initialized'====== Args={}
2024-06-20 19:33:15,786 : EventManager : Event: ======'slide_window_blank_created'====== Args={}
2024-06-20 19:33:15,786 : EventManager : Event: ======'display_window_ready'====== Args={}
2024-06-20 19:33:15,795 : EventManager : Event: ======'init_phase_1'====== Args={}
2024-06-20 19:33:15,800 : EventManager : Event: ======'mc_ready'====== Args={}
2024-06-20 19:33:15,800 : EventManager : Event: ======'init_phase_2'====== Args={}
2024-06-20 19:33:15,802 : EventManager : Event: ======'init_phase_3'====== Args={}
2024-06-20 19:33:15,802 : EventManager : Event: ======'init_phase_4'====== Args={}
2024-06-20 19:33:15,802 : EventManager : Event: ======'init_phase_5'====== Args={}
2024-06-20 19:33:15,802 : EventManager : Event: ======'init_done'====== Args={}
2024-06-20 19:33:15,802 : MPF-MC BCP Server : Starting up on localhost port 5050
2024-06-20 19:33:15,806 : MPF-MC BCP Server : Waiting for a connection...
2024-06-20 19:33:15,809 : kivy : GL: NPOT texture support is available
2024-06-20 19:33:15,810 : EventManager : Event: ======'slide_welcome_slide_created'====== Args={}
2024-06-20 19:33:15,814 : EventManager : Event: ======'slide_welcome_slide_active'====== Args={}
2024-06-20 19:33:15,818 : EventManager : Event: ======'client_disconnected'====== Args={'host': '127.0.0.1', 'port': 5050}
2024-06-20 19:33:16,815 : MPF-MC BCP Server : Received connection from: 127.0.0.1:61117
2024-06-20 19:33:16,816 : EventManager : Event: ======'client_connected'====== Args={'host': '127.0.0.1', 'port': 61117}
2024-06-20 19:33:16,919 : EventManager : Event: ======'machine_var_credits_string'====== Args={'value': 'FREE PLAY', 'prev_value': None, 'change': True}
2024-06-20 19:33:16,919 : EventManager : Event: ======'machine_var_master_volume'====== Args={'value': 0.5, 'prev_value': None, 'change': True}
2024-06-20 19:33:16,919 : EventManager : Event: ======'machine_var_player1_score'====== Args={'value': 0, 'prev_value': None, 'change': True}
2024-06-20 19:33:16,919 : EventManager : Event: ======'machine_var_mpf_version'====== Args={'value': 'Mission Pinball Framework v0.57.1', 'prev_value': None, 'change': True}
2024-06-20 19:33:16,919 : EventManager : Event: ======'machine_var_mpf_extended_version'====== Args={'value': 'Mission Pinball Framework v0.57.1, Config version:6, Show version: 6, BCP version:1.1', 'prev_value': None, 'change': True}
2024-06-20 19:33:16,919 : EventManager : Event: ======'machine_var_python_version'====== Args={'value': '3.11.9', 'prev_value': None, 'change': True}
2024-06-20 19:33:16,919 : EventManager : Event: ======'machine_var_platform'====== Args={'value': 'Windows-10-10.0.22631-SP0', 'prev_value': None, 'change': True}
2024-06-20 19:33:16,919 : EventManager : Event: ======'machine_var_platform_system'====== Args={'value': 'Windows', 'prev_value': None, 'change': True}
2024-06-20 19:33:16,919 : EventManager : Event: ======'machine_var_platform_release'====== Args={'value': '10', 'prev_value': None, 'change': True}
2024-06-20 19:33:16,919 : EventManager : Event: ======'machine_var_platform_version'====== Args={'value': '10.0.22631', 'prev_value': None, 'change': True}
2024-06-20 19:33:16,919 : EventManager : Event: ======'machine_var_platform_machine'====== Args={'value': 'AMD64', 'prev_value': None, 'change': True}
2024-06-20 19:33:16,919 : EventManager : Event: ======'machine_var_mc_version'====== Args={'value': 'MPF-MC v0.57.0', 'prev_value': None, 'change': True}
2024-06-20 19:33:16,919 : EventManager : Event: ======'machine_var_mc_extended_version'====== Args={'value': 'MPF-MC v0.57.0 (config_version=6, BCP v1.1,                      Requires MPF API compatibility v0.57.0 or newer)', 'prev_value': None, 'change': True}
2024-06-20 19:33:16,919 : EventManager : Event: ======'machine_var_credits_string'====== Args={'value': 'FREE PLAY', 'prev_value': None, 'change': True}
2024-06-20 19:33:16,919 : EventManager : Event: ======'machine_var_master_volume'====== Args={'value': 0.5, 'prev_value': None, 'change': True}
2024-06-20 19:33:16,919 : EventManager : Event: ======'machine_var_player1_score'====== Args={'value': 0, 'prev_value': None, 'change': True}
2024-06-20 19:33:16,919 : EventManager : Event: ======'machine_var_mpf_version'====== Args={'value': 'Mission Pinball Framework v0.57.1', 'prev_value': None, 'change': True}
2024-06-20 19:33:16,919 : EventManager : Event: ======'machine_var_mpf_extended_version'====== Args={'value': 'Mission Pinball Framework v0.57.1, Config version:6, Show version: 6, BCP version:1.1', 'prev_value': None, 'change': True}
2024-06-20 19:33:16,919 : EventManager : Event: ======'machine_var_python_version'====== Args={'value': '3.11.9', 'prev_value': None, 'change': True}
2024-06-20 19:33:16,919 : EventManager : Event: ======'machine_var_platform'====== Args={'value': 'Windows-10-10.0.22631-SP0', 'prev_value': None, 'change': True}
2024-06-20 19:33:16,919 : EventManager : Event: ======'machine_var_platform_system'====== Args={'value': 'Windows', 'prev_value': None, 'change': True}
2024-06-20 19:33:16,919 : EventManager : Event: ======'machine_var_platform_release'====== Args={'value': '10', 'prev_value': None, 'change': True}
2024-06-20 19:33:16,919 : EventManager : Event: ======'machine_var_platform_version'====== Args={'value': '10.0.22631', 'prev_value': None, 'change': True}
2024-06-20 19:33:16,919 : EventManager : Event: ======'machine_var_platform_machine'====== Args={'value': 'AMD64', 'prev_value': None, 'change': True}
2024-06-20 19:33:16,920 : EventManager : Event: ======'machine_var_mc_version'====== Args={'value': 'MPF-MC v0.57.0', 'prev_value': None, 'change': True}
2024-06-20 19:33:16,920 : EventManager : Event: ======'machine_var_mc_extended_version'====== Args={'value': 'MPF-MC v0.57.0 (config_version=6, BCP v1.1,                      Requires MPF API compatibility v0.57.0 or newer)', 'prev_value': None, 'change': True}
2024-06-20 19:33:16,920 : EventManager : Event: ======'machine_var_credits_string'====== Args={'value': 'FREE PLAY', 'prev_value': None, 'change': True}
2024-06-20 19:33:16,920 : EventManager : Event: ======'machine_var_master_volume'====== Args={'value': 0.5, 'prev_value': None, 'change': True}
2024-06-20 19:33:16,920 : EventManager : Event: ======'machine_var_player1_score'====== Args={'value': 0, 'prev_value': None, 'change': True}
2024-06-20 19:33:16,920 : EventManager : Event: ======'machine_var_mpf_version'====== Args={'value': 'Mission Pinball Framework v0.57.1', 'prev_value': None, 'change': True}
2024-06-20 19:33:16,920 : EventManager : Event: ======'machine_var_mpf_extended_version'====== Args={'value': 'Mission Pinball Framework v0.57.1, Config version:6, Show version: 6, BCP version:1.1', 'prev_value': None, 'change': True}
2024-06-20 19:33:16,920 : EventManager : Event: ======'machine_var_python_version'====== Args={'value': '3.11.9', 'prev_value': None, 'change': True}
2024-06-20 19:33:16,920 : EventManager : Event: ======'machine_var_platform'====== Args={'value': 'Windows-10-10.0.22631-SP0', 'prev_value': None, 'change': True}
2024-06-20 19:33:16,920 : EventManager : Event: ======'machine_var_platform_system'====== Args={'value': 'Windows', 'prev_value': None, 'change': True}
2024-06-20 19:33:16,920 : EventManager : Event: ======'machine_var_platform_release'====== Args={'value': '10', 'prev_value': None, 'change': True}
2024-06-20 19:33:16,920 : EventManager : Event: ======'machine_var_platform_version'====== Args={'value': '10.0.22631', 'prev_value': None, 'change': True}
2024-06-20 19:33:16,920 : EventManager : Event: ======'machine_var_platform_machine'====== Args={'value': 'AMD64', 'prev_value': None, 'change': True}
2024-06-20 19:33:16,920 : EventManager : Event: ======'machine_var_mc_version'====== Args={'value': 'MPF-MC v0.57.0', 'prev_value': None, 'change': True}
2024-06-20 19:33:16,920 : EventManager : Event: ======'machine_var_mc_extended_version'====== Args={'value': 'MPF-MC v0.57.0 (config_version=6, BCP v1.1,                      Requires MPF API compatibility v0.57.0 or newer)', 'prev_value': None, 'change': True}
2024-06-20 19:33:16,920 : EventManager : Event: ======'machine_var_credits_string'====== Args={'value': 'FREE PLAY', 'prev_value': None, 'change': True}
2024-06-20 19:33:16,920 : EventManager : Event: ======'machine_var_master_volume'====== Args={'value': 0.5, 'prev_value': None, 'change': True}
2024-06-20 19:33:16,920 : EventManager : Event: ======'machine_var_player1_score'====== Args={'value': 0, 'prev_value': None, 'change': True}
2024-06-20 19:33:16,920 : EventManager : Event: ======'machine_var_mpf_version'====== Args={'value': 'Mission Pinball Framework v0.57.1', 'prev_value': None, 'change': True}
2024-06-20 19:33:16,920 : EventManager : Event: ======'machine_var_mpf_extended_version'====== Args={'value': 'Mission Pinball Framework v0.57.1, Config version:6, Show version: 6, BCP version:1.1', 'prev_value': None, 'change': True}
2024-06-20 19:33:16,921 : EventManager : Event: ======'machine_var_python_version'====== Args={'value': '3.11.9', 'prev_value': None, 'change': True}
2024-06-20 19:33:16,921 : EventManager : Event: ======'machine_var_platform'====== Args={'value': 'Windows-10-10.0.22631-SP0', 'prev_value': None, 'change': True}
2024-06-20 19:33:16,921 : EventManager : Event: ======'machine_var_platform_system'====== Args={'value': 'Windows', 'prev_value': None, 'change': True}
2024-06-20 19:33:16,921 : EventManager : Event: ======'machine_var_platform_release'====== Args={'value': '10', 'prev_value': None, 'change': True}
2024-06-20 19:33:16,921 : EventManager : Event: ======'machine_var_platform_version'====== Args={'value': '10.0.22631', 'prev_value': None, 'change': True}
2024-06-20 19:33:16,921 : EventManager : Event: ======'machine_var_platform_machine'====== Args={'value': 'AMD64', 'prev_value': None, 'change': True}
2024-06-20 19:33:16,921 : EventManager : Event: ======'machine_var_mc_version'====== Args={'value': 'MPF-MC v0.57.0', 'prev_value': None, 'change': True}
2024-06-20 19:33:16,921 : EventManager : Event: ======'machine_var_mc_extended_version'====== Args={'value': 'MPF-MC v0.57.0 (config_version=6, BCP v1.1,                      Requires MPF API compatibility v0.57.0 or newer)', 'prev_value': None, 'change': True}
2024-06-20 19:33:16,921 : SoundSystem : Setting master volume to 0.5
2024-06-20 19:33:16,921 : SoundSystem : Setting master volume to 0.5
2024-06-20 19:33:16,921 : SoundSystem : Setting master volume to 0.5
2024-06-20 19:33:16,921 : SoundSystem : Setting master volume to 0.5
2024-06-20 19:33:16,930 : mpfmc : Stopping...
2024-06-20 19:33:16,930 : EventManager : Event: ======'shutdown'====== Args={}
2024-06-20 19:33:16,930 : AudioInterface : Disabling audio playback
2024-06-20 19:33:17,054 : mpfmc : Loop rate 71.37 Hz
2024-06-20 19:33:17,054 : kivy : Base: Leaving application in progress...
2024-06-20 19:33:17,066 : mpfmc : Stopping...
2024-06-20 19:33:17,066 : EventManager : Event: ======'shutdown'====== Args={}
2024-06-20 19:33:17,066 : mpfmc : Loop rate 71.45 Hz
2024-06-20 19:33:17,066 : root : MC run loop ended.
2024-06-20 19:33:17,066 : root : Stopping child threads... (2 remaining)
2024-06-20 19:33:17,818 : MPF-MC BCP Server : Stopping BCP sending thread
2024-06-20 19:33:17,870 : root : All child threads stopped.
