2024-06-17 19:26:58,157 : kivy : deps: Successfully imported "kivy_deps.gstreamer" 0.3.3
2024-06-17 19:26:58,157 : kivy : deps: Successfully imported "kivy_deps.angle" 0.3.3
2024-06-17 19:26:58,157 : kivy : deps: Successfully imported "kivy_deps.glew" 0.3.1
2024-06-17 19:26:58,157 : kivy : deps: Successfully imported "kivy_deps.sdl2" 0.6.0
2024-06-17 19:26:58,157 : kivy : Kivy: v2.2.1
2024-06-17 19:26:58,157 : kivy : Kivy: Installed at "C:\Users\lisas\AppData\Local\Packages\PythonSoftwareFoundation.Python.3.11_qbz5n2kfra8p0\LocalCache\local-packages\Python311\site-packages\kivy\__init__.py"
2024-06-17 19:26:58,157 : kivy : Python: v3.11.9 (tags/v3.11.9:de54cf5, Apr  2 2024, 10:12:12) [MSC v.1938 64 bit (AMD64)]
2024-06-17 19:26:58,157 : kivy : Python: Interpreter at "C:\Users\lisas\AppData\Local\Microsoft\WindowsApps\PythonSoftwareFoundation.Python.3.11_qbz5n2kfra8p0\python.exe"
2024-06-17 19:26:58,173 : kivy : Factory: 190 symbols loaded
2024-06-17 19:26:58,288 : kivy : ImageLoaderFFPy: Using ffpyplayer 4.5.1
2024-06-17 19:26:58,288 : kivy : Image: Providers: img_tex, img_dds, img_sdl2, img_pil, img_ffpyplayer 
2024-06-17 19:26:58,915 : kivy : VideoGstplayer: Using Gstreamer 1.18.5.0
2024-06-17 19:26:58,916 : kivy : Video: Provider: gstplayer
2024-06-17 19:26:58,943 : root : Loading MPF-MC controller
2024-06-17 19:26:58,947 : YamlMultifileConfigLoader : Machine config file #1: config
2024-06-17 19:26:58,947 : ConfigProcessor : Config file in cache changed: C:\pinball\greatest_showman\config\config
2024-06-17 19:26:58,947 : ConfigProcessor : Loading config from file C:\Users\lisas\AppData\Local\Packages\PythonSoftwareFoundation.Python.3.11_qbz5n2kfra8p0\LocalCache\local-packages\Python311\site-packages\mpfmc\mcconfig.yaml.
2024-06-17 19:26:58,954 : ConfigProcessor : Loading config: C:\Users\lisas\AppData\Local\Packages\PythonSoftwareFoundation.Python.3.11_qbz5n2kfra8p0\LocalCache\local-packages\Python311\site-packages\mpfmc\mcconfig.yaml
2024-06-17 19:26:58,954 : ConfigProcessor : Loading config from file C:\pinball\greatest_showman\config\config.
2024-06-17 19:26:58,956 : ConfigProcessor : Loading config: C:\pinball\greatest_showman\config\config
2024-06-17 19:26:58,957 : ConfigProcessor : Config file cache created: C:\Users\lisas\AppData\Local\Temp\05e162f6648be6f618b4139facd4413e.mpf_cache
2024-06-17 19:26:58,957 : ConfigProcessor : Loading config from cache: C:\Users\lisas\AppData\Local\Temp\59e27ec4283b25a8181e590d80956807.mpf_cache
2024-06-17 19:26:58,958 : ConfigProcessor : Loading config from cache: C:\Users\lisas\AppData\Local\Temp\6bac8aad2a108e0027ae5775410f0221.mpf_cache
2024-06-17 19:26:58,959 : mpfmc : Mission Pinball Framework Media Controller (MPF-MC) v0.57.0. Requires MPF v0.57.0 or newer.
2024-06-17 19:26:58,959 : mpfmc : Found MPF v0.57.1
2024-06-17 19:26:58,959 : mpfmc : Machine path: C:\pinball\greatest_showman
2024-06-17 19:26:58,960 : mpfmc : Starting clock at 60.0Hz
2024-06-17 19:26:58,973 : kivy : Text: Provider: sdl2
2024-06-17 19:26:59,013 : kivy : Window: Provider: sdl2
2024-06-17 19:26:59,132 : kivy : GL: Using the "OpenGL" graphics system
2024-06-17 19:26:59,134 : kivy : GL: GLEW initialization succeeded
2024-06-17 19:26:59,134 : kivy : GL: Backend used <glew>
2024-06-17 19:26:59,134 : kivy : GL: OpenGL version <b'4.6.0 - Build 30.0.101.3111'>
2024-06-17 19:26:59,134 : kivy : GL: OpenGL vendor <b'Intel'>
2024-06-17 19:26:59,135 : kivy : GL: OpenGL renderer <b'Intel(R) UHD Graphics 630'>
2024-06-17 19:26:59,135 : kivy : GL: OpenGL parsed version: 4, 6
2024-06-17 19:26:59,135 : kivy : GL: Shading version <b'4.60 - Build 30.0.101.3111'>
2024-06-17 19:26:59,135 : kivy : GL: Texture max size <16384>
2024-06-17 19:26:59,135 : kivy : GL: Texture max units <32>
2024-06-17 19:26:59,185 : kivy : Window: auto add sdl2 input provider
2024-06-17 19:26:59,186 : kivy : Window: virtual keyboard not allowed, single mode, not docked
2024-06-17 19:26:59,194 : SoundSystem : SoundSystem: Using default 'sound_system' settings
2024-06-17 19:26:59,695 : AudioInterface : Initialized
2024-06-17 19:26:59,696 : AudioInterface : Loaded SDL 2.26.4
2024-06-17 19:26:59,696 : AudioInterface : Loaded SDL_Mixer 2.6.3
2024-06-17 19:26:59,696 : AudioInterface : Loaded GStreamer 1.18.5.0
2024-06-17 19:26:59,696 : AudioInterface : Loaded GLib 2.62.6
2024-06-17 19:26:59,696 : AudioInterface : Settings requested - rate: 44100, channels: 1, buffer: 2048 samples
2024-06-17 19:26:59,696 : AudioInterface : Settings in use - rate: 44100, channels: 1, buffer: 2048 samples (4096 bytes @ 2 bytes per sample)
2024-06-17 19:26:59,697 : SoundSystem : No audio tracks are specified in your machine config file. a track named 'default' has been created.
2024-06-17 19:26:59,697 : SoundSystem : Setting master volume to 0.0
2024-06-17 19:26:59,697 : AudioInterface : Enabling audio playback
2024-06-17 19:26:59,699 : kivy : Base: Start application main loop
2024-06-17 19:26:59,699 : EventManager : Event: ======'display_default_initialized'====== Args={}
2024-06-17 19:26:59,715 : mpfmc : Display: Setting 'default' as default display
2024-06-17 19:26:59,719 : EventManager : Event: ======'displays_initialized'====== Args={}
2024-06-17 19:26:59,720 : EventManager : Event: ======'slide_default_blank_created'====== Args={}
2024-06-17 19:26:59,721 : EventManager : Event: ======'display_default_ready'====== Args={}
2024-06-17 19:26:59,730 : EventManager : Event: ======'init_phase_1'====== Args={}
2024-06-17 19:26:59,732 : EventManager : Event: ======'mc_ready'====== Args={}
2024-06-17 19:26:59,733 : EventManager : Event: ======'init_phase_2'====== Args={}
2024-06-17 19:26:59,734 : EventManager : Event: ======'init_phase_3'====== Args={}
2024-06-17 19:26:59,735 : EventManager : Event: ======'init_phase_4'====== Args={}
2024-06-17 19:26:59,735 : EventManager : Event: ======'init_phase_5'====== Args={}
2024-06-17 19:26:59,735 : EventManager : Event: ======'init_done'====== Args={}
2024-06-17 19:26:59,735 : MPF-MC BCP Server : Starting up on localhost port 5050
2024-06-17 19:26:59,739 : MPF-MC BCP Server : Waiting for a connection...
2024-06-17 19:26:59,746 : EventManager : Event: ======'client_disconnected'====== Args={'host': '127.0.0.1', 'port': 5050}
2024-06-17 19:27:11,602 : kivy : Base: Leaving application in progress...
2024-06-17 19:27:11,602 : mpfmc : Stopping...
2024-06-17 19:27:11,602 : EventManager : Event: ======'shutdown'====== Args={}
2024-06-17 19:27:11,603 : AudioInterface : Disabling audio playback
2024-06-17 19:27:11,768 : MPF-MC BCP Server : Stopping BCP sending thread
2024-06-17 19:27:11,768 : mpfmc : Loop rate 77.97 Hz
2024-06-17 19:27:11,768 : MPF-MC BCP Server : Stopping BCP listener thread
2024-06-17 19:27:11,769 : root : MC run loop ended.
2024-06-17 19:27:11,770 : root : Stopping child threads... (1 remaining)
2024-06-17 19:27:11,871 : root : All child threads stopped.
