2024-06-20 20:20:05,758 : kivy : deps: Successfully imported "kivy_deps.gstreamer" 0.3.3
2024-06-20 20:20:05,758 : kivy : deps: Successfully imported "kivy_deps.angle" 0.3.3
2024-06-20 20:20:05,758 : kivy : deps: Successfully imported "kivy_deps.glew" 0.3.1
2024-06-20 20:20:05,758 : kivy : deps: Successfully imported "kivy_deps.sdl2" 0.6.0
2024-06-20 20:20:05,758 : kivy : Kivy: v2.2.1
2024-06-20 20:20:05,758 : kivy : Kivy: Installed at "C:\Users\lisas\AppData\Local\Packages\PythonSoftwareFoundation.Python.3.11_qbz5n2kfra8p0\LocalCache\local-packages\Python311\site-packages\kivy\__init__.py"
2024-06-20 20:20:05,774 : kivy : Python: v3.11.9 (tags/v3.11.9:de54cf5, Apr  2 2024, 10:12:12) [MSC v.1938 64 bit (AMD64)]
2024-06-20 20:20:05,774 : kivy : Python: Interpreter at "C:\Users\lisas\AppData\Local\Microsoft\WindowsApps\PythonSoftwareFoundation.Python.3.11_qbz5n2kfra8p0\python.exe"
2024-06-20 20:20:05,775 : kivy : Factory: 190 symbols loaded
2024-06-20 20:20:05,907 : kivy : ImageLoaderFFPy: Using ffpyplayer 4.5.1
2024-06-20 20:20:05,907 : kivy : Image: Providers: img_tex, img_dds, img_sdl2, img_pil, img_ffpyplayer 
2024-06-20 20:20:06,548 : kivy : VideoGstplayer: Using Gstreamer 1.18.5.0
2024-06-20 20:20:06,548 : kivy : Video: Provider: gstplayer
2024-06-20 20:20:06,572 : root : Loading MPF-MC controller
2024-06-20 20:20:06,574 : YamlMultifileConfigLoader : Machine config file #1: config
2024-06-20 20:20:06,574 : ConfigProcessor : Config file in cache changed: C:\pinball\greatest_showman\config\config
2024-06-20 20:20:06,575 : ConfigProcessor : Loading config from file C:\Users\lisas\AppData\Local\Packages\PythonSoftwareFoundation.Python.3.11_qbz5n2kfra8p0\LocalCache\local-packages\Python311\site-packages\mpfmc\mcconfig.yaml.
2024-06-20 20:20:06,580 : ConfigProcessor : Loading config: C:\Users\lisas\AppData\Local\Packages\PythonSoftwareFoundation.Python.3.11_qbz5n2kfra8p0\LocalCache\local-packages\Python311\site-packages\mpfmc\mcconfig.yaml
2024-06-20 20:20:06,581 : ConfigProcessor : Loading config from file C:\pinball\greatest_showman\config\config.
2024-06-20 20:20:06,583 : ConfigProcessor : Loading config: C:\pinball\greatest_showman\config\config
2024-06-20 20:20:06,584 : ConfigProcessor : Config file cache created: C:\Users\lisas\AppData\Local\Temp\05e162f6648be6f618b4139facd4413e.mpf_cache
2024-06-20 20:20:06,585 : ConfigProcessor : Loading config from cache: C:\Users\lisas\AppData\Local\Temp\59e27ec4283b25a8181e590d80956807.mpf_cache
2024-06-20 20:20:06,585 : ConfigProcessor : Loading config from cache: C:\Users\lisas\AppData\Local\Temp\6bac8aad2a108e0027ae5775410f0221.mpf_cache
2024-06-20 20:20:06,586 : mpfmc : Mission Pinball Framework Media Controller (MPF-MC) v0.57.0. Requires MPF v0.57.0 or newer.
2024-06-20 20:20:06,586 : mpfmc : Found MPF v0.57.1
2024-06-20 20:20:06,586 : mpfmc : Machine path: C:\pinball\greatest_showman
2024-06-20 20:20:06,586 : mpfmc : Starting clock at 60.0Hz
2024-06-20 20:20:06,598 : kivy : Text: Provider: sdl2
2024-06-20 20:20:06,631 : kivy : Window: Provider: sdl2
2024-06-20 20:20:06,751 : kivy : GL: Using the "OpenGL" graphics system
2024-06-20 20:20:06,752 : kivy : GL: GLEW initialization succeeded
2024-06-20 20:20:06,754 : kivy : GL: Backend used <glew>
2024-06-20 20:20:06,754 : kivy : GL: OpenGL version <b'4.6.0 - Build 30.0.101.3111'>
2024-06-20 20:20:06,754 : kivy : GL: OpenGL vendor <b'Intel'>
2024-06-20 20:20:06,754 : kivy : GL: OpenGL renderer <b'Intel(R) UHD Graphics 630'>
2024-06-20 20:20:06,754 : kivy : GL: OpenGL parsed version: 4, 6
2024-06-20 20:20:06,754 : kivy : GL: Shading version <b'4.60 - Build 30.0.101.3111'>
2024-06-20 20:20:06,754 : kivy : GL: Texture max size <16384>
2024-06-20 20:20:06,755 : kivy : GL: Texture max units <32>
2024-06-20 20:20:06,800 : kivy : Window: auto add sdl2 input provider
2024-06-20 20:20:06,801 : kivy : Window: virtual keyboard not allowed, single mode, not docked
2024-06-20 20:20:06,807 : SoundSystem : SoundSystem: Using default 'sound_system' settings
2024-06-20 20:20:07,281 : AudioInterface : Initialized
2024-06-20 20:20:07,281 : AudioInterface : Loaded SDL 2.26.4
2024-06-20 20:20:07,281 : AudioInterface : Loaded SDL_Mixer 2.6.3
2024-06-20 20:20:07,281 : AudioInterface : Loaded GStreamer 1.18.5.0
2024-06-20 20:20:07,282 : AudioInterface : Loaded GLib 2.62.6
2024-06-20 20:20:07,282 : AudioInterface : Settings requested - rate: 44100, channels: 1, buffer: 2048 samples
2024-06-20 20:20:07,282 : AudioInterface : Settings in use - rate: 44100, channels: 1, buffer: 2048 samples (4096 bytes @ 2 bytes per sample)
2024-06-20 20:20:07,282 : SoundSystem : No audio tracks are specified in your machine config file. a track named 'default' has been created.
2024-06-20 20:20:07,282 : SoundSystem : Setting master volume to 0.0
2024-06-20 20:20:07,282 : AudioInterface : Enabling audio playback
2024-06-20 20:20:07,284 : kivy : Base: Start application main loop
2024-06-20 20:20:07,284 : EventManager : Event: ======'display_window_initialized'====== Args={}
2024-06-20 20:20:07,297 : mpfmc : Display: Setting 'window' as default display
2024-06-20 20:20:07,304 : mpfmc : ASPECT RATIO MISMATCH: The on-screen window is not the same aspect ratio as the display called 'window'. The logical display will be scaled from 1920x1080 to the window size 800x600, and a black bar will make up the difference
2024-06-20 20:20:07,306 : EventManager : Event: ======'displays_initialized'====== Args={}
2024-06-20 20:20:07,307 : EventManager : Event: ======'slide_window_blank_created'====== Args={}
2024-06-20 20:20:07,308 : EventManager : Event: ======'display_window_ready'====== Args={}
2024-06-20 20:20:07,316 : EventManager : Event: ======'init_phase_1'====== Args={}
2024-06-20 20:20:07,319 : EventManager : Event: ======'mc_ready'====== Args={}
2024-06-20 20:20:07,319 : EventManager : Event: ======'init_phase_2'====== Args={}
2024-06-20 20:20:07,320 : EventManager : Event: ======'init_phase_3'====== Args={}
2024-06-20 20:20:07,321 : EventManager : Event: ======'init_phase_4'====== Args={}
2024-06-20 20:20:07,321 : EventManager : Event: ======'init_phase_5'====== Args={}
2024-06-20 20:20:07,321 : EventManager : Event: ======'init_done'====== Args={}
2024-06-20 20:20:07,321 : MPF-MC BCP Server : Starting up on localhost port 5050
2024-06-20 20:20:07,325 : MPF-MC BCP Server : Waiting for a connection...
2024-06-20 20:20:07,328 : kivy : GL: NPOT texture support is available
2024-06-20 20:20:07,330 : EventManager : Event: ======'slide_welcome_slide_created'====== Args={}
2024-06-20 20:20:07,333 : EventManager : Event: ======'slide_welcome_slide_active'====== Args={}
2024-06-20 20:20:07,339 : EventManager : Event: ======'client_disconnected'====== Args={'host': '127.0.0.1', 'port': 5050}
2024-06-20 20:20:08,302 : MPF-MC BCP Server : Received connection from: 127.0.0.1:62736
2024-06-20 20:20:08,307 : EventManager : Event: ======'client_connected'====== Args={'host': '127.0.0.1', 'port': 62736}
2024-06-20 20:20:08,383 : EventManager : Event: ======'machine_var_credits_string'====== Args={'value': 'FREE PLAY', 'prev_value': None, 'change': True}
2024-06-20 20:20:08,384 : EventManager : Event: ======'machine_var_master_volume'====== Args={'value': 0.5, 'prev_value': None, 'change': True}
2024-06-20 20:20:08,384 : EventManager : Event: ======'machine_var_player1_score'====== Args={'value': 0, 'prev_value': None, 'change': True}
2024-06-20 20:20:08,384 : EventManager : Event: ======'machine_var_mpf_version'====== Args={'value': 'Mission Pinball Framework v0.57.1', 'prev_value': None, 'change': True}
2024-06-20 20:20:08,384 : EventManager : Event: ======'machine_var_mpf_extended_version'====== Args={'value': 'Mission Pinball Framework v0.57.1, Config version:6, Show version: 6, BCP version:1.1', 'prev_value': None, 'change': True}
2024-06-20 20:20:08,384 : EventManager : Event: ======'machine_var_python_version'====== Args={'value': '3.11.9', 'prev_value': None, 'change': True}
2024-06-20 20:20:08,384 : EventManager : Event: ======'machine_var_platform'====== Args={'value': 'Windows-10-10.0.22631-SP0', 'prev_value': None, 'change': True}
2024-06-20 20:20:08,384 : EventManager : Event: ======'machine_var_platform_system'====== Args={'value': 'Windows', 'prev_value': None, 'change': True}
2024-06-20 20:20:08,384 : EventManager : Event: ======'machine_var_platform_release'====== Args={'value': '10', 'prev_value': None, 'change': True}
2024-06-20 20:20:08,384 : EventManager : Event: ======'machine_var_platform_version'====== Args={'value': '10.0.22631', 'prev_value': None, 'change': True}
2024-06-20 20:20:08,384 : EventManager : Event: ======'machine_var_platform_machine'====== Args={'value': 'AMD64', 'prev_value': None, 'change': True}
2024-06-20 20:20:08,384 : EventManager : Event: ======'machine_var_mc_version'====== Args={'value': 'MPF-MC v0.57.0', 'prev_value': None, 'change': True}
2024-06-20 20:20:08,384 : EventManager : Event: ======'machine_var_mc_extended_version'====== Args={'value': 'MPF-MC v0.57.0 (config_version=6, BCP v1.1,                      Requires MPF API compatibility v0.57.0 or newer)', 'prev_value': None, 'change': True}
2024-06-20 20:20:08,384 : EventManager : Event: ======'machine_var_credits_string'====== Args={'value': 'FREE PLAY', 'prev_value': None, 'change': True}
2024-06-20 20:20:08,384 : EventManager : Event: ======'machine_var_master_volume'====== Args={'value': 0.5, 'prev_value': None, 'change': True}
2024-06-20 20:20:08,385 : EventManager : Event: ======'machine_var_player1_score'====== Args={'value': 0, 'prev_value': None, 'change': True}
2024-06-20 20:20:08,385 : EventManager : Event: ======'machine_var_mpf_version'====== Args={'value': 'Mission Pinball Framework v0.57.1', 'prev_value': None, 'change': True}
2024-06-20 20:20:08,385 : EventManager : Event: ======'machine_var_mpf_extended_version'====== Args={'value': 'Mission Pinball Framework v0.57.1, Config version:6, Show version: 6, BCP version:1.1', 'prev_value': None, 'change': True}
2024-06-20 20:20:08,385 : EventManager : Event: ======'machine_var_python_version'====== Args={'value': '3.11.9', 'prev_value': None, 'change': True}
2024-06-20 20:20:08,385 : EventManager : Event: ======'machine_var_platform'====== Args={'value': 'Windows-10-10.0.22631-SP0', 'prev_value': None, 'change': True}
2024-06-20 20:20:08,385 : EventManager : Event: ======'machine_var_platform_system'====== Args={'value': 'Windows', 'prev_value': None, 'change': True}
2024-06-20 20:20:08,385 : EventManager : Event: ======'machine_var_platform_release'====== Args={'value': '10', 'prev_value': None, 'change': True}
2024-06-20 20:20:08,385 : EventManager : Event: ======'machine_var_platform_version'====== Args={'value': '10.0.22631', 'prev_value': None, 'change': True}
2024-06-20 20:20:08,385 : EventManager : Event: ======'machine_var_platform_machine'====== Args={'value': 'AMD64', 'prev_value': None, 'change': True}
2024-06-20 20:20:08,385 : EventManager : Event: ======'machine_var_mc_version'====== Args={'value': 'MPF-MC v0.57.0', 'prev_value': None, 'change': True}
2024-06-20 20:20:08,385 : EventManager : Event: ======'machine_var_mc_extended_version'====== Args={'value': 'MPF-MC v0.57.0 (config_version=6, BCP v1.1,                      Requires MPF API compatibility v0.57.0 or newer)', 'prev_value': None, 'change': True}
2024-06-20 20:20:08,385 : EventManager : Event: ======'machine_var_credits_string'====== Args={'value': 'FREE PLAY', 'prev_value': None, 'change': True}
2024-06-20 20:20:08,385 : EventManager : Event: ======'machine_var_master_volume'====== Args={'value': 0.5, 'prev_value': None, 'change': True}
2024-06-20 20:20:08,385 : EventManager : Event: ======'machine_var_player1_score'====== Args={'value': 0, 'prev_value': None, 'change': True}
2024-06-20 20:20:08,385 : EventManager : Event: ======'machine_var_mpf_version'====== Args={'value': 'Mission Pinball Framework v0.57.1', 'prev_value': None, 'change': True}
2024-06-20 20:20:08,385 : EventManager : Event: ======'machine_var_mpf_extended_version'====== Args={'value': 'Mission Pinball Framework v0.57.1, Config version:6, Show version: 6, BCP version:1.1', 'prev_value': None, 'change': True}
2024-06-20 20:20:08,385 : EventManager : Event: ======'machine_var_python_version'====== Args={'value': '3.11.9', 'prev_value': None, 'change': True}
2024-06-20 20:20:08,385 : EventManager : Event: ======'machine_var_platform'====== Args={'value': 'Windows-10-10.0.22631-SP0', 'prev_value': None, 'change': True}
2024-06-20 20:20:08,386 : EventManager : Event: ======'machine_var_platform_system'====== Args={'value': 'Windows', 'prev_value': None, 'change': True}
2024-06-20 20:20:08,386 : EventManager : Event: ======'machine_var_platform_release'====== Args={'value': '10', 'prev_value': None, 'change': True}
2024-06-20 20:20:08,386 : EventManager : Event: ======'machine_var_platform_version'====== Args={'value': '10.0.22631', 'prev_value': None, 'change': True}
2024-06-20 20:20:08,386 : EventManager : Event: ======'machine_var_platform_machine'====== Args={'value': 'AMD64', 'prev_value': None, 'change': True}
2024-06-20 20:20:08,386 : EventManager : Event: ======'machine_var_mc_version'====== Args={'value': 'MPF-MC v0.57.0', 'prev_value': None, 'change': True}
2024-06-20 20:20:08,386 : EventManager : Event: ======'machine_var_mc_extended_version'====== Args={'value': 'MPF-MC v0.57.0 (config_version=6, BCP v1.1,                      Requires MPF API compatibility v0.57.0 or newer)', 'prev_value': None, 'change': True}
2024-06-20 20:20:08,386 : EventManager : Event: ======'machine_var_credits_string'====== Args={'value': 'FREE PLAY', 'prev_value': None, 'change': True}
2024-06-20 20:20:08,386 : EventManager : Event: ======'machine_var_master_volume'====== Args={'value': 0.5, 'prev_value': None, 'change': True}
2024-06-20 20:20:08,386 : EventManager : Event: ======'machine_var_player1_score'====== Args={'value': 0, 'prev_value': None, 'change': True}
2024-06-20 20:20:08,386 : EventManager : Event: ======'machine_var_mpf_version'====== Args={'value': 'Mission Pinball Framework v0.57.1', 'prev_value': None, 'change': True}
2024-06-20 20:20:08,386 : EventManager : Event: ======'machine_var_mpf_extended_version'====== Args={'value': 'Mission Pinball Framework v0.57.1, Config version:6, Show version: 6, BCP version:1.1', 'prev_value': None, 'change': True}
2024-06-20 20:20:08,386 : EventManager : Event: ======'machine_var_python_version'====== Args={'value': '3.11.9', 'prev_value': None, 'change': True}
2024-06-20 20:20:08,386 : EventManager : Event: ======'machine_var_platform'====== Args={'value': 'Windows-10-10.0.22631-SP0', 'prev_value': None, 'change': True}
2024-06-20 20:20:08,386 : EventManager : Event: ======'machine_var_platform_system'====== Args={'value': 'Windows', 'prev_value': None, 'change': True}
2024-06-20 20:20:08,386 : EventManager : Event: ======'machine_var_platform_release'====== Args={'value': '10', 'prev_value': None, 'change': True}
2024-06-20 20:20:08,386 : EventManager : Event: ======'machine_var_platform_version'====== Args={'value': '10.0.22631', 'prev_value': None, 'change': True}
2024-06-20 20:20:08,386 : EventManager : Event: ======'machine_var_platform_machine'====== Args={'value': 'AMD64', 'prev_value': None, 'change': True}
2024-06-20 20:20:08,386 : EventManager : Event: ======'machine_var_mc_version'====== Args={'value': 'MPF-MC v0.57.0', 'prev_value': None, 'change': True}
2024-06-20 20:20:08,386 : EventManager : Event: ======'machine_var_mc_extended_version'====== Args={'value': 'MPF-MC v0.57.0 (config_version=6, BCP v1.1,                      Requires MPF API compatibility v0.57.0 or newer)', 'prev_value': None, 'change': True}
2024-06-20 20:20:08,387 : SoundSystem : Setting master volume to 0.5
2024-06-20 20:20:08,387 : SoundSystem : Setting master volume to 0.5
2024-06-20 20:20:08,387 : SoundSystem : Setting master volume to 0.5
2024-06-20 20:20:08,387 : SoundSystem : Setting master volume to 0.5
2024-06-20 20:20:08,409 : EventManager : Event: ======'machine_var_audits_events_game_ended'====== Args={'value': 1, 'prev_value': None, 'change': True}
2024-06-20 20:20:08,409 : EventManager : Event: ======'machine_var_audits_events_game_started'====== Args={'value': 1, 'prev_value': None, 'change': True}
2024-06-20 20:20:08,409 : EventManager : Event: ======'machine_var_audits_player_score'====== Args={'value': {'average': 0.0, 'top': [0], 'total': 1}, 'prev_value': None, 'change': True}
2024-06-20 20:20:08,409 : EventManager : Event: ======'machine_var_audits_switches_s_left_flipper'====== Args={'value': 63, 'prev_value': None, 'change': True}
2024-06-20 20:20:08,409 : EventManager : Event: ======'machine_var_audits_switches_s_left_flipper_eos'====== Args={'value': 0, 'prev_value': None, 'change': True}
2024-06-20 20:20:08,409 : EventManager : Event: ======'machine_var_audits_switches_s_plunger'====== Args={'value': 0, 'prev_value': None, 'change': True}
2024-06-20 20:20:08,409 : EventManager : Event: ======'machine_var_audits_switches_s_right_flipper'====== Args={'value': 63, 'prev_value': None, 'change': True}
2024-06-20 20:20:08,409 : EventManager : Event: ======'machine_var_audits_switches_s_right_flipper_eos'====== Args={'value': 0, 'prev_value': None, 'change': True}
2024-06-20 20:20:08,409 : EventManager : Event: ======'machine_var_audits_switches_s_right_inlane'====== Args={'value': 0, 'prev_value': None, 'change': True}
2024-06-20 20:20:08,409 : EventManager : Event: ======'machine_var_audits_switches_s_right_upper'====== Args={'value': 0, 'prev_value': None, 'change': True}
2024-06-20 20:20:08,409 : EventManager : Event: ======'machine_var_audits_switches_s_right_upper_eos'====== Args={'value': 0, 'prev_value': None, 'change': True}
2024-06-20 20:20:08,409 : EventManager : Event: ======'machine_var_audits_switches_s_start'====== Args={'value': 0, 'prev_value': None, 'change': True}
2024-06-20 20:20:08,409 : EventManager : Event: ======'machine_var_audits_switches_s_trough1'====== Args={'value': 11, 'prev_value': None, 'change': True}
2024-06-20 20:20:08,409 : EventManager : Event: ======'machine_var_audits_switches_s_trough2'====== Args={'value': 2, 'prev_value': None, 'change': True}
2024-06-20 20:20:08,409 : EventManager : Event: ======'machine_var_audits_switches_s_trough3'====== Args={'value': 1, 'prev_value': None, 'change': True}
2024-06-20 20:20:08,409 : EventManager : Event: ======'machine_var_audits_switches_s_trough4'====== Args={'value': 1, 'prev_value': None, 'change': True}
2024-06-20 20:20:08,409 : EventManager : Event: ======'machine_var_audits_switches_s_trough5'====== Args={'value': 1, 'prev_value': None, 'change': True}
2024-06-20 20:20:08,409 : EventManager : Event: ======'machine_var_audits_switches_s_trough6'====== Args={'value': 1, 'prev_value': None, 'change': True}
2024-06-20 20:20:08,409 : EventManager : Event: ======'machine_var_audits_switches_s_trough_jam'====== Args={'value': 0, 'prev_value': None, 'change': True}
2024-06-20 20:20:08,409 : EventManager : Event: ======'machine_var_audits_switches_s_right_upper_flipper'====== Args={'value': 0, 'prev_value': None, 'change': True}
2024-06-20 20:20:08,422 : EventManager : Event: ======'slides_play'====== Args={'settings': {'welcome_slide': {'target': None, 'background_color': [0.0, 0.0, 0.0, 1.0], 'priority': None, 'show': True, 'force': False, 'expire': None, 'slide': None, 'tokens': {}, 'action': 'play'}}, 'context': '_global', 'calling_context': 'init_done', 'priority': 0}
2024-06-20 20:20:08,422 : EventManager : Event: ======'mc_reset_phase_1'====== Args={}
2024-06-20 20:20:08,422 : EventManager : Event: ======'slide_welcome_slide_removed'====== Args={}
2024-06-20 20:20:08,424 : EventManager : Event: ======'slide_welcome_slide_created'====== Args={}
2024-06-20 20:20:08,424 : EventManager : Event: ======'mc_reset_phase_2'====== Args={}
2024-06-20 20:20:08,424 : EventManager : Event: ======'mc_reset_phase_3'====== Args={}
2024-06-20 20:20:08,424 : EventManager : Event: ======'mc_reset_complete'====== Args={}
2024-06-20 20:20:08,425 : EventManager : Event: ======'slide_welcome_slide_active'====== Args={}
2024-06-20 20:20:08,434 : EventManager : Event: ======'slides_play'====== Args={'settings': {'attract_started': {'target': None, 'background_color': [0.0, 0.0, 0.0, 1.0], 'priority': None, 'show': True, 'force': False, 'expire': None, 'slide': None, 'tokens': {}, 'action': 'play'}}, 'context': '_global', 'calling_context': 'mode_attract_started', 'priority': 0}
2024-06-20 20:20:08,436 : EventManager : Event: ======'slide_attract_started_created'====== Args={}
2024-06-20 20:20:08,436 : EventManager : Event: ======'slide_attract_started_active'====== Args={}
2024-06-20 20:20:11,812 : EventManager : Event: ======'game_started'====== Args={}
2024-06-20 20:20:11,825 : EventManager : Event: ======'player_added'====== Args={'player': <Player 1>, 'num': 1}
2024-06-20 20:20:11,825 : EventManager : Event: ======'player_index'====== Args={'value': 0, 'prev_value': 0, 'change': 0, 'player_num': 1}
2024-06-20 20:20:11,826 : EventManager : Event: ======'player_number'====== Args={'value': 1, 'prev_value': 1, 'change': 0, 'player_num': 1}
2024-06-20 20:20:11,826 : EventManager : Event: ======'player_score'====== Args={'value': 0, 'prev_value': 0, 'change': 0, 'player_num': 1}
2024-06-20 20:20:11,850 : EventManager : Event: ======'player_ball'====== Args={'value': 1, 'prev_value': 0, 'change': 1, 'player_num': 1}
2024-06-20 20:20:11,850 : EventManager : Event: ======'player_turn_start'====== Args={'number': 1, 'player': <Player 1>}
2024-06-20 20:20:11,850 : EventManager : Event: ======'slides_play'====== Args={'settings': {'widgets': {'widgets': [{'type': 'text', 'text': 'PLAYER (number) BALL (ball)', '_default_settings': ['type', 'text'], 'x': None, 'y': None, 'anchor_x': 'center', 'anchor_y': 'center', 'round_anchor_x': None, 'round_anchor_y': None, 'opacity': 1.0, 'z': 0, 'reset_animations_events': {}, 'color': [1.0, 1.0, 1.0, 1.0], 'style': [], 'adjust_top': 0, 'adjust_bottom': 0, 'adjust_left': 0, 'adjust_right': 0, 'expire': None, 'key': None, 'widget': None, 'events_when_added': [], 'events_when_removed': [], 'font_size': 15, 'bitmap_font': False, 'font_kerning': True, 'bold': False, 'italic': False, 'number_grouping': False, 'min_digits': 0, 'halign': 'center', 'valign': 'middle', 'rotation': 0, 'scale': 1.0, 'casing': None, 'outline_color': [1.0, 1.0, 1.0, 1.0], 'outline_width': 0, 'animations': None}], 'target': None, 'background_color': [0.0, 0.0, 0.0, 1.0], 'priority': None, 'show': True, 'force': False, 'expire': None, 'slide': None, 'tokens': {}, 'action': 'play'}}, 'context': '_global', 'calling_context': 'ball_started', 'priority': 0, 'player': 1, 'ball': 1, 'balls_remaining': 2, 'is_extra_ball': False}
2024-06-20 20:20:11,854 : EventManager : Event: ======'slide__global.slide_player-ball_started_created'====== Args={}
2024-06-20 20:20:11,855 : EventManager : Event: ======'slide__global.slide_player-ball_started_active'====== Args={}
2024-06-20 20:20:11,971 : EventManager : Event: ======'machine_var_audits_switches_s_plunger'====== Args={'value': 1, 'prev_value': 0, 'change': 1}
2024-06-20 20:20:31,864 : EventManager : Event: ======'machine_var_audits_switches_s_left_flipper'====== Args={'value': 64, 'prev_value': 63, 'change': 1}
2024-06-20 20:20:32,708 : EventManager : Event: ======'machine_var_audits_switches_s_left_flipper'====== Args={'value': 65, 'prev_value': 64, 'change': 1}
2024-06-20 20:20:33,285 : EventManager : Event: ======'machine_var_audits_switches_s_left_flipper'====== Args={'value': 66, 'prev_value': 65, 'change': 1}
2024-06-20 20:20:33,704 : EventManager : Event: ======'machine_var_audits_switches_s_right_flipper'====== Args={'value': 64, 'prev_value': 63, 'change': 1}
2024-06-20 20:20:34,171 : EventManager : Event: ======'machine_var_audits_switches_s_right_flipper'====== Args={'value': 65, 'prev_value': 64, 'change': 1}
2024-06-20 20:20:36,300 : EventManager : Event: ======'machine_var_audits_switches_s_plunger'====== Args={'value': 2, 'prev_value': 1, 'change': 1}
2024-06-20 20:20:37,861 : EventManager : Event: ======'machine_var_audits_switches_s_plunger'====== Args={'value': 3, 'prev_value': 2, 'change': 1}
2024-06-20 20:20:44,657 : EventManager : Event: ======'machine_var_audits_switches_s_trough1'====== Args={'value': 12, 'prev_value': 11, 'change': 1}
2024-06-20 20:20:45,171 : EventManager : Event: ======'player_ball'====== Args={'value': 2, 'prev_value': 1, 'change': 1, 'player_num': 1}
2024-06-20 20:20:45,183 : EventManager : Event: ======'slides_play'====== Args={'settings': {'widgets': {'widgets': [{'type': 'text', 'text': 'PLAYER (number) BALL (ball)', '_default_settings': ['type', 'text'], 'x': None, 'y': None, 'anchor_x': 'center', 'anchor_y': 'center', 'round_anchor_x': None, 'round_anchor_y': None, 'opacity': 1.0, 'z': 0, 'reset_animations_events': {}, 'color': [1.0, 1.0, 1.0, 1.0], 'style': [], 'adjust_top': 0, 'adjust_bottom': 0, 'adjust_left': 0, 'adjust_right': 0, 'expire': None, 'key': None, 'widget': None, 'events_when_added': [], 'events_when_removed': [], 'font_size': 15, 'bitmap_font': False, 'font_kerning': True, 'bold': False, 'italic': False, 'number_grouping': False, 'min_digits': 0, 'halign': 'center', 'valign': 'middle', 'rotation': 0, 'scale': 1.0, 'casing': None, 'outline_color': [1.0, 1.0, 1.0, 1.0], 'outline_width': 0, 'animations': None}], 'target': None, 'background_color': [0.0, 0.0, 0.0, 1.0], 'priority': None, 'show': True, 'force': False, 'expire': None, 'slide': None, 'tokens': {}, 'action': 'play'}}, 'context': '_global', 'calling_context': 'ball_started', 'priority': 0, 'player': 1, 'ball': 2, 'balls_remaining': 1, 'is_extra_ball': False}
2024-06-20 20:20:45,184 : EventManager : Event: ======'slide__global.slide_player-ball_started_removed'====== Args={}
2024-06-20 20:20:45,187 : EventManager : Event: ======'slide__global.slide_player-ball_started_created'====== Args={}
2024-06-20 20:20:45,189 : EventManager : Event: ======'slide__global.slide_player-ball_started_active'====== Args={}
2024-06-20 20:20:45,304 : EventManager : Event: ======'machine_var_audits_switches_s_plunger'====== Args={'value': 4, 'prev_value': 3, 'change': 1}
2024-06-20 20:20:46,781 : EventManager : Event: ======'machine_var_audits_switches_s_trough4'====== Args={'value': 2, 'prev_value': 1, 'change': 1}
2024-06-20 20:20:49,869 : EventManager : Event: ======'machine_var_audits_switches_s_left_flipper'====== Args={'value': 67, 'prev_value': 66, 'change': 1}
2024-06-20 20:20:50,303 : EventManager : Event: ======'machine_var_audits_switches_s_left_flipper'====== Args={'value': 68, 'prev_value': 67, 'change': 1}
2024-06-20 20:20:50,552 : EventManager : Event: ======'machine_var_audits_switches_s_left_flipper'====== Args={'value': 69, 'prev_value': 68, 'change': 1}
2024-06-20 20:20:53,712 : EventManager : Event: ======'machine_var_audits_switches_s_right_flipper'====== Args={'value': 66, 'prev_value': 65, 'change': 1}
2024-06-20 20:20:53,950 : EventManager : Event: ======'machine_var_audits_switches_s_right_flipper'====== Args={'value': 67, 'prev_value': 66, 'change': 1}
2024-06-20 20:20:54,173 : EventManager : Event: ======'machine_var_audits_switches_s_right_flipper'====== Args={'value': 68, 'prev_value': 67, 'change': 1}
2024-06-20 20:20:55,434 : EventManager : Event: ======'machine_var_audits_switches_s_right_flipper'====== Args={'value': 69, 'prev_value': 68, 'change': 1}
2024-06-20 20:20:55,612 : EventManager : Event: ======'machine_var_audits_switches_s_left_flipper'====== Args={'value': 70, 'prev_value': 69, 'change': 1}
2024-06-20 20:20:55,736 : EventManager : Event: ======'machine_var_audits_switches_s_right_flipper'====== Args={'value': 70, 'prev_value': 69, 'change': 1}
2024-06-20 20:20:56,012 : EventManager : Event: ======'machine_var_audits_switches_s_left_flipper'====== Args={'value': 71, 'prev_value': 70, 'change': 1}
2024-06-20 20:21:00,151 : kivy : Base: Leaving application in progress...
2024-06-20 20:21:00,151 : mpfmc : Stopping...
2024-06-20 20:21:00,151 : EventManager : Event: ======'shutdown'====== Args={}
2024-06-20 20:21:00,152 : AudioInterface : Disabling audio playback
2024-06-20 20:21:00,267 : MPF-MC BCP Server : Stopping BCP sending thread
2024-06-20 20:21:00,267 : mpfmc : Loop rate 76.16 Hz
2024-06-20 20:21:00,268 : root : MC run loop ended.
2024-06-20 20:21:00,268 : root : Stopping child threads... (3 remaining)
2024-06-20 20:21:01,147 : mpfmc : Stopping...
2024-06-20 20:21:01,147 : EventManager : Event: ======'shutdown'====== Args={}
2024-06-20 20:21:01,147 : mpfmc : Loop rate 74.91 Hz
2024-06-20 20:21:01,171 : root : All child threads stopped.
