2024-06-22 12:52:18,180 : kivy : deps: Successfully imported "kivy_deps.gstreamer" 0.3.3
2024-06-22 12:52:18,180 : kivy : deps: Successfully imported "kivy_deps.angle" 0.3.3
2024-06-22 12:52:18,180 : kivy : deps: Successfully imported "kivy_deps.glew" 0.3.1
2024-06-22 12:52:18,180 : kivy : deps: Successfully imported "kivy_deps.sdl2" 0.6.0
2024-06-22 12:52:18,180 : kivy : Kivy: v2.2.1
2024-06-22 12:52:18,180 : kivy : Kivy: Installed at "C:\Users\lisas\AppData\Local\Packages\PythonSoftwareFoundation.Python.3.11_qbz5n2kfra8p0\LocalCache\local-packages\Python311\site-packages\kivy\__init__.py"
2024-06-22 12:52:18,180 : kivy : Python: v3.11.9 (tags/v3.11.9:de54cf5, Apr  2 2024, 10:12:12) [MSC v.1938 64 bit (AMD64)]
2024-06-22 12:52:18,180 : kivy : Python: Interpreter at "C:\Users\lisas\AppData\Local\Microsoft\WindowsApps\PythonSoftwareFoundation.Python.3.11_qbz5n2kfra8p0\python.exe"
2024-06-22 12:52:18,330 : kivy : Factory: 190 symbols loaded
2024-06-22 12:52:19,180 : kivy : ImageLoaderFFPy: Using ffpyplayer 4.5.1
2024-06-22 12:52:19,181 : kivy : Image: Providers: img_tex, img_dds, img_sdl2, img_pil, img_ffpyplayer 
2024-06-22 12:52:20,171 : kivy : VideoGstplayer: Using Gstreamer 1.18.5.0
2024-06-22 12:52:20,171 : kivy : Video: Provider: gstplayer
2024-06-22 12:52:20,458 : root : Loading MPF-MC controller
2024-06-22 12:52:20,460 : YamlMultifileConfigLoader : Machine config file #1: config
2024-06-22 12:52:20,460 : ConfigProcessor : Config file in cache changed: C:\pinball\greatest_showman\config\config
2024-06-22 12:52:20,460 : ConfigProcessor : Loading config from file C:\Users\lisas\AppData\Local\Packages\PythonSoftwareFoundation.Python.3.11_qbz5n2kfra8p0\LocalCache\local-packages\Python311\site-packages\mpfmc\mcconfig.yaml.
2024-06-22 12:52:20,471 : ConfigProcessor : Loading config: C:\Users\lisas\AppData\Local\Packages\PythonSoftwareFoundation.Python.3.11_qbz5n2kfra8p0\LocalCache\local-packages\Python311\site-packages\mpfmc\mcconfig.yaml
2024-06-22 12:52:20,471 : ConfigProcessor : Loading config from file C:\pinball\greatest_showman\config\config.
2024-06-22 12:52:20,474 : ConfigProcessor : Loading config: C:\pinball\greatest_showman\config\config
2024-06-22 12:52:20,475 : ConfigProcessor : Config file cache created: C:\Users\lisas\AppData\Local\Temp\05e162f6648be6f618b4139facd4413e.mpf_cache
2024-06-22 12:52:20,476 : ConfigProcessor : Loading config from cache: C:\Users\lisas\AppData\Local\Temp\59e27ec4283b25a8181e590d80956807.mpf_cache
2024-06-22 12:52:20,476 : ConfigProcessor : Loading config from cache: C:\Users\lisas\AppData\Local\Temp\6bac8aad2a108e0027ae5775410f0221.mpf_cache
2024-06-22 12:52:20,477 : mpfmc : Mission Pinball Framework Media Controller (MPF-MC) v0.57.0. Requires MPF v0.57.0 or newer.
2024-06-22 12:52:20,477 : mpfmc : Found MPF v0.57.1
2024-06-22 12:52:20,477 : mpfmc : Machine path: C:\pinball\greatest_showman
2024-06-22 12:52:20,477 : mpfmc : Starting clock at 60.0Hz
2024-06-22 12:52:20,591 : kivy : Text: Provider: sdl2
2024-06-22 12:52:20,922 : kivy : Window: Provider: sdl2
2024-06-22 12:52:21,276 : kivy : GL: Using the "OpenGL" graphics system
2024-06-22 12:52:21,278 : kivy : GL: GLEW initialization succeeded
2024-06-22 12:52:21,279 : kivy : GL: Backend used <glew>
2024-06-22 12:52:21,279 : kivy : GL: OpenGL version <b'4.6.0 - Build 30.0.101.3111'>
2024-06-22 12:52:21,279 : kivy : GL: OpenGL vendor <b'Intel'>
2024-06-22 12:52:21,279 : kivy : GL: OpenGL renderer <b'Intel(R) UHD Graphics 630'>
2024-06-22 12:52:21,279 : kivy : GL: OpenGL parsed version: 4, 6
2024-06-22 12:52:21,279 : kivy : GL: Shading version <b'4.60 - Build 30.0.101.3111'>
2024-06-22 12:52:21,279 : kivy : GL: Texture max size <16384>
2024-06-22 12:52:21,279 : kivy : GL: Texture max units <32>
2024-06-22 12:52:21,394 : kivy : Window: auto add sdl2 input provider
2024-06-22 12:52:21,394 : kivy : Window: virtual keyboard not allowed, single mode, not docked
2024-06-22 12:52:21,497 : SoundSystem : SoundSystem: Using default 'sound_system' settings
2024-06-22 12:52:23,968 : AudioInterface : Initialized
2024-06-22 12:52:23,968 : AudioInterface : Loaded SDL 2.26.4
2024-06-22 12:52:23,968 : AudioInterface : Loaded SDL_Mixer 2.6.3
2024-06-22 12:52:23,968 : AudioInterface : Loaded GStreamer 1.18.5.0
2024-06-22 12:52:23,970 : AudioInterface : Loaded GLib 2.62.6
2024-06-22 12:52:23,970 : AudioInterface : Settings requested - rate: 44100, channels: 1, buffer: 2048 samples
2024-06-22 12:52:23,970 : AudioInterface : Settings in use - rate: 44100, channels: 1, buffer: 2048 samples (4096 bytes @ 2 bytes per sample)
2024-06-22 12:52:23,970 : SoundSystem : No audio tracks are specified in your machine config file. a track named 'default' has been created.
2024-06-22 12:52:23,970 : SoundSystem : Setting master volume to 0.0
2024-06-22 12:52:23,970 : AudioInterface : Enabling audio playback
2024-06-22 12:52:23,972 : kivy : Base: Start application main loop
2024-06-22 12:52:23,973 : EventManager : Event: ======'display_window_initialized'====== Args={}
2024-06-22 12:52:23,988 : mpfmc : Display: Setting 'window' as default display
2024-06-22 12:52:24,005 : mpfmc : ASPECT RATIO MISMATCH: The on-screen window is not the same aspect ratio as the display called 'window'. The logical display will be scaled from 1920x1080 to the window size 800x600, and a black bar will make up the difference
2024-06-22 12:52:24,006 : EventManager : Event: ======'displays_initialized'====== Args={}
2024-06-22 12:52:24,008 : EventManager : Event: ======'slide_window_blank_created'====== Args={}
2024-06-22 12:52:24,008 : EventManager : Event: ======'display_window_ready'====== Args={}
2024-06-22 12:52:24,078 : EventManager : Event: ======'init_phase_1'====== Args={}
2024-06-22 12:52:24,080 : EventManager : Event: ======'mc_ready'====== Args={}
2024-06-22 12:52:24,081 : EventManager : Event: ======'init_phase_2'====== Args={}
2024-06-22 12:52:24,082 : EventManager : Event: ======'init_phase_3'====== Args={}
2024-06-22 12:52:24,083 : EventManager : Event: ======'init_phase_4'====== Args={}
2024-06-22 12:52:24,083 : EventManager : Event: ======'init_phase_5'====== Args={}
2024-06-22 12:52:24,083 : EventManager : Event: ======'init_done'====== Args={}
2024-06-22 12:52:24,083 : MPF-MC BCP Server : Starting up on localhost port 5050
2024-06-22 12:52:24,090 : MPF-MC BCP Server : Waiting for a connection...
2024-06-22 12:52:24,106 : kivy : GL: NPOT texture support is available
2024-06-22 12:52:24,108 : EventManager : Event: ======'slide_welcome_slide_created'====== Args={}
2024-06-22 12:52:24,111 : EventManager : Event: ======'slide_welcome_slide_active'====== Args={}
2024-06-22 12:52:24,121 : EventManager : Event: ======'client_disconnected'====== Args={'host': '127.0.0.1', 'port': 5050}
2024-06-22 12:52:24,271 : MPF-MC BCP Server : Received connection from: 127.0.0.1:49677
2024-06-22 12:52:24,275 : EventManager : Event: ======'client_connected'====== Args={'host': '127.0.0.1', 'port': 49677}
2024-06-22 12:52:24,387 : EventManager : Event: ======'machine_var_credits_string'====== Args={'value': 'FREE PLAY', 'prev_value': None, 'change': True}
2024-06-22 12:52:24,387 : EventManager : Event: ======'machine_var_master_volume'====== Args={'value': 0.5, 'prev_value': None, 'change': True}
2024-06-22 12:52:24,387 : EventManager : Event: ======'machine_var_player1_score'====== Args={'value': 0, 'prev_value': None, 'change': True}
2024-06-22 12:52:24,387 : EventManager : Event: ======'machine_var_mpf_version'====== Args={'value': 'Mission Pinball Framework v0.57.1', 'prev_value': None, 'change': True}
2024-06-22 12:52:24,387 : EventManager : Event: ======'machine_var_mpf_extended_version'====== Args={'value': 'Mission Pinball Framework v0.57.1, Config version:6, Show version: 6, BCP version:1.1', 'prev_value': None, 'change': True}
2024-06-22 12:52:24,387 : EventManager : Event: ======'machine_var_python_version'====== Args={'value': '3.11.9', 'prev_value': None, 'change': True}
2024-06-22 12:52:24,387 : EventManager : Event: ======'machine_var_platform'====== Args={'value': 'Windows-10-10.0.22631-SP0', 'prev_value': None, 'change': True}
2024-06-22 12:52:24,387 : EventManager : Event: ======'machine_var_platform_system'====== Args={'value': 'Windows', 'prev_value': None, 'change': True}
2024-06-22 12:52:24,387 : EventManager : Event: ======'machine_var_platform_release'====== Args={'value': '10', 'prev_value': None, 'change': True}
2024-06-22 12:52:24,387 : EventManager : Event: ======'machine_var_platform_version'====== Args={'value': '10.0.22631', 'prev_value': None, 'change': True}
2024-06-22 12:52:24,387 : EventManager : Event: ======'machine_var_platform_machine'====== Args={'value': 'AMD64', 'prev_value': None, 'change': True}
2024-06-22 12:52:24,387 : EventManager : Event: ======'machine_var_mc_version'====== Args={'value': 'MPF-MC v0.57.0', 'prev_value': None, 'change': True}
2024-06-22 12:52:24,387 : EventManager : Event: ======'machine_var_mc_extended_version'====== Args={'value': 'MPF-MC v0.57.0 (config_version=6, BCP v1.1,                      Requires MPF API compatibility v0.57.0 or newer)', 'prev_value': None, 'change': True}
2024-06-22 12:52:24,388 : EventManager : Event: ======'machine_var_credits_string'====== Args={'value': 'FREE PLAY', 'prev_value': None, 'change': True}
2024-06-22 12:52:24,388 : EventManager : Event: ======'machine_var_master_volume'====== Args={'value': 0.5, 'prev_value': None, 'change': True}
2024-06-22 12:52:24,388 : EventManager : Event: ======'machine_var_player1_score'====== Args={'value': 0, 'prev_value': None, 'change': True}
2024-06-22 12:52:24,388 : EventManager : Event: ======'machine_var_mpf_version'====== Args={'value': 'Mission Pinball Framework v0.57.1', 'prev_value': None, 'change': True}
2024-06-22 12:52:24,388 : EventManager : Event: ======'machine_var_mpf_extended_version'====== Args={'value': 'Mission Pinball Framework v0.57.1, Config version:6, Show version: 6, BCP version:1.1', 'prev_value': None, 'change': True}
2024-06-22 12:52:24,388 : EventManager : Event: ======'machine_var_python_version'====== Args={'value': '3.11.9', 'prev_value': None, 'change': True}
2024-06-22 12:52:24,388 : EventManager : Event: ======'machine_var_platform'====== Args={'value': 'Windows-10-10.0.22631-SP0', 'prev_value': None, 'change': True}
2024-06-22 12:52:24,388 : EventManager : Event: ======'machine_var_platform_system'====== Args={'value': 'Windows', 'prev_value': None, 'change': True}
2024-06-22 12:52:24,388 : EventManager : Event: ======'machine_var_platform_release'====== Args={'value': '10', 'prev_value': None, 'change': True}
2024-06-22 12:52:24,388 : EventManager : Event: ======'machine_var_platform_version'====== Args={'value': '10.0.22631', 'prev_value': None, 'change': True}
2024-06-22 12:52:24,388 : EventManager : Event: ======'machine_var_platform_machine'====== Args={'value': 'AMD64', 'prev_value': None, 'change': True}
2024-06-22 12:52:24,388 : EventManager : Event: ======'machine_var_mc_version'====== Args={'value': 'MPF-MC v0.57.0', 'prev_value': None, 'change': True}
2024-06-22 12:52:24,388 : EventManager : Event: ======'machine_var_mc_extended_version'====== Args={'value': 'MPF-MC v0.57.0 (config_version=6, BCP v1.1,                      Requires MPF API compatibility v0.57.0 or newer)', 'prev_value': None, 'change': True}
2024-06-22 12:52:24,388 : EventManager : Event: ======'machine_var_credits_string'====== Args={'value': 'FREE PLAY', 'prev_value': None, 'change': True}
2024-06-22 12:52:24,388 : EventManager : Event: ======'machine_var_master_volume'====== Args={'value': 0.5, 'prev_value': None, 'change': True}
2024-06-22 12:52:24,388 : EventManager : Event: ======'machine_var_player1_score'====== Args={'value': 0, 'prev_value': None, 'change': True}
2024-06-22 12:52:24,388 : EventManager : Event: ======'machine_var_mpf_version'====== Args={'value': 'Mission Pinball Framework v0.57.1', 'prev_value': None, 'change': True}
2024-06-22 12:52:24,388 : EventManager : Event: ======'machine_var_mpf_extended_version'====== Args={'value': 'Mission Pinball Framework v0.57.1, Config version:6, Show version: 6, BCP version:1.1', 'prev_value': None, 'change': True}
2024-06-22 12:52:24,388 : EventManager : Event: ======'machine_var_python_version'====== Args={'value': '3.11.9', 'prev_value': None, 'change': True}
2024-06-22 12:52:24,389 : EventManager : Event: ======'machine_var_platform'====== Args={'value': 'Windows-10-10.0.22631-SP0', 'prev_value': None, 'change': True}
2024-06-22 12:52:24,389 : EventManager : Event: ======'machine_var_platform_system'====== Args={'value': 'Windows', 'prev_value': None, 'change': True}
2024-06-22 12:52:24,389 : EventManager : Event: ======'machine_var_platform_release'====== Args={'value': '10', 'prev_value': None, 'change': True}
2024-06-22 12:52:24,389 : EventManager : Event: ======'machine_var_platform_version'====== Args={'value': '10.0.22631', 'prev_value': None, 'change': True}
2024-06-22 12:52:24,389 : EventManager : Event: ======'machine_var_platform_machine'====== Args={'value': 'AMD64', 'prev_value': None, 'change': True}
2024-06-22 12:52:24,389 : EventManager : Event: ======'machine_var_mc_version'====== Args={'value': 'MPF-MC v0.57.0', 'prev_value': None, 'change': True}
2024-06-22 12:52:24,389 : EventManager : Event: ======'machine_var_mc_extended_version'====== Args={'value': 'MPF-MC v0.57.0 (config_version=6, BCP v1.1,                      Requires MPF API compatibility v0.57.0 or newer)', 'prev_value': None, 'change': True}
2024-06-22 12:52:24,389 : EventManager : Event: ======'machine_var_credits_string'====== Args={'value': 'FREE PLAY', 'prev_value': None, 'change': True}
2024-06-22 12:52:24,389 : EventManager : Event: ======'machine_var_master_volume'====== Args={'value': 0.5, 'prev_value': None, 'change': True}
2024-06-22 12:52:24,389 : EventManager : Event: ======'machine_var_player1_score'====== Args={'value': 0, 'prev_value': None, 'change': True}
2024-06-22 12:52:24,389 : EventManager : Event: ======'machine_var_mpf_version'====== Args={'value': 'Mission Pinball Framework v0.57.1', 'prev_value': None, 'change': True}
2024-06-22 12:52:24,389 : EventManager : Event: ======'machine_var_mpf_extended_version'====== Args={'value': 'Mission Pinball Framework v0.57.1, Config version:6, Show version: 6, BCP version:1.1', 'prev_value': None, 'change': True}
2024-06-22 12:52:24,389 : EventManager : Event: ======'machine_var_python_version'====== Args={'value': '3.11.9', 'prev_value': None, 'change': True}
2024-06-22 12:52:24,389 : EventManager : Event: ======'machine_var_platform'====== Args={'value': 'Windows-10-10.0.22631-SP0', 'prev_value': None, 'change': True}
2024-06-22 12:52:24,389 : EventManager : Event: ======'machine_var_platform_system'====== Args={'value': 'Windows', 'prev_value': None, 'change': True}
2024-06-22 12:52:24,389 : EventManager : Event: ======'machine_var_platform_release'====== Args={'value': '10', 'prev_value': None, 'change': True}
2024-06-22 12:52:24,389 : EventManager : Event: ======'machine_var_platform_version'====== Args={'value': '10.0.22631', 'prev_value': None, 'change': True}
2024-06-22 12:52:24,389 : EventManager : Event: ======'machine_var_platform_machine'====== Args={'value': 'AMD64', 'prev_value': None, 'change': True}
2024-06-22 12:52:24,389 : EventManager : Event: ======'machine_var_mc_version'====== Args={'value': 'MPF-MC v0.57.0', 'prev_value': None, 'change': True}
2024-06-22 12:52:24,389 : EventManager : Event: ======'machine_var_mc_extended_version'====== Args={'value': 'MPF-MC v0.57.0 (config_version=6, BCP v1.1,                      Requires MPF API compatibility v0.57.0 or newer)', 'prev_value': None, 'change': True}
2024-06-22 12:52:24,390 : SoundSystem : Setting master volume to 0.5
2024-06-22 12:52:24,390 : SoundSystem : Setting master volume to 0.5
2024-06-22 12:52:24,390 : SoundSystem : Setting master volume to 0.5
2024-06-22 12:52:24,390 : SoundSystem : Setting master volume to 0.5
2024-06-22 12:52:24,449 : EventManager : Event: ======'machine_var_audits_events_game_ended'====== Args={'value': 1, 'prev_value': None, 'change': True}
2024-06-22 12:52:24,449 : EventManager : Event: ======'machine_var_audits_events_game_started'====== Args={'value': 2, 'prev_value': None, 'change': True}
2024-06-22 12:52:24,449 : EventManager : Event: ======'machine_var_audits_missing_switches_s_right_inlane'====== Args={'value': 1, 'prev_value': None, 'change': True}
2024-06-22 12:52:24,449 : EventManager : Event: ======'machine_var_audits_missing_switches_s_right_upper_flipper'====== Args={'value': 1, 'prev_value': None, 'change': True}
2024-06-22 12:52:24,449 : EventManager : Event: ======'machine_var_audits_missing_switches_s_start'====== Args={'value': 1, 'prev_value': None, 'change': True}
2024-06-22 12:52:24,449 : EventManager : Event: ======'machine_var_audits_missing_switches_s_trough2'====== Args={'value': 1, 'prev_value': None, 'change': True}
2024-06-22 12:52:24,449 : EventManager : Event: ======'machine_var_audits_missing_switches_s_trough3'====== Args={'value': 1, 'prev_value': None, 'change': True}
2024-06-22 12:52:24,449 : EventManager : Event: ======'machine_var_audits_missing_switches_s_trough5'====== Args={'value': 1, 'prev_value': None, 'change': True}
2024-06-22 12:52:24,449 : EventManager : Event: ======'machine_var_audits_missing_switches_s_trough6'====== Args={'value': 1, 'prev_value': None, 'change': True}
2024-06-22 12:52:24,449 : EventManager : Event: ======'machine_var_audits_missing_switches_s_trough_jam'====== Args={'value': 1, 'prev_value': None, 'change': True}
2024-06-22 12:52:24,449 : EventManager : Event: ======'machine_var_audits_player_score'====== Args={'value': {'average': 0.0, 'top': [0], 'total': 1}, 'prev_value': None, 'change': True}
2024-06-22 12:52:24,449 : EventManager : Event: ======'machine_var_audits_switches_s_left_flipper'====== Args={'value': 71, 'prev_value': None, 'change': True}
2024-06-22 12:52:24,449 : EventManager : Event: ======'machine_var_audits_switches_s_left_flipper_eos'====== Args={'value': 0, 'prev_value': None, 'change': True}
2024-06-22 12:52:24,449 : EventManager : Event: ======'machine_var_audits_switches_s_plunger'====== Args={'value': 4, 'prev_value': None, 'change': True}
2024-06-22 12:52:24,449 : EventManager : Event: ======'machine_var_audits_switches_s_right_flipper'====== Args={'value': 70, 'prev_value': None, 'change': True}
2024-06-22 12:52:24,450 : EventManager : Event: ======'machine_var_audits_switches_s_right_flipper_eos'====== Args={'value': 0, 'prev_value': None, 'change': True}
2024-06-22 12:52:24,450 : EventManager : Event: ======'machine_var_audits_switches_s_right_inlane'====== Args={'value': 0, 'prev_value': None, 'change': True}
2024-06-22 12:52:24,450 : EventManager : Event: ======'machine_var_audits_switches_s_right_upper'====== Args={'value': 0, 'prev_value': None, 'change': True}
2024-06-22 12:52:24,450 : EventManager : Event: ======'machine_var_audits_switches_s_right_upper_eos'====== Args={'value': 0, 'prev_value': None, 'change': True}
2024-06-22 12:52:24,450 : EventManager : Event: ======'machine_var_audits_switches_s_right_upper_flipper'====== Args={'value': 0, 'prev_value': None, 'change': True}
2024-06-22 12:52:24,450 : EventManager : Event: ======'machine_var_audits_switches_s_start'====== Args={'value': 0, 'prev_value': None, 'change': True}
2024-06-22 12:52:24,450 : EventManager : Event: ======'machine_var_audits_switches_s_trough1'====== Args={'value': 12, 'prev_value': None, 'change': True}
2024-06-22 12:52:24,450 : EventManager : Event: ======'machine_var_audits_switches_s_trough2'====== Args={'value': 2, 'prev_value': None, 'change': True}
2024-06-22 12:52:24,450 : EventManager : Event: ======'machine_var_audits_switches_s_trough3'====== Args={'value': 1, 'prev_value': None, 'change': True}
2024-06-22 12:52:24,450 : EventManager : Event: ======'machine_var_audits_switches_s_trough4'====== Args={'value': 2, 'prev_value': None, 'change': True}
2024-06-22 12:52:24,450 : EventManager : Event: ======'machine_var_audits_switches_s_trough5'====== Args={'value': 1, 'prev_value': None, 'change': True}
2024-06-22 12:52:24,450 : EventManager : Event: ======'machine_var_audits_switches_s_trough6'====== Args={'value': 1, 'prev_value': None, 'change': True}
2024-06-22 12:52:24,450 : EventManager : Event: ======'machine_var_audits_switches_s_trough_jam'====== Args={'value': 0, 'prev_value': None, 'change': True}
2024-06-22 12:52:24,461 : EventManager : Event: ======'slides_play'====== Args={'settings': {'welcome_slide': {'target': None, 'background_color': [0.0, 0.0, 0.0, 1.0], 'priority': None, 'show': True, 'force': False, 'expire': None, 'slide': None, 'tokens': {}, 'action': 'play'}}, 'context': '_global', 'calling_context': 'init_done', 'priority': 0}
2024-06-22 12:52:24,461 : EventManager : Event: ======'mc_reset_phase_1'====== Args={}
2024-06-22 12:52:24,461 : EventManager : Event: ======'slide_welcome_slide_removed'====== Args={}
2024-06-22 12:52:24,463 : EventManager : Event: ======'slide_welcome_slide_created'====== Args={}
2024-06-22 12:52:24,463 : EventManager : Event: ======'mc_reset_phase_2'====== Args={}
2024-06-22 12:52:24,464 : EventManager : Event: ======'mc_reset_phase_3'====== Args={}
2024-06-22 12:52:24,464 : EventManager : Event: ======'mc_reset_complete'====== Args={}
2024-06-22 12:52:24,464 : EventManager : Event: ======'slide_welcome_slide_active'====== Args={}
2024-06-22 12:52:24,474 : EventManager : Event: ======'slides_play'====== Args={'settings': {'attract_started': {'target': None, 'background_color': [0.0, 0.0, 0.0, 1.0], 'priority': None, 'show': True, 'force': False, 'expire': None, 'slide': None, 'tokens': {}, 'action': 'play'}}, 'context': '_global', 'calling_context': 'mode_attract_started', 'priority': 0}
2024-06-22 12:52:24,476 : EventManager : Event: ======'slide_attract_started_created'====== Args={}
2024-06-22 12:52:24,478 : EventManager : Event: ======'slide_attract_started_active'====== Args={}
2024-06-22 12:52:28,185 : EventManager : Event: ======'game_started'====== Args={}
2024-06-22 12:52:28,185 : EventManager : Event: ======'player_added'====== Args={'player': <Player 1>, 'num': 1}
2024-06-22 12:52:28,185 : EventManager : Event: ======'player_index'====== Args={'value': 0, 'prev_value': 0, 'change': 0, 'player_num': 1}
2024-06-22 12:52:28,185 : EventManager : Event: ======'player_number'====== Args={'value': 1, 'prev_value': 1, 'change': 0, 'player_num': 1}
2024-06-22 12:52:28,185 : EventManager : Event: ======'player_score'====== Args={'value': 0, 'prev_value': 0, 'change': 0, 'player_num': 1}
2024-06-22 12:52:28,185 : EventManager : Event: ======'player_ball'====== Args={'value': 1, 'prev_value': 0, 'change': 1, 'player_num': 1}
2024-06-22 12:52:28,198 : EventManager : Event: ======'player_turn_start'====== Args={'number': 1, 'player': <Player 1>}
2024-06-22 12:52:28,198 : EventManager : Event: ======'slides_play'====== Args={'settings': {'widgets': {'widgets': [{'type': 'text', 'text': 'PLAYER (number) BALL (ball)', '_default_settings': ['type', 'text'], 'x': None, 'y': None, 'anchor_x': 'center', 'anchor_y': 'center', 'round_anchor_x': None, 'round_anchor_y': None, 'opacity': 1.0, 'z': 0, 'reset_animations_events': {}, 'color': [1.0, 1.0, 1.0, 1.0], 'style': [], 'adjust_top': 0, 'adjust_bottom': 0, 'adjust_left': 0, 'adjust_right': 0, 'expire': None, 'key': None, 'widget': None, 'events_when_added': [], 'events_when_removed': [], 'font_size': 15, 'bitmap_font': False, 'font_kerning': True, 'bold': False, 'italic': False, 'number_grouping': False, 'min_digits': 0, 'halign': 'center', 'valign': 'middle', 'rotation': 0, 'scale': 1.0, 'casing': None, 'outline_color': [1.0, 1.0, 1.0, 1.0], 'outline_width': 0, 'animations': None}], 'target': None, 'background_color': [0.0, 0.0, 0.0, 1.0], 'priority': None, 'show': True, 'force': False, 'expire': None, 'slide': None, 'tokens': {}, 'action': 'play'}}, 'context': '_global', 'calling_context': 'ball_started', 'priority': 0, 'player': 1, 'ball': 1, 'balls_remaining': 2, 'is_extra_ball': False}
2024-06-22 12:52:28,200 : EventManager : Event: ======'slide__global.slide_player-ball_started_created'====== Args={}
2024-06-22 12:52:28,201 : EventManager : Event: ======'slide__global.slide_player-ball_started_active'====== Args={}
2024-06-22 12:52:41,831 : EventManager : Event: ======'machine_var_audits_switches_s_left_flipper'====== Args={'value': 72, 'prev_value': 71, 'change': 1}
2024-06-22 12:52:41,942 : EventManager : Event: ======'machine_var_audits_switches_s_right_flipper'====== Args={'value': 71, 'prev_value': 70, 'change': 1}
2024-06-22 12:52:42,116 : EventManager : Event: ======'machine_var_audits_switches_s_left_flipper'====== Args={'value': 73, 'prev_value': 72, 'change': 1}
2024-06-22 12:52:42,253 : EventManager : Event: ======'machine_var_audits_switches_s_right_flipper'====== Args={'value': 72, 'prev_value': 71, 'change': 1}
2024-06-22 12:52:42,402 : EventManager : Event: ======'machine_var_audits_switches_s_left_flipper'====== Args={'value': 74, 'prev_value': 73, 'change': 1}
2024-06-22 12:52:42,555 : EventManager : Event: ======'machine_var_audits_switches_s_right_flipper'====== Args={'value': 73, 'prev_value': 72, 'change': 1}
2024-06-22 12:52:42,692 : EventManager : Event: ======'machine_var_audits_switches_s_left_flipper'====== Args={'value': 75, 'prev_value': 74, 'change': 1}
2024-06-22 12:52:42,805 : EventManager : Event: ======'machine_var_audits_switches_s_right_flipper'====== Args={'value': 74, 'prev_value': 73, 'change': 1}
2024-06-22 12:52:42,931 : EventManager : Event: ======'machine_var_audits_switches_s_left_flipper'====== Args={'value': 76, 'prev_value': 75, 'change': 1}
2024-06-22 12:52:43,031 : EventManager : Event: ======'machine_var_audits_switches_s_right_flipper'====== Args={'value': 75, 'prev_value': 74, 'change': 1}
2024-06-22 12:52:43,169 : EventManager : Event: ======'machine_var_audits_switches_s_left_flipper'====== Args={'value': 77, 'prev_value': 76, 'change': 1}
2024-06-22 12:52:43,282 : EventManager : Event: ======'machine_var_audits_switches_s_right_flipper'====== Args={'value': 76, 'prev_value': 75, 'change': 1}
2024-06-22 12:52:43,420 : EventManager : Event: ======'machine_var_audits_switches_s_left_flipper'====== Args={'value': 78, 'prev_value': 77, 'change': 1}
2024-06-22 12:52:43,557 : EventManager : Event: ======'machine_var_audits_switches_s_right_flipper'====== Args={'value': 77, 'prev_value': 76, 'change': 1}
2024-06-22 12:52:48,208 : EventManager : Event: ======'machine_var_audits_switches_s_right_inlane'====== Args={'value': 1, 'prev_value': 0, 'change': 1}
2024-06-22 12:52:51,333 : EventManager : Event: ======'machine_var_audits_switches_s_right_inlane'====== Args={'value': 2, 'prev_value': 1, 'change': 1}
2024-06-22 12:52:51,523 : EventManager : Event: ======'machine_var_audits_switches_s_right_inlane'====== Args={'value': 3, 'prev_value': 2, 'change': 1}
2024-06-22 12:52:51,774 : EventManager : Event: ======'machine_var_audits_switches_s_right_inlane'====== Args={'value': 4, 'prev_value': 3, 'change': 1}
2024-06-22 12:53:11,947 : EventManager : Event: ======'machine_var_audits_switches_s_trough1'====== Args={'value': 13, 'prev_value': 12, 'change': 1}
2024-06-22 12:53:15,747 : EventManager : Event: ======'machine_var_audits_switches_s_trough1'====== Args={'value': 14, 'prev_value': 13, 'change': 1}
2024-06-22 12:53:19,286 : EventManager : Event: ======'machine_var_audits_switches_s_trough2'====== Args={'value': 3, 'prev_value': 2, 'change': 1}
2024-06-22 12:53:19,533 : EventManager : Event: ======'machine_var_audits_switches_s_trough3'====== Args={'value': 2, 'prev_value': 1, 'change': 1}
2024-06-22 12:53:53,117 : EventManager : Event: ======'machine_var_audits_switches_s_plunger'====== Args={'value': 5, 'prev_value': 4, 'change': 1}
2024-06-22 12:53:58,713 : EventManager : Event: ======'machine_var_audits_switches_s_left_flipper'====== Args={'value': 79, 'prev_value': 78, 'change': 1}
2024-06-22 12:53:58,839 : EventManager : Event: ======'machine_var_audits_switches_s_right_flipper'====== Args={'value': 78, 'prev_value': 77, 'change': 1}
2024-06-22 12:53:58,964 : EventManager : Event: ======'machine_var_audits_switches_s_left_flipper'====== Args={'value': 80, 'prev_value': 79, 'change': 1}
2024-06-22 12:53:59,089 : EventManager : Event: ======'machine_var_audits_switches_s_right_flipper'====== Args={'value': 79, 'prev_value': 78, 'change': 1}
2024-06-22 12:53:59,239 : EventManager : Event: ======'machine_var_audits_switches_s_left_flipper'====== Args={'value': 81, 'prev_value': 80, 'change': 1}
2024-06-22 12:53:59,315 : EventManager : Event: ======'machine_var_audits_switches_s_right_flipper'====== Args={'value': 80, 'prev_value': 79, 'change': 1}
2024-06-22 12:53:59,491 : EventManager : Event: ======'machine_var_audits_switches_s_left_flipper'====== Args={'value': 82, 'prev_value': 81, 'change': 1}
2024-06-22 12:53:59,629 : EventManager : Event: ======'machine_var_audits_switches_s_right_flipper'====== Args={'value': 81, 'prev_value': 80, 'change': 1}
2024-06-22 12:54:13,048 : EventManager : Event: ======'machine_var_audits_switches_s_trough1'====== Args={'value': 15, 'prev_value': 14, 'change': 1}
2024-06-22 12:54:27,272 : kivy : Base: Leaving application in progress...
2024-06-22 12:54:27,273 : mpfmc : Stopping...
2024-06-22 12:54:27,273 : EventManager : Event: ======'shutdown'====== Args={}
2024-06-22 12:54:27,273 : AudioInterface : Disabling audio playback
2024-06-22 12:54:27,428 : mpfmc : Loop rate 78.58 Hz
2024-06-22 12:54:27,428 : root : MC run loop ended.
2024-06-22 12:54:27,428 : root : Stopping child threads... (3 remaining)
2024-06-22 12:54:27,730 : mpfmc : Stopping...
2024-06-22 12:54:27,730 : EventManager : Event: ======'shutdown'====== Args={}
2024-06-22 12:54:27,730 : mpfmc : Loop rate 78.39 Hz
2024-06-22 12:54:27,732 : MPF-MC BCP Server : Stopping BCP sending thread
2024-06-22 12:54:28,131 : root : All child threads stopped.
