2024-06-20 19:43:33,924 : INFO : root : Loading config.
2024-06-20 19:43:33,924 : INFO : YamlMultifileConfigLoader : Machine config file #1: config.yaml
2024-06-20 19:43:33,924 : INFO : ConfigProcessor : Loading config from cache: C:\Users\lisas\AppData\Local\Temp\ac8ec9c990419bd3c50c7eb371dae584.mpf_cache
2024-06-20 19:43:33,974 : DEBUG : YamlMultifileConfigLoader : Loading mode attract from C:\Users\lisas\AppData\Local\Packages\PythonSoftwareFoundation.Python.3.11_qbz5n2kfra8p0\LocalCache\local-packages\Python311\site-packages\mpf\modes\attract\config\attract.yaml
2024-06-20 19:43:33,974 : INFO : ConfigProcessor : Loading config from cache: C:\Users\lisas\AppData\Local\Temp\59e27ec4283b25a8181e590d80956807.mpf_cache
2024-06-20 19:43:33,990 : DEBUG : YamlMultifileConfigLoader : Loading mode game from C:\Users\lisas\AppData\Local\Packages\PythonSoftwareFoundation.Python.3.11_qbz5n2kfra8p0\LocalCache\local-packages\Python311\site-packages\mpf\modes\game\config\game.yaml
2024-06-20 19:43:33,990 : INFO : ConfigProcessor : Loading config from cache: C:\Users\lisas\AppData\Local\Temp\6bac8aad2a108e0027ae5775410f0221.mpf_cache
2024-06-20 19:43:33,991 : INFO : Machine : Mission Pinball Framework Core Engine v0.57.1
2024-06-20 19:43:33,991 : INFO : Machine : Command line arguments: {'no_load_cache': False, 'create_config_cache': True, 'bcp': True, 'configfile': ['config.yaml'], 'force_assets_load': False, 'platform_integration_test': False, 'jsonlogging': False, 'logfile': 'logs\\2024-06-20-19-43-33-mpf-LisaDesktop.log', 'pause': False, 'production': False, 'text_ui': True, 'loglevel': 10, 'consoleloglevel': 20, 'force_platform': None, 'syslog_address': None, 'mc_file_name': None, 'no_sound': False}
2024-06-20 19:43:33,991 : INFO : Machine : MPF path: C:\Users\lisas\AppData\Local\Packages\PythonSoftwareFoundation.Python.3.11_qbz5n2kfra8p0\LocalCache\local-packages\Python311\site-packages\mpf
2024-06-20 19:43:33,991 : INFO : Machine : Machine path: C:\pinball\greatest_showman
2024-06-20 19:43:33,991 : INFO : Machine : Platform: win32
2024-06-20 19:43:33,991 : INFO : Machine : Python executable location: C:\Users\lisas\AppData\Local\Microsoft\WindowsApps\PythonSoftwareFoundation.Python.3.11_qbz5n2kfra8p0\python.exe
2024-06-20 19:43:33,991 : INFO : Machine : Python version: 3.11.9 (64-bit)
2024-06-20 19:43:33,991 : DEBUG : asyncio : Using proactor: IocpProactor
2024-06-20 19:43:33,991 : INFO : Machine : Initializing MPF...
2024-06-20 19:43:34,024 : DEBUG : asciimatics.widgets.layout : Updating: None
2024-06-20 19:43:34,024 : DEBUG : asciimatics.widgets.layout : Updating: None
2024-06-20 19:43:34,024 : DEBUG : asciimatics.widgets.layout : Updating: None
2024-06-20 19:43:34,024 : DEBUG : asciimatics.widgets.layout : Updating: None
2024-06-20 19:43:34,024 : DEBUG : asciimatics.widgets.layout : Updating: None
2024-06-20 19:43:34,024 : DEBUG : asciimatics.widgets.layout : Updating: None
2024-06-20 19:43:34,024 : DEBUG : asciimatics.widgets.layout : Updating: None
2024-06-20 19:43:34,024 : DEBUG : asciimatics.widgets.layout : Updating: None
2024-06-20 19:43:34,024 : DEBUG : asciimatics.widgets.layout : Updating: None
2024-06-20 19:43:34,024 : DEBUG : asciimatics.widgets.layout : Updating: None
2024-06-20 19:43:34,024 : DEBUG : asciimatics.widgets.layout : Updating: None
2024-06-20 19:43:34,024 : DEBUG : asciimatics.widgets.layout : Updating: None
2024-06-20 19:43:34,024 : DEBUG : asciimatics.widgets.widget : Widget blur: <asciimatics.widgets.label.Label object at 0x000001EA20D27920>
2024-06-20 19:43:34,024 : DEBUG : asciimatics.widgets.widget : Widget blur: <asciimatics.widgets.label.Label object at 0x000001EA20F0CFB0>
2024-06-20 19:43:34,024 : DEBUG : asciimatics.widgets.widget : Widget blur: <asciimatics.widgets.label.Label object at 0x000001EA20F0D080>
2024-06-20 19:43:34,024 : DEBUG : asciimatics.widgets.layout : Blur: <asciimatics.widgets.layout.Layout object at 0x000001EA20F09E40>
2024-06-20 19:43:34,024 : DEBUG : asciimatics.widgets.layout : Blur: <mpf.core.text_ui.MpfLayout object at 0x000001EA20EDD150>
2024-06-20 19:43:34,024 : DEBUG : asciimatics.widgets.layout : Updating: None
2024-06-20 19:43:34,024 : DEBUG : asciimatics.widgets.layout : Updating: None
2024-06-20 19:43:34,024 : DEBUG : asciimatics.widgets.layout : Updating: None
2024-06-20 19:43:34,024 : DEBUG : asciimatics.widgets.layout : Updating: None
2024-06-20 19:43:34,024 : DEBUG : asciimatics.widgets.layout : Updating: None
2024-06-20 19:43:34,024 : DEBUG : asciimatics.widgets.layout : Updating: None
2024-06-20 19:43:34,024 : DEBUG : asciimatics.widgets.widget : Widget blur: <asciimatics.widgets.label.Label object at 0x000001EA20F0D490>
2024-06-20 19:43:34,024 : DEBUG : asciimatics.widgets.widget : Widget blur: <asciimatics.widgets.label.Label object at 0x000001EA20F0D3C0>
2024-06-20 19:43:34,024 : DEBUG : asciimatics.widgets.widget : Widget blur: <asciimatics.widgets.label.Label object at 0x000001EA20F0D560>
2024-06-20 19:43:34,024 : DEBUG : asciimatics.widgets.widget : Widget blur: <asciimatics.widgets.label.Label object at 0x000001EA20F0D2F0>
2024-06-20 19:43:34,024 : DEBUG : asciimatics.widgets.widget : Widget blur: <asciimatics.widgets.label.Label object at 0x000001EA20F0D220>
2024-06-20 19:43:34,024 : DEBUG : asciimatics.widgets.widget : Widget blur: <asciimatics.widgets.label.Label object at 0x000001EA20F0D150>
2024-06-20 19:43:34,024 : DEBUG : asciimatics.widgets.layout : Blur: <asciimatics.widgets.layout.Layout object at 0x000001EA20F09F00>
2024-06-20 19:43:34,024 : DEBUG : asciimatics.widgets.layout : Focus: <asciimatics.widgets.layout.Layout object at 0x000001EA20F09E40>
2024-06-20 19:43:34,024 : DEBUG : asciimatics.widgets.layout : Focus: <mpf.core.text_ui.MpfLayout object at 0x000001EA20EDD150>
2024-06-20 19:43:34,024 : DEBUG : asciimatics.widgets.layout : Focus: <asciimatics.widgets.layout.Layout object at 0x000001EA20F09F00>
2024-06-20 19:43:34,024 : DEBUG : asciimatics.widgets.frame : Cloning: Test
2024-06-20 19:43:34,024 : DEBUG : asciimatics.widgets.layout : Updating: None
2024-06-20 19:43:34,024 : DEBUG : asciimatics.widgets.layout : Updating: None
2024-06-20 19:43:34,024 : DEBUG : asciimatics.widgets.layout : Updating: None
2024-06-20 19:43:34,024 : DEBUG : asciimatics.widgets.layout : Updating: None
2024-06-20 19:43:34,024 : DEBUG : asciimatics.widgets.layout : Updating: None
2024-06-20 19:43:34,024 : DEBUG : asciimatics.widgets.layout : Updating: None
2024-06-20 19:43:34,024 : DEBUG : asciimatics.widgets.layout : Updating: None
2024-06-20 19:43:34,024 : DEBUG : asciimatics.widgets.layout : Updating: None
2024-06-20 19:43:34,024 : DEBUG : asciimatics.widgets.layout : Updating: None
2024-06-20 19:43:34,024 : DEBUG : asciimatics.widgets.layout : Updating: None
2024-06-20 19:43:34,024 : DEBUG : asciimatics.widgets.layout : Updating: None
2024-06-20 19:43:34,024 : DEBUG : asciimatics.widgets.layout : Updating: None
2024-06-20 19:43:34,024 : DEBUG : asciimatics.widgets.layout : Updating: None
2024-06-20 19:43:34,024 : DEBUG : asciimatics.widgets.layout : Updating: None
2024-06-20 19:43:34,024 : DEBUG : asciimatics.widgets.layout : Updating: None
2024-06-20 19:43:34,024 : DEBUG : asciimatics.widgets.layout : Updating: None
2024-06-20 19:43:34,024 : DEBUG : asciimatics.widgets.layout : Updating: None
2024-06-20 19:43:34,024 : DEBUG : asciimatics.widgets.layout : Updating: None
2024-06-20 19:43:34,024 : DEBUG : asciimatics.screen : Processing key: d
2024-06-20 19:43:34,091 : INFO : EventManager : Event: ======'machine_var_credits_string'====== Args={'value': 'FREE PLAY', 'prev_value': None, 'change': True}
2024-06-20 19:43:34,124 : DEBUG : YAML File Interface : Loading file: C:\pinball\greatest_showman\data/machine_vars.yaml
2024-06-20 19:43:34,141 : INFO : EventManager : Event: ======'machine_var_master_volume'====== Args={'value': 0.5, 'prev_value': None, 'change': True}
2024-06-20 19:43:34,141 : INFO : EventManager : Event: ======'machine_var_player1_score'====== Args={'value': 0, 'prev_value': None, 'change': True}
2024-06-20 19:43:34,141 : INFO : EventManager : Event: ======'machine_var_mpf_version'====== Args={'value': 'Mission Pinball Framework v0.57.1', 'prev_value': None, 'change': True}
2024-06-20 19:43:34,141 : INFO : EventManager : Event: ======'machine_var_mpf_extended_version'====== Args={'value': 'Mission Pinball Framework v0.57.1, Config version:6, Show version: 6, BCP version:1.1', 'prev_value': None, 'change': True}
2024-06-20 19:43:34,141 : INFO : EventManager : Event: ======'machine_var_python_version'====== Args={'value': '3.11.9', 'prev_value': None, 'change': True}
2024-06-20 19:43:34,141 : INFO : EventManager : Event: ======'machine_var_platform'====== Args={'value': 'Windows-10-10.0.22631-SP0', 'prev_value': None, 'change': True}
2024-06-20 19:43:34,141 : INFO : EventManager : Event: ======'machine_var_platform_system'====== Args={'value': 'Windows', 'prev_value': None, 'change': True}
2024-06-20 19:43:34,141 : INFO : EventManager : Event: ======'machine_var_platform_release'====== Args={'value': '10', 'prev_value': None, 'change': True}
2024-06-20 19:43:34,141 : INFO : EventManager : Event: ======'machine_var_platform_version'====== Args={'value': '10.0.22631', 'prev_value': None, 'change': True}
2024-06-20 19:43:34,141 : INFO : EventManager : Event: ======'machine_var_platform_machine'====== Args={'value': 'AMD64', 'prev_value': None, 'change': True}
2024-06-20 19:43:34,141 : INFO : EventManager : Event: ======'init_phase_1'====== Args={}
2024-06-20 19:43:34,141 : DEBUG : ModeController : Loaded mode game
2024-06-20 19:43:34,157 : DEBUG : ModeController : Loaded mode attract
2024-06-20 19:43:34,157 : DEBUG : ball_device.bd_trough : Configuring device with settings: '{'ball_switches': 's_trough1, s_trough2, s_trough3, s_trough4, s_trough5, s_trough6, s_trough_jam', 'eject_coil': 'c_trough_eject', 'tags': ['trough', 'home', 'drain'], 'jam_switch': 's_trough_jam', 'eject_coil_jam_pulse': '15ms', 'eject_targets': [<ball_device.bd_plunger>], 'debug': True, 'label': '%', 'console_log': 'full', 'file_log': 'full', 'entrance_events': {}, 'idle_missing_ball_timeout': 5.0, 'confirm_eject_type': 'target', 'captures_from': <playfield.playfield>, 'eject_timeouts': [], 'ball_missing_timeouts': [], 'ball_missing_target': <playfield.playfield>, 'confirm_eject_switch': None, 'confirm_eject_event': None, 'max_eject_attempts': 0, 'request_ball_events': {}, 'eject_events': {}, 'eject_all_events': {}, 'mechanical_eject': False, 'player_controlled_eject_event': None, 'ball_search_order': 200, 'auto_fire_on_unexpected_ball': True, 'target_on_unexpected_ball': None}'
2024-06-20 19:43:34,157 : INFO : EventManager : Event: ======'init_phase_2'====== Args={}
2024-06-20 19:43:34,157 : INFO : SwitchController : Found active switch: ('2-40', <Platform.SmartVirtual>) <switch.s_trough1>
2024-06-20 19:43:34,157 : INFO : SwitchController : Found active switch: ('2-41', <Platform.SmartVirtual>) <switch.s_trough2>
2024-06-20 19:43:34,157 : INFO : SwitchController : Found active switch: ('2-42', <Platform.SmartVirtual>) <switch.s_trough3>
2024-06-20 19:43:34,157 : INFO : SwitchController : Found active switch: ('2-43', <Platform.SmartVirtual>) <switch.s_trough4>
2024-06-20 19:43:34,157 : INFO : SwitchController : Found active switch: ('2-44', <Platform.SmartVirtual>) <switch.s_trough5>
2024-06-20 19:43:34,157 : INFO : SwitchController : Found active switch: ('2-45', <Platform.SmartVirtual>) <switch.s_trough6>
2024-06-20 19:43:34,157 : INFO : EventManager : Event: ======'bcp_connection_attempt'====== Args={'name': 'local_display', 'host': 'localhost', 'port': 5050}
2024-06-20 19:43:34,157 : DEBUG : asciimatics.widgets.layout : Updating: message
2024-06-20 19:43:34,157 : DEBUG : asciimatics.widgets.layout : Updating: message
2024-06-20 19:43:34,157 : DEBUG : asciimatics.widgets.widget : Widget blur: <asciimatics.widgets.textbox.TextBox object at 0x000001EA20F4DEA0>
2024-06-20 19:43:34,157 : DEBUG : asciimatics.widgets.layout : Blur: <asciimatics.widgets.layout.Layout object at 0x000001EA2202E980>
2024-06-20 19:43:34,157 : DEBUG : asciimatics.widgets.layout : Blur: <asciimatics.widgets.layout.Layout object at 0x000001EA2202E9E0>
2024-06-20 19:43:34,157 : DEBUG : asciimatics.widgets.layout : Focus: <asciimatics.widgets.layout.Layout object at 0x000001EA2202E980>
2024-06-20 19:43:34,157 : DEBUG : asciimatics.widgets.layout : Focus: <asciimatics.widgets.layout.Layout object at 0x000001EA2202E9E0>
2024-06-20 19:43:34,157 : INFO : BCPClientSocket : Connecting BCP to 'local_display' at localhost:5050...
2024-06-20 19:43:44,057 : DEBUG : asciimatics.screen : Processing key: 7a
2024-06-20 19:43:44,057 : DEBUG : asciimatics.widgets.frame : New event: KeyboardEvent: 122
2024-06-20 19:43:45,040 : DEBUG : asciimatics.screen : Processing key: 7a
2024-06-20 19:43:45,040 : DEBUG : asciimatics.screen : Processing key: 7a
2024-06-20 19:43:45,040 : DEBUG : asciimatics.widgets.frame : New event: KeyboardEvent: 122
2024-06-20 19:43:46,057 : DEBUG : asciimatics.screen : Processing key: 7a
2024-06-20 19:43:46,058 : DEBUG : asciimatics.screen : Processing key: 7a
2024-06-20 19:43:46,058 : DEBUG : asciimatics.widgets.frame : New event: KeyboardEvent: 122
2024-06-20 19:43:46,058 : DEBUG : asciimatics.screen : Processing key: 7a
2024-06-20 19:43:46,058 : DEBUG : asciimatics.screen : Processing key: 2f
2024-06-20 19:43:46,058 : DEBUG : asciimatics.widgets.frame : New event: KeyboardEvent: 47
2024-06-20 19:43:46,058 : DEBUG : asciimatics.screen : Processing key: 2f
2024-06-20 19:43:46,058 : DEBUG : asciimatics.screen : Processing key: 2f
2024-06-20 19:43:46,058 : DEBUG : asciimatics.widgets.frame : New event: KeyboardEvent: 47
2024-06-20 19:43:46,058 : DEBUG : asciimatics.screen : Processing key: 2f
2024-06-20 19:44:01,041 : DEBUG : asciimatics.screen : Processing mouse: 3, 24
2024-06-20 19:44:01,041 : DEBUG : asciimatics.widgets.frame : New event: MouseEvent (-34, 8) 0
2024-06-20 19:44:22,040 : DEBUG : asciimatics.screen : Processing mouse: 75, 34
2024-06-20 19:44:22,040 : DEBUG : asciimatics.widgets.frame : New event: MouseEvent (38, 18) 0
2024-06-20 19:44:23,057 : DEBUG : asciimatics.screen : Processing mouse: 66, 27
2024-06-20 19:44:23,057 : DEBUG : asciimatics.widgets.frame : New event: MouseEvent (29, 11) 0
2024-06-20 19:44:24,040 : DEBUG : asciimatics.screen : Processing mouse: 65, 27
2024-06-20 19:44:24,040 : DEBUG : asciimatics.widgets.frame : New event: MouseEvent (28, 11) 0
2024-06-20 19:44:26,057 : DEBUG : asciimatics.screen : Processing mouse: 65, 27
2024-06-20 19:44:26,057 : DEBUG : asciimatics.widgets.frame : New event: MouseEvent (28, 11) 0
2024-06-20 19:44:26,057 : DEBUG : asciimatics.screen : Processing mouse: 51, 25
2024-06-20 19:44:26,057 : DEBUG : asciimatics.widgets.frame : New event: MouseEvent (14, 9) 0
2024-06-20 19:44:26,057 : DEBUG : asciimatics.screen : Processing mouse: 51, 25
2024-06-20 19:44:26,057 : DEBUG : asciimatics.widgets.frame : New event: MouseEvent (14, 9) 0
2024-06-20 19:44:27,057 : DEBUG : asciimatics.screen : Processing mouse: 43, 29
2024-06-20 19:44:27,057 : DEBUG : asciimatics.widgets.frame : New event: MouseEvent (6, 13) 0
2024-06-20 19:44:27,824 : INFO : Machine : Starting the main run loop.
2024-06-20 19:44:27,824 : INFO : Machine : Shutting down...
2024-06-20 19:44:27,824 : INFO : EventManager : Event: ======'shutdown'====== Args={}
2024-06-20 19:44:27,824 : DEBUG : ball_device.bd_trough : Stopping ball device
2024-06-20 19:44:28,823 : INFO : root : MPF run loop ended.
