2024-06-20 15:01:16,470 : kivy : deps: Successfully imported "kivy_deps.gstreamer" 0.3.3
2024-06-20 15:01:16,470 : kivy : deps: Successfully imported "kivy_deps.angle" 0.3.3
2024-06-20 15:01:16,470 : kivy : deps: Successfully imported "kivy_deps.glew" 0.3.1
2024-06-20 15:01:16,470 : kivy : deps: Successfully imported "kivy_deps.sdl2" 0.6.0
2024-06-20 15:01:16,470 : kivy : Kivy: v2.2.1
2024-06-20 15:01:16,470 : kivy : Kivy: Installed at "C:\Users\lisas\AppData\Local\Packages\PythonSoftwareFoundation.Python.3.11_qbz5n2kfra8p0\LocalCache\local-packages\Python311\site-packages\kivy\__init__.py"
2024-06-20 15:01:16,470 : kivy : Python: v3.11.9 (tags/v3.11.9:de54cf5, Apr  2 2024, 10:12:12) [MSC v.1938 64 bit (AMD64)]
2024-06-20 15:01:16,470 : kivy : Python: Interpreter at "C:\Users\lisas\AppData\Local\Microsoft\WindowsApps\PythonSoftwareFoundation.Python.3.11_qbz5n2kfra8p0\python.exe"
2024-06-20 15:01:16,486 : kivy : Factory: 190 symbols loaded
2024-06-20 15:01:16,612 : kivy : ImageLoaderFFPy: Using ffpyplayer 4.5.1
2024-06-20 15:01:16,612 : kivy : Image: Providers: img_tex, img_dds, img_sdl2, img_pil, img_ffpyplayer 
2024-06-20 15:01:17,273 : kivy : VideoGstplayer: Using Gstreamer 1.18.5.0
2024-06-20 15:01:17,274 : kivy : Video: Provider: gstplayer
2024-06-20 15:01:17,299 : root : Loading MPF-MC controller
2024-06-20 15:01:17,301 : YamlMultifileConfigLoader : Machine config file #1: config
2024-06-20 15:01:17,302 : ConfigProcessor : Config file in cache changed: C:\pinball\greatest_showman\config\config
2024-06-20 15:01:17,303 : ConfigProcessor : Loading config from file C:\Users\lisas\AppData\Local\Packages\PythonSoftwareFoundation.Python.3.11_qbz5n2kfra8p0\LocalCache\local-packages\Python311\site-packages\mpfmc\mcconfig.yaml.
2024-06-20 15:01:17,309 : ConfigProcessor : Loading config: C:\Users\lisas\AppData\Local\Packages\PythonSoftwareFoundation.Python.3.11_qbz5n2kfra8p0\LocalCache\local-packages\Python311\site-packages\mpfmc\mcconfig.yaml
2024-06-20 15:01:17,309 : ConfigProcessor : Loading config from file C:\pinball\greatest_showman\config\config.
2024-06-20 15:01:17,311 : ConfigProcessor : Loading config: C:\pinball\greatest_showman\config\config
2024-06-20 15:01:17,312 : ConfigProcessor : Config file cache created: C:\Users\lisas\AppData\Local\Temp\05e162f6648be6f618b4139facd4413e.mpf_cache
2024-06-20 15:01:17,313 : ConfigProcessor : Loading config from cache: C:\Users\lisas\AppData\Local\Temp\59e27ec4283b25a8181e590d80956807.mpf_cache
2024-06-20 15:01:17,313 : ConfigProcessor : Loading config from cache: C:\Users\lisas\AppData\Local\Temp\6bac8aad2a108e0027ae5775410f0221.mpf_cache
2024-06-20 15:01:17,314 : mpfmc : Mission Pinball Framework Media Controller (MPF-MC) v0.57.0. Requires MPF v0.57.0 or newer.
2024-06-20 15:01:17,314 : mpfmc : Found MPF v0.57.1
2024-06-20 15:01:17,314 : mpfmc : Machine path: C:\pinball\greatest_showman
2024-06-20 15:01:17,315 : mpfmc : Starting clock at 60.0Hz
2024-06-20 15:01:17,327 : kivy : Text: Provider: sdl2
2024-06-20 15:01:17,364 : kivy : Window: Provider: sdl2
2024-06-20 15:01:17,489 : kivy : GL: Using the "OpenGL" graphics system
2024-06-20 15:01:17,490 : kivy : GL: GLEW initialization succeeded
2024-06-20 15:01:17,491 : kivy : GL: Backend used <glew>
2024-06-20 15:01:17,491 : kivy : GL: OpenGL version <b'4.6.0 - Build 30.0.101.3111'>
2024-06-20 15:01:17,492 : kivy : GL: OpenGL vendor <b'Intel'>
2024-06-20 15:01:17,492 : kivy : GL: OpenGL renderer <b'Intel(R) UHD Graphics 630'>
2024-06-20 15:01:17,492 : kivy : GL: OpenGL parsed version: 4, 6
2024-06-20 15:01:17,492 : kivy : GL: Shading version <b'4.60 - Build 30.0.101.3111'>
2024-06-20 15:01:17,492 : kivy : GL: Texture max size <16384>
2024-06-20 15:01:17,492 : kivy : GL: Texture max units <32>
2024-06-20 15:01:17,532 : kivy : Window: auto add sdl2 input provider
2024-06-20 15:01:17,533 : kivy : Window: virtual keyboard not allowed, single mode, not docked
2024-06-20 15:01:17,542 : SoundSystem : SoundSystem: Using default 'sound_system' settings
2024-06-20 15:01:18,034 : AudioInterface : Initialized
2024-06-20 15:01:18,034 : AudioInterface : Loaded SDL 2.26.4
2024-06-20 15:01:18,035 : AudioInterface : Loaded SDL_Mixer 2.6.3
2024-06-20 15:01:18,035 : AudioInterface : Loaded GStreamer 1.18.5.0
2024-06-20 15:01:18,035 : AudioInterface : Loaded GLib 2.62.6
2024-06-20 15:01:18,035 : AudioInterface : Settings requested - rate: 44100, channels: 1, buffer: 2048 samples
2024-06-20 15:01:18,035 : AudioInterface : Settings in use - rate: 44100, channels: 1, buffer: 2048 samples (4096 bytes @ 2 bytes per sample)
2024-06-20 15:01:18,036 : SoundSystem : No audio tracks are specified in your machine config file. a track named 'default' has been created.
2024-06-20 15:01:18,036 : SoundSystem : Setting master volume to 0.0
2024-06-20 15:01:18,036 : AudioInterface : Enabling audio playback
2024-06-20 15:01:18,038 : kivy : Base: Start application main loop
2024-06-20 15:01:18,039 : EventManager : Event: ======'display_window_initialized'====== Args={}
2024-06-20 15:01:18,051 : mpfmc : Display: Setting 'window' as default display
2024-06-20 15:01:18,055 : mpfmc : ASPECT RATIO MISMATCH: The on-screen window is not the same aspect ratio as the display called 'window'. The logical display will be scaled from 1920x1080 to the window size 800x600, and a black bar will make up the difference
2024-06-20 15:01:18,057 : EventManager : Event: ======'displays_initialized'====== Args={}
2024-06-20 15:01:18,058 : EventManager : Event: ======'slide_window_blank_created'====== Args={}
2024-06-20 15:01:18,058 : EventManager : Event: ======'display_window_ready'====== Args={}
2024-06-20 15:01:18,069 : EventManager : Event: ======'init_phase_1'====== Args={}
2024-06-20 15:01:18,071 : EventManager : Event: ======'mc_ready'====== Args={}
2024-06-20 15:01:18,071 : EventManager : Event: ======'init_phase_2'====== Args={}
2024-06-20 15:01:18,072 : EventManager : Event: ======'init_phase_3'====== Args={}
2024-06-20 15:01:18,073 : EventManager : Event: ======'init_phase_4'====== Args={}
2024-06-20 15:01:18,073 : EventManager : Event: ======'init_phase_5'====== Args={}
2024-06-20 15:01:18,074 : EventManager : Event: ======'init_done'====== Args={}
2024-06-20 15:01:18,074 : MPF-MC BCP Server : Starting up on localhost port 5050
2024-06-20 15:01:18,078 : MPF-MC BCP Server : Waiting for a connection...
2024-06-20 15:01:18,082 : kivy : GL: NPOT texture support is available
2024-06-20 15:01:18,083 : EventManager : Event: ======'slide_welcome_slide_created'====== Args={}
2024-06-20 15:01:18,087 : EventManager : Event: ======'slide_welcome_slide_active'====== Args={}
2024-06-20 15:01:18,090 : EventManager : Event: ======'client_disconnected'====== Args={'host': '127.0.0.1', 'port': 5050}
2024-06-20 15:01:18,969 : MPF-MC BCP Server : Received connection from: 127.0.0.1:63441
2024-06-20 15:01:18,971 : EventManager : Event: ======'client_connected'====== Args={'host': '127.0.0.1', 'port': 63441}
2024-06-20 15:01:18,996 : EventManager : Event: ======'machine_var_credits_string'====== Args={'value': 'FREE PLAY', 'prev_value': None, 'change': True}
2024-06-20 15:01:18,996 : EventManager : Event: ======'machine_var_master_volume'====== Args={'value': 0.5, 'prev_value': None, 'change': True}
2024-06-20 15:01:18,996 : EventManager : Event: ======'machine_var_player1_score'====== Args={'value': 0, 'prev_value': None, 'change': True}
2024-06-20 15:01:18,996 : EventManager : Event: ======'machine_var_mpf_version'====== Args={'value': 'Mission Pinball Framework v0.57.1', 'prev_value': None, 'change': True}
2024-06-20 15:01:18,996 : EventManager : Event: ======'machine_var_mpf_extended_version'====== Args={'value': 'Mission Pinball Framework v0.57.1, Config version:6, Show version: 6, BCP version:1.1', 'prev_value': None, 'change': True}
2024-06-20 15:01:18,996 : EventManager : Event: ======'machine_var_python_version'====== Args={'value': '3.11.9', 'prev_value': None, 'change': True}
2024-06-20 15:01:18,997 : EventManager : Event: ======'machine_var_platform'====== Args={'value': 'Windows-10-10.0.22631-SP0', 'prev_value': None, 'change': True}
2024-06-20 15:01:18,997 : EventManager : Event: ======'machine_var_platform_system'====== Args={'value': 'Windows', 'prev_value': None, 'change': True}
2024-06-20 15:01:18,997 : EventManager : Event: ======'machine_var_platform_release'====== Args={'value': '10', 'prev_value': None, 'change': True}
2024-06-20 15:01:18,997 : EventManager : Event: ======'machine_var_platform_version'====== Args={'value': '10.0.22631', 'prev_value': None, 'change': True}
2024-06-20 15:01:18,997 : EventManager : Event: ======'machine_var_platform_machine'====== Args={'value': 'AMD64', 'prev_value': None, 'change': True}
2024-06-20 15:01:18,998 : EventManager : Event: ======'machine_var_mc_version'====== Args={'value': 'MPF-MC v0.57.0', 'prev_value': None, 'change': True}
2024-06-20 15:01:18,998 : EventManager : Event: ======'machine_var_mc_extended_version'====== Args={'value': 'MPF-MC v0.57.0 (config_version=6, BCP v1.1,                      Requires MPF API compatibility v0.57.0 or newer)', 'prev_value': None, 'change': True}
2024-06-20 15:01:18,998 : EventManager : Event: ======'machine_var_credits_string'====== Args={'value': 'FREE PLAY', 'prev_value': None, 'change': True}
2024-06-20 15:01:18,998 : EventManager : Event: ======'machine_var_master_volume'====== Args={'value': 0.5, 'prev_value': None, 'change': True}
2024-06-20 15:01:18,998 : EventManager : Event: ======'machine_var_player1_score'====== Args={'value': 0, 'prev_value': None, 'change': True}
2024-06-20 15:01:18,999 : EventManager : Event: ======'machine_var_mpf_version'====== Args={'value': 'Mission Pinball Framework v0.57.1', 'prev_value': None, 'change': True}
2024-06-20 15:01:18,999 : EventManager : Event: ======'machine_var_mpf_extended_version'====== Args={'value': 'Mission Pinball Framework v0.57.1, Config version:6, Show version: 6, BCP version:1.1', 'prev_value': None, 'change': True}
2024-06-20 15:01:18,999 : EventManager : Event: ======'machine_var_python_version'====== Args={'value': '3.11.9', 'prev_value': None, 'change': True}
2024-06-20 15:01:18,999 : EventManager : Event: ======'machine_var_platform'====== Args={'value': 'Windows-10-10.0.22631-SP0', 'prev_value': None, 'change': True}
2024-06-20 15:01:18,999 : EventManager : Event: ======'machine_var_platform_system'====== Args={'value': 'Windows', 'prev_value': None, 'change': True}
2024-06-20 15:01:18,999 : EventManager : Event: ======'machine_var_platform_release'====== Args={'value': '10', 'prev_value': None, 'change': True}
2024-06-20 15:01:19,000 : EventManager : Event: ======'machine_var_platform_version'====== Args={'value': '10.0.22631', 'prev_value': None, 'change': True}
2024-06-20 15:01:19,000 : EventManager : Event: ======'machine_var_platform_machine'====== Args={'value': 'AMD64', 'prev_value': None, 'change': True}
2024-06-20 15:01:19,000 : EventManager : Event: ======'machine_var_mc_version'====== Args={'value': 'MPF-MC v0.57.0', 'prev_value': None, 'change': True}
2024-06-20 15:01:19,000 : EventManager : Event: ======'machine_var_mc_extended_version'====== Args={'value': 'MPF-MC v0.57.0 (config_version=6, BCP v1.1,                      Requires MPF API compatibility v0.57.0 or newer)', 'prev_value': None, 'change': True}
2024-06-20 15:01:19,000 : EventManager : Event: ======'machine_var_credits_string'====== Args={'value': 'FREE PLAY', 'prev_value': None, 'change': True}
2024-06-20 15:01:19,000 : EventManager : Event: ======'machine_var_master_volume'====== Args={'value': 0.5, 'prev_value': None, 'change': True}
2024-06-20 15:01:19,000 : EventManager : Event: ======'machine_var_player1_score'====== Args={'value': 0, 'prev_value': None, 'change': True}
2024-06-20 15:01:19,000 : EventManager : Event: ======'machine_var_mpf_version'====== Args={'value': 'Mission Pinball Framework v0.57.1', 'prev_value': None, 'change': True}
2024-06-20 15:01:19,001 : EventManager : Event: ======'machine_var_mpf_extended_version'====== Args={'value': 'Mission Pinball Framework v0.57.1, Config version:6, Show version: 6, BCP version:1.1', 'prev_value': None, 'change': True}
2024-06-20 15:01:19,001 : EventManager : Event: ======'machine_var_python_version'====== Args={'value': '3.11.9', 'prev_value': None, 'change': True}
2024-06-20 15:01:19,001 : EventManager : Event: ======'machine_var_platform'====== Args={'value': 'Windows-10-10.0.22631-SP0', 'prev_value': None, 'change': True}
2024-06-20 15:01:19,001 : EventManager : Event: ======'machine_var_platform_system'====== Args={'value': 'Windows', 'prev_value': None, 'change': True}
2024-06-20 15:01:19,001 : EventManager : Event: ======'machine_var_platform_release'====== Args={'value': '10', 'prev_value': None, 'change': True}
2024-06-20 15:01:19,001 : EventManager : Event: ======'machine_var_platform_version'====== Args={'value': '10.0.22631', 'prev_value': None, 'change': True}
2024-06-20 15:01:19,001 : EventManager : Event: ======'machine_var_platform_machine'====== Args={'value': 'AMD64', 'prev_value': None, 'change': True}
2024-06-20 15:01:19,001 : EventManager : Event: ======'machine_var_mc_version'====== Args={'value': 'MPF-MC v0.57.0', 'prev_value': None, 'change': True}
2024-06-20 15:01:19,001 : EventManager : Event: ======'machine_var_mc_extended_version'====== Args={'value': 'MPF-MC v0.57.0 (config_version=6, BCP v1.1,                      Requires MPF API compatibility v0.57.0 or newer)', 'prev_value': None, 'change': True}
2024-06-20 15:01:19,002 : EventManager : Event: ======'machine_var_credits_string'====== Args={'value': 'FREE PLAY', 'prev_value': None, 'change': True}
2024-06-20 15:01:19,002 : EventManager : Event: ======'machine_var_master_volume'====== Args={'value': 0.5, 'prev_value': None, 'change': True}
2024-06-20 15:01:19,002 : EventManager : Event: ======'machine_var_player1_score'====== Args={'value': 0, 'prev_value': None, 'change': True}
2024-06-20 15:01:19,002 : EventManager : Event: ======'machine_var_mpf_version'====== Args={'value': 'Mission Pinball Framework v0.57.1', 'prev_value': None, 'change': True}
2024-06-20 15:01:19,002 : EventManager : Event: ======'machine_var_mpf_extended_version'====== Args={'value': 'Mission Pinball Framework v0.57.1, Config version:6, Show version: 6, BCP version:1.1', 'prev_value': None, 'change': True}
2024-06-20 15:01:19,002 : EventManager : Event: ======'machine_var_python_version'====== Args={'value': '3.11.9', 'prev_value': None, 'change': True}
2024-06-20 15:01:19,002 : EventManager : Event: ======'machine_var_platform'====== Args={'value': 'Windows-10-10.0.22631-SP0', 'prev_value': None, 'change': True}
2024-06-20 15:01:19,002 : EventManager : Event: ======'machine_var_platform_system'====== Args={'value': 'Windows', 'prev_value': None, 'change': True}
2024-06-20 15:01:19,002 : EventManager : Event: ======'machine_var_platform_release'====== Args={'value': '10', 'prev_value': None, 'change': True}
2024-06-20 15:01:19,003 : EventManager : Event: ======'machine_var_platform_version'====== Args={'value': '10.0.22631', 'prev_value': None, 'change': True}
2024-06-20 15:01:19,003 : EventManager : Event: ======'machine_var_platform_machine'====== Args={'value': 'AMD64', 'prev_value': None, 'change': True}
2024-06-20 15:01:19,003 : EventManager : Event: ======'machine_var_mc_version'====== Args={'value': 'MPF-MC v0.57.0', 'prev_value': None, 'change': True}
2024-06-20 15:01:19,003 : EventManager : Event: ======'machine_var_mc_extended_version'====== Args={'value': 'MPF-MC v0.57.0 (config_version=6, BCP v1.1,                      Requires MPF API compatibility v0.57.0 or newer)', 'prev_value': None, 'change': True}
2024-06-20 15:01:19,003 : EventManager : Event: ======'machine_var_audits_events_game_ended'====== Args={'value': 1, 'prev_value': None, 'change': True}
2024-06-20 15:01:19,003 : EventManager : Event: ======'machine_var_audits_events_game_started'====== Args={'value': 1, 'prev_value': None, 'change': True}
2024-06-20 15:01:19,003 : EventManager : Event: ======'machine_var_audits_player_score'====== Args={'value': {'average': 0.0, 'top': [0], 'total': 1}, 'prev_value': None, 'change': True}
2024-06-20 15:01:19,003 : EventManager : Event: ======'machine_var_audits_switches_s_left_flipper'====== Args={'value': 63, 'prev_value': None, 'change': True}
2024-06-20 15:01:19,003 : EventManager : Event: ======'machine_var_audits_switches_s_left_flipper_eos'====== Args={'value': 0, 'prev_value': None, 'change': True}
2024-06-20 15:01:19,004 : EventManager : Event: ======'machine_var_audits_switches_s_plunger'====== Args={'value': 0, 'prev_value': None, 'change': True}
2024-06-20 15:01:19,004 : EventManager : Event: ======'machine_var_audits_switches_s_right_flipper'====== Args={'value': 63, 'prev_value': None, 'change': True}
2024-06-20 15:01:19,004 : EventManager : Event: ======'machine_var_audits_switches_s_right_flipper_eos'====== Args={'value': 0, 'prev_value': None, 'change': True}
2024-06-20 15:01:19,004 : EventManager : Event: ======'machine_var_audits_switches_s_right_inlane'====== Args={'value': 0, 'prev_value': None, 'change': True}
2024-06-20 15:01:19,004 : EventManager : Event: ======'machine_var_audits_switches_s_right_upper'====== Args={'value': 0, 'prev_value': None, 'change': True}
2024-06-20 15:01:19,004 : EventManager : Event: ======'machine_var_audits_switches_s_right_upper_eos'====== Args={'value': 0, 'prev_value': None, 'change': True}
2024-06-20 15:01:19,004 : EventManager : Event: ======'machine_var_audits_switches_s_start'====== Args={'value': 0, 'prev_value': None, 'change': True}
2024-06-20 15:01:19,004 : EventManager : Event: ======'machine_var_audits_switches_s_trough1'====== Args={'value': 11, 'prev_value': None, 'change': True}
2024-06-20 15:01:19,004 : EventManager : Event: ======'machine_var_audits_switches_s_trough2'====== Args={'value': 2, 'prev_value': None, 'change': True}
2024-06-20 15:01:19,004 : EventManager : Event: ======'machine_var_audits_switches_s_trough3'====== Args={'value': 1, 'prev_value': None, 'change': True}
2024-06-20 15:01:19,005 : EventManager : Event: ======'machine_var_audits_switches_s_trough4'====== Args={'value': 1, 'prev_value': None, 'change': True}
2024-06-20 15:01:19,005 : EventManager : Event: ======'machine_var_audits_switches_s_trough5'====== Args={'value': 1, 'prev_value': None, 'change': True}
2024-06-20 15:01:19,005 : EventManager : Event: ======'machine_var_audits_switches_s_trough6'====== Args={'value': 1, 'prev_value': None, 'change': True}
2024-06-20 15:01:19,005 : EventManager : Event: ======'machine_var_audits_switches_s_trough_jam'====== Args={'value': 0, 'prev_value': None, 'change': True}
2024-06-20 15:01:19,006 : EventManager : Event: ======'slides_play'====== Args={'settings': {'welcome_slide': {'target': None, 'background_color': [0.0, 0.0, 0.0, 1.0], 'priority': None, 'show': True, 'force': False, 'expire': None, 'slide': None, 'tokens': {}, 'action': 'play'}}, 'context': '_global', 'calling_context': 'init_done', 'priority': 0}
2024-06-20 15:01:19,006 : EventManager : Event: ======'mc_reset_phase_1'====== Args={}
2024-06-20 15:01:19,006 : SoundSystem : Setting master volume to 0.5
2024-06-20 15:01:19,006 : SoundSystem : Setting master volume to 0.5
2024-06-20 15:01:19,006 : SoundSystem : Setting master volume to 0.5
2024-06-20 15:01:19,006 : SoundSystem : Setting master volume to 0.5
2024-06-20 15:01:19,007 : EventManager : Event: ======'slide_welcome_slide_removed'====== Args={}
2024-06-20 15:01:19,009 : EventManager : Event: ======'slide_welcome_slide_created'====== Args={}
2024-06-20 15:01:19,010 : EventManager : Event: ======'mc_reset_phase_2'====== Args={}
2024-06-20 15:01:19,010 : EventManager : Event: ======'mc_reset_phase_3'====== Args={}
2024-06-20 15:01:19,010 : EventManager : Event: ======'mc_reset_complete'====== Args={}
2024-06-20 15:01:19,010 : EventManager : Event: ======'slide_welcome_slide_active'====== Args={}
2024-06-20 15:01:19,025 : EventManager : Event: ======'slides_play'====== Args={'settings': {'attract_started': {'target': None, 'background_color': [0.0, 0.0, 0.0, 1.0], 'priority': None, 'show': True, 'force': False, 'expire': None, 'slide': None, 'tokens': {}, 'action': 'play'}}, 'context': '_global', 'calling_context': 'mode_attract_started', 'priority': 0}
2024-06-20 15:01:19,027 : EventManager : Event: ======'slide_attract_started_created'====== Args={}
2024-06-20 15:01:19,028 : EventManager : Event: ======'slide_attract_started_active'====== Args={}
2024-06-20 15:01:34,046 : mpfmc : Stopping...
2024-06-20 15:01:34,046 : EventManager : Event: ======'shutdown'====== Args={}
2024-06-20 15:01:34,047 : AudioInterface : Disabling audio playback
2024-06-20 15:01:34,203 : kivy : Base: Leaving application in progress...
2024-06-20 15:01:34,204 : mpfmc : Loop rate 67.86 Hz
