2024-06-20 20:20:06,021 : INFO : root : Loading config.
2024-06-20 20:20:06,025 : INFO : YamlMultifileConfigLoader : Machine config file #1: config.yaml
2024-06-20 20:20:06,025 : WARNING : ConfigProcessor : Config file in cache changed: C:\pinball\greatest_showman\config\config.yaml
2024-06-20 20:20:06,025 : INFO : ConfigProcessor : Loading config from file C:\Users\lisas\AppData\Local\Packages\PythonSoftwareFoundation.Python.3.11_qbz5n2kfra8p0\LocalCache\local-packages\Python311\site-packages\mpf\mpfconfig.yaml.
2024-06-20 20:20:06,034 : INFO : ConfigProcessor : Loading config: C:\Users\lisas\AppData\Local\Packages\PythonSoftwareFoundation.Python.3.11_qbz5n2kfra8p0\LocalCache\local-packages\Python311\site-packages\mpf\mpfconfig.yaml
2024-06-20 20:20:06,034 : INFO : ConfigProcessor : Loading config from file C:\pinball\greatest_showman\config\config.yaml.
2024-06-20 20:20:06,037 : INFO : ConfigProcessor : Loading config: C:\pinball\greatest_showman\config\config.yaml
2024-06-20 20:20:06,038 : INFO : ConfigProcessor : Config file cache created: C:\Users\lisas\AppData\Local\Temp\ac8ec9c990419bd3c50c7eb371dae584.mpf_cache
2024-06-20 20:20:06,098 : INFO : ConfigProcessor : Loading config from cache: C:\Users\lisas\AppData\Local\Temp\59e27ec4283b25a8181e590d80956807.mpf_cache
2024-06-20 20:20:06,099 : INFO : ConfigProcessor : Loading config from cache: C:\Users\lisas\AppData\Local\Temp\6bac8aad2a108e0027ae5775410f0221.mpf_cache
2024-06-20 20:20:06,100 : INFO : Machine : Mission Pinball Framework Core Engine v0.57.1
2024-06-20 20:20:06,100 : INFO : Machine : Command line arguments: {'no_load_cache': False, 'create_config_cache': True, 'bcp': True, 'configfile': ['config.yaml'], 'force_assets_load': False, 'platform_integration_test': False, 'jsonlogging': False, 'logfile': 'logs\\2024-06-20-20-20-06-mpf-LisaDesktop.log', 'pause': False, 'production': False, 'text_ui': True, 'loglevel': 15, 'consoleloglevel': 20, 'force_platform': None, 'syslog_address': None, 'mc_file_name': None, 'no_sound': False}
2024-06-20 20:20:06,100 : INFO : Machine : MPF path: C:\Users\lisas\AppData\Local\Packages\PythonSoftwareFoundation.Python.3.11_qbz5n2kfra8p0\LocalCache\local-packages\Python311\site-packages\mpf
2024-06-20 20:20:06,100 : INFO : Machine : Machine path: C:\pinball\greatest_showman
2024-06-20 20:20:06,100 : INFO : Machine : Platform: win32
2024-06-20 20:20:06,100 : INFO : Machine : Python executable location: C:\Users\lisas\AppData\Local\Microsoft\WindowsApps\PythonSoftwareFoundation.Python.3.11_qbz5n2kfra8p0\python.exe
2024-06-20 20:20:06,100 : INFO : Machine : Python version: 3.11.9 (64-bit)
2024-06-20 20:20:06,102 : INFO : Machine : Initializing MPF...
2024-06-20 20:20:06,204 : INFO : EventManager : Event: ======'machine_var_credits_string'====== Args={'value': 'FREE PLAY', 'prev_value': None, 'change': True}
2024-06-20 20:20:06,240 : INFO : EventManager : Event: ======'machine_var_master_volume'====== Args={'value': 0.5, 'prev_value': None, 'change': True}
2024-06-20 20:20:06,240 : INFO : EventManager : Event: ======'machine_var_player1_score'====== Args={'value': 0, 'prev_value': None, 'change': True}
2024-06-20 20:20:06,240 : INFO : EventManager : Event: ======'machine_var_mpf_version'====== Args={'value': 'Mission Pinball Framework v0.57.1', 'prev_value': None, 'change': True}
2024-06-20 20:20:06,240 : INFO : EventManager : Event: ======'machine_var_mpf_extended_version'====== Args={'value': 'Mission Pinball Framework v0.57.1, Config version:6, Show version: 6, BCP version:1.1', 'prev_value': None, 'change': True}
2024-06-20 20:20:06,240 : INFO : EventManager : Event: ======'machine_var_python_version'====== Args={'value': '3.11.9', 'prev_value': None, 'change': True}
2024-06-20 20:20:06,249 : INFO : EventManager : Event: ======'machine_var_platform'====== Args={'value': 'Windows-10-10.0.22631-SP0', 'prev_value': None, 'change': True}
2024-06-20 20:20:06,249 : INFO : EventManager : Event: ======'machine_var_platform_system'====== Args={'value': 'Windows', 'prev_value': None, 'change': True}
2024-06-20 20:20:06,249 : INFO : EventManager : Event: ======'machine_var_platform_release'====== Args={'value': '10', 'prev_value': None, 'change': True}
2024-06-20 20:20:06,249 : INFO : EventManager : Event: ======'machine_var_platform_version'====== Args={'value': '10.0.22631', 'prev_value': None, 'change': True}
2024-06-20 20:20:06,249 : INFO : EventManager : Event: ======'machine_var_platform_machine'====== Args={'value': 'AMD64', 'prev_value': None, 'change': True}
2024-06-20 20:20:06,249 : INFO : EventManager : Event: ======'init_phase_1'====== Args={}
2024-06-20 20:20:06,258 : INFO : EventManager : Event: ======'init_phase_2'====== Args={}
2024-06-20 20:20:06,259 : INFO : SwitchController : Found active switch: ('2-40', <Platform.SmartVirtual>) <switch.s_trough1>
2024-06-20 20:20:06,259 : INFO : SwitchController : Found active switch: ('2-41', <Platform.SmartVirtual>) <switch.s_trough2>
2024-06-20 20:20:06,259 : INFO : SwitchController : Found active switch: ('2-42', <Platform.SmartVirtual>) <switch.s_trough3>
2024-06-20 20:20:06,259 : INFO : EventManager : Event: ======'bcp_connection_attempt'====== Args={'name': 'local_display', 'host': 'localhost', 'port': 5050}
2024-06-20 20:20:06,260 : INFO : BCPClientSocket : Connecting BCP to 'local_display' at localhost:5050...
2024-06-20 20:20:08,302 : INFO : BCPClientSocket : Connected BCP to 'local_display' localhost:5050
2024-06-20 20:20:08,302 : INFO : EventManager : Event: ======'bcp_clients_connected'====== Args={}
2024-06-20 20:20:08,371 : INFO : ball_device.bd_trough : BCH: Initial count: 3
2024-06-20 20:20:08,372 : INFO : EventManager : Event: ======'machine_var_mc_version'====== Args={'value': 'MPF-MC v0.57.0', 'prev_value': None, 'change': True}
2024-06-20 20:20:08,372 : INFO : EventManager : Event: ======'machine_var_mc_extended_version'====== Args={'value': 'MPF-MC v0.57.0 (config_version=6, BCP v1.1,                      Requires MPF API compatibility v0.57.0 or newer)', 'prev_value': None, 'change': True}
2024-06-20 20:20:08,373 : INFO : ball_device.bd_trough : State: idle
2024-06-20 20:20:08,395 : INFO : ball_device.bd_plunger : BCH: Initial count: 0
2024-06-20 20:20:08,395 : INFO : ball_device.bd_plunger : State: idle
2024-06-20 20:20:08,402 : INFO : EventManager : Event: ======'init_phase_3'====== Args={}
2024-06-20 20:20:08,404 : INFO : EventManager : Event: ======'init_phase_4'====== Args={}
2024-06-20 20:20:08,405 : INFO : BallController : Initial balls found: 3
2024-06-20 20:20:08,405 : INFO : EventManager : Event: ======'machine_var_audits_events_game_ended'====== Args={'value': 1, 'prev_value': None, 'change': True}
2024-06-20 20:20:08,405 : INFO : EventManager : Event: ======'machine_var_audits_events_game_started'====== Args={'value': 1, 'prev_value': None, 'change': True}
2024-06-20 20:20:08,405 : INFO : EventManager : Event: ======'machine_var_audits_player_score'====== Args={'value': {'average': 0.0, 'top': [0], 'total': 1}, 'prev_value': None, 'change': True}
2024-06-20 20:20:08,406 : INFO : EventManager : Event: ======'machine_var_audits_switches_s_left_flipper'====== Args={'value': 63, 'prev_value': None, 'change': True}
2024-06-20 20:20:08,406 : INFO : EventManager : Event: ======'machine_var_audits_switches_s_left_flipper_eos'====== Args={'value': 0, 'prev_value': None, 'change': True}
2024-06-20 20:20:08,406 : INFO : EventManager : Event: ======'machine_var_audits_switches_s_plunger'====== Args={'value': 0, 'prev_value': None, 'change': True}
2024-06-20 20:20:08,406 : INFO : EventManager : Event: ======'machine_var_audits_switches_s_right_flipper'====== Args={'value': 63, 'prev_value': None, 'change': True}
2024-06-20 20:20:08,406 : INFO : EventManager : Event: ======'machine_var_audits_switches_s_right_flipper_eos'====== Args={'value': 0, 'prev_value': None, 'change': True}
2024-06-20 20:20:08,406 : INFO : EventManager : Event: ======'machine_var_audits_switches_s_right_inlane'====== Args={'value': 0, 'prev_value': None, 'change': True}
2024-06-20 20:20:08,406 : INFO : EventManager : Event: ======'machine_var_audits_switches_s_right_upper'====== Args={'value': 0, 'prev_value': None, 'change': True}
2024-06-20 20:20:08,406 : INFO : EventManager : Event: ======'machine_var_audits_switches_s_right_upper_eos'====== Args={'value': 0, 'prev_value': None, 'change': True}
2024-06-20 20:20:08,406 : INFO : EventManager : Event: ======'machine_var_audits_switches_s_start'====== Args={'value': 0, 'prev_value': None, 'change': True}
2024-06-20 20:20:08,406 : INFO : EventManager : Event: ======'machine_var_audits_switches_s_trough1'====== Args={'value': 11, 'prev_value': None, 'change': True}
2024-06-20 20:20:08,407 : INFO : EventManager : Event: ======'machine_var_audits_switches_s_trough2'====== Args={'value': 2, 'prev_value': None, 'change': True}
2024-06-20 20:20:08,407 : INFO : EventManager : Event: ======'machine_var_audits_switches_s_trough3'====== Args={'value': 1, 'prev_value': None, 'change': True}
2024-06-20 20:20:08,407 : INFO : EventManager : Event: ======'machine_var_audits_switches_s_trough4'====== Args={'value': 1, 'prev_value': None, 'change': True}
2024-06-20 20:20:08,407 : INFO : EventManager : Event: ======'machine_var_audits_switches_s_trough5'====== Args={'value': 1, 'prev_value': None, 'change': True}
2024-06-20 20:20:08,407 : INFO : EventManager : Event: ======'machine_var_audits_switches_s_trough6'====== Args={'value': 1, 'prev_value': None, 'change': True}
2024-06-20 20:20:08,407 : INFO : EventManager : Event: ======'machine_var_audits_switches_s_trough_jam'====== Args={'value': 0, 'prev_value': None, 'change': True}
2024-06-20 20:20:08,407 : INFO : EventManager : Event: ======'machine_var_audits_switches_s_right_upper_flipper'====== Args={'value': 0, 'prev_value': None, 'change': True}
2024-06-20 20:20:08,408 : INFO : EventManager : Event: ======'init_phase_5'====== Args={}
2024-06-20 20:20:08,417 : INFO : EventManager : Event: ======'init_done'====== Args={}
2024-06-20 20:20:08,417 : INFO : EventManager : Event: ======'machine_reset_phase_1'====== Args={}
2024-06-20 20:20:08,424 : INFO : EventManager : Event: ======'slide_welcome_slide_removed'====== Args={'_from_bcp': True}
2024-06-20 20:20:08,424 : INFO : EventManager : Event: ======'slide_welcome_slide_created'====== Args={'_from_bcp': True}
2024-06-20 20:20:08,425 : INFO : EventManager : Event: ======'machine_reset_phase_2'====== Args={}
2024-06-20 20:20:08,425 : INFO : EventManager : Event: ======'machine_reset_phase_3'====== Args={}
2024-06-20 20:20:08,425 : INFO : EventManager : Event: ======'reset_complete'====== Args={}
2024-06-20 20:20:08,425 : INFO : EventManager : Event: ======'mode_attract_will_start'====== Args={}
2024-06-20 20:20:08,426 : INFO : EventManager : Event: ======'mode_attract_starting'====== Args={}
2024-06-20 20:20:08,426 : INFO : Mode.attract : Started. Priority: 10
2024-06-20 20:20:08,426 : INFO : EventManager : Event: ======'modes_active_modes_changed'====== Args={}
2024-06-20 20:20:08,426 : INFO : EventManager : Event: ======'mode_attract_started'====== Args={}
2024-06-20 20:20:08,427 : INFO : EventManager : Event: ======'collecting_balls_complete'====== Args={}
2024-06-20 20:20:08,437 : INFO : EventManager : Event: ======'slide_welcome_slide_active'====== Args={'_from_bcp': True}
2024-06-20 20:20:08,438 : INFO : EventManager : Event: ======'slide_attract_started_created'====== Args={'_from_bcp': True}
2024-06-20 20:20:08,438 : INFO : EventManager : Event: ======'slide_attract_started_active'====== Args={'_from_bcp': True}
2024-06-20 20:20:08,438 : INFO : Machine : Starting the main run loop.
2024-06-20 20:20:11,726 : INFO : SwitchController : <<<<<<< 's_start' active >>>>>>>
2024-06-20 20:20:11,802 : INFO : SwitchController : <<<<<<< 's_start' inactive >>>>>>>
2024-06-20 20:20:11,802 : INFO : EventManager : Event: ======'request_to_start_game'====== Args={}
2024-06-20 20:20:11,802 : INFO : EventManager : Event: ======'game_start'====== Args={'buttons': [], 'hold_time': 0.07800000000861473}
2024-06-20 20:20:11,803 : INFO : EventManager : Event: ======'mode_game_will_start'====== Args={'buttons': [], 'hold_time': 0.07800000000861473}
2024-06-20 20:20:11,804 : INFO : EventManager : Event: ======'mode_game_starting'====== Args={'buttons': [], 'hold_time': 0.07800000000861473}
2024-06-20 20:20:11,804 : INFO : EventManager : Event: ======'mode_attract_will_stop'====== Args={}
2024-06-20 20:20:11,805 : INFO : EventManager : Event: ======'mode_attract_stopping'====== Args={}
2024-06-20 20:20:11,805 : INFO : Mode.attract : Stopped.
2024-06-20 20:20:11,805 : INFO : EventManager : Event: ======'modes_active_modes_changed'====== Args={}
2024-06-20 20:20:11,805 : INFO : EventManager : Event: ======'mode_attract_stopped'====== Args={}
2024-06-20 20:20:11,806 : INFO : EventManager : Event: ======'clear'====== Args={'key': 'attract'}
2024-06-20 20:20:11,806 : INFO : Mode.game : Started. Priority: 20
2024-06-20 20:20:11,806 : INFO : EventManager : Event: ======'modes_active_modes_changed'====== Args={}
2024-06-20 20:20:11,806 : INFO : EventManager : Event: ======'mode_game_started'====== Args={'buttons': [], 'hold_time': 0.07800000000861473}
2024-06-20 20:20:11,819 : INFO : EventManager : Event: ======'game_will_start'====== Args={}
2024-06-20 20:20:11,819 : INFO : EventManager : Event: ======'game_starting'====== Args={'game': <Mode.game>}
2024-06-20 20:20:11,820 : INFO : EventManager : Unordered handler for class <Auditor> on event game_ended with priority 1. Handlers: [RegisteredHandler(callback=<bound method Auditor.disable of <Auditor>>, priority=1, kwargs={}, key=UUID('2e4182e0-5928-4111-b666-455b89b0743f'), condition=None, blocking_facility=None), RegisteredHandler(callback=<bound method Auditor._save_audits of <Auditor>>, priority=1, kwargs={}, key=UUID('4df8d439-acbd-4e73-9ee2-a1b612e8f465'), condition=None, blocking_facility=None)]. The order of those handlers is not defined and they will be executed in random order. This might lead to race conditions and potential bugs.
2024-06-20 20:20:11,821 : INFO : EventManager : Event: ======'player_add_request'====== Args={}
2024-06-20 20:20:11,821 : INFO : EventManager : Event: ======'player_will_add'====== Args={'number': 1}
2024-06-20 20:20:11,821 : INFO : EventManager : Event: ======'player_adding'====== Args={'player': <Player 1>, 'number': 1}
2024-06-20 20:20:11,821 : INFO : EventManager : Event: ======'player_added'====== Args={'player': <Player 1>, 'num': 1}
2024-06-20 20:20:11,822 : INFO : Mode.game : Player added successfully. Total players: 1
2024-06-20 20:20:11,823 : INFO : EventManager : Event: ======'player_index'====== Args={'value': 0, 'prev_value': 0, 'change': 0, 'player_num': 1}
2024-06-20 20:20:11,824 : INFO : EventManager : Event: ======'player_number'====== Args={'value': 1, 'prev_value': 1, 'change': 0, 'player_num': 1}
2024-06-20 20:20:11,824 : INFO : EventManager : Event: ======'player_score'====== Args={'value': 0, 'prev_value': 0, 'change': 0, 'player_num': 1}
2024-06-20 20:20:11,825 : INFO : EventManager : Event: ======'game_started'====== Args={}
2024-06-20 20:20:11,839 : INFO : EventManager : Event: ======'player_turn_will_start'====== Args={'player': <Player 1>, 'number': 1}
2024-06-20 20:20:11,840 : INFO : EventManager : Event: ======'player_turn_starting'====== Args={'player': <Player 1>, 'number': 1}
2024-06-20 20:20:11,840 : INFO : EventManager : Event: ======'player_ball'====== Args={'value': 1, 'prev_value': 0, 'change': 1, 'player_num': 1}
2024-06-20 20:20:11,841 : INFO : EventManager : Event: ======'player_turn_started'====== Args={'player': <Player 1>, 'number': 1}
2024-06-20 20:20:11,842 : INFO : EventManager : Event: ======'ball_will_start'====== Args={'player': 1, 'ball': 1, 'balls_remaining': 2, 'is_extra_ball': False}
2024-06-20 20:20:11,844 : INFO : EventManager : Event: ======'ball_starting'====== Args={'player': 1, 'ball': 1, 'balls_remaining': 2, 'is_extra_ball': False}
2024-06-20 20:20:11,844 : INFO : EventManager : Event: ======'balls_in_play'====== Args={'balls': 1}
2024-06-20 20:20:11,844 : INFO : EventManager : Event: ======'ball_started'====== Args={'player': 1, 'ball': 1, 'balls_remaining': 2, 'is_extra_ball': False}
2024-06-20 20:20:11,849 : INFO : EventManager : Event: ======'single_player_ball_started'====== Args={}
2024-06-20 20:20:11,849 : INFO : EventManager : Event: ======'ball_start_target'====== Args={'target': 'playfield'}
2024-06-20 20:20:11,849 : INFO : ball_device.bd_plunger : Setting up player-controlled eject. Balls: 1, Target: <playfield.playfield>, player_controlled_eject_event: None
2024-06-20 20:20:11,849 : INFO : EventManager : Event: ======'balldevice_balls_available'====== Args={}
2024-06-20 20:20:11,850 : INFO : ball_device.bd_trough : State: waiting_for_target_ready
2024-06-20 20:20:11,850 : INFO : EventManager : Event: ======'balldevice_bd_trough_ball_eject_attempt'====== Args={'balls': 1, 'target': <ball_device.bd_plunger>, 'source': <ball_device.bd_trough>, 'mechanical_eject': True, 'num_attempts': 0}
2024-06-20 20:20:11,850 : INFO : ball_device.bd_plunger : State: waiting_for_ball
2024-06-20 20:20:11,851 : INFO : ball_device.bd_trough : State: ejecting
2024-06-20 20:20:11,851 : INFO : ball_device.bd_trough : Ejecting ball to <ball_device.bd_plunger>
2024-06-20 20:20:11,851 : INFO : EventManager : Event: ======'balldevice_bd_trough_ejecting_ball'====== Args={'balls': 1, 'target': <ball_device.bd_plunger>, 'source': <ball_device.bd_trough>, 'mechanical_eject': True, 'num_attempts': 0}
2024-06-20 20:20:11,851 : INFO : ball_device.bd_trough : Wait for ball to leave device
2024-06-20 20:20:11,852 : INFO : coil.c_trough_eject : Pulsing Driver for 20ms (1.0 pulse_power)
2024-06-20 20:20:11,852 : INFO : SwitchController : <<<<<<< 's_trough1' inactive >>>>>>>
2024-06-20 20:20:11,855 : INFO : ball_device.bd_trough : State: ball_left
2024-06-20 20:20:11,856 : INFO : ball_device.bd_trough : Ball left
2024-06-20 20:20:11,856 : INFO : ball_device.bd_trough : Wait for confirm with timeout 10.0
2024-06-20 20:20:11,857 : INFO : EventManager : Event: ======'slide__global.slide_player-ball_started_created'====== Args={'_from_bcp': True}
2024-06-20 20:20:11,857 : INFO : EventManager : Event: ======'slide__global.slide_player-ball_started_active'====== Args={'_from_bcp': True}
2024-06-20 20:20:11,969 : INFO : SwitchController : <<<<<<< 's_plunger' active >>>>>>>
2024-06-20 20:20:11,969 : INFO : EventManager : Event: ======'machine_var_audits_switches_s_plunger'====== Args={'value': 1, 'prev_value': 0, 'change': 1}
2024-06-20 20:20:12,481 : INFO : ball_device.bd_plunger : Received ball from <ball_device.bd_trough>
2024-06-20 20:20:12,482 : INFO : EventManager : Event: ======'balldevice_bd_plunger_ball_enter'====== Args={'new_balls': 1, 'unclaimed_balls': 0, 'new_available_balls': 0, 'device': <ball_device.bd_plunger>}
2024-06-20 20:20:12,482 : INFO : EventManager : Event: ======'balldevice_bd_plunger_ball_entered'====== Args={'new_balls': 0, 'device': <ball_device.bd_plunger>}
2024-06-20 20:20:12,482 : INFO : EventManager : Event: ======'balldevice_bd_plunger_ball_count_changed'====== Args={'balls': 1}
2024-06-20 20:20:12,482 : INFO : ball_device.bd_trough : Got eject confirm
2024-06-20 20:20:12,483 : INFO : ball_device.bd_trough : Eject successful
2024-06-20 20:20:12,483 : INFO : EventManager : Event: ======'balldevice_bd_trough_ball_eject_success'====== Args={'balls': 1, 'target': <ball_device.bd_plunger>}
2024-06-20 20:20:12,483 : INFO : ball_device.bd_plunger : State: waiting_for_target_ready
2024-06-20 20:20:12,483 : INFO : EventManager : Event: ======'balldevice_bd_plunger_ball_eject_attempt'====== Args={'balls': 1, 'target': <playfield.playfield>, 'source': <ball_device.bd_plunger>, 'mechanical_eject': True, 'num_attempts': 0}
2024-06-20 20:20:12,484 : INFO : EventManager : Event: ======'balldevice_bd_trough_ball_count_changed'====== Args={'balls': 2}
2024-06-20 20:20:12,484 : INFO : ball_device.bd_trough : State: idle
2024-06-20 20:20:12,485 : INFO : ball_device.bd_plunger : State: ejecting
2024-06-20 20:20:12,485 : INFO : ball_device.bd_plunger : Ejecting ball to <playfield.playfield>
2024-06-20 20:20:12,485 : INFO : EventManager : Event: ======'balldevice_bd_plunger_ejecting_ball'====== Args={'balls': 1, 'target': <playfield.playfield>, 'source': <ball_device.bd_plunger>, 'mechanical_eject': True, 'num_attempts': 0}
2024-06-20 20:20:12,486 : INFO : ball_device.bd_plunger : Wait for ball to leave device
2024-06-20 20:20:22,876 : INFO : SwitchController : <<<<<<< 's_plunger' inactive >>>>>>>
2024-06-20 20:20:22,881 : INFO : ball_device.bd_plunger : State: ball_left
2024-06-20 20:20:22,881 : INFO : ball_device.bd_plunger : Ball left
2024-06-20 20:20:22,881 : INFO : ball_device.bd_plunger : Wait for confirm with timeout 3.0
2024-06-20 20:20:25,887 : INFO : ball_device.bd_plunger : State: failed_confirm
2024-06-20 20:20:25,887 : INFO : ball_device.bd_plunger : Got timeout (3.0s) before confirm from <playfield.playfield>
2024-06-20 20:20:25,995 : INFO : ball_device.bd_plunger : Confirming eject because target is playfield and ball did not return.
2024-06-20 20:20:25,995 : INFO : ball_device.bd_plunger : Eject successful
2024-06-20 20:20:25,995 : INFO : EventManager : Event: ======'balldevice_bd_plunger_ball_eject_success'====== Args={'balls': 1, 'target': <playfield.playfield>}
2024-06-20 20:20:25,995 : INFO : EventManager : Event: ======'balldevice_playfield_ball_enter'====== Args={'new_balls': 1, 'unclaimed_balls': 1, 'device': <playfield.playfield>}
2024-06-20 20:20:25,995 : INFO : EventManager : Event: ======'playfield_ball_count_change'====== Args={'balls': 1, 'change': 1}
2024-06-20 20:20:25,995 : INFO : EventManager : Event: ======'balldevice_bd_plunger_ball_count_changed'====== Args={'balls': 0}
2024-06-20 20:20:25,996 : INFO : ball_device.bd_plunger : State: idle
2024-06-20 20:20:31,853 : INFO : SwitchController : <<<<<<< 's_left_flipper' active >>>>>>>
2024-06-20 20:20:31,853 : INFO : EventManager : Event: ======'machine_var_audits_switches_s_left_flipper'====== Args={'value': 64, 'prev_value': 63, 'change': 1}
2024-06-20 20:20:31,966 : INFO : SwitchController : <<<<<<< 's_left_flipper' inactive >>>>>>>
2024-06-20 20:20:32,696 : INFO : SwitchController : <<<<<<< 's_left_flipper' active >>>>>>>
2024-06-20 20:20:32,697 : INFO : EventManager : Event: ======'machine_var_audits_switches_s_left_flipper'====== Args={'value': 65, 'prev_value': 64, 'change': 1}
2024-06-20 20:20:32,847 : INFO : SwitchController : <<<<<<< 's_left_flipper' inactive >>>>>>>
2024-06-20 20:20:33,273 : INFO : SwitchController : <<<<<<< 's_left_flipper' active >>>>>>>
2024-06-20 20:20:33,274 : INFO : EventManager : Event: ======'machine_var_audits_switches_s_left_flipper'====== Args={'value': 66, 'prev_value': 65, 'change': 1}
2024-06-20 20:20:33,402 : INFO : SwitchController : <<<<<<< 's_left_flipper' inactive >>>>>>>
2024-06-20 20:20:33,692 : INFO : SwitchController : <<<<<<< 's_right_flipper' active >>>>>>>
2024-06-20 20:20:33,693 : INFO : EventManager : Event: ======'machine_var_audits_switches_s_right_flipper'====== Args={'value': 64, 'prev_value': 63, 'change': 1}
2024-06-20 20:20:33,832 : INFO : SwitchController : <<<<<<< 's_right_flipper' inactive >>>>>>>
2024-06-20 20:20:34,159 : INFO : SwitchController : <<<<<<< 's_right_flipper' active >>>>>>>
2024-06-20 20:20:34,160 : INFO : EventManager : Event: ======'machine_var_audits_switches_s_right_flipper'====== Args={'value': 65, 'prev_value': 64, 'change': 1}
2024-06-20 20:20:34,310 : INFO : SwitchController : <<<<<<< 's_right_flipper' inactive >>>>>>>
2024-06-20 20:20:36,289 : INFO : SwitchController : <<<<<<< 's_plunger' active >>>>>>>
2024-06-20 20:20:36,289 : INFO : EventManager : Event: ======'machine_var_audits_switches_s_plunger'====== Args={'value': 2, 'prev_value': 1, 'change': 1}
2024-06-20 20:20:36,804 : INFO : SwitchController : <<<<<<< 's_plunger' inactive >>>>>>>
2024-06-20 20:20:37,850 : INFO : SwitchController : <<<<<<< 's_plunger' active >>>>>>>
2024-06-20 20:20:37,850 : INFO : EventManager : Event: ======'machine_var_audits_switches_s_plunger'====== Args={'value': 3, 'prev_value': 2, 'change': 1}
2024-06-20 20:20:38,115 : INFO : SwitchController : <<<<<<< 's_plunger' inactive >>>>>>>
2024-06-20 20:20:44,645 : INFO : SwitchController : <<<<<<< 's_trough1' active >>>>>>>
2024-06-20 20:20:44,645 : INFO : EventManager : Event: ======'machine_var_audits_switches_s_trough1'====== Args={'value': 12, 'prev_value': 11, 'change': 1}
2024-06-20 20:20:45,161 : INFO : EventManager : Event: ======'balldevice_bd_trough_ball_count_changed'====== Args={'balls': 3}
2024-06-20 20:20:45,161 : INFO : ball_device.bd_trough : Received unexpected ball
2024-06-20 20:20:45,161 : INFO : EventManager : Event: ======'balldevice_captured_from_playfield'====== Args={'balls': 1}
2024-06-20 20:20:45,161 : INFO : EventManager : Event: ======'sw_playfield_active'====== Args={'balls': 1}
2024-06-20 20:20:45,162 : INFO : EventManager : Event: ======'playfield_ball_count_change'====== Args={'balls': 0, 'change': -1}
2024-06-20 20:20:45,162 : INFO : EventManager : Event: ======'balldevice_bd_trough_ball_enter'====== Args={'new_balls': 1, 'unclaimed_balls': 1, 'new_available_balls': 1, 'device': <ball_device.bd_trough>}
2024-06-20 20:20:45,162 : INFO : EventManager : Event: ======'ball_drain'====== Args={'device': <ball_device.bd_trough>, 'balls': 1}
2024-06-20 20:20:45,163 : INFO : EventManager : Event: ======'ball_will_end'====== Args={}
2024-06-20 20:20:45,163 : INFO : EventManager : Event: ======'balldevice_balls_available'====== Args={}
2024-06-20 20:20:45,163 : INFO : EventManager : Event: ======'balldevice_bd_trough_ball_entered'====== Args={'new_balls': 1, 'device': <ball_device.bd_trough>}
2024-06-20 20:20:45,164 : INFO : EventManager : Event: ======'ball_ending'====== Args={}
2024-06-20 20:20:45,164 : INFO : EventManager : Event: ======'ball_ended'====== Args={}
2024-06-20 20:20:45,165 : INFO : EventManager : Event: ======'player_turn_will_end'====== Args={'player': <Player 1>, 'number': 1}
2024-06-20 20:20:45,169 : INFO : EventManager : Event: ======'player_turn_ending'====== Args={'player': <Player 1>, 'number': 1}
2024-06-20 20:20:45,169 : INFO : EventManager : Event: ======'player_turn_ended'====== Args={'player': <Player 1>, 'number': 1}
2024-06-20 20:20:45,169 : INFO : EventManager : Event: ======'player_turn_will_start'====== Args={'player': <Player 1>, 'number': 1}
2024-06-20 20:20:45,169 : INFO : EventManager : Event: ======'player_turn_starting'====== Args={'player': <Player 1>, 'number': 1}
2024-06-20 20:20:45,170 : INFO : EventManager : Event: ======'player_ball'====== Args={'value': 2, 'prev_value': 1, 'change': 1, 'player_num': 1}
2024-06-20 20:20:45,170 : INFO : EventManager : Event: ======'player_turn_started'====== Args={'player': <Player 1>, 'number': 1}
2024-06-20 20:20:45,171 : INFO : EventManager : Event: ======'ball_will_start'====== Args={'player': 1, 'ball': 2, 'balls_remaining': 1, 'is_extra_ball': False}
2024-06-20 20:20:45,173 : INFO : EventManager : Event: ======'ball_starting'====== Args={'player': 1, 'ball': 2, 'balls_remaining': 1, 'is_extra_ball': False}
2024-06-20 20:20:45,174 : INFO : EventManager : Event: ======'balls_in_play'====== Args={'balls': 1}
2024-06-20 20:20:45,174 : INFO : EventManager : Event: ======'ball_started'====== Args={'player': 1, 'ball': 2, 'balls_remaining': 1, 'is_extra_ball': False}
2024-06-20 20:20:45,175 : INFO : EventManager : Event: ======'single_player_ball_started'====== Args={}
2024-06-20 20:20:45,175 : INFO : EventManager : Event: ======'ball_start_target'====== Args={'target': 'playfield'}
2024-06-20 20:20:45,175 : INFO : ball_device.bd_plunger : Setting up player-controlled eject. Balls: 1, Target: <playfield.playfield>, player_controlled_eject_event: None
2024-06-20 20:20:45,175 : INFO : EventManager : Event: ======'balldevice_balls_available'====== Args={}
2024-06-20 20:20:45,176 : INFO : ball_device.bd_trough : State: waiting_for_target_ready
2024-06-20 20:20:45,176 : INFO : EventManager : Event: ======'balldevice_bd_trough_ball_eject_attempt'====== Args={'balls': 1, 'target': <ball_device.bd_plunger>, 'source': <ball_device.bd_trough>, 'mechanical_eject': True, 'num_attempts': 0}
2024-06-20 20:20:45,176 : INFO : ball_device.bd_plunger : State: waiting_for_ball
2024-06-20 20:20:45,176 : INFO : ball_device.bd_trough : State: ejecting
2024-06-20 20:20:45,176 : INFO : ball_device.bd_trough : Ejecting ball to <ball_device.bd_plunger>
2024-06-20 20:20:45,176 : INFO : EventManager : Event: ======'balldevice_bd_trough_ejecting_ball'====== Args={'balls': 1, 'target': <ball_device.bd_plunger>, 'source': <ball_device.bd_trough>, 'mechanical_eject': True, 'num_attempts': 0}
2024-06-20 20:20:45,177 : INFO : ball_device.bd_trough : Wait for ball to leave device
2024-06-20 20:20:45,177 : INFO : coil.c_trough_eject : Pulsing Driver for 20ms (1.0 pulse_power)
2024-06-20 20:20:45,177 : INFO : SwitchController : <<<<<<< 's_trough1' inactive >>>>>>>
2024-06-20 20:20:45,181 : INFO : ball_device.bd_trough : State: ball_left
2024-06-20 20:20:45,182 : INFO : ball_device.bd_trough : Ball left
2024-06-20 20:20:45,182 : INFO : ball_device.bd_trough : Wait for confirm with timeout 10.0
2024-06-20 20:20:45,187 : INFO : EventManager : Event: ======'slide__global.slide_player-ball_started_removed'====== Args={'_from_bcp': True}
2024-06-20 20:20:45,187 : INFO : EventManager : Event: ======'slide__global.slide_player-ball_started_created'====== Args={'_from_bcp': True}
2024-06-20 20:20:45,189 : INFO : EventManager : Event: ======'slide__global.slide_player-ball_started_active'====== Args={'_from_bcp': True}
2024-06-20 20:20:45,302 : INFO : SwitchController : <<<<<<< 's_plunger' active >>>>>>>
2024-06-20 20:20:45,302 : INFO : EventManager : Event: ======'machine_var_audits_switches_s_plunger'====== Args={'value': 4, 'prev_value': 3, 'change': 1}
2024-06-20 20:20:45,441 : INFO : SwitchController : <<<<<<< 's_trough2' inactive >>>>>>>
2024-06-20 20:20:45,803 : INFO : ball_device.bd_plunger : Received ball from <ball_device.bd_trough>
2024-06-20 20:20:45,803 : INFO : EventManager : Event: ======'balldevice_bd_plunger_ball_enter'====== Args={'new_balls': 1, 'unclaimed_balls': 0, 'new_available_balls': 0, 'device': <ball_device.bd_plunger>}
2024-06-20 20:20:45,803 : INFO : EventManager : Event: ======'balldevice_bd_plunger_ball_entered'====== Args={'new_balls': 0, 'device': <ball_device.bd_plunger>}
2024-06-20 20:20:45,803 : INFO : EventManager : Event: ======'balldevice_bd_plunger_ball_count_changed'====== Args={'balls': 1}
2024-06-20 20:20:45,803 : INFO : ball_device.bd_trough : Got eject confirm
2024-06-20 20:20:45,805 : INFO : ball_device.bd_trough : Eject successful
2024-06-20 20:20:45,805 : INFO : EventManager : Event: ======'balldevice_bd_trough_ball_eject_success'====== Args={'balls': 1, 'target': <ball_device.bd_plunger>}
2024-06-20 20:20:45,805 : INFO : ball_device.bd_plunger : State: waiting_for_target_ready
2024-06-20 20:20:45,805 : INFO : EventManager : Event: ======'balldevice_bd_plunger_ball_eject_attempt'====== Args={'balls': 1, 'target': <playfield.playfield>, 'source': <ball_device.bd_plunger>, 'mechanical_eject': True, 'num_attempts': 0}
2024-06-20 20:20:45,805 : INFO : EventManager : Event: ======'balldevice_bd_trough_ball_count_changed'====== Args={'balls': 2}
2024-06-20 20:20:45,806 : INFO : ball_device.bd_trough : State: idle
2024-06-20 20:20:45,806 : INFO : ball_device.bd_plunger : State: ejecting
2024-06-20 20:20:45,806 : INFO : ball_device.bd_plunger : Ejecting ball to <playfield.playfield>
2024-06-20 20:20:45,806 : INFO : EventManager : Event: ======'balldevice_bd_plunger_ejecting_ball'====== Args={'balls': 1, 'target': <playfield.playfield>, 'source': <ball_device.bd_plunger>, 'mechanical_eject': True, 'num_attempts': 0}
2024-06-20 20:20:45,807 : INFO : ball_device.bd_plunger : Wait for ball to leave device
2024-06-20 20:20:46,109 : INFO : SwitchController : <<<<<<< 's_trough3' inactive >>>>>>>
2024-06-20 20:20:46,770 : INFO : SwitchController : <<<<<<< 's_trough4' active >>>>>>>
2024-06-20 20:20:46,770 : INFO : EventManager : Event: ======'machine_var_audits_switches_s_trough4'====== Args={'value': 2, 'prev_value': 1, 'change': 1}
2024-06-20 20:20:49,857 : INFO : SwitchController : <<<<<<< 's_left_flipper' active >>>>>>>
2024-06-20 20:20:49,859 : INFO : EventManager : Event: ======'machine_var_audits_switches_s_left_flipper'====== Args={'value': 67, 'prev_value': 66, 'change': 1}
2024-06-20 20:20:49,932 : INFO : SwitchController : <<<<<<< 's_left_flipper' inactive >>>>>>>
2024-06-20 20:20:50,294 : INFO : SwitchController : <<<<<<< 's_left_flipper' active >>>>>>>
2024-06-20 20:20:50,294 : INFO : EventManager : Event: ======'machine_var_audits_switches_s_left_flipper'====== Args={'value': 68, 'prev_value': 67, 'change': 1}
2024-06-20 20:20:50,379 : INFO : SwitchController : <<<<<<< 's_left_flipper' inactive >>>>>>>
2024-06-20 20:20:50,541 : INFO : SwitchController : <<<<<<< 's_left_flipper' active >>>>>>>
2024-06-20 20:20:50,541 : INFO : EventManager : Event: ======'machine_var_audits_switches_s_left_flipper'====== Args={'value': 69, 'prev_value': 68, 'change': 1}
2024-06-20 20:20:50,616 : INFO : SwitchController : <<<<<<< 's_left_flipper' inactive >>>>>>>
2024-06-20 20:20:52,273 : INFO : EventManager : Event: ======'balldevice_bd_trough_ball_count_changed'====== Args={'balls': 1}
2024-06-20 20:20:52,273 : WARNING : ball_device.bd_trough : Ball disappeared while idle. This should not normally happen.
2024-06-20 20:20:52,273 : INFO : EventManager : Event: ======'balldevice_playfield_ball_enter'====== Args={'new_balls': 1, 'unclaimed_balls': 1, 'device': <playfield.playfield>}
2024-06-20 20:20:52,273 : INFO : EventManager : Event: ======'playfield_ball_count_change'====== Args={'balls': 1, 'change': 1}
2024-06-20 20:20:52,274 : INFO : ball_device.bd_trough : 1 ball(s) missing from device. Mechanical eject? False
2024-06-20 20:20:52,274 : INFO : EventManager : Event: ======'balldevice_bd_trough_ball_missing'====== Args={'balls': 1}
2024-06-20 20:20:52,274 : INFO : EventManager : Event: ======'balldevice_ball_missing'====== Args={'balls': 1, 'name': 'bd_trough'}
2024-06-20 20:20:53,701 : INFO : SwitchController : <<<<<<< 's_right_flipper' active >>>>>>>
2024-06-20 20:20:53,701 : INFO : EventManager : Event: ======'machine_var_audits_switches_s_right_flipper'====== Args={'value': 66, 'prev_value': 65, 'change': 1}
2024-06-20 20:20:53,750 : INFO : SwitchController : <<<<<<< 's_right_flipper' inactive >>>>>>>
2024-06-20 20:20:53,938 : INFO : SwitchController : <<<<<<< 's_right_flipper' active >>>>>>>
2024-06-20 20:20:53,939 : INFO : EventManager : Event: ======'machine_var_audits_switches_s_right_flipper'====== Args={'value': 67, 'prev_value': 66, 'change': 1}
2024-06-20 20:20:54,000 : INFO : SwitchController : <<<<<<< 's_right_flipper' inactive >>>>>>>
2024-06-20 20:20:54,162 : INFO : SwitchController : <<<<<<< 's_right_flipper' active >>>>>>>
2024-06-20 20:20:54,162 : INFO : EventManager : Event: ======'machine_var_audits_switches_s_right_flipper'====== Args={'value': 68, 'prev_value': 67, 'change': 1}
2024-06-20 20:20:54,236 : INFO : SwitchController : <<<<<<< 's_right_flipper' inactive >>>>>>>
2024-06-20 20:20:55,421 : INFO : SwitchController : <<<<<<< 's_right_flipper' active >>>>>>>
2024-06-20 20:20:55,422 : INFO : EventManager : Event: ======'machine_var_audits_switches_s_right_flipper'====== Args={'value': 69, 'prev_value': 68, 'change': 1}
2024-06-20 20:20:55,497 : INFO : SwitchController : <<<<<<< 's_right_flipper' inactive >>>>>>>
2024-06-20 20:20:55,600 : INFO : SwitchController : <<<<<<< 's_left_flipper' active >>>>>>>
2024-06-20 20:20:55,601 : INFO : EventManager : Event: ======'machine_var_audits_switches_s_left_flipper'====== Args={'value': 70, 'prev_value': 69, 'change': 1}
2024-06-20 20:20:55,699 : INFO : SwitchController : <<<<<<< 's_left_flipper' inactive >>>>>>>
2024-06-20 20:20:55,727 : INFO : SwitchController : <<<<<<< 's_right_flipper' active >>>>>>>
2024-06-20 20:20:55,727 : INFO : EventManager : Event: ======'machine_var_audits_switches_s_right_flipper'====== Args={'value': 70, 'prev_value': 69, 'change': 1}
2024-06-20 20:20:55,787 : INFO : SwitchController : <<<<<<< 's_right_flipper' inactive >>>>>>>
2024-06-20 20:20:56,000 : INFO : SwitchController : <<<<<<< 's_left_flipper' active >>>>>>>
2024-06-20 20:20:56,000 : INFO : EventManager : Event: ======'machine_var_audits_switches_s_left_flipper'====== Args={'value': 71, 'prev_value': 70, 'change': 1}
2024-06-20 20:20:56,049 : INFO : SwitchController : <<<<<<< 's_left_flipper' inactive >>>>>>>
2024-06-20 20:21:01,149 : INFO : Machine : Shutting down...
2024-06-20 20:21:01,149 : INFO : EventManager : Event: ======'shutdown'====== Args={}
2024-06-20 20:21:01,150 : INFO : EventManager : Event: ======'mode_game_will_stop'====== Args={}
2024-06-20 20:21:01,150 : INFO : EventManager : Event: ======'mode_game_stopping'====== Args={}
2024-06-20 20:21:01,150 : INFO : Mode.game : Stopped.
2024-06-20 20:21:01,150 : INFO : EventManager : Event: ======'modes_active_modes_changed'====== Args={}
2024-06-20 20:21:01,150 : INFO : EventManager : Event: ======'mode_game_stopped'====== Args={}
2024-06-20 20:21:01,150 : INFO : EventManager : Event: ======'clear'====== Args={'key': 'game'}
2024-06-20 20:21:01,151 : INFO : root : MPF run loop ended.
