2024-06-22 12:52:18,746 : INFO : root : Loading config.
2024-06-22 12:52:18,746 : INFO : YamlMultifileConfigLoader : Machine config file #1: config.yaml
2024-06-22 12:52:18,746 : WARNING : ConfigProcessor : Config file in cache changed: C:\pinball\greatest_showman\config\config.yaml
2024-06-22 12:52:18,746 : INFO : ConfigProcessor : Loading config from file C:\Users\lisas\AppData\Local\Packages\PythonSoftwareFoundation.Python.3.11_qbz5n2kfra8p0\LocalCache\local-packages\Python311\site-packages\mpf\mpfconfig.yaml.
2024-06-22 12:52:18,763 : INFO : ConfigProcessor : Loading config: C:\Users\lisas\AppData\Local\Packages\PythonSoftwareFoundation.Python.3.11_qbz5n2kfra8p0\LocalCache\local-packages\Python311\site-packages\mpf\mpfconfig.yaml
2024-06-22 12:52:18,763 : INFO : ConfigProcessor : Loading config from file C:\pinball\greatest_showman\config\config.yaml.
2024-06-22 12:52:18,780 : INFO : ConfigProcessor : Loading config: C:\pinball\greatest_showman\config\config.yaml
2024-06-22 12:52:18,780 : INFO : ConfigProcessor : Config file cache created: C:\Users\lisas\AppData\Local\Temp\ac8ec9c990419bd3c50c7eb371dae584.mpf_cache
2024-06-22 12:52:19,343 : INFO : ConfigProcessor : Loading config from cache: C:\Users\lisas\AppData\Local\Temp\59e27ec4283b25a8181e590d80956807.mpf_cache
2024-06-22 12:52:19,348 : INFO : ConfigProcessor : Loading config from cache: C:\Users\lisas\AppData\Local\Temp\6bac8aad2a108e0027ae5775410f0221.mpf_cache
2024-06-22 12:52:19,353 : INFO : Machine : Mission Pinball Framework Core Engine v0.57.1
2024-06-22 12:52:19,353 : INFO : Machine : Command line arguments: {'no_load_cache': False, 'create_config_cache': True, 'bcp': True, 'configfile': ['config.yaml'], 'force_assets_load': False, 'platform_integration_test': False, 'jsonlogging': False, 'logfile': 'logs\\2024-06-22-12-52-18-mpf-LisaDesktop.log', 'pause': False, 'production': False, 'text_ui': True, 'loglevel': 15, 'consoleloglevel': 20, 'force_platform': 'virtual', 'syslog_address': None, 'mc_file_name': None, 'no_sound': False}
2024-06-22 12:52:19,353 : INFO : Machine : MPF path: C:\Users\lisas\AppData\Local\Packages\PythonSoftwareFoundation.Python.3.11_qbz5n2kfra8p0\LocalCache\local-packages\Python311\site-packages\mpf
2024-06-22 12:52:19,353 : INFO : Machine : Machine path: C:\pinball\greatest_showman
2024-06-22 12:52:19,353 : INFO : Machine : Platform: win32
2024-06-22 12:52:19,354 : INFO : Machine : Python executable location: C:\Users\lisas\AppData\Local\Microsoft\WindowsApps\PythonSoftwareFoundation.Python.3.11_qbz5n2kfra8p0\python.exe
2024-06-22 12:52:19,354 : INFO : Machine : Python version: 3.11.9 (64-bit)
2024-06-22 12:52:19,356 : INFO : Machine : Initializing MPF...
2024-06-22 12:52:19,868 : INFO : EventManager : Event: ======'machine_var_credits_string'====== Args={'value': 'FREE PLAY', 'prev_value': None, 'change': True}
2024-06-22 12:52:20,115 : INFO : EventManager : Event: ======'machine_var_master_volume'====== Args={'value': 0.5, 'prev_value': None, 'change': True}
2024-06-22 12:52:20,115 : INFO : EventManager : Event: ======'machine_var_player1_score'====== Args={'value': 0, 'prev_value': None, 'change': True}
2024-06-22 12:52:20,115 : INFO : EventManager : Event: ======'machine_var_mpf_version'====== Args={'value': 'Mission Pinball Framework v0.57.1', 'prev_value': None, 'change': True}
2024-06-22 12:52:20,115 : INFO : EventManager : Event: ======'machine_var_mpf_extended_version'====== Args={'value': 'Mission Pinball Framework v0.57.1, Config version:6, Show version: 6, BCP version:1.1', 'prev_value': None, 'change': True}
2024-06-22 12:52:20,115 : INFO : EventManager : Event: ======'machine_var_python_version'====== Args={'value': '3.11.9', 'prev_value': None, 'change': True}
2024-06-22 12:52:20,124 : INFO : EventManager : Event: ======'machine_var_platform'====== Args={'value': 'Windows-10-10.0.22631-SP0', 'prev_value': None, 'change': True}
2024-06-22 12:52:20,124 : INFO : EventManager : Event: ======'machine_var_platform_system'====== Args={'value': 'Windows', 'prev_value': None, 'change': True}
2024-06-22 12:52:20,124 : INFO : EventManager : Event: ======'machine_var_platform_release'====== Args={'value': '10', 'prev_value': None, 'change': True}
2024-06-22 12:52:20,125 : INFO : EventManager : Event: ======'machine_var_platform_version'====== Args={'value': '10.0.22631', 'prev_value': None, 'change': True}
2024-06-22 12:52:20,125 : INFO : EventManager : Event: ======'machine_var_platform_machine'====== Args={'value': 'AMD64', 'prev_value': None, 'change': True}
2024-06-22 12:52:20,125 : INFO : EventManager : Event: ======'init_phase_1'====== Args={}
2024-06-22 12:52:20,193 : INFO : EventManager : Event: ======'init_phase_2'====== Args={}
2024-06-22 12:52:20,193 : INFO : SwitchController : Found active switch: ('2-40', <Platform.Virtual>) <switch.s_trough1>
2024-06-22 12:52:20,193 : INFO : SwitchController : Found active switch: ('2-41', <Platform.Virtual>) <switch.s_trough2>
2024-06-22 12:52:20,193 : INFO : SwitchController : Found active switch: ('2-42', <Platform.Virtual>) <switch.s_trough3>
2024-06-22 12:52:20,194 : INFO : EventManager : Event: ======'bcp_connection_attempt'====== Args={'name': 'local_display', 'host': 'localhost', 'port': 5050}
2024-06-22 12:52:20,195 : INFO : BCPClientSocket : Connecting BCP to 'local_display' at localhost:5050...
2024-06-22 12:52:24,271 : INFO : BCPClientSocket : Connected BCP to 'local_display' localhost:5050
2024-06-22 12:52:24,272 : INFO : EventManager : Event: ======'bcp_clients_connected'====== Args={}
2024-06-22 12:52:24,375 : INFO : EventManager : Event: ======'machine_var_mc_version'====== Args={'value': 'MPF-MC v0.57.0', 'prev_value': None, 'change': True}
2024-06-22 12:52:24,375 : INFO : EventManager : Event: ======'machine_var_mc_extended_version'====== Args={'value': 'MPF-MC v0.57.0 (config_version=6, BCP v1.1,                      Requires MPF API compatibility v0.57.0 or newer)', 'prev_value': None, 'change': True}
2024-06-22 12:52:24,377 : INFO : ball_device.bd_trough : BCH: Initial count: 3
2024-06-22 12:52:24,393 : INFO : ball_device.bd_trough : State: idle
2024-06-22 12:52:24,393 : INFO : ball_device.bd_plunger : BCH: Initial count: 0
2024-06-22 12:52:24,393 : INFO : ball_device.bd_plunger : State: idle
2024-06-22 12:52:24,440 : INFO : EventManager : Event: ======'init_phase_3'====== Args={}
2024-06-22 12:52:24,441 : INFO : EventManager : Event: ======'init_phase_4'====== Args={}
2024-06-22 12:52:24,442 : INFO : BallController : Initial balls found: 3
2024-06-22 12:52:24,442 : INFO : EventManager : Event: ======'machine_var_audits_events_game_ended'====== Args={'value': 1, 'prev_value': None, 'change': True}
2024-06-22 12:52:24,443 : INFO : EventManager : Event: ======'machine_var_audits_events_game_started'====== Args={'value': 2, 'prev_value': None, 'change': True}
2024-06-22 12:52:24,443 : INFO : EventManager : Event: ======'machine_var_audits_missing_switches_s_right_inlane'====== Args={'value': 1, 'prev_value': None, 'change': True}
2024-06-22 12:52:24,443 : INFO : EventManager : Event: ======'machine_var_audits_missing_switches_s_right_upper_flipper'====== Args={'value': 1, 'prev_value': None, 'change': True}
2024-06-22 12:52:24,443 : INFO : EventManager : Event: ======'machine_var_audits_missing_switches_s_start'====== Args={'value': 1, 'prev_value': None, 'change': True}
2024-06-22 12:52:24,443 : INFO : EventManager : Event: ======'machine_var_audits_missing_switches_s_trough2'====== Args={'value': 1, 'prev_value': None, 'change': True}
2024-06-22 12:52:24,443 : INFO : EventManager : Event: ======'machine_var_audits_missing_switches_s_trough3'====== Args={'value': 1, 'prev_value': None, 'change': True}
2024-06-22 12:52:24,443 : INFO : EventManager : Event: ======'machine_var_audits_missing_switches_s_trough5'====== Args={'value': 1, 'prev_value': None, 'change': True}
2024-06-22 12:52:24,443 : INFO : EventManager : Event: ======'machine_var_audits_missing_switches_s_trough6'====== Args={'value': 1, 'prev_value': None, 'change': True}
2024-06-22 12:52:24,443 : INFO : EventManager : Event: ======'machine_var_audits_missing_switches_s_trough_jam'====== Args={'value': 1, 'prev_value': None, 'change': True}
2024-06-22 12:52:24,443 : INFO : EventManager : Event: ======'machine_var_audits_player_score'====== Args={'value': {'average': 0.0, 'top': [0], 'total': 1}, 'prev_value': None, 'change': True}
2024-06-22 12:52:24,444 : INFO : EventManager : Event: ======'machine_var_audits_switches_s_left_flipper'====== Args={'value': 71, 'prev_value': None, 'change': True}
2024-06-22 12:52:24,444 : INFO : EventManager : Event: ======'machine_var_audits_switches_s_left_flipper_eos'====== Args={'value': 0, 'prev_value': None, 'change': True}
2024-06-22 12:52:24,444 : INFO : EventManager : Event: ======'machine_var_audits_switches_s_plunger'====== Args={'value': 4, 'prev_value': None, 'change': True}
2024-06-22 12:52:24,444 : INFO : EventManager : Event: ======'machine_var_audits_switches_s_right_flipper'====== Args={'value': 70, 'prev_value': None, 'change': True}
2024-06-22 12:52:24,444 : INFO : EventManager : Event: ======'machine_var_audits_switches_s_right_flipper_eos'====== Args={'value': 0, 'prev_value': None, 'change': True}
2024-06-22 12:52:24,444 : INFO : EventManager : Event: ======'machine_var_audits_switches_s_right_inlane'====== Args={'value': 0, 'prev_value': None, 'change': True}
2024-06-22 12:52:24,444 : INFO : EventManager : Event: ======'machine_var_audits_switches_s_right_upper'====== Args={'value': 0, 'prev_value': None, 'change': True}
2024-06-22 12:52:24,444 : INFO : EventManager : Event: ======'machine_var_audits_switches_s_right_upper_eos'====== Args={'value': 0, 'prev_value': None, 'change': True}
2024-06-22 12:52:24,444 : INFO : EventManager : Event: ======'machine_var_audits_switches_s_right_upper_flipper'====== Args={'value': 0, 'prev_value': None, 'change': True}
2024-06-22 12:52:24,445 : INFO : EventManager : Event: ======'machine_var_audits_switches_s_start'====== Args={'value': 0, 'prev_value': None, 'change': True}
2024-06-22 12:52:24,445 : INFO : EventManager : Event: ======'machine_var_audits_switches_s_trough1'====== Args={'value': 12, 'prev_value': None, 'change': True}
2024-06-22 12:52:24,445 : INFO : EventManager : Event: ======'machine_var_audits_switches_s_trough2'====== Args={'value': 2, 'prev_value': None, 'change': True}
2024-06-22 12:52:24,445 : INFO : EventManager : Event: ======'machine_var_audits_switches_s_trough3'====== Args={'value': 1, 'prev_value': None, 'change': True}
2024-06-22 12:52:24,445 : INFO : EventManager : Event: ======'machine_var_audits_switches_s_trough4'====== Args={'value': 2, 'prev_value': None, 'change': True}
2024-06-22 12:52:24,445 : INFO : EventManager : Event: ======'machine_var_audits_switches_s_trough5'====== Args={'value': 1, 'prev_value': None, 'change': True}
2024-06-22 12:52:24,445 : INFO : EventManager : Event: ======'machine_var_audits_switches_s_trough6'====== Args={'value': 1, 'prev_value': None, 'change': True}
2024-06-22 12:52:24,445 : INFO : EventManager : Event: ======'machine_var_audits_switches_s_trough_jam'====== Args={'value': 0, 'prev_value': None, 'change': True}
2024-06-22 12:52:24,445 : INFO : EventManager : Event: ======'init_phase_5'====== Args={}
2024-06-22 12:52:24,454 : INFO : EventManager : Event: ======'init_done'====== Args={}
2024-06-22 12:52:24,454 : INFO : EventManager : Event: ======'machine_reset_phase_1'====== Args={}
2024-06-22 12:52:24,463 : INFO : EventManager : Event: ======'slide_welcome_slide_removed'====== Args={'_from_bcp': True}
2024-06-22 12:52:24,464 : INFO : EventManager : Event: ======'slide_welcome_slide_created'====== Args={'_from_bcp': True}
2024-06-22 12:52:24,464 : INFO : EventManager : Event: ======'machine_reset_phase_2'====== Args={}
2024-06-22 12:52:24,464 : INFO : EventManager : Event: ======'machine_reset_phase_3'====== Args={}
2024-06-22 12:52:24,464 : INFO : EventManager : Event: ======'reset_complete'====== Args={}
2024-06-22 12:52:24,464 : INFO : EventManager : Event: ======'mode_attract_will_start'====== Args={}
2024-06-22 12:52:24,465 : INFO : EventManager : Event: ======'mode_attract_starting'====== Args={}
2024-06-22 12:52:24,465 : INFO : Mode.attract : Started. Priority: 10
2024-06-22 12:52:24,465 : INFO : EventManager : Event: ======'modes_active_modes_changed'====== Args={}
2024-06-22 12:52:24,465 : INFO : EventManager : Event: ======'mode_attract_started'====== Args={}
2024-06-22 12:52:24,465 : INFO : EventManager : Event: ======'collecting_balls_complete'====== Args={}
2024-06-22 12:52:24,475 : INFO : EventManager : Event: ======'slide_welcome_slide_active'====== Args={'_from_bcp': True}
2024-06-22 12:52:24,475 : INFO : Machine : Starting the main run loop.
2024-06-22 12:52:24,477 : INFO : EventManager : Event: ======'slide_attract_started_created'====== Args={'_from_bcp': True}
2024-06-22 12:52:24,478 : INFO : EventManager : Event: ======'slide_attract_started_active'====== Args={'_from_bcp': True}
2024-06-22 12:52:28,101 : INFO : SwitchController : <<<<<<< 's_start' active >>>>>>>
2024-06-22 12:52:28,173 : INFO : SwitchController : <<<<<<< 's_start' inactive >>>>>>>
2024-06-22 12:52:28,173 : INFO : EventManager : Event: ======'request_to_start_game'====== Args={}
2024-06-22 12:52:28,174 : INFO : EventManager : Event: ======'game_start'====== Args={'buttons': [], 'hold_time': 0.06300000002374873}
2024-06-22 12:52:28,174 : INFO : EventManager : Event: ======'mode_game_will_start'====== Args={'buttons': [], 'hold_time': 0.06300000002374873}
2024-06-22 12:52:28,174 : INFO : EventManager : Event: ======'mode_game_starting'====== Args={'buttons': [], 'hold_time': 0.06300000002374873}
2024-06-22 12:52:28,174 : INFO : EventManager : Event: ======'mode_attract_will_stop'====== Args={}
2024-06-22 12:52:28,175 : INFO : EventManager : Event: ======'mode_attract_stopping'====== Args={}
2024-06-22 12:52:28,175 : INFO : Mode.attract : Stopped.
2024-06-22 12:52:28,175 : INFO : EventManager : Event: ======'modes_active_modes_changed'====== Args={}
2024-06-22 12:52:28,175 : INFO : EventManager : Event: ======'mode_attract_stopped'====== Args={}
2024-06-22 12:52:28,175 : INFO : EventManager : Event: ======'clear'====== Args={'key': 'attract'}
2024-06-22 12:52:28,175 : INFO : Mode.game : Started. Priority: 20
2024-06-22 12:52:28,175 : INFO : EventManager : Event: ======'modes_active_modes_changed'====== Args={}
2024-06-22 12:52:28,175 : INFO : EventManager : Event: ======'mode_game_started'====== Args={'buttons': [], 'hold_time': 0.06300000002374873}
2024-06-22 12:52:28,179 : INFO : EventManager : Event: ======'game_will_start'====== Args={}
2024-06-22 12:52:28,179 : INFO : EventManager : Event: ======'game_starting'====== Args={'game': <Mode.game>}
2024-06-22 12:52:28,180 : INFO : EventManager : Unordered handler for class <Auditor> on event game_ended with priority 1. Handlers: [RegisteredHandler(callback=<bound method Auditor.disable of <Auditor>>, priority=1, kwargs={}, key=UUID('4bd669ea-e503-478e-b1f3-773badc6ad9a'), condition=None, blocking_facility=None), RegisteredHandler(callback=<bound method Auditor._save_audits of <Auditor>>, priority=1, kwargs={}, key=UUID('5cc5713a-a096-4901-8ee4-caa4bd8481fe'), condition=None, blocking_facility=None)]. The order of those handlers is not defined and they will be executed in random order. This might lead to race conditions and potential bugs.
2024-06-22 12:52:28,180 : INFO : EventManager : Event: ======'player_add_request'====== Args={}
2024-06-22 12:52:28,180 : INFO : EventManager : Event: ======'player_will_add'====== Args={'number': 1}
2024-06-22 12:52:28,180 : INFO : EventManager : Event: ======'player_adding'====== Args={'player': <Player 1>, 'number': 1}
2024-06-22 12:52:28,180 : INFO : EventManager : Event: ======'player_added'====== Args={'player': <Player 1>, 'num': 1}
2024-06-22 12:52:28,180 : INFO : Mode.game : Player added successfully. Total players: 1
2024-06-22 12:52:28,180 : INFO : EventManager : Event: ======'player_index'====== Args={'value': 0, 'prev_value': 0, 'change': 0, 'player_num': 1}
2024-06-22 12:52:28,180 : INFO : EventManager : Event: ======'player_number'====== Args={'value': 1, 'prev_value': 1, 'change': 0, 'player_num': 1}
2024-06-22 12:52:28,180 : INFO : EventManager : Event: ======'player_score'====== Args={'value': 0, 'prev_value': 0, 'change': 0, 'player_num': 1}
2024-06-22 12:52:28,181 : INFO : EventManager : Event: ======'game_started'====== Args={}
2024-06-22 12:52:28,185 : INFO : EventManager : Event: ======'player_turn_will_start'====== Args={'player': <Player 1>, 'number': 1}
2024-06-22 12:52:28,185 : INFO : EventManager : Event: ======'player_turn_starting'====== Args={'player': <Player 1>, 'number': 1}
2024-06-22 12:52:28,185 : INFO : EventManager : Event: ======'player_ball'====== Args={'value': 1, 'prev_value': 0, 'change': 1, 'player_num': 1}
2024-06-22 12:52:28,185 : INFO : EventManager : Event: ======'player_turn_started'====== Args={'player': <Player 1>, 'number': 1}
2024-06-22 12:52:28,186 : INFO : EventManager : Event: ======'ball_will_start'====== Args={'player': 1, 'ball': 1, 'balls_remaining': 2, 'is_extra_ball': False}
2024-06-22 12:52:28,187 : INFO : EventManager : Event: ======'ball_starting'====== Args={'player': 1, 'ball': 1, 'balls_remaining': 2, 'is_extra_ball': False}
2024-06-22 12:52:28,187 : INFO : EventManager : Event: ======'balls_in_play'====== Args={'balls': 1}
2024-06-22 12:52:28,187 : INFO : EventManager : Event: ======'ball_started'====== Args={'player': 1, 'ball': 1, 'balls_remaining': 2, 'is_extra_ball': False}
2024-06-22 12:52:28,190 : INFO : EventManager : Event: ======'single_player_ball_started'====== Args={}
2024-06-22 12:52:28,190 : INFO : EventManager : Event: ======'ball_start_target'====== Args={'target': 'playfield'}
2024-06-22 12:52:28,190 : INFO : ball_device.bd_plunger : Setting up player-controlled eject. Balls: 1, Target: <playfield.playfield>, player_controlled_eject_event: None
2024-06-22 12:52:28,190 : INFO : EventManager : Event: ======'balldevice_balls_available'====== Args={}
2024-06-22 12:52:28,190 : INFO : ball_device.bd_trough : State: waiting_for_target_ready
2024-06-22 12:52:28,190 : INFO : EventManager : Event: ======'balldevice_bd_trough_ball_eject_attempt'====== Args={'balls': 1, 'target': <ball_device.bd_plunger>, 'source': <ball_device.bd_trough>, 'mechanical_eject': True, 'num_attempts': 0}
2024-06-22 12:52:28,191 : INFO : ball_device.bd_plunger : State: waiting_for_ball
2024-06-22 12:52:28,191 : INFO : ball_device.bd_trough : State: ejecting
2024-06-22 12:52:28,191 : INFO : ball_device.bd_trough : Ejecting ball to <ball_device.bd_plunger>
2024-06-22 12:52:28,191 : INFO : EventManager : Event: ======'balldevice_bd_trough_ejecting_ball'====== Args={'balls': 1, 'target': <ball_device.bd_plunger>, 'source': <ball_device.bd_trough>, 'mechanical_eject': True, 'num_attempts': 0}
2024-06-22 12:52:28,191 : INFO : ball_device.bd_trough : Wait for ball to leave device
2024-06-22 12:52:28,191 : INFO : coil.c_trough_eject : Pulsing Driver for 20ms (1.0 pulse_power)
2024-06-22 12:52:28,200 : INFO : EventManager : Event: ======'slide__global.slide_player-ball_started_created'====== Args={'_from_bcp': True}
2024-06-22 12:52:28,201 : INFO : EventManager : Event: ======'slide__global.slide_player-ball_started_active'====== Args={'_from_bcp': True}
2024-06-22 12:52:38,192 : INFO : EventManager : Event: ======'balldevice_bd_trough_ball_eject_failed'====== Args={'target': <ball_device.bd_plunger>, 'balls': 1, 'retry': True, 'num_attempts': 1}
2024-06-22 12:52:38,192 : INFO : ball_device.bd_trough : State: waiting_for_target_ready
2024-06-22 12:52:38,192 : INFO : EventManager : Event: ======'balldevice_bd_trough_ball_eject_attempt'====== Args={'balls': 1, 'target': <ball_device.bd_plunger>, 'source': <ball_device.bd_trough>, 'mechanical_eject': True, 'num_attempts': 1}
2024-06-22 12:52:38,192 : INFO : ball_device.bd_trough : State: ejecting
2024-06-22 12:52:38,192 : INFO : ball_device.bd_trough : Ejecting ball to <ball_device.bd_plunger>
2024-06-22 12:52:38,192 : INFO : EventManager : Event: ======'balldevice_bd_trough_ejecting_ball'====== Args={'balls': 1, 'target': <ball_device.bd_plunger>, 'source': <ball_device.bd_trough>, 'mechanical_eject': True, 'num_attempts': 1}
2024-06-22 12:52:38,192 : INFO : ball_device.bd_trough : Wait for ball to leave device
2024-06-22 12:52:38,192 : INFO : coil.c_trough_eject : Pulsing Driver for 20ms (1.0 pulse_power)
2024-06-22 12:52:41,819 : INFO : SwitchController : <<<<<<< 's_left_flipper' active >>>>>>>
2024-06-22 12:52:41,819 : INFO : EventManager : Event: ======'machine_var_audits_switches_s_left_flipper'====== Args={'value': 72, 'prev_value': 71, 'change': 1}
2024-06-22 12:52:41,907 : INFO : SwitchController : <<<<<<< 's_left_flipper' inactive >>>>>>>
2024-06-22 12:52:41,931 : INFO : SwitchController : <<<<<<< 's_right_flipper' active >>>>>>>
2024-06-22 12:52:41,931 : INFO : EventManager : Event: ======'machine_var_audits_switches_s_right_flipper'====== Args={'value': 71, 'prev_value': 70, 'change': 1}
2024-06-22 12:52:42,043 : INFO : SwitchController : <<<<<<< 's_right_flipper' inactive >>>>>>>
2024-06-22 12:52:42,104 : INFO : SwitchController : <<<<<<< 's_left_flipper' active >>>>>>>
2024-06-22 12:52:42,105 : INFO : EventManager : Event: ======'machine_var_audits_switches_s_left_flipper'====== Args={'value': 73, 'prev_value': 72, 'change': 1}
2024-06-22 12:52:42,217 : INFO : SwitchController : <<<<<<< 's_left_flipper' inactive >>>>>>>
2024-06-22 12:52:42,242 : INFO : SwitchController : <<<<<<< 's_right_flipper' active >>>>>>>
2024-06-22 12:52:42,242 : INFO : EventManager : Event: ======'machine_var_audits_switches_s_right_flipper'====== Args={'value': 72, 'prev_value': 71, 'change': 1}
2024-06-22 12:52:42,304 : INFO : SwitchController : <<<<<<< 's_right_flipper' inactive >>>>>>>
2024-06-22 12:52:42,392 : INFO : SwitchController : <<<<<<< 's_left_flipper' active >>>>>>>
2024-06-22 12:52:42,392 : INFO : EventManager : Event: ======'machine_var_audits_switches_s_left_flipper'====== Args={'value': 74, 'prev_value': 73, 'change': 1}
2024-06-22 12:52:42,493 : INFO : SwitchController : <<<<<<< 's_left_flipper' inactive >>>>>>>
2024-06-22 12:52:42,543 : INFO : SwitchController : <<<<<<< 's_right_flipper' active >>>>>>>
2024-06-22 12:52:42,544 : INFO : EventManager : Event: ======'machine_var_audits_switches_s_right_flipper'====== Args={'value': 73, 'prev_value': 72, 'change': 1}
2024-06-22 12:52:42,643 : INFO : SwitchController : <<<<<<< 's_right_flipper' inactive >>>>>>>
2024-06-22 12:52:42,680 : INFO : SwitchController : <<<<<<< 's_left_flipper' active >>>>>>>
2024-06-22 12:52:42,681 : INFO : EventManager : Event: ======'machine_var_audits_switches_s_left_flipper'====== Args={'value': 75, 'prev_value': 74, 'change': 1}
2024-06-22 12:52:42,756 : INFO : SwitchController : <<<<<<< 's_left_flipper' inactive >>>>>>>
2024-06-22 12:52:42,793 : INFO : SwitchController : <<<<<<< 's_right_flipper' active >>>>>>>
2024-06-22 12:52:42,794 : INFO : EventManager : Event: ======'machine_var_audits_switches_s_right_flipper'====== Args={'value': 74, 'prev_value': 73, 'change': 1}
2024-06-22 12:52:42,881 : INFO : SwitchController : <<<<<<< 's_right_flipper' inactive >>>>>>>
2024-06-22 12:52:42,919 : INFO : SwitchController : <<<<<<< 's_left_flipper' active >>>>>>>
2024-06-22 12:52:42,919 : INFO : EventManager : Event: ======'machine_var_audits_switches_s_left_flipper'====== Args={'value': 76, 'prev_value': 75, 'change': 1}
2024-06-22 12:52:42,994 : INFO : SwitchController : <<<<<<< 's_left_flipper' inactive >>>>>>>
2024-06-22 12:52:43,025 : INFO : SwitchController : <<<<<<< 's_right_flipper' active >>>>>>>
2024-06-22 12:52:43,025 : INFO : EventManager : Event: ======'machine_var_audits_switches_s_right_flipper'====== Args={'value': 75, 'prev_value': 74, 'change': 1}
2024-06-22 12:52:43,121 : INFO : SwitchController : <<<<<<< 's_right_flipper' inactive >>>>>>>
2024-06-22 12:52:43,158 : INFO : SwitchController : <<<<<<< 's_left_flipper' active >>>>>>>
2024-06-22 12:52:43,158 : INFO : EventManager : Event: ======'machine_var_audits_switches_s_left_flipper'====== Args={'value': 77, 'prev_value': 76, 'change': 1}
2024-06-22 12:52:43,232 : INFO : SwitchController : <<<<<<< 's_left_flipper' inactive >>>>>>>
2024-06-22 12:52:43,269 : INFO : SwitchController : <<<<<<< 's_right_flipper' active >>>>>>>
2024-06-22 12:52:43,269 : INFO : EventManager : Event: ======'machine_var_audits_switches_s_right_flipper'====== Args={'value': 76, 'prev_value': 75, 'change': 1}
2024-06-22 12:52:43,370 : INFO : SwitchController : <<<<<<< 's_right_flipper' inactive >>>>>>>
2024-06-22 12:52:43,409 : INFO : SwitchController : <<<<<<< 's_left_flipper' active >>>>>>>
2024-06-22 12:52:43,410 : INFO : EventManager : Event: ======'machine_var_audits_switches_s_left_flipper'====== Args={'value': 78, 'prev_value': 77, 'change': 1}
2024-06-22 12:52:43,495 : INFO : SwitchController : <<<<<<< 's_left_flipper' inactive >>>>>>>
2024-06-22 12:52:43,547 : INFO : SwitchController : <<<<<<< 's_right_flipper' active >>>>>>>
2024-06-22 12:52:43,547 : INFO : EventManager : Event: ======'machine_var_audits_switches_s_right_flipper'====== Args={'value': 77, 'prev_value': 76, 'change': 1}
2024-06-22 12:52:43,695 : INFO : SwitchController : <<<<<<< 's_right_flipper' inactive >>>>>>>
2024-06-22 12:52:48,196 : INFO : SwitchController : <<<<<<< 's_right_inlane' active >>>>>>>
2024-06-22 12:52:48,196 : INFO : EventManager : Event: ======'sw_playfield_active'====== Args={}
2024-06-22 12:52:48,197 : INFO : EventManager : Event: ======'machine_var_audits_switches_s_right_inlane'====== Args={'value': 1, 'prev_value': 0, 'change': 1}
2024-06-22 12:52:48,198 : INFO : EventManager : Event: ======'balldevice_bd_trough_ball_eject_failed'====== Args={'target': <ball_device.bd_plunger>, 'balls': 1, 'retry': True, 'num_attempts': 2}
2024-06-22 12:52:48,198 : INFO : EventManager : Event: ======'playfield_active'====== Args={}
2024-06-22 12:52:48,198 : INFO : EventManager : Event: ======'unexpected_ball_on_playfield'====== Args={}
2024-06-22 12:52:48,207 : INFO : ball_device.bd_trough : State: waiting_for_target_ready
2024-06-22 12:52:48,208 : INFO : EventManager : Event: ======'balldevice_bd_trough_ball_eject_attempt'====== Args={'balls': 1, 'target': <ball_device.bd_plunger>, 'source': <ball_device.bd_trough>, 'mechanical_eject': True, 'num_attempts': 2}
2024-06-22 12:52:48,208 : INFO : ball_device.bd_trough : State: ejecting
2024-06-22 12:52:48,208 : INFO : ball_device.bd_trough : Ejecting ball to <ball_device.bd_plunger>
2024-06-22 12:52:48,208 : INFO : EventManager : Event: ======'balldevice_bd_trough_ejecting_ball'====== Args={'balls': 1, 'target': <ball_device.bd_plunger>, 'source': <ball_device.bd_trough>, 'mechanical_eject': True, 'num_attempts': 2}
2024-06-22 12:52:48,209 : INFO : ball_device.bd_trough : Wait for ball to leave device
2024-06-22 12:52:48,209 : INFO : coil.c_trough_eject : Pulsing Driver for 20ms (1.0 pulse_power)
2024-06-22 12:52:48,297 : INFO : SwitchController : <<<<<<< 's_right_inlane' inactive >>>>>>>
2024-06-22 12:52:51,321 : INFO : SwitchController : <<<<<<< 's_right_inlane' active >>>>>>>
2024-06-22 12:52:51,321 : INFO : EventManager : Event: ======'sw_playfield_active'====== Args={}
2024-06-22 12:52:51,321 : INFO : EventManager : Event: ======'machine_var_audits_switches_s_right_inlane'====== Args={'value': 2, 'prev_value': 1, 'change': 1}
2024-06-22 12:52:51,321 : INFO : EventManager : Event: ======'playfield_active'====== Args={}
2024-06-22 12:52:51,321 : INFO : EventManager : Event: ======'unexpected_ball_on_playfield'====== Args={}
2024-06-22 12:52:51,371 : INFO : SwitchController : <<<<<<< 's_right_inlane' inactive >>>>>>>
2024-06-22 12:52:51,511 : INFO : SwitchController : <<<<<<< 's_right_inlane' active >>>>>>>
2024-06-22 12:52:51,512 : INFO : EventManager : Event: ======'sw_playfield_active'====== Args={}
2024-06-22 12:52:51,512 : INFO : EventManager : Event: ======'machine_var_audits_switches_s_right_inlane'====== Args={'value': 3, 'prev_value': 2, 'change': 1}
2024-06-22 12:52:51,512 : INFO : EventManager : Event: ======'playfield_active'====== Args={}
2024-06-22 12:52:51,512 : INFO : EventManager : Event: ======'unexpected_ball_on_playfield'====== Args={}
2024-06-22 12:52:51,624 : INFO : SwitchController : <<<<<<< 's_right_inlane' inactive >>>>>>>
2024-06-22 12:52:51,764 : INFO : SwitchController : <<<<<<< 's_right_inlane' active >>>>>>>
2024-06-22 12:52:51,764 : INFO : EventManager : Event: ======'sw_playfield_active'====== Args={}
2024-06-22 12:52:51,764 : INFO : EventManager : Event: ======'machine_var_audits_switches_s_right_inlane'====== Args={'value': 4, 'prev_value': 3, 'change': 1}
2024-06-22 12:52:51,764 : INFO : EventManager : Event: ======'playfield_active'====== Args={}
2024-06-22 12:52:51,764 : INFO : EventManager : Event: ======'unexpected_ball_on_playfield'====== Args={}
2024-06-22 12:52:51,849 : INFO : SwitchController : <<<<<<< 's_right_inlane' inactive >>>>>>>
2024-06-22 12:52:58,235 : INFO : EventManager : Event: ======'balldevice_bd_trough_ball_eject_failed'====== Args={'target': <ball_device.bd_plunger>, 'balls': 1, 'retry': True, 'num_attempts': 3}
2024-06-22 12:52:58,235 : INFO : ball_device.bd_trough : State: waiting_for_target_ready
2024-06-22 12:52:58,235 : INFO : EventManager : Event: ======'balldevice_bd_trough_ball_eject_attempt'====== Args={'balls': 1, 'target': <ball_device.bd_plunger>, 'source': <ball_device.bd_trough>, 'mechanical_eject': True, 'num_attempts': 3}
2024-06-22 12:52:58,236 : INFO : ball_device.bd_trough : State: ejecting
2024-06-22 12:52:58,236 : INFO : ball_device.bd_trough : Ejecting ball to <ball_device.bd_plunger>
2024-06-22 12:52:58,237 : INFO : EventManager : Event: ======'balldevice_bd_trough_ejecting_ball'====== Args={'balls': 1, 'target': <ball_device.bd_plunger>, 'source': <ball_device.bd_trough>, 'mechanical_eject': True, 'num_attempts': 3}
2024-06-22 12:52:58,237 : INFO : ball_device.bd_trough : Wait for ball to leave device
2024-06-22 12:52:58,238 : INFO : coil.c_trough_eject : Pulsing Driver for 20ms (1.0 pulse_power)
2024-06-22 12:53:06,275 : INFO : SwitchController : <<<<<<< 's_trough1' inactive >>>>>>>
2024-06-22 12:53:06,282 : INFO : ball_device.bd_trough : State: ball_left
2024-06-22 12:53:06,282 : INFO : ball_device.bd_trough : Ball left
2024-06-22 12:53:06,282 : INFO : ball_device.bd_trough : Wait for confirm with timeout 10.0
2024-06-22 12:53:11,935 : INFO : SwitchController : <<<<<<< 's_trough1' active >>>>>>>
2024-06-22 12:53:11,935 : INFO : EventManager : Event: ======'machine_var_audits_switches_s_trough1'====== Args={'value': 13, 'prev_value': 12, 'change': 1}
2024-06-22 12:53:15,535 : INFO : SwitchController : <<<<<<< 's_trough1' inactive >>>>>>>
2024-06-22 12:53:15,735 : INFO : SwitchController : <<<<<<< 's_trough1' active >>>>>>>
2024-06-22 12:53:15,735 : INFO : EventManager : Event: ======'machine_var_audits_switches_s_trough1'====== Args={'value': 14, 'prev_value': 13, 'change': 1}
2024-06-22 12:53:16,288 : INFO : ball_device.bd_trough : State: failed_confirm
2024-06-22 12:53:16,288 : INFO : ball_device.bd_trough : Got timeout (10.0s) before confirm from <ball_device.bd_plunger>
2024-06-22 12:53:16,290 : INFO : ball_device.bd_plunger : Expecting incoming ball which may skip the device.
2024-06-22 12:53:16,290 : INFO : EventManager : Event: ======'balldevice_bd_plunger_ejecting_ball'====== Args={'balls': 1, 'target': <playfield.playfield>, 'source': <ball_device.bd_plunger>, 'mechanical_eject': False, 'num_attempts': 1}
2024-06-22 12:53:16,290 : INFO : ball_device.bd_trough : Got unknown balls. Assuming a ball returned.
2024-06-22 12:53:16,291 : INFO : EventManager : Event: ======'balldevice_bd_trough_ball_eject_failed'====== Args={'target': <ball_device.bd_plunger>, 'balls': 1, 'retry': True, 'num_attempts': 4}
2024-06-22 12:53:16,292 : INFO : EventManager : Event: ======'balldevice_bd_plunger_ball_eject_failed'====== Args={'target': <playfield.playfield>, 'balls': 1, 'retry': True, 'num_attempts': 1}
2024-06-22 12:53:16,292 : INFO : ball_device.bd_trough : State: waiting_for_target_ready
2024-06-22 12:53:16,292 : INFO : EventManager : Event: ======'balldevice_bd_trough_ball_eject_attempt'====== Args={'balls': 1, 'target': <ball_device.bd_plunger>, 'source': <ball_device.bd_trough>, 'mechanical_eject': True, 'num_attempts': 4}
2024-06-22 12:53:16,293 : INFO : ball_device.bd_plunger : No longer expecting incoming ball which may skip the device.
2024-06-22 12:53:16,293 : INFO : ball_device.bd_trough : State: ejecting
2024-06-22 12:53:16,293 : INFO : ball_device.bd_trough : Ejecting ball to <ball_device.bd_plunger>
2024-06-22 12:53:16,294 : INFO : EventManager : Event: ======'balldevice_bd_trough_ejecting_ball'====== Args={'balls': 1, 'target': <ball_device.bd_plunger>, 'source': <ball_device.bd_trough>, 'mechanical_eject': True, 'num_attempts': 4}
2024-06-22 12:53:16,294 : INFO : ball_device.bd_plunger : State: waiting_for_ball
2024-06-22 12:53:16,295 : INFO : ball_device.bd_trough : Wait for ball to leave device
2024-06-22 12:53:16,295 : INFO : coil.c_trough_eject : Pulsing Driver for 20ms (1.0 pulse_power)
2024-06-22 12:53:17,347 : INFO : SwitchController : <<<<<<< 's_trough2' inactive >>>>>>>
2024-06-22 12:53:17,351 : INFO : ball_device.bd_trough : State: ball_left
2024-06-22 12:53:17,352 : INFO : ball_device.bd_trough : Ball left
2024-06-22 12:53:17,352 : INFO : ball_device.bd_trough : Wait for confirm with timeout 10.0
2024-06-22 12:53:17,856 : INFO : SwitchController : <<<<<<< 's_trough3' inactive >>>>>>>
2024-06-22 12:53:19,064 : INFO : SwitchController : <<<<<<< 's_trough1' inactive >>>>>>>
2024-06-22 12:53:19,274 : INFO : SwitchController : <<<<<<< 's_trough2' active >>>>>>>
2024-06-22 12:53:19,275 : INFO : EventManager : Event: ======'machine_var_audits_switches_s_trough2'====== Args={'value': 3, 'prev_value': 2, 'change': 1}
2024-06-22 12:53:19,521 : INFO : SwitchController : <<<<<<< 's_trough3' active >>>>>>>
2024-06-22 12:53:19,521 : INFO : EventManager : Event: ======'machine_var_audits_switches_s_trough3'====== Args={'value': 2, 'prev_value': 1, 'change': 1}
2024-06-22 12:53:27,372 : INFO : ball_device.bd_trough : State: failed_confirm
2024-06-22 12:53:27,372 : INFO : ball_device.bd_trough : Got timeout (10.0s) before confirm from <ball_device.bd_plunger>
2024-06-22 12:53:27,373 : INFO : ball_device.bd_plunger : Expecting incoming ball which may skip the device.
2024-06-22 12:53:27,373 : INFO : EventManager : Event: ======'balldevice_bd_plunger_ejecting_ball'====== Args={'balls': 1, 'target': <playfield.playfield>, 'source': <ball_device.bd_plunger>, 'mechanical_eject': False, 'num_attempts': 1}
2024-06-22 12:53:27,373 : INFO : ball_device.bd_trough : Got unknown balls. Assuming a ball returned.
2024-06-22 12:53:27,373 : INFO : EventManager : Event: ======'balldevice_bd_trough_ball_eject_failed'====== Args={'target': <ball_device.bd_plunger>, 'balls': 1, 'retry': True, 'num_attempts': 5}
2024-06-22 12:53:27,374 : INFO : EventManager : Event: ======'balldevice_bd_plunger_ball_eject_failed'====== Args={'target': <playfield.playfield>, 'balls': 1, 'retry': True, 'num_attempts': 1}
2024-06-22 12:53:27,374 : INFO : ball_device.bd_trough : State: waiting_for_target_ready
2024-06-22 12:53:27,374 : INFO : EventManager : Event: ======'balldevice_bd_trough_ball_eject_attempt'====== Args={'balls': 1, 'target': <ball_device.bd_plunger>, 'source': <ball_device.bd_trough>, 'mechanical_eject': True, 'num_attempts': 5}
2024-06-22 12:53:27,374 : INFO : ball_device.bd_plunger : No longer expecting incoming ball which may skip the device.
2024-06-22 12:53:27,374 : INFO : ball_device.bd_trough : State: ejecting
2024-06-22 12:53:27,374 : INFO : ball_device.bd_trough : Ejecting ball to <ball_device.bd_plunger>
2024-06-22 12:53:27,374 : INFO : EventManager : Event: ======'balldevice_bd_trough_ejecting_ball'====== Args={'balls': 1, 'target': <ball_device.bd_plunger>, 'source': <ball_device.bd_trough>, 'mechanical_eject': True, 'num_attempts': 5}
2024-06-22 12:53:27,375 : INFO : ball_device.bd_plunger : State: waiting_for_ball
2024-06-22 12:53:27,375 : INFO : ball_device.bd_trough : Wait for ball to leave device
2024-06-22 12:53:27,375 : INFO : coil.c_trough_eject : Pulsing Driver for 20ms (1.0 pulse_power)
2024-06-22 12:53:37,384 : INFO : EventManager : Event: ======'balldevice_bd_trough_ball_eject_failed'====== Args={'target': <ball_device.bd_plunger>, 'balls': 1, 'retry': True, 'num_attempts': 6}
2024-06-22 12:53:37,384 : INFO : ball_device.bd_trough : State: waiting_for_target_ready
2024-06-22 12:53:37,384 : INFO : EventManager : Event: ======'balldevice_bd_trough_ball_eject_attempt'====== Args={'balls': 1, 'target': <ball_device.bd_plunger>, 'source': <ball_device.bd_trough>, 'mechanical_eject': True, 'num_attempts': 6}
2024-06-22 12:53:37,384 : INFO : ball_device.bd_trough : State: ejecting
2024-06-22 12:53:37,384 : INFO : ball_device.bd_trough : Ejecting ball to <ball_device.bd_plunger>
2024-06-22 12:53:37,385 : INFO : EventManager : Event: ======'balldevice_bd_trough_ejecting_ball'====== Args={'balls': 1, 'target': <ball_device.bd_plunger>, 'source': <ball_device.bd_trough>, 'mechanical_eject': True, 'num_attempts': 6}
2024-06-22 12:53:37,385 : INFO : ball_device.bd_trough : Wait for ball to leave device
2024-06-22 12:53:37,385 : INFO : coil.c_trough_eject : Pulsing Driver for 20ms (1.0 pulse_power)
2024-06-22 12:53:47,411 : INFO : EventManager : Event: ======'balldevice_bd_trough_ball_eject_failed'====== Args={'target': <ball_device.bd_plunger>, 'balls': 1, 'retry': True, 'num_attempts': 7}
2024-06-22 12:53:47,411 : INFO : ball_device.bd_trough : State: waiting_for_target_ready
2024-06-22 12:53:47,411 : INFO : EventManager : Event: ======'balldevice_bd_trough_ball_eject_attempt'====== Args={'balls': 1, 'target': <ball_device.bd_plunger>, 'source': <ball_device.bd_trough>, 'mechanical_eject': True, 'num_attempts': 7}
2024-06-22 12:53:47,411 : INFO : ball_device.bd_trough : State: ejecting
2024-06-22 12:53:47,411 : INFO : ball_device.bd_trough : Ejecting ball to <ball_device.bd_plunger>
2024-06-22 12:53:47,412 : INFO : EventManager : Event: ======'balldevice_bd_trough_ejecting_ball'====== Args={'balls': 1, 'target': <ball_device.bd_plunger>, 'source': <ball_device.bd_trough>, 'mechanical_eject': True, 'num_attempts': 7}
2024-06-22 12:53:47,412 : INFO : ball_device.bd_trough : Wait for ball to leave device
2024-06-22 12:53:47,412 : INFO : coil.c_trough_eject : Pulsing Driver for 20ms (1.0 pulse_power)
2024-06-22 12:53:53,106 : INFO : SwitchController : <<<<<<< 's_plunger' active >>>>>>>
2024-06-22 12:53:53,107 : INFO : EventManager : Event: ======'machine_var_audits_switches_s_plunger'====== Args={'value': 5, 'prev_value': 4, 'change': 1}
2024-06-22 12:53:53,614 : INFO : ball_device.bd_plunger : Received unexpected ball
2024-06-22 12:53:53,614 : INFO : EventManager : Event: ======'balldevice_captured_from_playfield'====== Args={'balls': 1}
2024-06-22 12:53:53,616 : INFO : EventManager : Event: ======'sw_playfield_active'====== Args={'balls': 1}
2024-06-22 12:53:53,616 : INFO : EventManager : Event: ======'playfield_active'====== Args={}
2024-06-22 12:53:53,616 : INFO : EventManager : Event: ======'unexpected_ball_on_playfield'====== Args={}
2024-06-22 12:53:53,616 : INFO : EventManager : Event: ======'playfield_ball_count_change'====== Args={'balls': -1, 'change': -1}
2024-06-22 12:53:53,616 : INFO : EventManager : Event: ======'balldevice_bd_plunger_ball_enter'====== Args={'new_balls': 1, 'unclaimed_balls': 1, 'new_available_balls': 1, 'device': <ball_device.bd_plunger>}
2024-06-22 12:53:53,616 : INFO : ball_device.bd_plunger : Ejecting 1 unexpected balls using path deque([<ball_device.bd_plunger>, <playfield.playfield>])
2024-06-22 12:53:53,616 : INFO : EventManager : Event: ======'balldevice_balls_available'====== Args={}
2024-06-22 12:53:53,616 : INFO : EventManager : Event: ======'balldevice_balls_available'====== Args={}
2024-06-22 12:53:53,616 : INFO : EventManager : Event: ======'balldevice_bd_plunger_ball_entered'====== Args={'new_balls': 1, 'device': <ball_device.bd_plunger>}
2024-06-22 12:53:53,616 : INFO : EventManager : Event: ======'balldevice_bd_plunger_ball_count_changed'====== Args={'balls': 1}
2024-06-22 12:53:53,616 : INFO : ball_device.bd_plunger : State: waiting_for_target_ready
2024-06-22 12:53:53,618 : INFO : EventManager : Event: ======'balldevice_bd_plunger_ball_eject_attempt'====== Args={'balls': 1, 'target': <playfield.playfield>, 'source': <ball_device.bd_plunger>, 'mechanical_eject': True, 'num_attempts': 0}
2024-06-22 12:53:53,618 : INFO : ball_device.bd_plunger : State: ejecting
2024-06-22 12:53:53,618 : INFO : ball_device.bd_plunger : Ejecting ball to <playfield.playfield>
2024-06-22 12:53:53,618 : INFO : EventManager : Event: ======'balldevice_bd_plunger_ejecting_ball'====== Args={'balls': 1, 'target': <playfield.playfield>, 'source': <ball_device.bd_plunger>, 'mechanical_eject': True, 'num_attempts': 0}
2024-06-22 12:53:53,619 : INFO : ball_device.bd_plunger : Wait for ball to leave device
2024-06-22 12:53:57,431 : INFO : EventManager : Event: ======'balldevice_bd_trough_ball_eject_failed'====== Args={'target': <ball_device.bd_plunger>, 'balls': 1, 'retry': True, 'num_attempts': 8}
2024-06-22 12:53:57,431 : INFO : ball_device.bd_trough : State: waiting_for_target_ready
2024-06-22 12:53:57,431 : INFO : EventManager : Event: ======'balldevice_bd_trough_ball_eject_attempt'====== Args={'balls': 1, 'target': <ball_device.bd_plunger>, 'source': <ball_device.bd_trough>, 'mechanical_eject': True, 'num_attempts': 8}
2024-06-22 12:53:58,701 : INFO : SwitchController : <<<<<<< 's_left_flipper' active >>>>>>>
2024-06-22 12:53:58,701 : INFO : EventManager : Event: ======'machine_var_audits_switches_s_left_flipper'====== Args={'value': 79, 'prev_value': 78, 'change': 1}
2024-06-22 12:53:58,788 : INFO : SwitchController : <<<<<<< 's_left_flipper' inactive >>>>>>>
2024-06-22 12:53:58,826 : INFO : SwitchController : <<<<<<< 's_right_flipper' active >>>>>>>
2024-06-22 12:53:58,826 : INFO : EventManager : Event: ======'machine_var_audits_switches_s_right_flipper'====== Args={'value': 78, 'prev_value': 77, 'change': 1}
2024-06-22 12:53:58,902 : INFO : SwitchController : <<<<<<< 's_right_flipper' inactive >>>>>>>
2024-06-22 12:53:58,953 : INFO : SwitchController : <<<<<<< 's_left_flipper' active >>>>>>>
2024-06-22 12:53:58,953 : INFO : EventManager : Event: ======'machine_var_audits_switches_s_left_flipper'====== Args={'value': 80, 'prev_value': 79, 'change': 1}
2024-06-22 12:53:59,053 : INFO : SwitchController : <<<<<<< 's_left_flipper' inactive >>>>>>>
2024-06-22 12:53:59,077 : INFO : SwitchController : <<<<<<< 's_right_flipper' active >>>>>>>
2024-06-22 12:53:59,077 : INFO : EventManager : Event: ======'machine_var_audits_switches_s_right_flipper'====== Args={'value': 79, 'prev_value': 78, 'change': 1}
2024-06-22 12:53:59,164 : INFO : SwitchController : <<<<<<< 's_right_flipper' inactive >>>>>>>
2024-06-22 12:53:59,227 : INFO : SwitchController : <<<<<<< 's_left_flipper' active >>>>>>>
2024-06-22 12:53:59,228 : INFO : EventManager : Event: ======'machine_var_audits_switches_s_left_flipper'====== Args={'value': 81, 'prev_value': 80, 'change': 1}
2024-06-22 12:53:59,304 : INFO : SwitchController : <<<<<<< 's_left_flipper' inactive >>>>>>>
2024-06-22 12:53:59,304 : INFO : SwitchController : <<<<<<< 's_right_flipper' active >>>>>>>
2024-06-22 12:53:59,304 : INFO : EventManager : Event: ======'machine_var_audits_switches_s_right_flipper'====== Args={'value': 80, 'prev_value': 79, 'change': 1}
2024-06-22 12:53:59,428 : INFO : SwitchController : <<<<<<< 's_right_flipper' inactive >>>>>>>
2024-06-22 12:53:59,479 : INFO : SwitchController : <<<<<<< 's_left_flipper' active >>>>>>>
2024-06-22 12:53:59,480 : INFO : EventManager : Event: ======'machine_var_audits_switches_s_left_flipper'====== Args={'value': 82, 'prev_value': 81, 'change': 1}
2024-06-22 12:53:59,618 : INFO : SwitchController : <<<<<<< 's_left_flipper' inactive >>>>>>>
2024-06-22 12:53:59,618 : INFO : SwitchController : <<<<<<< 's_right_flipper' active >>>>>>>
2024-06-22 12:53:59,618 : INFO : EventManager : Event: ======'machine_var_audits_switches_s_right_flipper'====== Args={'value': 81, 'prev_value': 80, 'change': 1}
2024-06-22 12:53:59,737 : INFO : SwitchController : <<<<<<< 's_right_flipper' inactive >>>>>>>
2024-06-22 12:54:13,036 : INFO : SwitchController : <<<<<<< 's_trough1' active >>>>>>>
2024-06-22 12:54:13,036 : INFO : EventManager : Event: ======'machine_var_audits_switches_s_trough1'====== Args={'value': 15, 'prev_value': 14, 'change': 1}
2024-06-22 12:54:27,737 : INFO : Machine : Shutting down...
2024-06-22 12:54:27,737 : INFO : EventManager : Event: ======'shutdown'====== Args={}
2024-06-22 12:54:27,739 : INFO : EventManager : Event: ======'mode_game_will_stop'====== Args={}
2024-06-22 12:54:27,739 : INFO : EventManager : Event: ======'mode_game_stopping'====== Args={}
2024-06-22 12:54:27,739 : INFO : Mode.game : Stopped.
2024-06-22 12:54:27,740 : INFO : EventManager : Event: ======'modes_active_modes_changed'====== Args={}
2024-06-22 12:54:27,740 : INFO : EventManager : Event: ======'mode_game_stopped'====== Args={}
2024-06-22 12:54:27,740 : INFO : EventManager : Event: ======'clear'====== Args={'key': 'game'}
2024-06-22 12:54:27,743 : INFO : root : MPF run loop ended.
