2024-06-12 19:27:33,727 : INFO : root : Loading config.
2024-06-12 19:27:33,727 : INFO : YamlMultifileConfigLoader : Machine config file #1: config.yaml
2024-06-12 19:27:33,727 : INFO : ConfigProcessor : Loading config from cache: C:\Users\lisas\AppData\Local\Temp\7c8bdd9718eb50b7e730e190d86d1d82.mpf_cache
2024-06-12 19:27:33,805 : INFO : ConfigProcessor : Loading config from cache: C:\Users\lisas\AppData\Local\Temp\fa4c163a22342a01f656f76a0aaa6369.mpf_cache
2024-06-12 19:27:33,805 : INFO : ConfigProcessor : Loading config from cache: C:\Users\lisas\AppData\Local\Temp\cfb783e5835544e69e7e6af89223a1d2.mpf_cache
2024-06-12 19:27:33,805 : INFO : Machine : Mission Pinball Framework Core Engine v0.57.1
2024-06-12 19:27:33,805 : INFO : Machine : Command line arguments: {'no_load_cache': False, 'create_config_cache': True, 'bcp': True, 'configfile': ['config.yaml'], 'force_assets_load': False, 'platform_integration_test': False, 'jsonlogging': False, 'logfile': 'logs\\2024-06-12-19-27-33-mpf-LisaDesktop.log', 'pause': False, 'production': False, 'text_ui': True, 'loglevel': 15, 'consoleloglevel': 20, 'force_platform': None, 'syslog_address': None, 'mc_file_name': None, 'no_sound': False}
2024-06-12 19:27:33,805 : INFO : Machine : MPF path: C:\Users\lisas\AppData\Local\Programs\Python\Python39\lib\site-packages\mpf
2024-06-12 19:27:33,805 : INFO : Machine : Machine path: C:\pinball\greatest_showman
2024-06-12 19:27:33,805 : INFO : Machine : Platform: win32
2024-06-12 19:27:33,805 : INFO : Machine : Python executable location: C:\Users\lisas\AppData\Local\Programs\Python\Python39\python.exe
2024-06-12 19:27:33,805 : INFO : Machine : Python version: 3.9.13 (64-bit)
2024-06-12 19:27:33,805 : INFO : Machine : Initializing MPF...
2024-06-12 19:27:33,915 : INFO : EventManager : Event: ======'machine_var_credits_string'====== Args={'value': 'FREE PLAY', 'prev_value': None, 'change': True}
2024-06-12 19:27:33,930 : INFO : EventManager : Event: ======'machine_var_master_volume'====== Args={'value': 0.5, 'prev_value': None, 'change': True}
2024-06-12 19:27:33,930 : INFO : EventManager : Event: ======'machine_var_player1_score'====== Args={'value': 0, 'prev_value': None, 'change': True}
2024-06-12 19:27:33,930 : INFO : EventManager : Event: ======'machine_var_mpf_version'====== Args={'value': 'Mission Pinball Framework v0.57.1', 'prev_value': None, 'change': True}
2024-06-12 19:27:33,930 : INFO : EventManager : Event: ======'machine_var_mpf_extended_version'====== Args={'value': 'Mission Pinball Framework v0.57.1, Config version:6, Show version: 6, BCP version:1.1', 'prev_value': None, 'change': True}
2024-06-12 19:27:33,930 : INFO : EventManager : Event: ======'machine_var_python_version'====== Args={'value': '3.9.13', 'prev_value': None, 'change': True}
2024-06-12 19:27:33,963 : INFO : EventManager : Event: ======'machine_var_platform'====== Args={'value': 'Windows-10-10.0.22631-SP0', 'prev_value': None, 'change': True}
2024-06-12 19:27:33,963 : INFO : EventManager : Event: ======'machine_var_platform_system'====== Args={'value': 'Windows', 'prev_value': None, 'change': True}
2024-06-12 19:27:33,963 : INFO : EventManager : Event: ======'machine_var_platform_release'====== Args={'value': '10', 'prev_value': None, 'change': True}
2024-06-12 19:27:33,963 : INFO : EventManager : Event: ======'machine_var_platform_version'====== Args={'value': '10.0.22631', 'prev_value': None, 'change': True}
2024-06-12 19:27:33,963 : INFO : EventManager : Event: ======'machine_var_platform_machine'====== Args={'value': 'AMD64', 'prev_value': None, 'change': True}
2024-06-12 19:27:33,963 : INFO : EventManager : Event: ======'init_phase_1'====== Args={}
2024-06-12 19:27:33,963 : INFO : EventManager : Event: ======'init_phase_2'====== Args={}
2024-06-12 19:27:33,963 : INFO : EventManager : Event: ======'bcp_connection_attempt'====== Args={'name': 'local_display', 'host': 'localhost', 'port': 5050}
2024-06-12 19:27:33,963 : INFO : BCPClientSocket : Connecting BCP to 'local_display' at localhost:5050...
2024-06-12 19:29:41,059 : INFO : Machine : Starting the main run loop.
2024-06-12 19:29:41,059 : INFO : Machine : Shutting down...
2024-06-12 19:29:41,059 : INFO : EventManager : Event: ======'shutdown'====== Args={}
2024-06-12 19:29:42,063 : INFO : root : MPF run loop ended.
