2024-06-20 19:42:55,041 : INFO : root : Loading config.
2024-06-20 19:42:55,056 : INFO : YamlMultifileConfigLoader : Machine config file #1: config.yaml
2024-06-20 19:42:55,056 : INFO : ConfigProcessor : Loading config from cache: C:\Users\lisas\AppData\Local\Temp\ac8ec9c990419bd3c50c7eb371dae584.mpf_cache
2024-06-20 19:42:55,124 : DEBUG : YamlMultifileConfigLoader : Loading mode attract from C:\Users\lisas\AppData\Local\Packages\PythonSoftwareFoundation.Python.3.11_qbz5n2kfra8p0\LocalCache\local-packages\Python311\site-packages\mpf\modes\attract\config\attract.yaml
2024-06-20 19:42:55,124 : INFO : ConfigProcessor : Loading config from cache: C:\Users\lisas\AppData\Local\Temp\59e27ec4283b25a8181e590d80956807.mpf_cache
2024-06-20 19:42:55,124 : DEBUG : YamlMultifileConfigLoader : Loading mode game from C:\Users\lisas\AppData\Local\Packages\PythonSoftwareFoundation.Python.3.11_qbz5n2kfra8p0\LocalCache\local-packages\Python311\site-packages\mpf\modes\game\config\game.yaml
2024-06-20 19:42:55,124 : INFO : ConfigProcessor : Loading config from cache: C:\Users\lisas\AppData\Local\Temp\6bac8aad2a108e0027ae5775410f0221.mpf_cache
2024-06-20 19:42:55,124 : INFO : Machine : Mission Pinball Framework Core Engine v0.57.1
2024-06-20 19:42:55,124 : INFO : Machine : Command line arguments: {'no_load_cache': False, 'create_config_cache': True, 'bcp': False, 'configfile': ['config.yaml'], 'force_assets_load': False, 'platform_integration_test': False, 'jsonlogging': False, 'logfile': 'logs\\2024-06-20-19-42-55-mpf-LisaDesktop.log', 'pause': False, 'production': False, 'text_ui': False, 'loglevel': 10, 'consoleloglevel': 20, 'force_platform': None, 'syslog_address': None, 'mc_file_name': None, 'no_sound': False}
2024-06-20 19:42:55,124 : INFO : Machine : MPF path: C:\Users\lisas\AppData\Local\Packages\PythonSoftwareFoundation.Python.3.11_qbz5n2kfra8p0\LocalCache\local-packages\Python311\site-packages\mpf
2024-06-20 19:42:55,124 : INFO : Machine : Machine path: C:\pinball\greatest_showman
2024-06-20 19:42:55,124 : INFO : Machine : Platform: win32
2024-06-20 19:42:55,124 : INFO : Machine : Python executable location: C:\Users\lisas\AppData\Local\Microsoft\WindowsApps\PythonSoftwareFoundation.Python.3.11_qbz5n2kfra8p0\python.exe
2024-06-20 19:42:55,124 : INFO : Machine : Python version: 3.11.9 (64-bit)
2024-06-20 19:42:55,124 : DEBUG : asyncio : Using proactor: IocpProactor
2024-06-20 19:42:55,124 : INFO : Machine : Initializing MPF...
2024-06-20 19:42:55,157 : DEBUG : TextUi : Text UI is disabled. TUI option setting: False, Asciimatics loaded: <class 'asciimatics.scene.Scene'>
2024-06-20 19:42:55,174 : INFO : EventManager : Event: ======'machine_var_credits_string'====== Args={'value': 'FREE PLAY', 'prev_value': None, 'change': True}
2024-06-20 19:42:55,208 : DEBUG : YAML File Interface : Loading file: C:\pinball\greatest_showman\data/machine_vars.yaml
2024-06-20 19:42:55,208 : INFO : EventManager : Event: ======'machine_var_master_volume'====== Args={'value': 0.5, 'prev_value': None, 'change': True}
2024-06-20 19:42:55,208 : INFO : EventManager : Event: ======'machine_var_player1_score'====== Args={'value': 0, 'prev_value': None, 'change': True}
2024-06-20 19:42:55,208 : INFO : EventManager : Event: ======'machine_var_mpf_version'====== Args={'value': 'Mission Pinball Framework v0.57.1', 'prev_value': None, 'change': True}
2024-06-20 19:42:55,208 : INFO : EventManager : Event: ======'machine_var_mpf_extended_version'====== Args={'value': 'Mission Pinball Framework v0.57.1, Config version:6, Show version: 6, BCP version:1.1', 'prev_value': None, 'change': True}
2024-06-20 19:42:55,208 : INFO : EventManager : Event: ======'machine_var_python_version'====== Args={'value': '3.11.9', 'prev_value': None, 'change': True}
2024-06-20 19:42:55,226 : INFO : EventManager : Event: ======'machine_var_platform'====== Args={'value': 'Windows-10-10.0.22631-SP0', 'prev_value': None, 'change': True}
2024-06-20 19:42:55,226 : INFO : EventManager : Event: ======'machine_var_platform_system'====== Args={'value': 'Windows', 'prev_value': None, 'change': True}
2024-06-20 19:42:55,226 : INFO : EventManager : Event: ======'machine_var_platform_release'====== Args={'value': '10', 'prev_value': None, 'change': True}
2024-06-20 19:42:55,226 : INFO : EventManager : Event: ======'machine_var_platform_version'====== Args={'value': '10.0.22631', 'prev_value': None, 'change': True}
2024-06-20 19:42:55,226 : INFO : EventManager : Event: ======'machine_var_platform_machine'====== Args={'value': 'AMD64', 'prev_value': None, 'change': True}
2024-06-20 19:42:55,226 : INFO : EventManager : Event: ======'init_phase_1'====== Args={}
2024-06-20 19:42:55,226 : DEBUG : ModeController : Loaded mode game
2024-06-20 19:42:55,226 : DEBUG : ModeController : Loaded mode attract
2024-06-20 19:42:55,226 : DEBUG : ball_device.bd_trough : Configuring device with settings: '{'ball_switches': 's_trough1, s_trough2, s_trough3, s_trough4, s_trough5, s_trough6, s_trough_jam', 'eject_coil': 'c_trough_eject', 'tags': ['trough', 'home', 'drain'], 'jam_switch': 's_trough_jam', 'eject_coil_jam_pulse': '15ms', 'eject_targets': [<ball_device.bd_plunger>], 'debug': True, 'label': '%', 'console_log': 'full', 'file_log': 'full', 'entrance_events': {}, 'idle_missing_ball_timeout': 5.0, 'confirm_eject_type': 'target', 'captures_from': <playfield.playfield>, 'eject_timeouts': [], 'ball_missing_timeouts': [], 'ball_missing_target': <playfield.playfield>, 'confirm_eject_switch': None, 'confirm_eject_event': None, 'max_eject_attempts': 0, 'request_ball_events': {}, 'eject_events': {}, 'eject_all_events': {}, 'mechanical_eject': False, 'player_controlled_eject_event': None, 'ball_search_order': 200, 'auto_fire_on_unexpected_ball': True, 'target_on_unexpected_ball': None}'
2024-06-20 19:42:55,241 : INFO : EventManager : Event: ======'init_phase_2'====== Args={}
2024-06-20 19:42:55,241 : INFO : SwitchController : Found active switch: ('2-40', <Platform.SmartVirtual>) <switch.s_trough1>
2024-06-20 19:42:55,241 : INFO : SwitchController : Found active switch: ('2-41', <Platform.SmartVirtual>) <switch.s_trough2>
2024-06-20 19:42:55,241 : INFO : SwitchController : Found active switch: ('2-42', <Platform.SmartVirtual>) <switch.s_trough3>
2024-06-20 19:42:55,241 : INFO : SwitchController : Found active switch: ('2-43', <Platform.SmartVirtual>) <switch.s_trough4>
2024-06-20 19:42:55,241 : INFO : SwitchController : Found active switch: ('2-44', <Platform.SmartVirtual>) <switch.s_trough5>
2024-06-20 19:42:55,241 : INFO : SwitchController : Found active switch: ('2-45', <Platform.SmartVirtual>) <switch.s_trough6>
2024-06-20 19:42:55,241 : DEBUG : ball_device.bd_trough : SC: Counted 6 balls. Active switches: [<switch.s_trough3>, <switch.s_trough1>, <switch.s_trough6>, <switch.s_trough4>, <switch.s_trough2>, <switch.s_trough5>]. Old: None
2024-06-20 19:42:55,241 : DEBUG : ball_device.bd_trough : SC: New count 6 last: None
2024-06-20 19:42:55,241 : INFO : ball_device.bd_trough : BCH: Initial count: 6
2024-06-20 19:42:55,241 : INFO : ball_device.bd_trough : State: idle
2024-06-20 19:42:55,241 : DEBUG : ball_device.bd_trough : Waiting for eject request.
2024-06-20 19:42:55,241 : INFO : ball_device.bd_plunger : BCH: Initial count: 0
2024-06-20 19:42:55,241 : INFO : ball_device.bd_plunger : State: idle
2024-06-20 19:42:55,241 : DEBUG : YAML File Interface : Loading file: C:\pinball\greatest_showman\data/audits.yaml
2024-06-20 19:42:55,241 : DEBUG : Machine : "info_lights:" section not found in machine configuration, so the InfoLights will not be used.
2024-06-20 19:42:55,241 : DEBUG : Machine : "switch_player:" section not found in machine configuration, so the SwitchPlayer will not be used.
2024-06-20 19:42:55,241 : DEBUG : Machine : "twitch_client:" section not found in machine configuration, so the TwitchBot will not be used.
2024-06-20 19:42:55,241 : DEBUG : Machine : "virtual_segment_display_connector:" section not found in machine configuration, so the VirtualSegmentDisplayConnector will not be used.
2024-06-20 19:42:55,241 : INFO : EventManager : Event: ======'init_phase_3'====== Args={}
2024-06-20 19:42:55,241 : DEBUG : ShowController : Loading show: flash
2024-06-20 19:42:55,241 : DEBUG : ShowController : Loading show: on
2024-06-20 19:42:55,241 : DEBUG : ShowController : Loading show: off
2024-06-20 19:42:55,241 : DEBUG : ShowController : Loading show: led_color
2024-06-20 19:42:55,241 : DEBUG : ShowController : Loading show: bl_color
2024-06-20 19:42:55,241 : DEBUG : ShowController : Loading show: flash_color
2024-06-20 19:42:55,241 : INFO : EventManager : Event: ======'init_phase_4'====== Args={}
2024-06-20 19:42:55,241 : DEBUG : ball_device.bd_trough : SC: Counted 6 balls. Active switches: [<switch.s_trough3>, <switch.s_trough1>, <switch.s_trough6>, <switch.s_trough4>, <switch.s_trough2>, <switch.s_trough5>]. Old: 6
2024-06-20 19:42:55,241 : INFO : BallController : Initial balls found: 6
2024-06-20 19:42:55,241 : INFO : EventManager : Event: ======'machine_var_audits_events_game_ended'====== Args={'value': 1, 'prev_value': None, 'change': True}
2024-06-20 19:42:55,241 : INFO : EventManager : Event: ======'machine_var_audits_events_game_started'====== Args={'value': 1, 'prev_value': None, 'change': True}
2024-06-20 19:42:55,241 : INFO : EventManager : Event: ======'machine_var_audits_player_score'====== Args={'value': {'average': 0.0, 'top': [0], 'total': 1}, 'prev_value': None, 'change': True}
2024-06-20 19:42:55,241 : INFO : EventManager : Event: ======'machine_var_audits_switches_s_left_flipper'====== Args={'value': 63, 'prev_value': None, 'change': True}
2024-06-20 19:42:55,241 : INFO : EventManager : Event: ======'machine_var_audits_switches_s_left_flipper_eos'====== Args={'value': 0, 'prev_value': None, 'change': True}
2024-06-20 19:42:55,241 : INFO : EventManager : Event: ======'machine_var_audits_switches_s_plunger'====== Args={'value': 0, 'prev_value': None, 'change': True}
2024-06-20 19:42:55,241 : INFO : EventManager : Event: ======'machine_var_audits_switches_s_right_flipper'====== Args={'value': 63, 'prev_value': None, 'change': True}
2024-06-20 19:42:55,241 : INFO : EventManager : Event: ======'machine_var_audits_switches_s_right_flipper_eos'====== Args={'value': 0, 'prev_value': None, 'change': True}
2024-06-20 19:42:55,241 : INFO : EventManager : Event: ======'machine_var_audits_switches_s_right_inlane'====== Args={'value': 0, 'prev_value': None, 'change': True}
2024-06-20 19:42:55,241 : INFO : EventManager : Event: ======'machine_var_audits_switches_s_right_upper'====== Args={'value': 0, 'prev_value': None, 'change': True}
2024-06-20 19:42:55,241 : INFO : EventManager : Event: ======'machine_var_audits_switches_s_right_upper_eos'====== Args={'value': 0, 'prev_value': None, 'change': True}
2024-06-20 19:42:55,241 : INFO : EventManager : Event: ======'machine_var_audits_switches_s_start'====== Args={'value': 0, 'prev_value': None, 'change': True}
2024-06-20 19:42:55,241 : INFO : EventManager : Event: ======'machine_var_audits_switches_s_trough1'====== Args={'value': 11, 'prev_value': None, 'change': True}
2024-06-20 19:42:55,241 : INFO : EventManager : Event: ======'machine_var_audits_switches_s_trough2'====== Args={'value': 2, 'prev_value': None, 'change': True}
2024-06-20 19:42:55,241 : INFO : EventManager : Event: ======'machine_var_audits_switches_s_trough3'====== Args={'value': 1, 'prev_value': None, 'change': True}
2024-06-20 19:42:55,241 : INFO : EventManager : Event: ======'machine_var_audits_switches_s_trough4'====== Args={'value': 1, 'prev_value': None, 'change': True}
2024-06-20 19:42:55,241 : INFO : EventManager : Event: ======'machine_var_audits_switches_s_trough5'====== Args={'value': 1, 'prev_value': None, 'change': True}
2024-06-20 19:42:55,241 : INFO : EventManager : Event: ======'machine_var_audits_switches_s_trough6'====== Args={'value': 1, 'prev_value': None, 'change': True}
2024-06-20 19:42:55,241 : INFO : EventManager : Event: ======'machine_var_audits_switches_s_trough_jam'====== Args={'value': 0, 'prev_value': None, 'change': True}
2024-06-20 19:42:55,241 : INFO : EventManager : Event: ======'machine_var_audits_switches_s_right_upper_flipper'====== Args={'value': 0, 'prev_value': None, 'change': True}
2024-06-20 19:42:55,241 : INFO : EventManager : Event: ======'init_phase_5'====== Args={}
2024-06-20 19:42:55,241 : INFO : EventManager : Event: ======'init_done'====== Args={}
2024-06-20 19:42:55,241 : INFO : EventManager : Event: ======'machine_reset_phase_1'====== Args={}
2024-06-20 19:42:55,241 : INFO : EventManager : Event: ======'machine_reset_phase_2'====== Args={}
2024-06-20 19:42:55,241 : INFO : EventManager : Event: ======'machine_reset_phase_3'====== Args={}
2024-06-20 19:42:55,256 : INFO : EventManager : Event: ======'reset_complete'====== Args={}
2024-06-20 19:42:55,256 : INFO : EventManager : Event: ======'mode_attract_will_start'====== Args={}
2024-06-20 19:42:55,256 : INFO : EventManager : Event: ======'mode_attract_starting'====== Args={}
2024-06-20 19:42:55,256 : INFO : Mode.attract : Started. Priority: 10
2024-06-20 19:42:55,256 : INFO : EventManager : Event: ======'modes_active_modes_changed'====== Args={}
2024-06-20 19:42:55,256 : INFO : EventManager : Event: ======'mode_attract_started'====== Args={}
2024-06-20 19:42:55,256 : INFO : EventManager : Event: ======'collecting_balls_complete'====== Args={}
2024-06-20 19:42:55,257 : INFO : Machine : Starting the main run loop.
2024-06-20 19:43:28,591 : INFO : Machine : Shutting down...
2024-06-20 19:43:28,591 : INFO : EventManager : Event: ======'shutdown'====== Args={}
2024-06-20 19:43:28,591 : DEBUG : ball_device.bd_trough : Stopping ball device
2024-06-20 19:43:28,591 : INFO : root : MPF run loop ended.
