2024-06-22 14:21:46,135 : kivy : deps: Successfully imported "kivy_deps.gstreamer" 0.3.3
2024-06-22 14:21:46,135 : kivy : deps: Successfully imported "kivy_deps.angle" 0.3.3
2024-06-22 14:21:46,135 : kivy : deps: Successfully imported "kivy_deps.glew" 0.3.1
2024-06-22 14:21:46,135 : kivy : deps: Successfully imported "kivy_deps.sdl2" 0.6.0
2024-06-22 14:21:46,135 : kivy : Kivy: v2.2.1
2024-06-22 14:21:46,135 : kivy : Kivy: Installed at "C:\Users\lisas\AppData\Local\Packages\PythonSoftwareFoundation.Python.3.11_qbz5n2kfra8p0\LocalCache\local-packages\Python311\site-packages\kivy\__init__.py"
2024-06-22 14:21:46,135 : kivy : Python: v3.11.9 (tags/v3.11.9:de54cf5, Apr  2 2024, 10:12:12) [MSC v.1938 64 bit (AMD64)]
2024-06-22 14:21:46,135 : kivy : Python: Interpreter at "C:\Users\lisas\AppData\Local\Microsoft\WindowsApps\PythonSoftwareFoundation.Python.3.11_qbz5n2kfra8p0\python.exe"
2024-06-22 14:21:46,151 : kivy : Factory: 190 symbols loaded
2024-06-22 14:21:46,274 : kivy : ImageLoaderFFPy: Using ffpyplayer 4.5.1
2024-06-22 14:21:46,274 : kivy : Image: Providers: img_tex, img_dds, img_sdl2, img_pil, img_ffpyplayer 
2024-06-22 14:21:46,911 : kivy : VideoGstplayer: Using Gstreamer 1.18.5.0
2024-06-22 14:21:46,911 : kivy : Video: Provider: gstplayer
2024-06-22 14:21:46,933 : root : Loading MPF-MC controller
2024-06-22 14:21:46,935 : YamlMultifileConfigLoader : Machine config file #1: config
2024-06-22 14:21:46,936 : ConfigProcessor : Config file in cache changed: C:\pinball\greatest_showman\config\config
2024-06-22 14:21:46,936 : ConfigProcessor : Loading config from file C:\Users\lisas\AppData\Local\Packages\PythonSoftwareFoundation.Python.3.11_qbz5n2kfra8p0\LocalCache\local-packages\Python311\site-packages\mpfmc\mcconfig.yaml.
2024-06-22 14:21:46,941 : ConfigProcessor : Loading config: C:\Users\lisas\AppData\Local\Packages\PythonSoftwareFoundation.Python.3.11_qbz5n2kfra8p0\LocalCache\local-packages\Python311\site-packages\mpfmc\mcconfig.yaml
2024-06-22 14:21:46,942 : ConfigProcessor : Loading config from file C:\pinball\greatest_showman\config\config.
2024-06-22 14:21:46,947 : ConfigProcessor : Loading config: C:\pinball\greatest_showman\config\config
2024-06-22 14:21:46,948 : ConfigProcessor : Config file cache created: C:\Users\lisas\AppData\Local\Temp\05e162f6648be6f618b4139facd4413e.mpf_cache
2024-06-22 14:21:46,948 : ConfigProcessor : Loading config from cache: C:\Users\lisas\AppData\Local\Temp\59e27ec4283b25a8181e590d80956807.mpf_cache
2024-06-22 14:21:46,949 : ConfigProcessor : Loading config from cache: C:\Users\lisas\AppData\Local\Temp\6bac8aad2a108e0027ae5775410f0221.mpf_cache
2024-06-22 14:21:46,949 : mpfmc : Mission Pinball Framework Media Controller (MPF-MC) v0.57.0. Requires MPF v0.57.0 or newer.
2024-06-22 14:21:46,949 : mpfmc : Found MPF v0.57.1
2024-06-22 14:21:46,950 : mpfmc : Machine path: C:\pinball\greatest_showman
2024-06-22 14:21:46,950 : mpfmc : Starting clock at 60.0Hz
2024-06-22 14:21:46,962 : kivy : Text: Provider: sdl2
2024-06-22 14:21:46,996 : kivy : Window: Provider: sdl2
2024-06-22 14:21:47,186 : kivy : GL: Using the "OpenGL" graphics system
2024-06-22 14:21:47,187 : kivy : GL: GLEW initialization succeeded
2024-06-22 14:21:47,187 : kivy : GL: Backend used <glew>
2024-06-22 14:21:47,187 : kivy : GL: OpenGL version <b'4.6.0 - Build 30.0.101.3111'>
2024-06-22 14:21:47,187 : kivy : GL: OpenGL vendor <b'Intel'>
2024-06-22 14:21:47,187 : kivy : GL: OpenGL renderer <b'Intel(R) UHD Graphics 630'>
2024-06-22 14:21:47,187 : kivy : GL: OpenGL parsed version: 4, 6
2024-06-22 14:21:47,187 : kivy : GL: Shading version <b'4.60 - Build 30.0.101.3111'>
2024-06-22 14:21:47,187 : kivy : GL: Texture max size <16384>
2024-06-22 14:21:47,187 : kivy : GL: Texture max units <32>
2024-06-22 14:21:47,230 : kivy : Window: auto add sdl2 input provider
2024-06-22 14:21:47,231 : kivy : Window: virtual keyboard not allowed, single mode, not docked
2024-06-22 14:21:47,237 : SoundSystem : SoundSystem: Using default 'sound_system' settings
2024-06-22 14:21:47,683 : AudioInterface : Initialized
2024-06-22 14:21:47,684 : AudioInterface : Loaded SDL 2.26.4
2024-06-22 14:21:47,684 : AudioInterface : Loaded SDL_Mixer 2.6.3
2024-06-22 14:21:47,684 : AudioInterface : Loaded GStreamer 1.18.5.0
2024-06-22 14:21:47,684 : AudioInterface : Loaded GLib 2.62.6
2024-06-22 14:21:47,684 : AudioInterface : Settings requested - rate: 44100, channels: 1, buffer: 2048 samples
2024-06-22 14:21:47,684 : AudioInterface : Settings in use - rate: 44100, channels: 1, buffer: 2048 samples (4096 bytes @ 2 bytes per sample)
2024-06-22 14:21:47,684 : SoundSystem : No audio tracks are specified in your machine config file. a track named 'default' has been created.
2024-06-22 14:21:47,684 : SoundSystem : Setting master volume to 0.0
2024-06-22 14:21:47,684 : AudioInterface : Enabling audio playback
2024-06-22 14:21:47,686 : kivy : Base: Start application main loop
2024-06-22 14:21:47,686 : EventManager : Event: ======'display_window_initialized'====== Args={}
2024-06-22 14:21:47,700 : mpfmc : Display: Setting 'window' as default display
2024-06-22 14:21:47,704 : mpfmc : ASPECT RATIO MISMATCH: The on-screen window is not the same aspect ratio as the display called 'window'. The logical display will be scaled from 1920x1080 to the window size 800x600, and a black bar will make up the difference
2024-06-22 14:21:47,706 : EventManager : Event: ======'displays_initialized'====== Args={}
2024-06-22 14:21:47,707 : EventManager : Event: ======'slide_window_blank_created'====== Args={}
2024-06-22 14:21:47,707 : EventManager : Event: ======'display_window_ready'====== Args={}
2024-06-22 14:21:47,715 : EventManager : Event: ======'init_phase_1'====== Args={}
2024-06-22 14:21:47,718 : EventManager : Event: ======'mc_ready'====== Args={}
2024-06-22 14:21:47,718 : EventManager : Event: ======'init_phase_2'====== Args={}
2024-06-22 14:21:47,719 : EventManager : Event: ======'init_phase_3'====== Args={}
2024-06-22 14:21:47,720 : EventManager : Event: ======'init_phase_4'====== Args={}
2024-06-22 14:21:47,720 : EventManager : Event: ======'init_phase_5'====== Args={}
2024-06-22 14:21:47,720 : EventManager : Event: ======'init_done'====== Args={}
2024-06-22 14:21:47,720 : MPF-MC BCP Server : Starting up on localhost port 5050
2024-06-22 14:21:47,725 : MPF-MC BCP Server : Waiting for a connection...
2024-06-22 14:21:47,728 : kivy : GL: NPOT texture support is available
2024-06-22 14:21:47,730 : EventManager : Event: ======'slide_welcome_slide_created'====== Args={}
2024-06-22 14:21:47,735 : EventManager : Event: ======'slide_welcome_slide_active'====== Args={}
2024-06-22 14:21:47,741 : EventManager : Event: ======'client_disconnected'====== Args={'host': '127.0.0.1', 'port': 5050}
2024-06-22 14:21:48,631 : MPF-MC BCP Server : Received connection from: 127.0.0.1:53614
2024-06-22 14:21:48,633 : EventManager : Event: ======'client_connected'====== Args={'host': '127.0.0.1', 'port': 53614}
2024-06-22 14:21:48,708 : EventManager : Event: ======'machine_var_credits_string'====== Args={'value': 'FREE PLAY', 'prev_value': None, 'change': True}
2024-06-22 14:21:48,708 : EventManager : Event: ======'machine_var_master_volume'====== Args={'value': 0.5, 'prev_value': None, 'change': True}
2024-06-22 14:21:48,708 : EventManager : Event: ======'machine_var_player1_score'====== Args={'value': 0, 'prev_value': None, 'change': True}
2024-06-22 14:21:48,708 : EventManager : Event: ======'machine_var_mpf_version'====== Args={'value': 'Mission Pinball Framework v0.57.1', 'prev_value': None, 'change': True}
2024-06-22 14:21:48,708 : EventManager : Event: ======'machine_var_mpf_extended_version'====== Args={'value': 'Mission Pinball Framework v0.57.1, Config version:6, Show version: 6, BCP version:1.1', 'prev_value': None, 'change': True}
2024-06-22 14:21:48,708 : EventManager : Event: ======'machine_var_python_version'====== Args={'value': '3.11.9', 'prev_value': None, 'change': True}
2024-06-22 14:21:48,708 : EventManager : Event: ======'machine_var_platform'====== Args={'value': 'Windows-10-10.0.22631-SP0', 'prev_value': None, 'change': True}
2024-06-22 14:21:48,708 : EventManager : Event: ======'machine_var_platform_system'====== Args={'value': 'Windows', 'prev_value': None, 'change': True}
2024-06-22 14:21:48,708 : EventManager : Event: ======'machine_var_platform_release'====== Args={'value': '10', 'prev_value': None, 'change': True}
2024-06-22 14:21:48,708 : EventManager : Event: ======'machine_var_platform_version'====== Args={'value': '10.0.22631', 'prev_value': None, 'change': True}
2024-06-22 14:21:48,708 : EventManager : Event: ======'machine_var_platform_machine'====== Args={'value': 'AMD64', 'prev_value': None, 'change': True}
2024-06-22 14:21:48,708 : EventManager : Event: ======'machine_var_mc_version'====== Args={'value': 'MPF-MC v0.57.0', 'prev_value': None, 'change': True}
2024-06-22 14:21:48,708 : EventManager : Event: ======'machine_var_mc_extended_version'====== Args={'value': 'MPF-MC v0.57.0 (config_version=6, BCP v1.1,                      Requires MPF API compatibility v0.57.0 or newer)', 'prev_value': None, 'change': True}
2024-06-22 14:21:48,708 : EventManager : Event: ======'machine_var_credits_string'====== Args={'value': 'FREE PLAY', 'prev_value': None, 'change': True}
2024-06-22 14:21:48,708 : EventManager : Event: ======'machine_var_master_volume'====== Args={'value': 0.5, 'prev_value': None, 'change': True}
2024-06-22 14:21:48,708 : EventManager : Event: ======'machine_var_player1_score'====== Args={'value': 0, 'prev_value': None, 'change': True}
2024-06-22 14:21:48,708 : EventManager : Event: ======'machine_var_mpf_version'====== Args={'value': 'Mission Pinball Framework v0.57.1', 'prev_value': None, 'change': True}
2024-06-22 14:21:48,708 : EventManager : Event: ======'machine_var_mpf_extended_version'====== Args={'value': 'Mission Pinball Framework v0.57.1, Config version:6, Show version: 6, BCP version:1.1', 'prev_value': None, 'change': True}
2024-06-22 14:21:48,708 : EventManager : Event: ======'machine_var_python_version'====== Args={'value': '3.11.9', 'prev_value': None, 'change': True}
2024-06-22 14:21:48,708 : EventManager : Event: ======'machine_var_platform'====== Args={'value': 'Windows-10-10.0.22631-SP0', 'prev_value': None, 'change': True}
2024-06-22 14:21:48,708 : EventManager : Event: ======'machine_var_platform_system'====== Args={'value': 'Windows', 'prev_value': None, 'change': True}
2024-06-22 14:21:48,710 : EventManager : Event: ======'machine_var_platform_release'====== Args={'value': '10', 'prev_value': None, 'change': True}
2024-06-22 14:21:48,710 : EventManager : Event: ======'machine_var_platform_version'====== Args={'value': '10.0.22631', 'prev_value': None, 'change': True}
2024-06-22 14:21:48,710 : EventManager : Event: ======'machine_var_platform_machine'====== Args={'value': 'AMD64', 'prev_value': None, 'change': True}
2024-06-22 14:21:48,710 : EventManager : Event: ======'machine_var_mc_version'====== Args={'value': 'MPF-MC v0.57.0', 'prev_value': None, 'change': True}
2024-06-22 14:21:48,710 : EventManager : Event: ======'machine_var_mc_extended_version'====== Args={'value': 'MPF-MC v0.57.0 (config_version=6, BCP v1.1,                      Requires MPF API compatibility v0.57.0 or newer)', 'prev_value': None, 'change': True}
2024-06-22 14:21:48,710 : EventManager : Event: ======'machine_var_credits_string'====== Args={'value': 'FREE PLAY', 'prev_value': None, 'change': True}
2024-06-22 14:21:48,710 : EventManager : Event: ======'machine_var_master_volume'====== Args={'value': 0.5, 'prev_value': None, 'change': True}
2024-06-22 14:21:48,710 : EventManager : Event: ======'machine_var_player1_score'====== Args={'value': 0, 'prev_value': None, 'change': True}
2024-06-22 14:21:48,710 : EventManager : Event: ======'machine_var_mpf_version'====== Args={'value': 'Mission Pinball Framework v0.57.1', 'prev_value': None, 'change': True}
2024-06-22 14:21:48,710 : EventManager : Event: ======'machine_var_mpf_extended_version'====== Args={'value': 'Mission Pinball Framework v0.57.1, Config version:6, Show version: 6, BCP version:1.1', 'prev_value': None, 'change': True}
2024-06-22 14:21:48,710 : EventManager : Event: ======'machine_var_python_version'====== Args={'value': '3.11.9', 'prev_value': None, 'change': True}
2024-06-22 14:21:48,710 : EventManager : Event: ======'machine_var_platform'====== Args={'value': 'Windows-10-10.0.22631-SP0', 'prev_value': None, 'change': True}
2024-06-22 14:21:48,710 : EventManager : Event: ======'machine_var_platform_system'====== Args={'value': 'Windows', 'prev_value': None, 'change': True}
2024-06-22 14:21:48,710 : EventManager : Event: ======'machine_var_platform_release'====== Args={'value': '10', 'prev_value': None, 'change': True}
2024-06-22 14:21:48,710 : EventManager : Event: ======'machine_var_platform_version'====== Args={'value': '10.0.22631', 'prev_value': None, 'change': True}
2024-06-22 14:21:48,710 : EventManager : Event: ======'machine_var_platform_machine'====== Args={'value': 'AMD64', 'prev_value': None, 'change': True}
2024-06-22 14:21:48,710 : EventManager : Event: ======'machine_var_mc_version'====== Args={'value': 'MPF-MC v0.57.0', 'prev_value': None, 'change': True}
2024-06-22 14:21:48,710 : EventManager : Event: ======'machine_var_mc_extended_version'====== Args={'value': 'MPF-MC v0.57.0 (config_version=6, BCP v1.1,                      Requires MPF API compatibility v0.57.0 or newer)', 'prev_value': None, 'change': True}
2024-06-22 14:21:48,711 : EventManager : Event: ======'machine_var_credits_string'====== Args={'value': 'FREE PLAY', 'prev_value': None, 'change': True}
2024-06-22 14:21:48,711 : EventManager : Event: ======'machine_var_master_volume'====== Args={'value': 0.5, 'prev_value': None, 'change': True}
2024-06-22 14:21:48,711 : EventManager : Event: ======'machine_var_player1_score'====== Args={'value': 0, 'prev_value': None, 'change': True}
2024-06-22 14:21:48,711 : EventManager : Event: ======'machine_var_mpf_version'====== Args={'value': 'Mission Pinball Framework v0.57.1', 'prev_value': None, 'change': True}
2024-06-22 14:21:48,711 : EventManager : Event: ======'machine_var_mpf_extended_version'====== Args={'value': 'Mission Pinball Framework v0.57.1, Config version:6, Show version: 6, BCP version:1.1', 'prev_value': None, 'change': True}
2024-06-22 14:21:48,711 : EventManager : Event: ======'machine_var_python_version'====== Args={'value': '3.11.9', 'prev_value': None, 'change': True}
2024-06-22 14:21:48,711 : EventManager : Event: ======'machine_var_platform'====== Args={'value': 'Windows-10-10.0.22631-SP0', 'prev_value': None, 'change': True}
2024-06-22 14:21:48,711 : EventManager : Event: ======'machine_var_platform_system'====== Args={'value': 'Windows', 'prev_value': None, 'change': True}
2024-06-22 14:21:48,711 : EventManager : Event: ======'machine_var_platform_release'====== Args={'value': '10', 'prev_value': None, 'change': True}
2024-06-22 14:21:48,711 : EventManager : Event: ======'machine_var_platform_version'====== Args={'value': '10.0.22631', 'prev_value': None, 'change': True}
2024-06-22 14:21:48,711 : EventManager : Event: ======'machine_var_platform_machine'====== Args={'value': 'AMD64', 'prev_value': None, 'change': True}
2024-06-22 14:21:48,711 : EventManager : Event: ======'machine_var_mc_version'====== Args={'value': 'MPF-MC v0.57.0', 'prev_value': None, 'change': True}
2024-06-22 14:21:48,711 : EventManager : Event: ======'machine_var_mc_extended_version'====== Args={'value': 'MPF-MC v0.57.0 (config_version=6, BCP v1.1,                      Requires MPF API compatibility v0.57.0 or newer)', 'prev_value': None, 'change': True}
2024-06-22 14:21:48,711 : SoundSystem : Setting master volume to 0.5
2024-06-22 14:21:48,711 : SoundSystem : Setting master volume to 0.5
2024-06-22 14:21:48,711 : SoundSystem : Setting master volume to 0.5
2024-06-22 14:21:48,711 : SoundSystem : Setting master volume to 0.5
2024-06-22 14:21:48,746 : EventManager : Event: ======'machine_var_audits_events_game_ended'====== Args={'value': 1, 'prev_value': None, 'change': True}
2024-06-22 14:21:48,746 : EventManager : Event: ======'machine_var_audits_events_game_started'====== Args={'value': 3, 'prev_value': None, 'change': True}
2024-06-22 14:21:48,746 : EventManager : Event: ======'machine_var_audits_missing_switches_s_right_upper_flipper'====== Args={'value': 2, 'prev_value': None, 'change': True}
2024-06-22 14:21:48,746 : EventManager : Event: ======'machine_var_audits_missing_switches_s_start'====== Args={'value': 2, 'prev_value': None, 'change': True}
2024-06-22 14:21:48,746 : EventManager : Event: ======'machine_var_audits_missing_switches_s_trough4'====== Args={'value': 1, 'prev_value': None, 'change': True}
2024-06-22 14:21:48,746 : EventManager : Event: ======'machine_var_audits_missing_switches_s_trough5'====== Args={'value': 2, 'prev_value': None, 'change': True}
2024-06-22 14:21:48,746 : EventManager : Event: ======'machine_var_audits_missing_switches_s_trough6'====== Args={'value': 2, 'prev_value': None, 'change': True}
2024-06-22 14:21:48,746 : EventManager : Event: ======'machine_var_audits_missing_switches_s_trough_jam'====== Args={'value': 2, 'prev_value': None, 'change': True}
2024-06-22 14:21:48,746 : EventManager : Event: ======'machine_var_audits_player_score'====== Args={'value': {'average': 0.0, 'top': [0], 'total': 1}, 'prev_value': None, 'change': True}
2024-06-22 14:21:48,746 : EventManager : Event: ======'machine_var_audits_switches_s_left_flipper'====== Args={'value': 82, 'prev_value': None, 'change': True}
2024-06-22 14:21:48,746 : EventManager : Event: ======'machine_var_audits_switches_s_left_flipper_eos'====== Args={'value': 0, 'prev_value': None, 'change': True}
2024-06-22 14:21:48,746 : EventManager : Event: ======'machine_var_audits_switches_s_plunger'====== Args={'value': 5, 'prev_value': None, 'change': True}
2024-06-22 14:21:48,746 : EventManager : Event: ======'machine_var_audits_switches_s_right_flipper'====== Args={'value': 81, 'prev_value': None, 'change': True}
2024-06-22 14:21:48,746 : EventManager : Event: ======'machine_var_audits_switches_s_right_flipper_eos'====== Args={'value': 0, 'prev_value': None, 'change': True}
2024-06-22 14:21:48,746 : EventManager : Event: ======'machine_var_audits_switches_s_right_inlane'====== Args={'value': 4, 'prev_value': None, 'change': True}
2024-06-22 14:21:48,747 : EventManager : Event: ======'machine_var_audits_switches_s_right_upper'====== Args={'value': 0, 'prev_value': None, 'change': True}
2024-06-22 14:21:48,747 : EventManager : Event: ======'machine_var_audits_switches_s_right_upper_eos'====== Args={'value': 0, 'prev_value': None, 'change': True}
2024-06-22 14:21:48,747 : EventManager : Event: ======'machine_var_audits_switches_s_right_upper_flipper'====== Args={'value': 0, 'prev_value': None, 'change': True}
2024-06-22 14:21:48,747 : EventManager : Event: ======'machine_var_audits_switches_s_start'====== Args={'value': 0, 'prev_value': None, 'change': True}
2024-06-22 14:21:48,747 : EventManager : Event: ======'machine_var_audits_switches_s_trough1'====== Args={'value': 15, 'prev_value': None, 'change': True}
2024-06-22 14:21:48,747 : EventManager : Event: ======'machine_var_audits_switches_s_trough2'====== Args={'value': 3, 'prev_value': None, 'change': True}
2024-06-22 14:21:48,747 : EventManager : Event: ======'machine_var_audits_switches_s_trough3'====== Args={'value': 2, 'prev_value': None, 'change': True}
2024-06-22 14:21:48,747 : EventManager : Event: ======'machine_var_audits_switches_s_trough4'====== Args={'value': 2, 'prev_value': None, 'change': True}
2024-06-22 14:21:48,747 : EventManager : Event: ======'machine_var_audits_switches_s_trough5'====== Args={'value': 1, 'prev_value': None, 'change': True}
2024-06-22 14:21:48,747 : EventManager : Event: ======'machine_var_audits_switches_s_trough6'====== Args={'value': 1, 'prev_value': None, 'change': True}
2024-06-22 14:21:48,747 : EventManager : Event: ======'machine_var_audits_switches_s_trough_jam'====== Args={'value': 0, 'prev_value': None, 'change': True}
2024-06-22 14:21:48,747 : EventManager : Event: ======'machine_var_audits_switches_s_left_ramp_made'====== Args={'value': 0, 'prev_value': None, 'change': True}
2024-06-22 14:21:48,747 : EventManager : Event: ======'machine_var_audits_switches_s_top_pop_bumpers_bottom'====== Args={'value': 0, 'prev_value': None, 'change': True}
2024-06-22 14:21:48,747 : EventManager : Event: ======'machine_var_audits_switches_s_3_bank_drop_target_3'====== Args={'value': 0, 'prev_value': None, 'change': True}
2024-06-22 14:21:48,747 : EventManager : Event: ======'machine_var_audits_switches_s_left_lock_upper'====== Args={'value': 0, 'prev_value': None, 'change': True}
2024-06-22 14:21:48,747 : EventManager : Event: ======'machine_var_audits_switches_s_under_lift_ramp_eject'====== Args={'value': 0, 'prev_value': None, 'change': True}
2024-06-22 14:21:48,747 : EventManager : Event: ======'machine_var_audits_switches_s_left_pop_bumpers_top'====== Args={'value': 0, 'prev_value': None, 'change': True}
2024-06-22 14:21:48,747 : EventManager : Event: ======'machine_var_audits_switches_s_right_drain'====== Args={'value': 0, 'prev_value': None, 'change': True}
2024-06-22 14:21:48,747 : EventManager : Event: ======'machine_var_audits_switches_s_back_ramp_made'====== Args={'value': 0, 'prev_value': None, 'change': True}
2024-06-22 14:21:48,747 : EventManager : Event: ======'machine_var_audits_switches_s_left_lock_mid'====== Args={'value': 0, 'prev_value': None, 'change': True}
2024-06-22 14:21:48,747 : EventManager : Event: ======'machine_var_audits_switches_s_3_bank_drop_target_1'====== Args={'value': 0, 'prev_value': None, 'change': True}
2024-06-22 14:21:48,748 : EventManager : Event: ======'machine_var_audits_switches_s_right_orbit_bottom'====== Args={'value': 0, 'prev_value': None, 'change': True}
2024-06-22 14:21:48,748 : EventManager : Event: ======'machine_var_audits_switches_s_right_stand_up_target_lift_ramp'====== Args={'value': 0, 'prev_value': None, 'change': True}
2024-06-22 14:21:48,748 : EventManager : Event: ======'machine_var_audits_switches_s_left_stand_up_target'====== Args={'value': 0, 'prev_value': None, 'change': True}
2024-06-22 14:21:48,748 : EventManager : Event: ======'machine_var_audits_switches_s_right_ticket_booth'====== Args={'value': 0, 'prev_value': None, 'change': True}
2024-06-22 14:21:48,748 : EventManager : Event: ======'machine_var_audits_switches_s_right_bounce_mid_playfield'====== Args={'value': 0, 'prev_value': None, 'change': True}
2024-06-22 14:21:48,748 : EventManager : Event: ======'machine_var_audits_switches_s_slighshot_left'====== Args={'value': 0, 'prev_value': None, 'change': True}
2024-06-22 14:21:48,748 : EventManager : Event: ======'machine_var_audits_switches_s_left_bounce_mid_playfield'====== Args={'value': 0, 'prev_value': None, 'change': True}
2024-06-22 14:21:48,748 : EventManager : Event: ======'machine_var_audits_switches_s_left_return_lane'====== Args={'value': 0, 'prev_value': None, 'change': True}
2024-06-22 14:21:48,748 : EventManager : Event: ======'machine_var_audits_switches_s_right_orbit_top'====== Args={'value': 0, 'prev_value': None, 'change': True}
2024-06-22 14:21:48,748 : EventManager : Event: ======'machine_var_audits_switches_s_left_pop_bumpers_right'====== Args={'value': 0, 'prev_value': None, 'change': True}
2024-06-22 14:21:48,748 : EventManager : Event: ======'machine_var_audits_switches_s_inner_orbit_enter'====== Args={'value': 0, 'prev_value': None, 'change': True}
2024-06-22 14:21:48,748 : EventManager : Event: ======'machine_var_audits_switches_s_tilt'====== Args={'value': 0, 'prev_value': None, 'change': True}
2024-06-22 14:21:48,748 : EventManager : Event: ======'machine_var_audits_switches_s_middle_stand_up_target'====== Args={'value': 0, 'prev_value': None, 'change': True}
2024-06-22 14:21:48,748 : EventManager : Event: ======'machine_var_audits_switches_s_upper_right_flipper_eos'====== Args={'value': 0, 'prev_value': None, 'change': True}
2024-06-22 14:21:48,748 : EventManager : Event: ======'machine_var_audits_switches_s_top_pop_bumpers_left'====== Args={'value': 0, 'prev_value': None, 'change': True}
2024-06-22 14:21:48,748 : EventManager : Event: ======'machine_var_audits_switches_s_left_stand_up_target_lift_ramp'====== Args={'value': 0, 'prev_value': None, 'change': True}
2024-06-22 14:21:48,748 : EventManager : Event: ======'machine_var_audits_switches_s_slingshot_right'====== Args={'value': 0, 'prev_value': None, 'change': True}
2024-06-22 14:21:48,748 : EventManager : Event: ======'machine_var_audits_switches_s_left_ticket_booth'====== Args={'value': 0, 'prev_value': None, 'change': True}
2024-06-22 14:21:48,748 : EventManager : Event: ======'machine_var_audits_switches_s_left_orbit_top'====== Args={'value': 0, 'prev_value': None, 'change': True}
2024-06-22 14:21:48,748 : EventManager : Event: ======'machine_var_audits_switches_s_spinner'====== Args={'value': 0, 'prev_value': None, 'change': True}
2024-06-22 14:21:48,748 : EventManager : Event: ======'machine_var_audits_switches_s_left_drain'====== Args={'value': 0, 'prev_value': None, 'change': True}
2024-06-22 14:21:48,749 : EventManager : Event: ======'machine_var_audits_switches_s_3_bank_drop_target_2'====== Args={'value': 0, 'prev_value': None, 'change': True}
2024-06-22 14:21:48,749 : EventManager : Event: ======'machine_var_audits_switches_s_left_pop_bumpers_left'====== Args={'value': 0, 'prev_value': None, 'change': True}
2024-06-22 14:21:48,749 : EventManager : Event: ======'machine_var_audits_switches_s_1_bank_drop_target'====== Args={'value': 0, 'prev_value': None, 'change': True}
2024-06-22 14:21:48,749 : EventManager : Event: ======'machine_var_audits_switches_s_right_return_lane'====== Args={'value': 0, 'prev_value': None, 'change': True}
2024-06-22 14:21:48,749 : EventManager : Event: ======'machine_var_audits_switches_s_top_pop_bumpers_top'====== Args={'value': 0, 'prev_value': None, 'change': True}
2024-06-22 14:21:48,749 : EventManager : Event: ======'machine_var_audits_switches_s_left_lock_lower'====== Args={'value': 0, 'prev_value': None, 'change': True}
2024-06-22 14:21:48,749 : EventManager : Event: ======'machine_var_audits_switches_s_stand_up_target_right'====== Args={'value': 0, 'prev_value': None, 'change': True}
2024-06-22 14:21:48,749 : EventManager : Event: ======'machine_var_audits_switches_s_ramp_down'====== Args={'value': 0, 'prev_value': None, 'change': True}
2024-06-22 14:21:48,749 : EventManager : Event: ======'machine_var_audits_switches_s_left_orbit_bottom'====== Args={'value': 0, 'prev_value': None, 'change': True}
2024-06-22 14:21:48,758 : EventManager : Event: ======'slides_play'====== Args={'settings': {'welcome_slide': {'target': None, 'background_color': [0.0, 0.0, 0.0, 1.0], 'priority': None, 'show': True, 'force': False, 'expire': None, 'slide': None, 'tokens': {}, 'action': 'play'}}, 'context': '_global', 'calling_context': 'init_done', 'priority': 0}
2024-06-22 14:21:48,758 : EventManager : Event: ======'mc_reset_phase_1'====== Args={}
2024-06-22 14:21:48,758 : EventManager : Event: ======'slide_welcome_slide_removed'====== Args={}
2024-06-22 14:21:48,760 : EventManager : Event: ======'slide_welcome_slide_created'====== Args={}
2024-06-22 14:21:48,760 : EventManager : Event: ======'mc_reset_phase_2'====== Args={}
2024-06-22 14:21:48,760 : EventManager : Event: ======'mc_reset_phase_3'====== Args={}
2024-06-22 14:21:48,760 : EventManager : Event: ======'mc_reset_complete'====== Args={}
2024-06-22 14:21:48,760 : EventManager : Event: ======'slide_welcome_slide_active'====== Args={}
2024-06-22 14:21:48,770 : EventManager : Event: ======'slides_play'====== Args={'settings': {'attract_started': {'target': None, 'background_color': [0.0, 0.0, 0.0, 1.0], 'priority': None, 'show': True, 'force': False, 'expire': None, 'slide': None, 'tokens': {}, 'action': 'play'}}, 'context': '_global', 'calling_context': 'mode_attract_started', 'priority': 0}
2024-06-22 14:21:48,773 : EventManager : Event: ======'slide_attract_started_created'====== Args={}
2024-06-22 14:21:48,773 : EventManager : Event: ======'slide_attract_started_active'====== Args={}
2024-06-22 14:21:54,614 : kivy : Base: Leaving application in progress...
2024-06-22 14:21:54,614 : mpfmc : Stopping...
2024-06-22 14:21:54,614 : EventManager : Event: ======'shutdown'====== Args={}
2024-06-22 14:21:54,614 : AudioInterface : Disabling audio playback
2024-06-22 14:21:54,738 : mpfmc : Loop rate 77.14 Hz
2024-06-22 14:21:54,738 : root : MC run loop ended.
2024-06-22 14:21:54,738 : root : Stopping child threads... (2 remaining)
2024-06-22 14:21:55,506 : mpfmc : Stopping...
2024-06-22 14:21:55,506 : EventManager : Event: ======'shutdown'====== Args={}
2024-06-22 14:21:55,507 : mpfmc : Loop rate 69.55 Hz
2024-06-22 14:21:55,519 : MPF-MC BCP Server : Stopping BCP sending thread
2024-06-22 14:21:55,541 : root : All child threads stopped.
